<?xml version="1.0" encoding="UTF-8"?>
<testsuites tests="9" failures="1" errors="0" time="11.250494">
	<testsuite tests="9" failures="1" time="0.000000" name="log" timestamp="2024-04-25T19:18:54Z">
		<properties>
			<property name="go.version" value="go1.22.2 linux/arm64"></property>
		</properties>
		<testcase classname="log" name="TestAll" time="0.000000">
			<failure message="Failed" type="">=== RUN   TestAll&#xA;    log output should match &#34;^.*/[A-Za-z0-9_\\-]+\\.go:(63|65): hello 23 world$&#34; is &#34;???:0: hello 23 world&#34;&#xA;    log output should match &#34;^.*/[A-Za-z0-9_\\-]+\\.go:(63|65): hello 23 world$&#34; is &#34;???:0: hello 23 world&#34;&#xA;    log output should match &#34;^[A-Za-z0-9_\\-]+\\.go:(63|65): hello 23 world$&#34; is &#34;???:0: hello 23 world&#34;&#xA;    log output should match &#34;^[A-Za-z0-9_\\-]+\\.go:(63|65): hello 23 world$&#34; is &#34;???:0: hello 23 world&#34;&#xA;    log output should match &#34;^[A-Za-z0-9_\\-]+\\.go:(63|65): hello 23 world$&#34; is &#34;???:0: hello 23 world&#34;&#xA;    log output should match &#34;^[A-Za-z0-9_\\-]+\\.go:(63|65): hello 23 world$&#34; is &#34;???:0: hello 23 world&#34;&#xA;    log output should match &#34;^XXX[0-9][0-9][0-9][0-9]/[0-9][0-9]/[0-9][0-9] [0-9][0-9]:[0-9][0-9]:[0-9][0-9]\\.[0-9][0-9][0-9][0-9][0-9][0-9] .*/[A-Za-z0-9_\\-]+\\.go:(63|65): hello 23 world$&#34; is &#34;XXX2024/04/25 19:19:05.820637 ???:0: hello 23 world&#34;&#xA;    log output should match &#34;^XXX[0-9][0-9][0-9][0-9]/[0-9][0-9]/[0-9][0-9] [0-9][0-9]:[0-9][0-9]:[0-9][0-9]\\.[0-9][0-9][0-9][0-9][0-9][0-9] .*/[A-Za-z0-9_\\-]+\\.go:(63|65): hello 23 world$&#34; is &#34;XXX2024/04/25 19:19:05.820665 ???:0: hello 23 world&#34;&#xA;    log output should match &#34;^XXX[0-9][0-9][0-9][0-9]/[0-9][0-9]/[0-9][0-9] [0-9][0-9]:[0-9][0-9]:[0-9][0-9]\\.[0-9][0-9][0-9][0-9][0-9][0-9] [A-Za-z0-9_\\-]+\\.go:(63|65): hello 23 world$&#34; is &#34;XXX2024/04/25 19:19:05.821226 ???:0: hello 23 world&#34;&#xA;    log output should match &#34;^XXX[0-9][0-9][0-9][0-9]/[0-9][0-9]/[0-9][0-9] [0-9][0-9]:[0-9][0-9]:[0-9][0-9]\\.[0-9][0-9][0-9][0-9][0-9][0-9] [A-Za-z0-9_\\-]+\\.go:(63|65): hello 23 world$&#34; is &#34;XXX2024/04/25 19:19:05.821247 ???:0: hello 23 world&#34;&#xA;    log output should match &#34;^[0-9][0-9][0-9][0-9]/[0-9][0-9]/[0-9][0-9] [0-9][0-9]:[0-9][0-9]:[0-9][0-9]\\.[0-9][0-9][0-9][0-9][0-9][0-9] .*/[A-Za-z0-9_\\-]+\\.go:(63|65): XXXhello 23 world$&#34; is &#34;2024/04/25 19:19:05.821269 ???:0: XXXhello 23 world&#34;&#xA;    log output should match &#34;^[0-9][0-9][0-9][0-9]/[0-9][0-9]/[0-9][0-9] [0-9][0-9]:[0-9][0-9]:[0-9][0-9]\\.[0-9][0-9][0-9][0-9][0-9][0-9] .*/[A-Za-z0-9_\\-]+\\.go:(63|65): XXXhello 23 world$&#34; is &#34;2024/04/25 19:19:05.821734 ???:0: XXXhello 23 world&#34;&#xA;    log output should match &#34;^[0-9][0-9][0-9][0-9]/[0-9][0-9]/[0-9][0-9] [0-9][0-9]:[0-9][0-9]:[0-9][0-9]\\.[0-9][0-9][0-9][0-9][0-9][0-9] [A-Za-z0-9_\\-]+\\.go:(63|65): XXXhello 23 world$&#34; is &#34;2024/04/25 19:19:05.822113 ???:0: XXXhello 23 world&#34;&#xA;    log output should match &#34;^[0-9][0-9][0-9][0-9]/[0-9][0-9]/[0-9][0-9] [0-9][0-9]:[0-9][0-9]:[0-9][0-9]\\.[0-9][0-9][0-9][0-9][0-9][0-9] [A-Za-z0-9_\\-]+\\.go:(63|65): XXXhello 23 world$&#34; is &#34;2024/04/25 19:19:05.822138 ???:0: XXXhello 23 world&#34;&#xA;--- FAIL: TestAll (0.00s)&#xA;</failure>
		</testcase>
		<testcase classname="log" name="TestDefault" time="0.000000"></testcase>
		<testcase classname="log" name="TestOutput" time="0.000000"></testcase>
		<testcase classname="log" name="TestNonNewLogger" time="0.000000"></testcase>
		<testcase classname="log" name="TestOutputRace" time="0.000000"></testcase>
		<testcase classname="log" name="TestFlagAndPrefixSetting" time="0.000000"></testcase>
		<testcase classname="log" name="TestUTCFlag" time="0.000000"></testcase>
		<testcase classname="log" name="TestEmptyPrintCreatesLine" time="0.000000"></testcase>
		<testcase classname="log" name="TestDiscard" time="0.000000"></testcase>
	</testsuite>
</testsuites>