<?xml version="1.0" encoding="UTF-8"?>
<testsuites tests="0" failures="1" errors="0" time="14.714748">
	<testsuite tests="0" failures="0" time="0.000000" name="math/rand/v2" timestamp="2024-04-26T04:43:56Z">
		<properties>
			<property name="go.version" value="go1.22.2 linux/arm64"></property>
		</properties>
		<testcase classname="" name="TestMain" time="0.000000">
			<failure message="Failed" type="">ld.lld --gc-sections -L /workspaces/dc-wasm-go/tinygo -o /tmp/tinygo2564061515/main /tmp/tinygo2564061515/main.o /home/vscode/.cache/tinygo/compiler-rt-aarch64-unknown-linux-generic/lib.a /home/vscode/.cache/tinygo/obj-3fd9192bbb8c0507447753a8b8972390a979bbb71b28b3ea50e39abe.bc /home/vscode/.cache/tinygo/obj-f79712e5b2f218317551c5961bf12c37f30f9733eb9ffe02c10c0c3a.bc /home/vscode/.cache/tinygo/musl-aarch64-unknown-linux-generic/crt1.o /home/vscode/.cache/tinygo/musl-aarch64-unknown-linux-generic/lib.a -mllvm -mcpu=generic --lto-O2 --thinlto-cache-dir=/home/vscode/.cache/tinygo/thinlto -mllvm --rotation-max-header-size=0&#xA;ld.lld: error: undefined symbol: internal/chacha8rand.block&#xA;&gt;&gt;&gt; referenced by chacha8.go:63 (/usr/local/go/src/internal/chacha8rand/chacha8.go:63)&#xA;&gt;&gt;&gt;               /home/vscode/.cache/tinygo/thinlto/llvmcache-41AB6AA57CA8BDAFB9032CE81E8509AB3BA1662B:((*internal/chacha8rand.State).Init)&#xA;&gt;&gt;&gt; referenced by chacha8.go:88 (/usr/local/go/src/internal/chacha8rand/chacha8.go:88)&#xA;&gt;&gt;&gt;               /home/vscode/.cache/tinygo/thinlto/llvmcache-41AB6AA57CA8BDAFB9032CE81E8509AB3BA1662B:((*math/rand/v2.ChaCha8).Uint64)&#xA;&gt;&gt;&gt; referenced by chacha8.go:150 (/usr/local/go/src/internal/chacha8rand/chacha8.go:150)&#xA;&gt;&gt;&gt;               /home/vscode/.cache/tinygo/thinlto/llvmcache-41AB6AA57CA8BDAFB9032CE81E8509AB3BA1662B:(math/rand/v2_test.TestChaCha8Marshal)&#xA;failed to run tool: ld.lld&#xA;FAIL&#x9;math/rand/v2&#x9;0.000s&#xA;error: failed to link /tmp/tinygo2564061515/main: exit status 1&#xA;</failure>
		</testcase>
	</testsuite>
</testsuites>