<?xml version="1.0" encoding="UTF-8"?>
<testsuites tests="3" failures="0" errors="0" time="14.686781">
	<testsuite tests="3" failures="0" time="0.000000" name="text/tabwriter" timestamp="2024-04-25T19:20:13Z">
		<properties>
			<property name="go.version" value="go1.22.2 linux/arm64"></property>
		</properties>
		<testcase classname="text/tabwriter" name="Test" time="0.000000"></testcase>
		<testcase classname="text/tabwriter" name="TestPanicDuringFlush" time="0.000000"></testcase>
		<testcase classname="text/tabwriter" name="TestPanicDuringWrite" time="0.000000"></testcase>
	</testsuite>
</testsuites>