<?xml version="1.0" encoding="UTF-8"?>
<testsuites tests="13" failures="7" errors="0" time="12.323582">
	<testsuite tests="13" failures="7" time="0.000000" name="go/build/constraint" timestamp="2024-04-09T12:15:25Z">
		<properties>
			<property name="go.version" value="go1.22.0 linux/arm64"></property>
		</properties>
		<testcase classname="go/build/constraint" name="TestLex/0" time="-0.000000">
			<failure message="Failed" type="">=== RUN   TestLex/0&#xA;    --- PASS: TestLex/0 (0.00s)&#xA;</failure>
		</testcase>
		<testcase classname="go/build/constraint" name="TestLex/2" time="-0.000000">
			<failure message="Failed" type="">=== RUN   TestLex/2&#xA;    --- PASS: TestLex/2 (0.00s)&#xA;</failure>
		</testcase>
		<testcase classname="go/build/constraint" name="TestLex" time="-0.000000">
			<failure message="Failed" type="">=== RUN   TestLex&#xA;=== RUN   TestLex/0&#xA;    --- PASS: TestLex/0 (0.00s)&#xA;=== RUN   TestLex/1&#xA;    --- PASS: TestLex/1 (0.00s)&#xA;=== RUN   TestLex/2&#xA;    --- PASS: TestLex/2 (0.00s)&#xA;=== RUN   TestLex/3&#xA;    --- PASS: TestLex/3 (0.00s)&#xA;=== RUN   TestLex/4&#xA;    --- PASS: TestLex/4 (0.00s)&#xA;=== RUN   TestLex/5&#xA;panic: invalid syntax at ²&#xA;Error: failed to run main module `/tmp/tinygo3490639514/main`&#xA;&#xA;Caused by:&#xA;    0: failed to invoke command default&#xA;    1: error while executing at wasm backtrace:&#xA;           0: 0x2839 - runtime.abort&#xA;                           at /workspaces/dc-wasm-go/tinygo/src/runtime/runtime_tinygowasm.go:70:6              - runtime._panic&#xA;                           at /workspaces/dc-wasm-go/tinygo/src/runtime/panic.go:65:7&#xA;           1: 0x6375b - (*go/build/constraint.exprParser).lex&#xA;                           at /usr/local/go/src/go/build/constraint/expr.go:339:8&#xA;           2: 0x65b90 - go/build/constraint.lexHelp&#xA;                           at /usr/local/go/src/go/build/constraint/expr_test.go:108:7              - go/build/constraint.TestLex$1&#xA;                           at /usr/local/go/src/go/build/constraint/expr_test.go:77:24&#xA;           3: 0x2623e - testing.tRunner&#xA;                           at /workspaces/dc-wasm-go/tinygo/src/testing/testing.go:427:4&#xA;           4: 0x48367 - (*testing.T).Run&#xA;           5: 0x65954 - go/build/constraint.TestLex&#xA;                           at /usr/local/go/src/go/build/constraint/expr_test.go:73:8&#xA;           6: 0x2623e - testing.tRunner&#xA;                           at /workspaces/dc-wasm-go/tinygo/src/testing/testing.go:427:4&#xA;           7: 0x48367 - (*testing.T).Run&#xA;           8: 0x25f46 - testing.runTests$1&#xA;                           at /workspaces/dc-wasm-go/tinygo/src/testing/testing.go:561:10&#xA;           9: 0x2623e - testing.tRunner&#xA;                           at /workspaces/dc-wasm-go/tinygo/src/testing/testing.go:427:4&#xA;          10: 0x2262f - testing.runTests&#xA;                           at /workspaces/dc-wasm-go/tinygo/src/testing/testing.go:559:10              - (*testing.M).Run&#xA;                           at /workspaces/dc-wasm-go/tinygo/src/testing/testing.go:533:29              - main.main&#xA;                           at /home/vscode/.cache/go-build/30/30202da01dd9f128e3d8052cae5abedd5e12e2a69b87c6de9d7decc51b0c3b37-d:63:15              - runtime.run$1&#xA;                           at /workspaces/dc-wasm-go/tinygo/src/runtime/scheduler_any.go:25:11&#xA;          11: 0x1e486 - &lt;goroutine wrapper&gt;&#xA;                           at /workspaces/dc-wasm-go/tinygo/src/runtime/scheduler_any.go:23:2&#xA;          12:  0x563 - tinygo_launch&#xA;                           at /workspaces/dc-wasm-go/tinygo/src/internal/task/task_asyncify_wasm.S:59&#xA;          13: 0x1e35c - (*internal/task.Task).Resume&#xA;                           at /workspaces/dc-wasm-go/tinygo/src/internal/task/task_asyncify.go:109:17              - runtime.scheduler&#xA;                           at /workspaces/dc-wasm-go/tinygo/src/runtime/scheduler.go:236:11              - runtime.run&#xA;                           at /workspaces/dc-wasm-go/tinygo/src/runtime/scheduler_any.go:28:11              - _start&#xA;                           at /workspaces/dc-wasm-go/tinygo/src/runtime/runtime_wasip1.go:21:5&#xA;    2: wasm trap: wasm `unreachable` instruction executed&#xA;</failure>
		</testcase>
		<testcase classname="go/build/constraint" name="TestLex/3" time="-0.000000">
			<failure message="Failed" type="">=== RUN   TestLex/3&#xA;    --- PASS: TestLex/3 (0.00s)&#xA;</failure>
		</testcase>
		<testcase classname="go/build/constraint" name="TestLex/4" time="-0.000000">
			<failure message="Failed" type="">=== RUN   TestLex/4&#xA;    --- PASS: TestLex/4 (0.00s)&#xA;</failure>
		</testcase>
		<testcase classname="go/build/constraint" name="TestLex/5" time="-0.000000">
			<failure message="Failed" type="">=== RUN   TestLex/5&#xA;panic: invalid syntax at ²&#xA;Error: failed to run main module `/tmp/tinygo3490639514/main`&#xA;&#xA;Caused by:&#xA;    0: failed to invoke command default&#xA;    1: error while executing at wasm backtrace:&#xA;           0: 0x2839 - runtime.abort&#xA;                           at /workspaces/dc-wasm-go/tinygo/src/runtime/runtime_tinygowasm.go:70:6              - runtime._panic&#xA;                           at /workspaces/dc-wasm-go/tinygo/src/runtime/panic.go:65:7&#xA;           1: 0x6375b - (*go/build/constraint.exprParser).lex&#xA;                           at /usr/local/go/src/go/build/constraint/expr.go:339:8&#xA;           2: 0x65b90 - go/build/constraint.lexHelp&#xA;                           at /usr/local/go/src/go/build/constraint/expr_test.go:108:7              - go/build/constraint.TestLex$1&#xA;                           at /usr/local/go/src/go/build/constraint/expr_test.go:77:24&#xA;           3: 0x2623e - testing.tRunner&#xA;                           at /workspaces/dc-wasm-go/tinygo/src/testing/testing.go:427:4&#xA;           4: 0x48367 - (*testing.T).Run&#xA;           5: 0x65954 - go/build/constraint.TestLex&#xA;                           at /usr/local/go/src/go/build/constraint/expr_test.go:73:8&#xA;           6: 0x2623e - testing.tRunner&#xA;                           at /workspaces/dc-wasm-go/tinygo/src/testing/testing.go:427:4&#xA;           7: 0x48367 - (*testing.T).Run&#xA;           8: 0x25f46 - testing.runTests$1&#xA;                           at /workspaces/dc-wasm-go/tinygo/src/testing/testing.go:561:10&#xA;           9: 0x2623e - testing.tRunner&#xA;                           at /workspaces/dc-wasm-go/tinygo/src/testing/testing.go:427:4&#xA;          10: 0x2262f - testing.runTests&#xA;                           at /workspaces/dc-wasm-go/tinygo/src/testing/testing.go:559:10              - (*testing.M).Run&#xA;                           at /workspaces/dc-wasm-go/tinygo/src/testing/testing.go:533:29              - main.main&#xA;                           at /home/vscode/.cache/go-build/30/30202da01dd9f128e3d8052cae5abedd5e12e2a69b87c6de9d7decc51b0c3b37-d:63:15              - runtime.run$1&#xA;                           at /workspaces/dc-wasm-go/tinygo/src/runtime/scheduler_any.go:25:11&#xA;          11: 0x1e486 - &lt;goroutine wrapper&gt;&#xA;                           at /workspaces/dc-wasm-go/tinygo/src/runtime/scheduler_any.go:23:2&#xA;          12:  0x563 - tinygo_launch&#xA;                           at /workspaces/dc-wasm-go/tinygo/src/internal/task/task_asyncify_wasm.S:59&#xA;          13: 0x1e35c - (*internal/task.Task).Resume&#xA;                           at /workspaces/dc-wasm-go/tinygo/src/internal/task/task_asyncify.go:109:17              - runtime.scheduler&#xA;                           at /workspaces/dc-wasm-go/tinygo/src/runtime/scheduler.go:236:11              - runtime.run&#xA;                           at /workspaces/dc-wasm-go/tinygo/src/runtime/scheduler_any.go:28:11              - _start&#xA;                           at /workspaces/dc-wasm-go/tinygo/src/runtime/runtime_wasip1.go:21:5&#xA;    2: wasm trap: wasm `unreachable` instruction executed&#xA;</failure>
		</testcase>
		<testcase classname="go/build/constraint" name="TestLex/1" time="-0.000000">
			<failure message="Failed" type="">=== RUN   TestLex/1&#xA;    --- PASS: TestLex/1 (0.00s)&#xA;</failure>
		</testcase>
		<testcase classname="go/build/constraint" name="TestExprString" time="0.000000"></testcase>
	</testsuite>
</testsuites>