<?xml version="1.0" encoding="UTF-8"?>
<testsuites tests="0" failures="1" errors="0" time="13.744317">
	<testsuite tests="0" failures="0" time="0.000000" name="go/token" timestamp="2024-04-09T12:15:56Z">
		<properties>
			<property name="go.version" value="go1.22.0 linux/arm64"></property>
		</properties>
		<testcase classname="" name="TestMain" time="0.000000">
			<failure message="Failed" type="">wasm-ld --stack-first --no-demangle -L /workspaces/dc-wasm-go/tinygo -o /tmp/tinygo1311999222/main /tmp/tinygo1311999222/main.o /home/vscode/.cache/tinygo/compiler-rt-wasm32-unknown-wasi-generic/lib.a /home/vscode/.cache/tinygo/obj-f6dfdc5c0eba303761141c0df2fcd4c0ea07b3a91bae983ad3a0cdf0.bc /home/vscode/.cache/tinygo/obj-03cb3027306e14931a559af5783370ba29db850f5a080b48d52405d8.bc /workspaces/dc-wasm-go/tinygo/lib/wasi-libc/sysroot/lib/wasm32-wasi/libc.a -mllvm -mcpu=generic --lto-O2 --thinlto-cache-dir=/home/vscode/.cache/tinygo/thinlto -mllvm --rotation-max-header-size=0&#xA;/workspaces/dc-wasm-go/tinygo/build/wasm-opt --asyncify -Oz -g /tmp/tinygo1311999222/main --output /tmp/tinygo1311999222/main&#xA;[wasm-validator error in function \28*encoding/gob.Decoder\29.decOpFor$3] call param types must match, on &#xA;(call $runtime.fd_write&#xA; (local.tee $16&#xA;  (i64.extend_i32_u&#xA;   (local.tee $8&#xA;    (call $\28*reflect.rawType\29.Size&#xA;     (local.get $5)&#xA;    )&#xA;   )&#xA;  )&#xA; )&#xA; (i64.const 0)&#xA; (local.get $15)&#xA; (i64.const 0)&#xA;)&#xA;(on argument 0)&#xA;[wasm-validator error in function \28*encoding/gob.Decoder\29.decOpFor$3] call param types must match, on &#xA;(call $runtime.fd_write&#xA; (local.tee $16&#xA;  (i64.extend_i32_u&#xA;   (local.tee $8&#xA;    (call $\28*reflect.rawType\29.Size&#xA;     (local.get $5)&#xA;    )&#xA;   )&#xA;  )&#xA; )&#xA; (i64.const 0)&#xA; (local.get $15)&#xA; (i64.const 0)&#xA;)&#xA;(on argument 1)&#xA;[wasm-validator error in function \28*encoding/gob.Decoder\29.decOpFor$3] call param types must match, on &#xA;(call $runtime.fd_write&#xA; (local.tee $16&#xA;  (i64.extend_i32_u&#xA;   (local.tee $8&#xA;    (call $\28*reflect.rawType\29.Size&#xA;     (local.get $5)&#xA;    )&#xA;   )&#xA;  )&#xA; )&#xA; (i64.const 0)&#xA; (local.get $15)&#xA; (i64.const 0)&#xA;)&#xA;(on argument 2)&#xA;[wasm-validator error in function \28*encoding/gob.Decoder\29.decOpFor$3] call param types must match, on &#xA;(call $runtime.fd_write&#xA; (local.tee $16&#xA;  (i64.extend_i32_u&#xA;   (local.tee $8&#xA;    (call $\28*reflect.rawType\29.Size&#xA;     (local.get $5)&#xA;    )&#xA;   )&#xA;  )&#xA; )&#xA; (i64.const 0)&#xA; (local.get $15)&#xA; (i64.const 0)&#xA;)&#xA;(on argument 3)&#xA;Fatal: error validating input&#xA;FAIL&#x9;go/token&#x9;0.000s&#xA;error: wasm-opt failed: exit status 1&#xA;</failure>
		</testcase>
	</testsuite>
</testsuites>