<?xml version="1.0" encoding="UTF-8"?>
<testsuites tests="43" failures="8" errors="0" time="222.996672">
	<testsuite tests="43" failures="8" time="0.000000" name="math/rand" timestamp="2024-04-09T12:17:29Z">
		<properties>
			<property name="go.version" value="go1.22.0 linux/arm64"></property>
		</properties>
		<testcase classname="math/rand" name="TestDefaultRace" time="0.000000">
			<failure message="Failed" type="">=== RUN   TestDefaultRace&#xA;--- FAIL: TestDefaultRace (0.00s)&#xA;=== RUN   TestDefaultRace/0&#xA;        skipping test: cannot exec subprocess on wasip1/wasm: can&#39;t probe for exec support: Executable not implemented&#xA;        SkipNow is incomplete, requires runtime.Goexit()&#xA;        exec: &#34;main&#34;: executable file not found in $PATH&#xA;    --- FAIL: TestDefaultRace/0 (0.00s)&#xA;=== RUN   TestDefaultRace/1&#xA;        skipping test: cannot exec subprocess on wasip1/wasm: can&#39;t probe for exec support: Executable not implemented&#xA;        SkipNow is incomplete, requires runtime.Goexit()&#xA;        exec: &#34;main&#34;: executable file not found in $PATH&#xA;    --- FAIL: TestDefaultRace/1 (0.00s)&#xA;=== RUN   TestDefaultRace/2&#xA;        skipping test: cannot exec subprocess on wasip1/wasm: can&#39;t probe for exec support: Executable not implemented&#xA;        SkipNow is incomplete, requires runtime.Goexit()&#xA;        exec: &#34;main&#34;: executable file not found in $PATH&#xA;    --- FAIL: TestDefaultRace/2 (0.00s)&#xA;=== RUN   TestDefaultRace/3&#xA;        skipping test: cannot exec subprocess on wasip1/wasm: can&#39;t probe for exec support: Executable not implemented&#xA;        SkipNow is incomplete, requires runtime.Goexit()&#xA;        exec: &#34;main&#34;: executable file not found in $PATH&#xA;    --- FAIL: TestDefaultRace/3 (0.00s)&#xA;=== RUN   TestDefaultRace/4&#xA;        skipping test: cannot exec subprocess on wasip1/wasm: can&#39;t probe for exec support: Executable not implemented&#xA;        SkipNow is incomplete, requires runtime.Goexit()&#xA;        exec: &#34;main&#34;: executable file not found in $PATH&#xA;    --- FAIL: TestDefaultRace/4 (0.00s)&#xA;=== RUN   TestDefaultRace/5&#xA;        skipping test: cannot exec subprocess on wasip1/wasm: can&#39;t probe for exec support: Executable not implemented&#xA;        SkipNow is incomplete, requires runtime.Goexit()&#xA;        exec: &#34;main&#34;: executable file not found in $PATH&#xA;    --- FAIL: TestDefaultRace/5 (0.00s)&#xA;</failure>
		</testcase>
		<testcase classname="math/rand" name="TestDefaultRace/1" time="-0.000000">
			<failure message="Failed" type="">=== RUN   TestDefaultRace/1&#xA;        skipping test: cannot exec subprocess on wasip1/wasm: can&#39;t probe for exec support: Executable not implemented&#xA;        SkipNow is incomplete, requires runtime.Goexit()&#xA;        exec: &#34;main&#34;: executable file not found in $PATH&#xA;    --- FAIL: TestDefaultRace/1 (0.00s)&#xA;</failure>
		</testcase>
		<testcase classname="math/rand" name="TestDefaultRace/4" time="-0.000000">
			<failure message="Failed" type="">=== RUN   TestDefaultRace/4&#xA;        skipping test: cannot exec subprocess on wasip1/wasm: can&#39;t probe for exec support: Executable not implemented&#xA;        SkipNow is incomplete, requires runtime.Goexit()&#xA;        exec: &#34;main&#34;: executable file not found in $PATH&#xA;    --- FAIL: TestDefaultRace/4 (0.00s)&#xA;</failure>
		</testcase>
		<testcase classname="math/rand" name="TestDefaultRace/2" time="-0.000000">
			<failure message="Failed" type="">=== RUN   TestDefaultRace/2&#xA;        skipping test: cannot exec subprocess on wasip1/wasm: can&#39;t probe for exec support: Executable not implemented&#xA;        SkipNow is incomplete, requires runtime.Goexit()&#xA;        exec: &#34;main&#34;: executable file not found in $PATH&#xA;    --- FAIL: TestDefaultRace/2 (0.00s)&#xA;</failure>
		</testcase>
		<testcase classname="math/rand" name="TestDefaultRace/5" time="-0.000000">
			<failure message="Failed" type="">=== RUN   TestDefaultRace/5&#xA;        skipping test: cannot exec subprocess on wasip1/wasm: can&#39;t probe for exec support: Executable not implemented&#xA;        SkipNow is incomplete, requires runtime.Goexit()&#xA;        exec: &#34;main&#34;: executable file not found in $PATH&#xA;    --- FAIL: TestDefaultRace/5 (0.00s)&#xA;</failure>
		</testcase>
		<testcase classname="math/rand" name="TestDefaultRace/3" time="-0.000000">
			<failure message="Failed" type="">=== RUN   TestDefaultRace/3&#xA;        skipping test: cannot exec subprocess on wasip1/wasm: can&#39;t probe for exec support: Executable not implemented&#xA;        SkipNow is incomplete, requires runtime.Goexit()&#xA;        exec: &#34;main&#34;: executable file not found in $PATH&#xA;    --- FAIL: TestDefaultRace/3 (0.00s)&#xA;</failure>
		</testcase>
		<testcase classname="math/rand" name="TestRegress" time="-0.000000">
			<failure message="Failed" type="">=== RUN   TestRegress&#xA;panic: unimplemented: (reflect.Type).Method()&#xA;Error: failed to run main module `/tmp/tinygo208680888/main`&#xA;&#xA;Caused by:&#xA;    0: failed to invoke command default&#xA;    1: error while executing at wasm backtrace:&#xA;           0: 0x5aa8 - runtime.abort&#xA;                           at /workspaces/dc-wasm-go/tinygo/src/runtime/runtime_tinygowasm.go:70:6              - runtime._panic&#xA;                           at /workspaces/dc-wasm-go/tinygo/src/runtime/panic.go:65:7&#xA;           1: 0x59cf - (reflect.rawType).Method&#xA;                           at /workspaces/dc-wasm-go/tinygo/src/reflect/type.go:1083:7&#xA;           2: 0x6014 - &lt;unknown&gt;!(*reflect.rawType).Method&#xA;           3: 0x8251b - (Go interface method)              - math/rand_test.TestRegress&#xA;                           at /usr/local/go/src/math/rand/regress_test.go:38:24&#xA;           4: 0x199d6 - testing.tRunner&#xA;                           at /workspaces/dc-wasm-go/tinygo/src/testing/testing.go:427:4&#xA;           5: 0x57ac2 - (*testing.T).Run&#xA;           6: 0x196da - testing.runTests$1&#xA;                           at /workspaces/dc-wasm-go/tinygo/src/testing/testing.go:561:10&#xA;           7: 0x199d6 - testing.tRunner&#xA;                           at /workspaces/dc-wasm-go/tinygo/src/testing/testing.go:427:4&#xA;           8: 0x129e6 - testing.runTests&#xA;                           at /workspaces/dc-wasm-go/tinygo/src/testing/testing.go:559:10              - (*testing.M).Run&#xA;                           at /workspaces/dc-wasm-go/tinygo/src/testing/testing.go:533:29              - main.main&#xA;                           at /home/vscode/.cache/go-build/ae/ae654a5c229aee13fe663229b289acbffac68fe0f560d57f9b7e7251be6a84c2-d:117:15              - runtime.run$1&#xA;                           at /workspaces/dc-wasm-go/tinygo/src/runtime/scheduler_any.go:25:11&#xA;           9: 0xd11e - &lt;goroutine wrapper&gt;&#xA;                           at /workspaces/dc-wasm-go/tinygo/src/runtime/scheduler_any.go:23:2&#xA;          10:  0x900 - &lt;unknown&gt;!tinygo_rewind&#xA;          11: 0xcf23 - (*internal/task.Task).Resume&#xA;                           at /workspaces/dc-wasm-go/tinygo/src/internal/task/task_asyncify.go:112:17              - runtime.scheduler&#xA;                           at /workspaces/dc-wasm-go/tinygo/src/runtime/scheduler.go:236:11              - runtime.run&#xA;                           at /workspaces/dc-wasm-go/tinygo/src/runtime/scheduler_any.go:28:11              - _start&#xA;                           at /workspaces/dc-wasm-go/tinygo/src/runtime/runtime_wasip1.go:21:5&#xA;    2: wasm trap: wasm `unreachable` instruction executed&#xA;</failure>
		</testcase>
		<testcase classname="math/rand" name="TestDefaultRace/0" time="-0.000000">
			<failure message="Failed" type="">=== RUN   TestDefaultRace/0&#xA;        skipping test: cannot exec subprocess on wasip1/wasm: can&#39;t probe for exec support: Executable not implemented&#xA;        SkipNow is incomplete, requires runtime.Goexit()&#xA;        exec: &#34;main&#34;: executable file not found in $PATH&#xA;    --- FAIL: TestDefaultRace/0 (0.00s)&#xA;</failure>
		</testcase>
		<testcase classname="math/rand" name="TestAuto" time="0.000000"></testcase>
		<testcase classname="math/rand" name="TestConcurrent" time="0.000000"></testcase>
		<testcase classname="math/rand" name="TestStandardNormalValues" time="0.000000"></testcase>
		<testcase classname="math/rand" name="TestNonStandardNormalValues" time="0.000000"></testcase>
		<testcase classname="math/rand" name="TestStandardExponentialValues" time="0.000000"></testcase>
		<testcase classname="math/rand" name="TestNonStandardExponentialValues" time="0.000000"></testcase>
		<testcase classname="math/rand" name="TestNormTables" time="0.000000"></testcase>
		<testcase classname="math/rand" name="TestExpTables" time="0.000000"></testcase>
		<testcase classname="math/rand" name="TestFloat32" time="0.000000"></testcase>
		<testcase classname="math/rand" name="TestReadUniformity" time="0.000000"></testcase>
		<testcase classname="math/rand" name="TestReadEmpty" time="0.000000"></testcase>
		<testcase classname="math/rand" name="TestReadByOneByte" time="0.000000"></testcase>
		<testcase classname="math/rand" name="TestReadSeedReset" time="0.000000"></testcase>
		<testcase classname="math/rand" name="TestShuffleSmall" time="0.000000"></testcase>
		<testcase classname="math/rand" name="TestUniformFactorial" time="0.000000"></testcase>
	</testsuite>
</testsuites>