<?xml version="1.0" encoding="UTF-8"?>
<testsuites tests="12" failures="1" errors="0" time="10.732014">
	<testsuite tests="12" failures="1" time="0.000000" name="math/bits" timestamp="2024-04-09T12:17:24Z">
		<properties>
			<property name="go.version" value="go1.22.0 linux/arm64"></property>
		</properties>
		<testcase classname="math/bits" name="TestAdd64OverflowPanic" time="-0.000000">
			<failure message="Failed" type="">=== RUN   TestAdd64OverflowPanic&#xA;panic: overflow&#xA;Error: failed to run main module `/tmp/tinygo2608844773/main`&#xA;&#xA;Caused by:&#xA;    0: failed to invoke command default&#xA;    1: error while executing at wasm backtrace:&#xA;           0: 0x18d7 - runtime.abort&#xA;                           at /workspaces/dc-wasm-go/tinygo/src/runtime/runtime_tinygowasm.go:70:6              - runtime._panic&#xA;                           at /workspaces/dc-wasm-go/tinygo/src/runtime/panic.go:65:7&#xA;           1: 0x624d5 - math/bits_test.TestAdd64OverflowPanic$1&#xA;                           at /usr/local/go/src/math/bits/bits_test.go:816:10&#xA;           2: 0x625ef - math/bits_test.TestAdd64OverflowPanic$7&#xA;                           at /usr/local/go/src/math/bits/bits_test.go:860:28&#xA;           3: 0x6271a - math/bits_test.TestAdd64OverflowPanic$6&#xA;                           at /usr/local/go/src/math/bits/bits_test.go:856:5&#xA;           4: 0x61fc3 - math/bits_test.TestAdd64OverflowPanic&#xA;                           at /usr/local/go/src/math/bits/bits_test.go:860:14&#xA;           5: 0x1cb2d - testing.tRunner&#xA;                           at /workspaces/dc-wasm-go/tinygo/src/testing/testing.go:427:4&#xA;           6: 0x1c823 - (*testing.T).Run&#xA;                           at /workspaces/dc-wasm-go/tinygo/src/testing/testing.go:462:9              - testing.runTests$1&#xA;                           at /workspaces/dc-wasm-go/tinygo/src/testing/testing.go:561:10&#xA;           7: 0x1cb2d - testing.tRunner&#xA;                           at /workspaces/dc-wasm-go/tinygo/src/testing/testing.go:427:4&#xA;           8: 0x16c25 - testing.runTests&#xA;                           at /workspaces/dc-wasm-go/tinygo/src/testing/testing.go:559:10              - (*testing.M).Run&#xA;                           at /workspaces/dc-wasm-go/tinygo/src/testing/testing.go:533:29              - main.main&#xA;                           at /home/vscode/.cache/go-build/19/196c6203a629495b14a7882fc6691602ad410973a090372256d92752f4e1a352-d:257:15              - runtime.run$1&#xA;                           at /workspaces/dc-wasm-go/tinygo/src/runtime/scheduler_any.go:25:11&#xA;           9: 0x12a2a - &lt;goroutine wrapper&gt;&#xA;                           at /workspaces/dc-wasm-go/tinygo/src/runtime/scheduler_any.go:23:2&#xA;          10:  0x67c - tinygo_launch&#xA;                           at /workspaces/dc-wasm-go/tinygo/src/internal/task/task_asyncify_wasm.S:59&#xA;          11: 0x12900 - (*internal/task.Task).Resume&#xA;                           at /workspaces/dc-wasm-go/tinygo/src/internal/task/task_asyncify.go:109:17              - runtime.scheduler&#xA;                           at /workspaces/dc-wasm-go/tinygo/src/runtime/scheduler.go:236:11              - runtime.run&#xA;                           at /workspaces/dc-wasm-go/tinygo/src/runtime/scheduler_any.go:28:11              - _start&#xA;                           at /workspaces/dc-wasm-go/tinygo/src/runtime/runtime_wasip1.go:21:5&#xA;    2: wasm trap: wasm `unreachable` instruction executed&#xA;</failure>
		</testcase>
		<testcase classname="math/bits" name="TestUintSize" time="0.000000"></testcase>
		<testcase classname="math/bits" name="TestLeadingZeros" time="0.000000"></testcase>
		<testcase classname="math/bits" name="TestTrailingZeros" time="0.000000"></testcase>
		<testcase classname="math/bits" name="TestOnesCount" time="0.000000"></testcase>
		<testcase classname="math/bits" name="TestRotateLeft" time="0.000000"></testcase>
		<testcase classname="math/bits" name="TestReverse" time="0.000000"></testcase>
		<testcase classname="math/bits" name="TestReverseBytes" time="0.000000"></testcase>
		<testcase classname="math/bits" name="TestLen" time="0.000000"></testcase>
		<testcase classname="math/bits" name="TestAddSubUint" time="0.000000"></testcase>
		<testcase classname="math/bits" name="TestAddSubUint32" time="0.000000"></testcase>
		<testcase classname="math/bits" name="TestAddSubUint64" time="0.000000"></testcase>
	</testsuite>
</testsuites>