<?xml version="1.0" encoding="UTF-8"?>
<testsuites tests="196" failures="2" errors="0" time="31.339255">
	<testsuite tests="196" failures="2" time="0.000000" name="net/netip" timestamp="2024-04-09T12:18:18Z">
		<properties>
			<property name="go.version" value="go1.22.0 linux/arm64"></property>
		</properties>
		<testcase classname="net/netip" name="TestInlining" time="0.000000">
			<failure message="Failed" type="">=== RUN   TestInlining&#xA;    skipping test: &#39;go build&#39; unavailable: go tool -n compile: exec: &#34;go&#34;: executable file not found in $PATH&#xA;    SkipNow is incomplete, requires runtime.Goexit()&#xA;    skipping test: &#39;go build&#39; unavailable: go tool -n compile: exec: &#34;go&#34;: executable file not found in $PATH&#xA;    SkipNow is incomplete, requires runtime.Goexit()&#xA;    platform cannot run go tool&#xA;    FailNow is incomplete, requires runtime.Goexit()&#xA;    go build: exec: no command, &#xA;    FailNow is incomplete, requires runtime.Goexit()&#xA;    &#34;(*uint128).halves&#34; is no longer inlinable&#xA;    &#34;Addr.BitLen&#34; is no longer inlinable&#xA;    &#34;Addr.hasZone&#34; is no longer inlinable&#xA;    &#34;Addr.Is4&#34; is no longer inlinable&#xA;    &#34;Addr.Is4In6&#34; is no longer inlinable&#xA;    &#34;Addr.Is6&#34; is no longer inlinable&#xA;    &#34;Addr.IsLoopback&#34; is no longer inlinable&#xA;    &#34;Addr.IsMulticast&#34; is no longer inlinable&#xA;    &#34;Addr.IsInterfaceLocalMulticast&#34; is no longer inlinable&#xA;    &#34;Addr.IsValid&#34; is no longer inlinable&#xA;    &#34;Addr.IsUnspecified&#34; is no longer inlinable&#xA;    &#34;Addr.Less&#34; is no longer inlinable&#xA;    &#34;Addr.Unmap&#34; is no longer inlinable&#xA;    &#34;Addr.Zone&#34; is no longer inlinable&#xA;    &#34;Addr.v4&#34; is no longer inlinable&#xA;    &#34;Addr.v6&#34; is no longer inlinable&#xA;    &#34;Addr.v6u16&#34; is no longer inlinable&#xA;    &#34;Addr.withoutZone&#34; is no longer inlinable&#xA;    &#34;AddrPortFrom&#34; is no longer inlinable&#xA;    &#34;AddrPort.Addr&#34; is no longer inlinable&#xA;    &#34;AddrPort.Port&#34; is no longer inlinable&#xA;    &#34;AddrPort.IsValid&#34; is no longer inlinable&#xA;    &#34;Prefix.IsSingleIP&#34; is no longer inlinable&#xA;    &#34;Prefix.Masked&#34; is no longer inlinable&#xA;    &#34;Prefix.IsValid&#34; is no longer inlinable&#xA;    &#34;PrefixFrom&#34; is no longer inlinable&#xA;    &#34;Prefix.Addr&#34; is no longer inlinable&#xA;    &#34;Prefix.Bits&#34; is no longer inlinable&#xA;    &#34;AddrFrom4&#34; is no longer inlinable&#xA;    &#34;IPv6LinkLocalAllNodes&#34; is no longer inlinable&#xA;    &#34;IPv6Unspecified&#34; is no longer inlinable&#xA;    &#34;MustParseAddr&#34; is no longer inlinable&#xA;    &#34;MustParseAddrPort&#34; is no longer inlinable&#xA;    &#34;MustParsePrefix&#34; is no longer inlinable&#xA;    &#34;appendDecimal&#34; is no longer inlinable&#xA;    &#34;appendHex&#34; is no longer inlinable&#xA;    &#34;uint128.addOne&#34; is no longer inlinable&#xA;    &#34;uint128.and&#34; is no longer inlinable&#xA;    &#34;uint128.bitsClearedFrom&#34; is no longer inlinable&#xA;    &#34;uint128.bitsSetFrom&#34; is no longer inlinable&#xA;    &#34;uint128.isZero&#34; is no longer inlinable&#xA;    &#34;uint128.not&#34; is no longer inlinable&#xA;    &#34;uint128.or&#34; is no longer inlinable&#xA;    &#34;uint128.subOne&#34; is no longer inlinable&#xA;    &#34;uint128.xor&#34; is no longer inlinable&#xA;--- FAIL: TestInlining (0.00s)&#xA;</failure>
		</testcase>
		<testcase classname="net/netip" name="TestAs4" time="-0.000000">
			<failure message="Failed" type="">=== RUN   TestAs4&#xA;panic: As4 called on IP zero value&#xA;Error: failed to run main module `/tmp/tinygo1862633682/main`&#xA;&#xA;Caused by:&#xA;    0: failed to invoke command default&#xA;    1: error while executing at wasm backtrace:&#xA;           0: 0x4bc8 - runtime.abort&#xA;                           at /workspaces/dc-wasm-go/tinygo/src/runtime/runtime_tinygowasm.go:70:6              - runtime._panic&#xA;                           at /workspaces/dc-wasm-go/tinygo/src/runtime/panic.go:65:7&#xA;           1: 0xac18f - (net/netip.Addr).As4&#xA;                           at /usr/local/go/src/net/netip/netip.go:685:8&#xA;           2: 0xd3d52 - &lt;unknown&gt;!net/netip_test.TestAs4&#xA;           3: 0x212fe - testing.tRunner&#xA;                           at /workspaces/dc-wasm-go/tinygo/src/testing/testing.go:427:4&#xA;           4: 0x6835f - (*testing.T).Run&#xA;           5: 0x21002 - testing.runTests$1&#xA;                           at /workspaces/dc-wasm-go/tinygo/src/testing/testing.go:561:10&#xA;           6: 0x212fe - testing.tRunner&#xA;                           at /workspaces/dc-wasm-go/tinygo/src/testing/testing.go:427:4&#xA;           7: 0x1b4de - testing.runTests&#xA;                           at /workspaces/dc-wasm-go/tinygo/src/testing/testing.go:559:10              - (*testing.M).Run&#xA;                           at /workspaces/dc-wasm-go/tinygo/src/testing/testing.go:533:29              - main.main&#xA;                           at /home/vscode/.cache/go-build/4e/4e0a8ff6a750f6f7bce278f9800eb6661caea88e4e37bb5fe37ebd8b4a66f130-d:181:15              - runtime.run$1&#xA;                           at /workspaces/dc-wasm-go/tinygo/src/runtime/scheduler_any.go:25:11&#xA;           8: 0x15acd - &lt;goroutine wrapper&gt;&#xA;                           at /workspaces/dc-wasm-go/tinygo/src/runtime/scheduler_any.go:23:2&#xA;           9:  0xb94 - tinygo_launch&#xA;                           at /workspaces/dc-wasm-go/tinygo/src/internal/task/task_asyncify_wasm.S:59&#xA;          10: 0x1596a - (*internal/task.Task).Resume&#xA;                           at /workspaces/dc-wasm-go/tinygo/src/internal/task/task_asyncify.go:109:17              - runtime.scheduler&#xA;                           at /workspaces/dc-wasm-go/tinygo/src/runtime/scheduler.go:236:11              - runtime.run&#xA;                           at /workspaces/dc-wasm-go/tinygo/src/runtime/scheduler_any.go:28:11              - _start&#xA;                           at /workspaces/dc-wasm-go/tinygo/src/runtime/runtime_wasip1.go:21:5&#xA;    2: wasm trap: wasm `unreachable` instruction executed&#xA;</failure>
		</testcase>
		<testcase classname="net/netip" name="TestPrefixValid" time="0.000000"></testcase>
		<testcase classname="net/netip" name="TestIPNextPrev" time="0.000000"></testcase>
		<testcase classname="net/netip" name="TestIPBitLen" time="0.000000"></testcase>
		<testcase classname="net/netip" name="TestPrefixContains" time="0.000000"></testcase>
		<testcase classname="net/netip" name="TestParseIPError" time="0.000000"></testcase>
		<testcase classname="net/netip" name="TestParseAddrPort" time="0.000000"></testcase>
		<testcase classname="net/netip" name="TestAddrPortMarshalUnmarshal" time="0.000000"></testcase>
		<testcase classname="net/netip" name="TestIPv6Accessor" time="0.000000"></testcase>
		<testcase classname="net/netip" name="TestUint128AddSub" time="0.000000"></testcase>
		<testcase classname="net/netip" name="TestBitsSetFrom" time="0.000000"></testcase>
		<testcase classname="net/netip" name="TestBitsClearedFrom" time="0.000000"></testcase>
		<testcase classname="net/netip" name="TestParseAddr" time="0.000000"></testcase>
		<testcase classname="net/netip" name="TestAddrFromSlice" time="0.000000"></testcase>
		<testcase classname="net/netip" name="TestIPv4Constructors" time="0.000000"></testcase>
		<testcase classname="net/netip" name="TestAddrMarshalUnmarshalBinary" time="0.000000"></testcase>
		<testcase classname="net/netip" name="TestAddrPortMarshalTextString" time="0.000000"></testcase>
		<testcase classname="net/netip" name="TestAddrPortMarshalUnmarshalBinary" time="0.000000"></testcase>
		<testcase classname="net/netip" name="TestPrefixMarshalTextString" time="0.000000"></testcase>
		<testcase classname="net/netip" name="TestPrefixMarshalUnmarshalBinary" time="0.000000"></testcase>
		<testcase classname="net/netip" name="TestAddrMarshalUnmarshal" time="0.000000"></testcase>
		<testcase classname="net/netip" name="TestAddrFrom16" time="0.000000"></testcase>
		<testcase classname="net/netip" name="TestIPProperties" time="0.000000"></testcase>
		<testcase classname="net/netip" name="TestAddrWellKnown" time="0.000000"></testcase>
		<testcase classname="net/netip" name="TestAddrLessCompare" time="0.000000"></testcase>
		<testcase classname="net/netip" name="TestAddrPortCompare" time="0.000000"></testcase>
		<testcase classname="net/netip" name="TestPrefixCompare" time="0.000000"></testcase>
		<testcase classname="net/netip" name="TestIPStringExpanded" time="0.000000"></testcase>
		<testcase classname="net/netip" name="TestPrefixMasking" time="0.000000"></testcase>
		<testcase classname="net/netip" name="TestPrefixMarshalUnmarshal" time="0.000000"></testcase>
		<testcase classname="net/netip" name="TestPrefixUnmarshalTextNonZero" time="0.000000"></testcase>
		<testcase classname="net/netip" name="TestIs4AndIs6" time="0.000000"></testcase>
		<testcase classname="net/netip" name="TestIs4In6" time="0.000000"></testcase>
		<testcase classname="net/netip" name="TestPrefixMasked" time="0.000000"></testcase>
		<testcase classname="net/netip" name="TestPrefix" time="0.000000"></testcase>
		<testcase classname="net/netip" name="TestPrefixFromInvalidBits" time="0.000000"></testcase>
		<testcase classname="net/netip" name="TestParsePrefixAllocs" time="0.000000"></testcase>
		<testcase classname="net/netip" name="TestParsePrefixError" time="0.000000"></testcase>
		<testcase classname="net/netip" name="TestPrefixIsSingleIP" time="0.000000"></testcase>
	</testsuite>
</testsuites>