<?xml version="1.0" encoding="UTF-8"?>
<testsuites tests="8" failures="1" errors="0" time="122.283998">
	<testsuite tests="8" failures="1" time="0.000000" name="regexp/syntax" timestamp="2024-04-09T12:22:49Z">
		<properties>
			<property name="go.version" value="go1.22.0 linux/arm64"></property>
		</properties>
		<testcase classname="regexp/syntax" name="TestParseInvalidRegexps" time="-0.000000">
			<failure message="Failed" type="">=== RUN   TestParseInvalidRegexps&#xA;panic: expression nests too deeply&#xA;Error: failed to run main module `/tmp/tinygo3096575376/main`&#xA;&#xA;Caused by:&#xA;    0: failed to invoke command default&#xA;    1: error while executing at wasm backtrace:&#xA;           0: 0x22a0 - runtime.abort&#xA;                           at /workspaces/dc-wasm-go/tinygo/src/runtime/runtime_tinygowasm.go:70:6              - runtime._panic&#xA;                           at /workspaces/dc-wasm-go/tinygo/src/runtime/panic.go:65:7&#xA;           1: 0x4f6a3 - (*regexp/syntax.parser).checkHeight&#xA;                           at /usr/local/go/src/regexp/syntax/parse.go:270:8&#xA;           2: 0x4e135 - (*regexp/syntax.parser).checkLimits&#xA;                           at /usr/local/go/src/regexp/syntax/parse.go:166:15&#xA;           3: 0x4d91b - (*regexp/syntax.parser).push&#xA;           4: 0x5669a - regexp/syntax.parse&#xA;                           at /usr/local/go/src/regexp/syntax/parse.go:1441:7              - regexp/syntax.Parse&#xA;                           at /usr/local/go/src/regexp/syntax/parse.go:889:14&#xA;           5: 0x5d957 - regexp/syntax.TestParseInvalidRegexps&#xA;                           at /usr/local/go/src/regexp/syntax/parse_test.go:527:22&#xA;           6: 0x24008 - testing.tRunner&#xA;                           at /workspaces/dc-wasm-go/tinygo/src/testing/testing.go:427:4&#xA;           7: 0x23cfe - (*testing.T).Run&#xA;                           at /workspaces/dc-wasm-go/tinygo/src/testing/testing.go:462:9              - testing.runTests$1&#xA;                           at /workspaces/dc-wasm-go/tinygo/src/testing/testing.go:561:10&#xA;           8: 0x24008 - testing.tRunner&#xA;                           at /workspaces/dc-wasm-go/tinygo/src/testing/testing.go:427:4&#xA;           9: 0x1e9b4 - testing.runTests&#xA;                           at /workspaces/dc-wasm-go/tinygo/src/testing/testing.go:559:10              - (*testing.M).Run&#xA;                           at /workspaces/dc-wasm-go/tinygo/src/testing/testing.go:533:29              - main.main&#xA;                           at /home/vscode/.cache/go-build/c8/c83f19d2969c72a75eafbf9b6f8374b11bb5a0612b7c179397ec896c59a28f7d-d:73:15              - runtime.run$1&#xA;                           at /workspaces/dc-wasm-go/tinygo/src/runtime/scheduler_any.go:25:11&#xA;          10: 0x19bbb - &lt;goroutine wrapper&gt;&#xA;                           at /workspaces/dc-wasm-go/tinygo/src/runtime/scheduler_any.go:23:2&#xA;          11:  0x53d - tinygo_launch&#xA;                           at /workspaces/dc-wasm-go/tinygo/src/internal/task/task_asyncify_wasm.S:59&#xA;          12: 0x19a91 - (*internal/task.Task).Resume&#xA;                           at /workspaces/dc-wasm-go/tinygo/src/internal/task/task_asyncify.go:109:17              - runtime.scheduler&#xA;                           at /workspaces/dc-wasm-go/tinygo/src/runtime/scheduler.go:236:11              - runtime.run&#xA;                           at /workspaces/dc-wasm-go/tinygo/src/runtime/scheduler_any.go:28:11              - _start&#xA;                           at /workspaces/dc-wasm-go/tinygo/src/runtime/runtime_wasip1.go:21:5&#xA;    2: wasm trap: wasm `unreachable` instruction executed&#xA;</failure>
		</testcase>
		<testcase classname="regexp/syntax" name="TestParseSimple" time="0.000000"></testcase>
		<testcase classname="regexp/syntax" name="TestParseFoldCase" time="0.000000"></testcase>
		<testcase classname="regexp/syntax" name="TestParseLiteral" time="0.000000"></testcase>
		<testcase classname="regexp/syntax" name="TestParseMatchNL" time="0.000000"></testcase>
		<testcase classname="regexp/syntax" name="TestParseNoMatchNL" time="0.000000"></testcase>
		<testcase classname="regexp/syntax" name="TestFoldConstants" time="0.000000"></testcase>
		<testcase classname="regexp/syntax" name="TestAppendRangeCollapse" time="0.000000"></testcase>
	</testsuite>
</testsuites>