<?xml version="1.0" encoding="UTF-8"?>
<testsuites tests="4" failures="1" errors="0" time="51.852164">
	<testsuite tests="4" failures="1" time="0.000000" name="strings" timestamp="2024-04-09T12:23:02Z">
		<properties>
			<property name="go.version" value="go1.22.0 linux/arm64"></property>
		</properties>
		<testcase classname="strings" name="TestBuilderGrow" time="-0.000000">
			<failure message="Failed" type="">=== RUN   TestBuilderGrow&#xA;    growLen=100: got 0 allocs during Write; want 1&#xA;    growLen=1000: got 0 allocs during Write; want 1&#xA;    growLen=10000: got 0 allocs during Write; want 1&#xA;    growLen=100000: got 0 allocs during Write; want 1&#xA;panic: strings.Builder.Grow: negative count&#xA;Error: failed to run main module `/tmp/tinygo2111140082/main`&#xA;&#xA;Caused by:&#xA;    0: failed to invoke command default&#xA;    1: error while executing at wasm backtrace:&#xA;           0: 0x477f - runtime.abort&#xA;                           at /workspaces/dc-wasm-go/tinygo/src/runtime/runtime_tinygowasm.go:70:6              - runtime._panic&#xA;                           at /workspaces/dc-wasm-go/tinygo/src/runtime/panic.go:65:7&#xA;           1: 0x35639 - (*strings.Builder).Grow&#xA;                           at /usr/local/go/src/strings/builder.go:80:8&#xA;           2: 0x7af20 - strings_test.TestBuilderGrow&#xA;                           at /usr/local/go/src/strings/builder_test.go:120:8&#xA;           3: 0x27571 - testing.tRunner&#xA;                           at /workspaces/dc-wasm-go/tinygo/src/testing/testing.go:427:4&#xA;           4: 0x609b9 - (*testing.T).Run&#xA;           5: 0x27279 - testing.runTests$1&#xA;                           at /workspaces/dc-wasm-go/tinygo/src/testing/testing.go:561:10&#xA;           6: 0x27571 - testing.tRunner&#xA;                           at /workspaces/dc-wasm-go/tinygo/src/testing/testing.go:427:4&#xA;           7: 0x21246 - testing.runTests&#xA;                           at /workspaces/dc-wasm-go/tinygo/src/testing/testing.go:559:10              - (*testing.M).Run&#xA;                           at /workspaces/dc-wasm-go/tinygo/src/testing/testing.go:533:29              - main.main&#xA;                           at /home/vscode/.cache/go-build/7e/7e7530b4b41ba554fcd61a15fb56262397c798b6647dbef18c7e075b40e7bebf-d:415:15              - runtime.run$1&#xA;                           at /workspaces/dc-wasm-go/tinygo/src/runtime/scheduler_any.go:25:11&#xA;           8: 0x1b5eb - &lt;goroutine wrapper&gt;&#xA;                           at /workspaces/dc-wasm-go/tinygo/src/runtime/scheduler_any.go:23:2&#xA;           9:  0x958 - tinygo_launch&#xA;                           at /workspaces/dc-wasm-go/tinygo/src/internal/task/task_asyncify_wasm.S:59&#xA;          10: 0x1b4c8 - (*internal/task.Task).Resume&#xA;                           at /workspaces/dc-wasm-go/tinygo/src/internal/task/task_asyncify.go:109:17              - runtime.scheduler&#xA;                           at /workspaces/dc-wasm-go/tinygo/src/runtime/scheduler.go:236:11              - runtime.run&#xA;                           at /workspaces/dc-wasm-go/tinygo/src/runtime/scheduler_any.go:28:11              - _start&#xA;                           at /workspaces/dc-wasm-go/tinygo/src/runtime/runtime_wasip1.go:21:5&#xA;    2: wasm trap: wasm `unreachable` instruction executed&#xA;</failure>
		</testcase>
		<testcase classname="strings" name="TestBuilder" time="0.000000"></testcase>
		<testcase classname="strings" name="TestBuilderString" time="0.000000"></testcase>
		<testcase classname="strings" name="TestBuilderReset" time="0.000000"></testcase>
	</testsuite>
</testsuites>