<?xml version="1.0" encoding="UTF-8"?>
<testsuites tests="0" failures="1" errors="0" time="21.612804">
	<testsuite tests="0" failures="0" time="0.000000" name="testing/slogtest" timestamp="2024-04-09T12:23:50Z">
		<properties>
			<property name="go.version" value="go1.22.0 linux/arm64"></property>
		</properties>
		<testcase classname="" name="TestMain" time="0.000000">
			<failure message="Failed" type="">wasm-ld --stack-first --no-demangle -L /workspaces/dc-wasm-go/tinygo -o /tmp/tinygo463783330/main /tmp/tinygo463783330/main.o /home/vscode/.cache/tinygo/compiler-rt-wasm32-unknown-wasi-generic/lib.a /home/vscode/.cache/tinygo/obj-f6dfdc5c0eba303761141c0df2fcd4c0ea07b3a91bae983ad3a0cdf0.bc /home/vscode/.cache/tinygo/obj-03cb3027306e14931a559af5783370ba29db850f5a080b48d52405d8.bc /workspaces/dc-wasm-go/tinygo/lib/wasi-libc/sysroot/lib/wasm32-wasi/libc.a -mllvm -mcpu=generic --lto-O2 --thinlto-cache-dir=/home/vscode/.cache/tinygo/thinlto -mllvm --rotation-max-header-size=0&#xA;/workspaces/dc-wasm-go/tinygo/build/wasm-opt --asyncify -Oz -g /tmp/tinygo463783330/main --output /tmp/tinygo463783330/main&#xA;/workspaces/dc-wasm-go/bin/wasmtime wasmtime --dir=/tmp::/tmp /tmp/tinygo463783330/main -test.v&#xA;panic: runtime.Caller failed&#xA;Error: failed to run main module `/tmp/tinygo463783330/main`&#xA;&#xA;Caused by:&#xA;    0: failed to invoke command default&#xA;    1: error while executing at wasm backtrace:&#xA;           0: 0x213c - runtime.abort&#xA;                           at /workspaces/dc-wasm-go/tinygo/src/runtime/runtime_tinygowasm.go:70:6              - runtime._panic&#xA;                           at /workspaces/dc-wasm-go/tinygo/src/runtime/panic.go:65:7&#xA;           1: 0x16dfa - testing/slogtest.withSource&#xA;                           at /usr/local/go/src/testing/slogtest/slogtest.go:362:8&#xA;           2: 0xcc25 - &lt;unknown&gt;!runtime.initAll&#xA;           3: 0xc34c - runtime.run$1&#xA;                           at /workspaces/dc-wasm-go/tinygo/src/runtime/scheduler_any.go:24:10&#xA;           4: 0xa289 - &lt;goroutine wrapper&gt;&#xA;                           at /workspaces/dc-wasm-go/tinygo/src/runtime/scheduler_any.go:23:2&#xA;           5:  0x431 - tinygo_launch&#xA;                           at /workspaces/dc-wasm-go/tinygo/src/internal/task/task_asyncify_wasm.S:59&#xA;           6: 0xc24e - (*internal/task.Task).Resume&#xA;                           at /workspaces/dc-wasm-go/tinygo/src/internal/task/task_asyncify.go:109:17              - runtime.scheduler&#xA;                           at /workspaces/dc-wasm-go/tinygo/src/runtime/scheduler.go:236:11&#xA;           7: 0xc11c - runtime.run&#xA;                           at /workspaces/dc-wasm-go/tinygo/src/runtime/scheduler_any.go:28:11&#xA;           8: 0xc09c - _start&#xA;                           at /workspaces/dc-wasm-go/tinygo/src/runtime/runtime_wasip1.go:21:5&#xA;    2: wasm trap: wasm `unreachable` instruction executed&#xA;FAIL&#x9;testing/slogtest&#x9;4.082s&#xA;</failure>
		</testcase>
	</testsuite>
</testsuites>