<?xml version="1.0" encoding="UTF-8"?>
<testsuites tests="1" failures="1" errors="0" time="68.328174">
	<testsuite tests="1" failures="1" time="0.000000" name="text/template" timestamp="2024-04-09T12:23:52Z">
		<properties>
			<property name="go.version" value="go1.22.0 linux/arm64"></property>
		</properties>
		<testcase classname="text/template" name="TestExecute" time="-0.000000">
			<failure message="Failed" type="">=== RUN   TestExecute&#xA;panic: unimplemented: (reflect.Type).NumOut()&#xA;Error: failed to run main module `/tmp/tinygo819505394/main`&#xA;&#xA;Caused by:&#xA;    0: failed to invoke command default&#xA;    1: error while executing at wasm backtrace:&#xA;           0: 0x66af - runtime.abort&#xA;                           at /workspaces/dc-wasm-go/tinygo/src/runtime/runtime_tinygowasm.go:70:6              - runtime._panic&#xA;                           at /workspaces/dc-wasm-go/tinygo/src/runtime/panic.go:65:7&#xA;           1: 0x722d - (*reflect.rawType).NumOut&#xA;                           at /workspaces/dc-wasm-go/tinygo/src/reflect/type.go:1012:7&#xA;           2: 0xa1b2e - (Go interface method)&#xA;                           at /usr/local/go/src/text/template/funcs.go:112:6              - text/template.goodFunc&#xA;                           at /usr/local/go/src/text/template/funcs.go:115:17              - text/template.addValueFuncs&#xA;                           at /usr/local/go/src/text/template/funcs.go:96:15&#xA;           3: 0xa158b - (*text/template.Template).Funcs&#xA;                           at /usr/local/go/src/text/template/template.go:181:15&#xA;           4: 0xb043d - text/template.testExecute&#xA;                           at /usr/local/go/src/text/template/exec_test.go:796:23&#xA;           5: 0xb0bce - text/template.TestExecute&#xA;                           at /usr/local/go/src/text/template/exec_test.go:831:13&#xA;           6: 0x32f50 - testing.tRunner&#xA;                           at /workspaces/dc-wasm-go/tinygo/src/testing/testing.go:427:4&#xA;           7: 0x83a11 - (*testing.T).Run&#xA;           8: 0x32c54 - testing.runTests$1&#xA;                           at /workspaces/dc-wasm-go/tinygo/src/testing/testing.go:561:10&#xA;           9: 0x32f50 - testing.tRunner&#xA;                           at /workspaces/dc-wasm-go/tinygo/src/testing/testing.go:427:4&#xA;          10: 0x24449 - &lt;unknown&gt;!runtime.run$1&#xA;          11: 0x21551 - &lt;goroutine wrapper&gt;&#xA;                           at /workspaces/dc-wasm-go/tinygo/src/runtime/scheduler_any.go:23:2&#xA;          12:  0xabd - tinygo_launch&#xA;                           at /workspaces/dc-wasm-go/tinygo/src/internal/task/task_asyncify_wasm.S:59&#xA;          13: 0x213ee - (*internal/task.Task).Resume&#xA;                           at /workspaces/dc-wasm-go/tinygo/src/internal/task/task_asyncify.go:109:17              - runtime.scheduler&#xA;                           at /workspaces/dc-wasm-go/tinygo/src/runtime/scheduler.go:236:11              - runtime.run&#xA;                           at /workspaces/dc-wasm-go/tinygo/src/runtime/scheduler_any.go:28:11              - _start&#xA;                           at /workspaces/dc-wasm-go/tinygo/src/runtime/runtime_wasip1.go:21:5&#xA;    2: wasm trap: wasm `unreachable` instruction executed&#xA;</failure>
		</testcase>
	</testsuite>
</testsuites>