<?xml version="1.0" encoding="UTF-8"?>
<testsuites tests="23" failures="1" errors="1" time="300.059096">
	<testsuite tests="23" failures="1" time="0.000000" name="compress/flate" timestamp="2024-04-25T13:25:21Z">
		<properties>
			<property name="go.version" value="go1.22.2 linux/arm64"></property>
		</properties>
		<testcase classname="compress/flate" name="TestBestSpeed" time="-0.000000">
			<failure message="Failed" type="">=== RUN   TestBestSpeed&#xA;</failure>
		</testcase>
		<testcase classname="compress/flate" name="TestBulkHash4" time="0.000000"></testcase>
		<testcase classname="compress/flate" name="TestDeflate" time="0.000000"></testcase>
		<testcase classname="compress/flate" name="TestWriterClose" time="0.000000"></testcase>
		<testcase classname="compress/flate" name="TestVeryLongSparseChunk" time="0.000000"></testcase>
		<testcase classname="compress/flate" name="TestDeflateInflate" time="0.000000"></testcase>
		<testcase classname="compress/flate" name="TestReverseBits" time="0.000000"></testcase>
		<testcase classname="compress/flate" name="TestDeflateInflateString" time="0.000000"></testcase>
		<testcase classname="compress/flate" name="TestReaderDict" time="0.000000"></testcase>
		<testcase classname="compress/flate" name="TestWriterDict" time="0.000000"></testcase>
		<testcase classname="compress/flate" name="TestRegression2508" time="0.000000"></testcase>
		<testcase classname="compress/flate" name="TestWriterReset" time="0.000000"></testcase>
	</testsuite>
</testsuites>