<?xml version="1.0" encoding="UTF-8"?>
<testsuites tests="3" failures="1" errors="0" time="48.529557">
	<testsuite tests="3" failures="1" time="0.000000" name="crypto/rsa" timestamp="2024-04-25T13:25:58Z">
		<properties>
			<property name="go.version" value="go1.22.2 linux/arm64"></property>
		</properties>
		<testcase classname="crypto/rsa" name="TestEncryptPKCS1v15" time="-0.000000">
			<failure message="Failed" type="">=== RUN   TestEncryptPKCS1v15&#xA;panic: unimplemented: (reflect.Type).NumOut()&#xA;Error: failed to run main module `/tmp/tinygo3594800830/main`&#xA;&#xA;Caused by:&#xA;    0: failed to invoke command default&#xA;    1: error while executing at wasm backtrace:&#xA;           0: 0x42cd - runtime.abort&#xA;                           at /workspaces/dc-wasm-go/tinygo/src/runtime/runtime_tinygowasm.go:70:6              - runtime._panic&#xA;                           at /workspaces/dc-wasm-go/tinygo/src/runtime/panic.go:65:7&#xA;           1: 0x6564 - (*reflect.rawType).NumOut&#xA;                           at /workspaces/dc-wasm-go/tinygo/src/reflect/type.go:1012:7&#xA;           2: 0xea981 - (Go interface method)&#xA;           3: 0xec52f - testing/quick.Check&#xA;                           at /usr/local/go/src/testing/quick/quick.go:273:17              - crypto/rsa_test.TestEncryptPKCS1v15&#xA;                           at /usr/local/go/src/crypto/rsa/pkcs1v15_test.go:118:13&#xA;           4: 0x361a0 - testing.tRunner&#xA;                           at /workspaces/dc-wasm-go/tinygo/src/testing/testing.go:427:4&#xA;           5: 0x791ce - (*testing.T).Run&#xA;           6: 0x35ea8 - testing.runTests$1&#xA;                           at /workspaces/dc-wasm-go/tinygo/src/testing/testing.go:561:10&#xA;           7: 0x361a0 - testing.tRunner&#xA;                           at /workspaces/dc-wasm-go/tinygo/src/testing/testing.go:427:4&#xA;           8: 0x2eb3c - &lt;unknown&gt;!runtime.run$1&#xA;           9: 0x2bf9a - &lt;goroutine wrapper&gt;&#xA;                           at /workspaces/dc-wasm-go/tinygo/src/runtime/scheduler_any.go:23:2&#xA;          10:  0xab8 - tinygo_launch&#xA;                           at /workspaces/dc-wasm-go/tinygo/src/internal/task/task_asyncify_wasm.S:59&#xA;          11: 0x2be76 - (*internal/task.Task).Resume&#xA;                           at /workspaces/dc-wasm-go/tinygo/src/internal/task/task_asyncify.go:109:17              - runtime.scheduler&#xA;                           at /workspaces/dc-wasm-go/tinygo/src/runtime/scheduler.go:236:11              - runtime.run&#xA;                           at /workspaces/dc-wasm-go/tinygo/src/runtime/scheduler_any.go:28:11              - _start&#xA;                           at /workspaces/dc-wasm-go/tinygo/src/runtime/runtime_wasip1.go:21:5&#xA;    2: wasm trap: wasm `unreachable` instruction executed&#xA;</failure>
		</testcase>
		<testcase classname="crypto/rsa" name="TestEqual" time="0.000000"></testcase>
		<testcase classname="crypto/rsa" name="TestDecryptPKCS1v15" time="0.000000"></testcase>
	</testsuite>
</testsuites>