<?xml version="1.0" encoding="UTF-8"?>
<testsuites tests="5" failures="1" errors="0" time="14.002691">
	<testsuite tests="5" failures="1" time="0.000000" name="crypto/cipher" timestamp="2024-04-25T13:25:33Z">
		<properties>
			<property name="go.version" value="go1.22.2 linux/arm64"></property>
		</properties>
		<testcase classname="crypto/cipher" name="TestCryptBlocks" time="-0.000000">
			<failure message="Failed" type="">=== RUN   TestCryptBlocks&#xA;panic: crypto/cipher: input not full blocks&#xA;Error: failed to run main module `/tmp/tinygo1795815006/main`&#xA;&#xA;Caused by:&#xA;    0: failed to invoke command default&#xA;    1: error while executing at wasm backtrace:&#xA;           0: 0x32b3 - runtime.abort&#xA;                           at /workspaces/dc-wasm-go/tinygo/src/runtime/runtime_tinygowasm.go:70:6              - runtime._panic&#xA;                           at /workspaces/dc-wasm-go/tinygo/src/runtime/panic.go:65:7&#xA;           1: 0x68bf4 - (*crypto/cipher.cbcDecrypter).CryptBlocks&#xA;                           at /usr/local/go/src/crypto/cipher/cbc.go:145:8              - (Go interface method)&#xA;                           at &lt;Go interface method&gt;&#xA;           2: 0x6b157 - crypto/cipher_test.TestCryptBlocks$1&#xA;                           at /usr/local/go/src/crypto/cipher/cipher_test.go:20:80&#xA;           3: 0x6b3c5 - crypto/cipher_test.mustPanic&#xA;                           at /usr/local/go/src/crypto/cipher/cipher_test.go:37:3&#xA;           4: 0x6ade3 - crypto/cipher_test.TestCryptBlocks&#xA;                           at /usr/local/go/src/crypto/cipher/cipher_test.go:20:11&#xA;           5: 0x1aad3 - testing.tRunner&#xA;                           at /workspaces/dc-wasm-go/tinygo/src/testing/testing.go:427:4&#xA;           6: 0x1a7c9 - (*testing.T).Run&#xA;                           at /workspaces/dc-wasm-go/tinygo/src/testing/testing.go:462:9              - testing.runTests$1&#xA;                           at /workspaces/dc-wasm-go/tinygo/src/testing/testing.go:561:10&#xA;           7: 0x1aad3 - testing.tRunner&#xA;                           at /workspaces/dc-wasm-go/tinygo/src/testing/testing.go:427:4&#xA;           8: 0x14d25 - testing.runTests&#xA;                           at /workspaces/dc-wasm-go/tinygo/src/testing/testing.go:559:10              - (*testing.M).Run&#xA;                           at /workspaces/dc-wasm-go/tinygo/src/testing/testing.go:533:29              - main.main&#xA;                           at /home/vscode/.cache/go-build/61/6162e4542004ff5d4561a2904bdcadfd96d18761f8e4484f36f3c8725ffde61c-d:107:15              - runtime.run$1&#xA;                           at /workspaces/dc-wasm-go/tinygo/src/runtime/scheduler_any.go:25:11&#xA;           9: 0x10b31 - &lt;goroutine wrapper&gt;&#xA;                           at /workspaces/dc-wasm-go/tinygo/src/runtime/scheduler_any.go:23:2&#xA;          10:  0x61c - tinygo_launch&#xA;                           at /workspaces/dc-wasm-go/tinygo/src/internal/task/task_asyncify_wasm.S:59&#xA;          11: 0x10a07 - (*internal/task.Task).Resume&#xA;                           at /workspaces/dc-wasm-go/tinygo/src/internal/task/task_asyncify.go:109:17              - runtime.scheduler&#xA;                           at /workspaces/dc-wasm-go/tinygo/src/runtime/scheduler.go:236:11              - runtime.run&#xA;                           at /workspaces/dc-wasm-go/tinygo/src/runtime/scheduler_any.go:28:11              - _start&#xA;                           at /workspaces/dc-wasm-go/tinygo/src/runtime/runtime_wasip1.go:21:5&#xA;    2: wasm trap: wasm `unreachable` instruction executed&#xA;</failure>
		</testcase>
		<testcase classname="crypto/cipher" name="TestCBCEncrypterAES" time="0.000000"></testcase>
		<testcase classname="crypto/cipher" name="TestCBCDecrypterAES" time="0.000000"></testcase>
		<testcase classname="crypto/cipher" name="TestCFBVectors" time="0.000000"></testcase>
		<testcase classname="crypto/cipher" name="TestCFBInverse" time="0.000000"></testcase>
	</testsuite>
</testsuites>