<?xml version="1.0" encoding="UTF-8"?>
<testsuites tests="1" failures="1" errors="0" time="18.924504">
	<testsuite tests="1" failures="1" time="0.000000" name="debug/pe" timestamp="2024-04-25T13:26:20Z">
		<properties>
			<property name="go.version" value="go1.22.2 linux/arm64"></property>
		</properties>
		<testcase classname="debug/pe" name="TestDefaultLinkerDWARF" time="-0.000000">
			<failure message="Failed" type="">=== RUN   TestDefaultLinkerDWARF&#xA;    skipping test: gcc is missing&#xA;    SkipNow is incomplete, requires runtime.Goexit()&#xA;    skipping windows only test&#xA;    SkipNow is incomplete, requires runtime.Goexit()&#xA;    skipping test: &#39;go run&#39; not available on wasip1/wasm&#xA;    SkipNow is incomplete, requires runtime.Goexit()&#xA;    skipping test: &#39;go build&#39; unavailable: go tool -n compile: exec: &#34;go&#34;: executable file not found in $PATH&#xA;    SkipNow is incomplete, requires runtime.Goexit()&#xA;    platform cannot run go tool&#xA;    FailNow is incomplete, requires runtime.Goexit()&#xA;    building test executable for linktype 1 failed: exec: no command &#xA;    FailNow is incomplete, requires runtime.Goexit()&#xA;    running test executable failed: open /dev/null: file does not exist &#xA;    FailNow is incomplete, requires runtime.Goexit()&#xA;    Testprog output:&#xA;    unexpected program output: &#xA;    FailNow is incomplete, requires runtime.Goexit()&#xA;panic: runtime error: index out of range&#xA;Error: failed to run main module `/tmp/tinygo848688663/main`&#xA;&#xA;Caused by:&#xA;    0: failed to invoke command default&#xA;    1: error while executing at wasm backtrace:&#xA;           0: 0x288e7 - runtime.abort&#xA;                           at /workspaces/dc-wasm-go/tinygo/src/runtime/runtime_tinygowasm.go:70:6              - runtime.runtimePanicAt&#xA;                           at /workspaces/dc-wasm-go/tinygo/src/runtime/panic.go:87:7&#xA;           1: 0x4697 - runtime.lookupPanic&#xA;                           at /workspaces/dc-wasm-go/tinygo/src/runtime/panic.go:160:16&#xA;           2: 0xc1888 - &lt;unknown&gt;!debug/pe.testDWARF&#xA;           3: 0xbbc87 - debug/pe.testCgoDWARF&#xA;                           at /usr/local/go/src/debug/pe/file_cgo_test.go:19:11&#xA;           4: 0xc1df9 - debug/pe.TestDefaultLinkerDWARF&#xA;                           at /usr/local/go/src/debug/pe/file_cgo_test.go:23:14&#xA;           5: 0x35db0 - testing.tRunner&#xA;                           at /workspaces/dc-wasm-go/tinygo/src/testing/testing.go:427:4&#xA;           6: 0x35aa2 - (*testing.T).Run&#xA;                           at /workspaces/dc-wasm-go/tinygo/src/testing/testing.go:462:9              - testing.runTests$1&#xA;                           at /workspaces/dc-wasm-go/tinygo/src/testing/testing.go:561:10&#xA;           7: 0x35db0 - testing.tRunner&#xA;                           at /workspaces/dc-wasm-go/tinygo/src/testing/testing.go:427:4&#xA;           8: 0x303fa - testing.runTests&#xA;                           at /workspaces/dc-wasm-go/tinygo/src/testing/testing.go:559:10              - (*testing.M).Run&#xA;                           at /workspaces/dc-wasm-go/tinygo/src/testing/testing.go:533:29              - main.main&#xA;                           at /home/vscode/.cache/go-build/c6/c6b2594ecf7e1bc0013e59951cbc3017ad5a6d482f8dd4bcd166624b7c686322-d:71:15              - runtime.run$1&#xA;                           at /workspaces/dc-wasm-go/tinygo/src/runtime/scheduler_any.go:25:11&#xA;           9: 0x2a632 - &lt;goroutine wrapper&gt;&#xA;                           at /workspaces/dc-wasm-go/tinygo/src/runtime/scheduler_any.go:23:2&#xA;          10:  0xa68 - tinygo_launch&#xA;                           at /workspaces/dc-wasm-go/tinygo/src/internal/task/task_asyncify_wasm.S:59&#xA;          11: 0x2a4cf - (*internal/task.Task).Resume&#xA;                           at /workspaces/dc-wasm-go/tinygo/src/internal/task/task_asyncify.go:109:17              - runtime.scheduler&#xA;                           at /workspaces/dc-wasm-go/tinygo/src/runtime/scheduler.go:236:11              - runtime.run&#xA;                           at /workspaces/dc-wasm-go/tinygo/src/runtime/scheduler_any.go:28:11              - _start&#xA;                           at /workspaces/dc-wasm-go/tinygo/src/runtime/runtime_wasip1.go:21:5&#xA;    2: wasm trap: wasm `unreachable` instruction executed&#xA;</failure>
		</testcase>
	</testsuite>
</testsuites>