<?xml version="1.0" encoding="UTF-8"?>
<testsuites tests="16" failures="1" errors="0" time="13.772935">
	<testsuite tests="16" failures="1" time="0.000000" name="encoding/binary" timestamp="2024-04-25T13:26:39Z">
		<properties>
			<property name="go.version" value="go1.22.2 linux/arm64"></property>
		</properties>
		<testcase classname="encoding/binary" name="TestUnexportedRead" time="-0.000000">
			<failure message="Failed" type="">=== RUN   TestUnexportedRead&#xA;panic: reflect: value is not settable&#xA;Error: failed to run main module `/tmp/tinygo299162497/main`&#xA;&#xA;Caused by:&#xA;    0: failed to invoke command default&#xA;    1: error while executing at wasm backtrace:&#xA;           0: 0x2f52 - runtime.abort&#xA;                           at /workspaces/dc-wasm-go/tinygo/src/runtime/runtime_tinygowasm.go:70:6              - runtime._panic&#xA;                           at /workspaces/dc-wasm-go/tinygo/src/runtime/panic.go:65:7&#xA;           1: 0xacc1 - (reflect.Value).checkRO&#xA;                           at /workspaces/dc-wasm-go/tinygo/src/reflect/value.go:56:8&#xA;           2: 0xb1f0 - (reflect.Value).SetInt&#xA;                           at /workspaces/dc-wasm-go/tinygo/src/reflect/value.go:1132:11&#xA;           3: 0x64eea - (*encoding/binary.decoder).int32&#xA;                           at /usr/local/go/src/encoding/binary/binary.go:656:11              - (*encoding/binary.decoder).value&#xA;                           at /usr/local/go/src/encoding/binary/binary.go:656:25&#xA;           4: 0x64b4b - (*encoding/binary.decoder).value&#xA;                           at /usr/local/go/src/encoding/binary/binary.go:636:12&#xA;           5: 0x63c38 - encoding/binary.Read&#xA;           6: 0x6db30 - encoding/binary.TestUnexportedRead&#xA;                           at /usr/local/go/src/encoding/binary/binary_test.go:395:6&#xA;           7: 0x212f7 - testing.tRunner&#xA;                           at /workspaces/dc-wasm-go/tinygo/src/testing/testing.go:427:4&#xA;           8: 0x493af - (*testing.T).Run&#xA;           9: 0x20fff - testing.runTests$1&#xA;                           at /workspaces/dc-wasm-go/tinygo/src/testing/testing.go:561:10&#xA;          10: 0x212f7 - testing.tRunner&#xA;                           at /workspaces/dc-wasm-go/tinygo/src/testing/testing.go:427:4&#xA;          11: 0x1bb3b - testing.runTests&#xA;                           at /workspaces/dc-wasm-go/tinygo/src/testing/testing.go:559:10              - (*testing.M).Run&#xA;                           at /workspaces/dc-wasm-go/tinygo/src/testing/testing.go:533:29              - main.main&#xA;                           at /home/vscode/.cache/go-build/fb/fbc5d26cd0caebeb345e8f586b2417fd3156bc04f7d17813959166a5c6f5f5bb-d:179:15              - runtime.run$1&#xA;                           at /workspaces/dc-wasm-go/tinygo/src/runtime/scheduler_any.go:25:11&#xA;          12: 0x17945 - &lt;goroutine wrapper&gt;&#xA;                           at /workspaces/dc-wasm-go/tinygo/src/runtime/scheduler_any.go:23:2&#xA;          13:  0x66e - tinygo_launch&#xA;                           at /workspaces/dc-wasm-go/tinygo/src/internal/task/task_asyncify_wasm.S:59&#xA;          14: 0x1781b - (*internal/task.Task).Resume&#xA;                           at /workspaces/dc-wasm-go/tinygo/src/internal/task/task_asyncify.go:109:17              - runtime.scheduler&#xA;                           at /workspaces/dc-wasm-go/tinygo/src/runtime/scheduler.go:236:11              - runtime.run&#xA;                           at /workspaces/dc-wasm-go/tinygo/src/runtime/scheduler_any.go:28:11              - _start&#xA;                           at /workspaces/dc-wasm-go/tinygo/src/runtime/runtime_wasip1.go:21:5&#xA;    2: wasm trap: wasm `unreachable` instruction executed&#xA;</failure>
		</testcase>
		<testcase classname="encoding/binary" name="TestLittleEndianRead" time="0.000000"></testcase>
		<testcase classname="encoding/binary" name="TestLittleEndianWrite" time="0.000000"></testcase>
		<testcase classname="encoding/binary" name="TestLittleEndianPtrWrite" time="0.000000"></testcase>
		<testcase classname="encoding/binary" name="TestBigEndianRead" time="0.000000"></testcase>
		<testcase classname="encoding/binary" name="TestBigEndianWrite" time="0.000000"></testcase>
		<testcase classname="encoding/binary" name="TestBigEndianPtrWrite" time="0.000000"></testcase>
		<testcase classname="encoding/binary" name="TestReadSlice" time="0.000000"></testcase>
		<testcase classname="encoding/binary" name="TestWriteSlice" time="0.000000"></testcase>
		<testcase classname="encoding/binary" name="TestReadBool" time="0.000000"></testcase>
		<testcase classname="encoding/binary" name="TestReadBoolSlice" time="0.000000"></testcase>
		<testcase classname="encoding/binary" name="TestSliceRoundTrip" time="0.000000"></testcase>
		<testcase classname="encoding/binary" name="TestWriteT" time="0.000000"></testcase>
		<testcase classname="encoding/binary" name="TestBlankFields" time="0.000000"></testcase>
		<testcase classname="encoding/binary" name="TestSizeStructCache" time="0.000000"></testcase>
		<testcase classname="encoding/binary" name="TestSizeInvalid" time="0.000000"></testcase>
	</testsuite>
</testsuites>