<?xml version="1.0" encoding="UTF-8"?>
<testsuites tests="2" failures="1" errors="0" time="16.362165">
	<testsuite tests="2" failures="1" time="0.000000" name="go/constant" timestamp="2024-04-26T01:54:12Z">
		<properties>
			<property name="go.version" value="go1.22.2 linux/arm64"></property>
		</properties>
		<testcase classname="go/constant" name="TestOps" time="-0.000000">
			<failure message="Failed" type="">=== RUN   TestOps&#xA;panic: division by zero&#xA;Error: failed to run main module `/tmp/tinygo205863894/main`&#xA;&#xA;Caused by:&#xA;    0: failed to invoke command default&#xA;    1: error while executing at wasm backtrace:&#xA;           0: 0x1b0c - runtime.abort&#xA;                           at /workspaces/dc-wasm-go/tinygo/src/runtime/runtime_tinygowasm.go:70:6              - runtime._panic&#xA;                           at /workspaces/dc-wasm-go/tinygo/src/runtime/panic.go:65:7&#xA;           1: 0x5be7a - (*math/big.Rat).SetFrac64&#xA;                           at /usr/local/go/src/math/big/rat.go:321:8              - math/big.NewRat&#xA;                           at /usr/local/go/src/math/big/rat.go:34:27&#xA;           2: 0x84fe5 - go/constant.BinaryOp&#xA;                           at /usr/local/go/src/go/constant/value.go:1136:19&#xA;           3: 0x876f7 - go/constant.doOp&#xA;                           at /usr/local/go/src/go/constant/value_test.go:534:18              - go/constant.TestOps&#xA;                           at /usr/local/go/src/go/constant/value_test.go:345:14&#xA;           4: 0x1e0e0 - testing.tRunner&#xA;                           at /workspaces/dc-wasm-go/tinygo/src/testing/testing.go:427:4&#xA;           5: 0x1ddd6 - (*testing.T).Run&#xA;                           at /workspaces/dc-wasm-go/tinygo/src/testing/testing.go:462:9              - testing.runTests$1&#xA;                           at /workspaces/dc-wasm-go/tinygo/src/testing/testing.go:561:10&#xA;           6: 0x1e0e0 - testing.tRunner&#xA;                           at /workspaces/dc-wasm-go/tinygo/src/testing/testing.go:427:4&#xA;           7: 0x182f3 - testing.runTests&#xA;                           at /workspaces/dc-wasm-go/tinygo/src/testing/testing.go:559:10              - (*testing.M).Run&#xA;                           at /workspaces/dc-wasm-go/tinygo/src/testing/testing.go:533:29              - main.main&#xA;                           at /home/vscode/.cache/go-build/58/583445e0700a8fe2773fdef84b84344a144e28b007bdfab093c213a38db43c7d-d:79:15              - runtime.run$1&#xA;                           at /workspaces/dc-wasm-go/tinygo/src/runtime/scheduler_any.go:25:11&#xA;           8: 0x13c14 - &lt;goroutine wrapper&gt;&#xA;                           at /workspaces/dc-wasm-go/tinygo/src/runtime/scheduler_any.go:23:2&#xA;           9:  0x670 - tinygo_launch&#xA;                           at /workspaces/dc-wasm-go/tinygo/src/internal/task/task_asyncify_wasm.S:59&#xA;          10: 0x13aea - (*internal/task.Task).Resume&#xA;                           at /workspaces/dc-wasm-go/tinygo/src/internal/task/task_asyncify.go:109:17              - runtime.scheduler&#xA;                           at /workspaces/dc-wasm-go/tinygo/src/runtime/scheduler.go:236:11              - runtime.run&#xA;                           at /workspaces/dc-wasm-go/tinygo/src/runtime/scheduler_any.go:28:11              - _start&#xA;                           at /workspaces/dc-wasm-go/tinygo/src/runtime/runtime_wasip1.go:21:5&#xA;    2: wasm trap: wasm `unreachable` instruction executed&#xA;</failure>
		</testcase>
		<testcase classname="go/constant" name="TestNumbers" time="0.000000"></testcase>
	</testsuite>
</testsuites>