<?xml version="1.0" encoding="UTF-8"?>
<testsuites tests="2" failures="2" errors="0" time="44.914405">
	<testsuite tests="2" failures="2" time="0.000000" name="go/importer" timestamp="2024-04-25T13:27:16Z">
		<properties>
			<property name="go.version" value="go1.22.2 linux/arm64"></property>
		</properties>
		<testcase classname="go/importer" name="TestForCompiler" time="-0.000000">
			<failure message="Failed" type="">=== RUN   TestForCompiler&#xA;    skipping test: &#39;go build&#39; unavailable: go tool -n compile: exec: &#34;go&#34;: executable file not found in $PATH&#xA;    SkipNow is incomplete, requires runtime.Goexit()&#xA;    skipping test: &#39;go build&#39; unavailable: go tool -n compile: exec: &#34;go&#34;: executable file not found in $PATH&#xA;    SkipNow is incomplete, requires runtime.Goexit()&#xA;    platform cannot run go tool&#xA;    FailNow is incomplete, requires runtime.Goexit()&#xA;    skipping test: cannot exec subprocess on wasip1/wasm: can&#39;t probe for exec support: Executable not implemented&#xA;    SkipNow is incomplete, requires runtime.Goexit()&#xA;    go list math/big: exec: no command&#xA;    FailNow is incomplete, requires runtime.Goexit()&#xA;=== RUN   TestForCompiler/LookupDefault&#xA;panic: runtime error: nil pointer dereference&#xA;Error: failed to run main module `/tmp/tinygo2490137773/main`&#xA;&#xA;Caused by:&#xA;    0: failed to invoke command default&#xA;    1: error while executing at wasm backtrace:&#xA;           0: 0x38588 - runtime.abort&#xA;                           at /workspaces/dc-wasm-go/tinygo/src/runtime/runtime_tinygowasm.go:70:6              - runtime.runtimePanicAt&#xA;                           at /workspaces/dc-wasm-go/tinygo/src/runtime/panic.go:87:7&#xA;           1: 0xaf41 - runtime.nilPanic&#xA;                           at /workspaces/dc-wasm-go/tinygo/src/runtime/panic.go:150:16&#xA;           2: 0x1df134 - (Go interface method)&#xA;           3: 0x213098 - go/importer.TestForCompiler$1&#xA;                           at /usr/local/go/src/go/importer/importer_test.go:41:25&#xA;           4: 0x4e1ff - testing.tRunner&#xA;                           at /workspaces/dc-wasm-go/tinygo/src/testing/testing.go:427:4&#xA;           5: 0x20d1c1 - (*testing.T).Run&#xA;           6: 0x212de3 - go/importer.TestForCompiler&#xA;                           at /usr/local/go/src/go/importer/importer_test.go:39:7&#xA;           7: 0x4e1ff - testing.tRunner&#xA;                           at /workspaces/dc-wasm-go/tinygo/src/testing/testing.go:427:4&#xA;           8: 0x20d1c1 - (*testing.T).Run&#xA;           9: 0x4df02 - testing.runTests$1&#xA;                           at /workspaces/dc-wasm-go/tinygo/src/testing/testing.go:561:10&#xA;          10: 0x4e1ff - testing.tRunner&#xA;                           at /workspaces/dc-wasm-go/tinygo/src/testing/testing.go:427:4&#xA;          11: 0x3d0a6 - &lt;unknown&gt;!runtime.run$1&#xA;          12: 0x3a0f5 - &lt;goroutine wrapper&gt;&#xA;                           at /workspaces/dc-wasm-go/tinygo/src/runtime/scheduler_any.go:23:2&#xA;          13: 0x10fe - tinygo_launch&#xA;                           at /workspaces/dc-wasm-go/tinygo/src/internal/task/task_asyncify_wasm.S:59&#xA;          14: 0x39f91 - (*internal/task.Task).Resume&#xA;                           at /workspaces/dc-wasm-go/tinygo/src/internal/task/task_asyncify.go:109:17              - runtime.scheduler&#xA;                           at /workspaces/dc-wasm-go/tinygo/src/runtime/scheduler.go:236:11              - runtime.run&#xA;                           at /workspaces/dc-wasm-go/tinygo/src/runtime/scheduler_any.go:28:11              - _start&#xA;                           at /workspaces/dc-wasm-go/tinygo/src/runtime/runtime_wasip1.go:21:5&#xA;    2: wasm trap: wasm `unreachable` instruction executed&#xA;</failure>
		</testcase>
		<testcase classname="go/importer" name="TestForCompiler/LookupDefault" time="-0.000000">
			<failure message="Failed" type="">=== RUN   TestForCompiler/LookupDefault&#xA;panic: runtime error: nil pointer dereference&#xA;Error: failed to run main module `/tmp/tinygo2490137773/main`&#xA;&#xA;Caused by:&#xA;    0: failed to invoke command default&#xA;    1: error while executing at wasm backtrace:&#xA;           0: 0x38588 - runtime.abort&#xA;                           at /workspaces/dc-wasm-go/tinygo/src/runtime/runtime_tinygowasm.go:70:6              - runtime.runtimePanicAt&#xA;                           at /workspaces/dc-wasm-go/tinygo/src/runtime/panic.go:87:7&#xA;           1: 0xaf41 - runtime.nilPanic&#xA;                           at /workspaces/dc-wasm-go/tinygo/src/runtime/panic.go:150:16&#xA;           2: 0x1df134 - (Go interface method)&#xA;           3: 0x213098 - go/importer.TestForCompiler$1&#xA;                           at /usr/local/go/src/go/importer/importer_test.go:41:25&#xA;           4: 0x4e1ff - testing.tRunner&#xA;                           at /workspaces/dc-wasm-go/tinygo/src/testing/testing.go:427:4&#xA;           5: 0x20d1c1 - (*testing.T).Run&#xA;           6: 0x212de3 - go/importer.TestForCompiler&#xA;                           at /usr/local/go/src/go/importer/importer_test.go:39:7&#xA;           7: 0x4e1ff - testing.tRunner&#xA;                           at /workspaces/dc-wasm-go/tinygo/src/testing/testing.go:427:4&#xA;           8: 0x20d1c1 - (*testing.T).Run&#xA;           9: 0x4df02 - testing.runTests$1&#xA;                           at /workspaces/dc-wasm-go/tinygo/src/testing/testing.go:561:10&#xA;          10: 0x4e1ff - testing.tRunner&#xA;                           at /workspaces/dc-wasm-go/tinygo/src/testing/testing.go:427:4&#xA;          11: 0x3d0a6 - &lt;unknown&gt;!runtime.run$1&#xA;          12: 0x3a0f5 - &lt;goroutine wrapper&gt;&#xA;                           at /workspaces/dc-wasm-go/tinygo/src/runtime/scheduler_any.go:23:2&#xA;          13: 0x10fe - tinygo_launch&#xA;                           at /workspaces/dc-wasm-go/tinygo/src/internal/task/task_asyncify_wasm.S:59&#xA;          14: 0x39f91 - (*internal/task.Task).Resume&#xA;                           at /workspaces/dc-wasm-go/tinygo/src/internal/task/task_asyncify.go:109:17              - runtime.scheduler&#xA;                           at /workspaces/dc-wasm-go/tinygo/src/runtime/scheduler.go:236:11              - runtime.run&#xA;                           at /workspaces/dc-wasm-go/tinygo/src/runtime/scheduler_any.go:28:11              - _start&#xA;                           at /workspaces/dc-wasm-go/tinygo/src/runtime/runtime_wasip1.go:21:5&#xA;    2: wasm trap: wasm `unreachable` instruction executed&#xA;</failure>
		</testcase>
	</testsuite>
</testsuites>