<?xml version="1.0" encoding="UTF-8"?>
<testsuites tests="3" failures="1" errors="0" time="15.159773">
	<testsuite tests="3" failures="1" time="0.000000" name="image" timestamp="2024-04-25T13:28:04Z">
		<properties>
			<property name="go.version" value="go1.22.2 linux/arm64"></property>
		</properties>
		<testcase classname="image" name="TestNewXxxBadRectangle" time="-0.000000">
			<failure message="Failed" type="">=== RUN   TestNewXxxBadRectangle&#xA;panic: image: NewRGBA Rectangle has huge or negative dimensions&#xA;Error: failed to run main module `/tmp/tinygo2264896461/main`&#xA;&#xA;Caused by:&#xA;    0: failed to invoke command default&#xA;    1: error while executing at wasm backtrace:&#xA;           0: 0x3cae - runtime.abort&#xA;                           at /workspaces/dc-wasm-go/tinygo/src/runtime/runtime_tinygowasm.go:70:6              - runtime._panic&#xA;                           at /workspaces/dc-wasm-go/tinygo/src/runtime/panic.go:65:7&#xA;           1: 0x6a3aa - (image.Rectangle).Dx&#xA;                           at /usr/local/go/src/image/image.go:96:8              - image.pixelBufferLength&#xA;                           at /usr/local/go/src/image/image.go:94:47&#xA;           2: 0x68703 - image.NewRGBA&#xA;                           at /usr/local/go/src/image/image.go:229:42&#xA;           3: 0x76579 - image.TestNewXxxBadRectangle$2&#xA;                           at /usr/local/go/src/image/image_test.go:108:39&#xA;           4: 0x7671f - image.TestNewXxxBadRectangle$1&#xA;                           at /usr/local/go/src/image/image_test.go:94:10&#xA;           5: 0x75547 - image.TestNewXxxBadRectangle&#xA;                           at /usr/local/go/src/image/image_test.go:138:16&#xA;           6: 0x2d3c1 - testing.tRunner&#xA;                           at /workspaces/dc-wasm-go/tinygo/src/testing/testing.go:427:4&#xA;           7: 0x2d0b7 - (*testing.T).Run&#xA;                           at /workspaces/dc-wasm-go/tinygo/src/testing/testing.go:462:9              - testing.runTests$1&#xA;                           at /workspaces/dc-wasm-go/tinygo/src/testing/testing.go:561:10&#xA;           8: 0x2d3c1 - testing.tRunner&#xA;                           at /workspaces/dc-wasm-go/tinygo/src/testing/testing.go:427:4&#xA;           9: 0x26a98 - testing.runTests&#xA;                           at /workspaces/dc-wasm-go/tinygo/src/testing/testing.go:559:10              - (*testing.M).Run&#xA;                           at /workspaces/dc-wasm-go/tinygo/src/testing/testing.go:533:29              - main.main&#xA;                           at /home/vscode/.cache/go-build/03/03696e0658b26ce2ed516312d26adbf88abfcc3eab0abe0b39a79e0462e8f45c-d:101:15              - runtime.run$1&#xA;                           at /workspaces/dc-wasm-go/tinygo/src/runtime/scheduler_any.go:25:11&#xA;          10: 0x22522 - &lt;goroutine wrapper&gt;&#xA;                           at /workspaces/dc-wasm-go/tinygo/src/runtime/scheduler_any.go:23:2&#xA;          11:  0x7ec - tinygo_launch&#xA;                           at /workspaces/dc-wasm-go/tinygo/src/internal/task/task_asyncify_wasm.S:59&#xA;          12: 0x223f8 - (*internal/task.Task).Resume&#xA;                           at /workspaces/dc-wasm-go/tinygo/src/internal/task/task_asyncify.go:109:17              - runtime.scheduler&#xA;                           at /workspaces/dc-wasm-go/tinygo/src/runtime/scheduler.go:236:11              - runtime.run&#xA;                           at /workspaces/dc-wasm-go/tinygo/src/runtime/scheduler_any.go:28:11              - _start&#xA;                           at /workspaces/dc-wasm-go/tinygo/src/runtime/runtime_wasip1.go:21:5&#xA;    2: wasm trap: wasm `unreachable` instruction executed&#xA;</failure>
		</testcase>
		<testcase classname="image" name="TestRectangle" time="0.000000"></testcase>
		<testcase classname="image" name="TestImage" time="0.000000"></testcase>
	</testsuite>
</testsuites>