<?xml version="1.0" encoding="UTF-8"?>
<testsuites tests="0" failures="1" errors="0" time="7.459049">
	<testsuite tests="0" failures="0" time="0.000000" name="maps" timestamp="2024-04-26T01:56:04Z">
		<properties>
			<property name="go.version" value="go1.22.2 linux/arm64"></property>
		</properties>
		<testcase classname="" name="TestMain" time="0.000000">
			<failure message="Failed" type="">wasm-ld --stack-first --no-demangle -L /workspaces/dc-wasm-go/tinygo -o /tmp/tinygo387810914/main /tmp/tinygo387810914/main.o /home/vscode/.cache/tinygo/compiler-rt-wasm32-unknown-wasi-generic/lib.a /home/vscode/.cache/tinygo/obj-f6dfdc5c0eba303761141c0df2fcd4c0ea07b3a91bae983ad3a0cdf0.bc /home/vscode/.cache/tinygo/obj-03cb3027306e14931a559af5783370ba29db850f5a080b48d52405d8.bc /workspaces/dc-wasm-go/tinygo/lib/wasi-libc/sysroot/lib/wasm32-wasi/libc.a -mllvm -mcpu=generic --lto-O2 --thinlto-cache-dir=/home/vscode/.cache/tinygo/thinlto -mllvm --rotation-max-header-size=0&#xA;wasm-ld: error: /tmp/tinygo387810914/main.o: undefined symbol: maps.clone&#xA;wasm-ld: error: /tmp/tinygo387810914/main.o: undefined symbol: maps.clone&#xA;failed to run tool: wasm-ld&#xA;FAIL&#x9;maps&#x9;0.000s&#xA;error: failed to link /tmp/tinygo387810914/main: exit status 1&#xA;</failure>
		</testcase>
	</testsuite>
</testsuites>