<?xml version="1.0" encoding="UTF-8"?>
<testsuites tests="3" failures="1" errors="0" time="12.516279">
	<testsuite tests="3" failures="1" time="0.000000" name="path/filepath" timestamp="2024-04-25T13:30:15Z">
		<properties>
			<property name="go.version" value="go1.22.2 linux/arm64"></property>
		</properties>
		<testcase classname="path/filepath" name="TestCVE202230632" time="-0.000000">
			<failure message="Failed" type="">=== RUN   TestCVE202230632&#xA;Error: failed to run main module `/tmp/tinygo776314268/main`&#xA;&#xA;Caused by:&#xA;    0: failed to invoke command default&#xA;    1: error while executing at wasm backtrace:&#xA;           0: 0x13501 - (*sync.Pool).Get&#xA;                           at /workspaces/dc-wasm-go/tinygo/src/sync/pool.go:19:14&#xA;           1: 0x51cbf - fmt.newPrinter&#xA;                           at /usr/local/go/src/fmt/print.go:152:17&#xA;           2: 0x52284 - fmt.Sprintf&#xA;                           at /usr/local/go/src/fmt/print.go:237:6&#xA;           3: 0x57f2a - (*testing.common).Fatalf&#xA;                           at /workspaces/dc-wasm-go/tinygo/src/testing/testing.go:263:19&#xA;           4: 0x79202 - path/filepath_test.TestCVE202230632&#xA;                           at /usr/local/go/src/path/filepath/match_test.go:164:11&#xA;           5: 0x27c1b - testing.tRunner&#xA;                           at /workspaces/dc-wasm-go/tinygo/src/testing/testing.go:427:4&#xA;           6: 0x597da - (*testing.T).Run&#xA;           7: 0x27923 - testing.runTests$1&#xA;                           at /workspaces/dc-wasm-go/tinygo/src/testing/testing.go:561:10&#xA;           8: 0x27c1b - testing.tRunner&#xA;                           at /workspaces/dc-wasm-go/tinygo/src/testing/testing.go:427:4&#xA;           9: 0x2310a - testing.runTests&#xA;                           at /workspaces/dc-wasm-go/tinygo/src/testing/testing.go:559:10              - (*testing.M).Run&#xA;                           at /workspaces/dc-wasm-go/tinygo/src/testing/testing.go:533:29              - main.main&#xA;                           at /home/vscode/.cache/go-build/69/69d7319c84f52f0989962bd60ff86333367c039c083caa727b0a26564f2ccf0f-d:147:15              - runtime.run$1&#xA;                           at /workspaces/dc-wasm-go/tinygo/src/runtime/scheduler_any.go:25:11&#xA;          10: 0x1d846 - &lt;goroutine wrapper&gt;&#xA;                           at /workspaces/dc-wasm-go/tinygo/src/runtime/scheduler_any.go:23:2&#xA;          11:  0x972 - tinygo_launch&#xA;                           at /workspaces/dc-wasm-go/tinygo/src/internal/task/task_asyncify_wasm.S:59&#xA;          12: 0x1d71b - (*internal/task.Task).Resume&#xA;                           at /workspaces/dc-wasm-go/tinygo/src/internal/task/task_asyncify.go:109:17              - runtime.scheduler&#xA;                           at /workspaces/dc-wasm-go/tinygo/src/runtime/scheduler.go:236:11              - runtime.run&#xA;                           at /workspaces/dc-wasm-go/tinygo/src/runtime/scheduler_any.go:28:11              - _start&#xA;                           at /workspaces/dc-wasm-go/tinygo/src/runtime/runtime_wasip1.go:21:5&#xA;    2: wasm trap: undefined element: out of bounds table access&#xA;</failure>
		</testcase>
		<testcase classname="path/filepath" name="TestMatch" time="0.000000"></testcase>
		<testcase classname="path/filepath" name="TestGlob" time="0.000000"></testcase>
	</testsuite>
</testsuites>