<?xml version="1.0" encoding="UTF-8"?>
<testsuites tests="29" failures="1" errors="0" time="37.419436">
	<testsuite tests="29" failures="1" time="0.000000" name="strconv" timestamp="2024-04-26T04:14:10Z">
		<properties>
			<property name="go.version" value="go1.22.2 linux/arm64"></property>
		</properties>
		<testcase classname="strconv" name="TestFormatComplexInvalidBitSize" time="-0.000000">
			<failure message="Failed" type="">=== RUN   TestFormatComplexInvalidBitSize&#xA;panic: invalid bitSize&#xA;Error: failed to run main module `/tmp/tinygo307269402/main`&#xA;&#xA;Caused by:&#xA;    0: failed to invoke command default&#xA;    1: error while executing at wasm backtrace:&#xA;           0: 0x5010 - runtime.abort&#xA;                           at /workspaces/dc-wasm-go/tinygo/src/runtime/runtime_tinygowasm.go:70:6              - runtime._panic&#xA;                           at /workspaces/dc-wasm-go/tinygo/src/runtime/panic.go:65:7&#xA;           1: 0x49724 - strconv.FormatComplex&#xA;                           at /usr/local/go/src/strconv/ctoa.go:16:8&#xA;           2: 0x927bd - strconv_test.TestFormatComplexInvalidBitSize&#xA;                           at /usr/local/go/src/strconv/ctoa_test.go:52:19&#xA;           3: 0x30424 - testing.tRunner&#xA;                           at /workspaces/dc-wasm-go/tinygo/src/testing/testing.go:427:4&#xA;           4: 0x63d1a - (*testing.T).Run&#xA;           5: 0x3012c - testing.runTests$1&#xA;                           at /workspaces/dc-wasm-go/tinygo/src/testing/testing.go:561:10&#xA;           6: 0x30424 - testing.tRunner&#xA;                           at /workspaces/dc-wasm-go/tinygo/src/testing/testing.go:427:4&#xA;           7: 0x1c8a1 - testing.runTests&#xA;                           at /workspaces/dc-wasm-go/tinygo/src/testing/testing.go:559:10              - (*testing.M).Run&#xA;                           at /workspaces/dc-wasm-go/tinygo/src/testing/testing.go:533:29              - main.main&#xA;                           at /home/vscode/.cache/go-build/8c/8c2a46d03666ec6e1d366592d98f60839dcad46c12d8776fe157acce72d12691-d:279:15              - runtime.run$1&#xA;                           at /workspaces/dc-wasm-go/tinygo/src/runtime/scheduler_any.go:25:11&#xA;           8: 0x1865a - &lt;goroutine wrapper&gt;&#xA;                           at /workspaces/dc-wasm-go/tinygo/src/runtime/scheduler_any.go:23:2&#xA;           9:  0x8ee - tinygo_launch&#xA;                           at /workspaces/dc-wasm-go/tinygo/src/internal/task/task_asyncify_wasm.S:59&#xA;          10: 0x1852f - (*internal/task.Task).Resume&#xA;                           at /workspaces/dc-wasm-go/tinygo/src/internal/task/task_asyncify.go:109:17              - runtime.scheduler&#xA;                           at /workspaces/dc-wasm-go/tinygo/src/runtime/scheduler.go:236:11              - runtime.run&#xA;                           at /workspaces/dc-wasm-go/tinygo/src/runtime/scheduler_any.go:28:11              - _start&#xA;                           at /workspaces/dc-wasm-go/tinygo/src/runtime/runtime_wasip1.go:21:5&#xA;    2: wasm trap: wasm `unreachable` instruction executed&#xA;</failure>
		</testcase>
		<testcase classname="strconv" name="TestParseBool" time="0.000000"></testcase>
		<testcase classname="strconv" name="TestFormatBool" time="0.000000"></testcase>
		<testcase classname="strconv" name="TestAppendBool" time="0.000000"></testcase>
		<testcase classname="strconv" name="TestParseComplex" time="0.000000"></testcase>
		<testcase classname="strconv" name="TestParseComplexIncorrectBitSize" time="0.000000"></testcase>
		<testcase classname="strconv" name="TestParseFloatPrefix" time="0.000000"></testcase>
		<testcase classname="strconv" name="TestAtof" time="0.000000"></testcase>
		<testcase classname="strconv" name="TestAtofSlow" time="0.000000"></testcase>
		<testcase classname="strconv" name="TestAtofRandom" time="0.000000"></testcase>
		<testcase classname="strconv" name="TestRoundTrip" time="0.000000"></testcase>
		<testcase classname="strconv" name="TestRoundTrip32" time="0.000000"></testcase>
		<testcase classname="strconv" name="TestParseFloatIncorrectBitSize" time="0.000000"></testcase>
		<testcase classname="strconv" name="TestParseUint32" time="0.000000"></testcase>
		<testcase classname="strconv" name="TestParseUint64" time="0.000000"></testcase>
		<testcase classname="strconv" name="TestParseUint64Base" time="0.000000"></testcase>
		<testcase classname="strconv" name="TestParseInt32" time="0.000000"></testcase>
		<testcase classname="strconv" name="TestParseInt64" time="0.000000"></testcase>
		<testcase classname="strconv" name="TestParseInt64Base" time="0.000000"></testcase>
		<testcase classname="strconv" name="TestParseUint" time="0.000000"></testcase>
		<testcase classname="strconv" name="TestParseInt" time="0.000000"></testcase>
		<testcase classname="strconv" name="TestAtoi" time="0.000000"></testcase>
		<testcase classname="strconv" name="TestParseIntBitSize" time="0.000000"></testcase>
		<testcase classname="strconv" name="TestParseUintBitSize" time="0.000000"></testcase>
		<testcase classname="strconv" name="TestParseIntBase" time="0.000000"></testcase>
		<testcase classname="strconv" name="TestParseUintBase" time="0.000000"></testcase>
		<testcase classname="strconv" name="TestNumError" time="0.000000"></testcase>
		<testcase classname="strconv" name="TestNumErrorUnwrap" time="0.000000"></testcase>
		<testcase classname="strconv" name="TestFormatComplex" time="0.000000"></testcase>
	</testsuite>
</testsuites>