<?xml version="1.0" encoding="UTF-8"?>
<testsuites tests="16" failures="16" errors="0" time="61.670211">
	<testsuite tests="16" failures="16" time="0.000000" name="archive/zip" timestamp="2024-04-09T12:24:23Z">
		<properties>
			<property name="go.version" value="go1.22.0 linux/arm64"></property>
		</properties>
		<testcase classname="archive/zip" name="TestReader/readme.zip" time="-0.000000">
			<failure message="Failed" type="">=== RUN   TestReader/readme.zip&#xA;        ReadFile(testdata/readme.zip) error=open testdata/readme.zip: errno 2&#xA;    --- FAIL: TestReader/readme.zip (0.00s)&#xA;</failure>
		</testcase>
		<testcase classname="archive/zip" name="TestReader/go-no-datadesc-sig.zip.base64" time="-0.000000">
			<failure message="Failed" type="">=== RUN   TestReader/go-no-datadesc-sig.zip.base64&#xA;        obscuretestdata.DecodeToTempFile(testdata/go-no-datadesc-sig.zip.base64): open testdata/go-no-datadesc-sig.zip.base64: errno 2&#xA;    --- FAIL: TestReader/go-no-datadesc-sig.zip.base64 (0.00s)&#xA;</failure>
		</testcase>
		<testcase classname="archive/zip" name="TestReader/go-with-datadesc-sig.zip" time="-0.000000">
			<failure message="Failed" type="">=== RUN   TestReader/go-with-datadesc-sig.zip&#xA;        ReadFile(testdata/go-with-datadesc-sig.zip) error=open testdata/go-with-datadesc-sig.zip: errno 2&#xA;    --- FAIL: TestReader/go-with-datadesc-sig.zip (0.00s)&#xA;</failure>
		</testcase>
		<testcase classname="archive/zip" name="TestReader/dd.zip" time="-0.000000">
			<failure message="Failed" type="">=== RUN   TestReader/dd.zip&#xA;        ReadFile(testdata/dd.zip) error=open testdata/dd.zip: errno 2&#xA;    --- FAIL: TestReader/dd.zip (0.00s)&#xA;</failure>
		</testcase>
		<testcase classname="archive/zip" name="TestReader/Bad-CRC32-in-data-descriptor" time="-0.000000">
			<failure message="Failed" type="">=== RUN   TestReader/Bad-CRC32-in-data-descriptor&#xA;panic: Error reading go-with-datadesc-sig.zip: open testdata/go-with-datadesc-sig.zip: errno 2&#xA;Error: failed to run main module `/tmp/tinygo2313233803/main`&#xA;&#xA;Caused by:&#xA;    0: failed to invoke `run` function&#xA;    1: error while executing at wasm backtrace:&#xA;           0: 0x3ac9 - runtime.abort&#xA;                           at /workspaces/dc-wasm-go/tinygo/src/runtime/runtime_tinygowasmp2.go:59:6              - runtime._panic&#xA;                           at /workspaces/dc-wasm-go/tinygo/src/runtime/panic.go:65:7&#xA;           1: 0xbd1da - archive/zip.messWith&#xA;                           at /usr/local/go/src/archive/zip/reader_test.go:810:8&#xA;           2: 0xbcdbc - archive/zip.returnCorruptCRC32Zip&#xA;                           at /usr/local/go/src/archive/zip/reader_test.go:817:17&#xA;           3: 0xcac21 - archive/zip.readTestZip&#xA;                           at /usr/local/go/src/archive/zip/reader_test.go:588:25              - archive/zip.TestReader$1&#xA;                           at /usr/local/go/src/archive/zip/reader_test.go:578:15&#xA;           4: 0x429d2 - testing.tRunner&#xA;                           at /workspaces/dc-wasm-go/tinygo/src/testing/testing.go:427:4&#xA;           5: 0x949d8 - (*testing.T).Run&#xA;           6: 0xca787 - archive/zip.TestReader&#xA;                           at /usr/local/go/src/archive/zip/reader_test.go:577:8&#xA;           7: 0x429d2 - testing.tRunner&#xA;                           at /workspaces/dc-wasm-go/tinygo/src/testing/testing.go:427:4&#xA;           8: 0x949d8 - (*testing.T).Run&#xA;           9: 0x426d6 - testing.runTests$1&#xA;                           at /workspaces/dc-wasm-go/tinygo/src/testing/testing.go:561:10&#xA;          10: 0x429d2 - testing.tRunner&#xA;                           at /workspaces/dc-wasm-go/tinygo/src/testing/testing.go:427:4&#xA;          11: 0x38bc1 - &lt;unknown&gt;!runtime.run$1&#xA;          12: 0x2ed12 - &lt;goroutine wrapper&gt;&#xA;                           at /workspaces/dc-wasm-go/tinygo/src/runtime/scheduler_any.go:23:2&#xA;          13: 0x1d65 - tinygo_rewind&#xA;                           at /workspaces/dc-wasm-go/tinygo/src/internal/task/task_asyncify_wasm.S:92&#xA;          14: 0x2ebc6 - (*internal/task.Task).Resume&#xA;                           at /workspaces/dc-wasm-go/tinygo/src/internal/task/task_asyncify.go:112:17              - runtime.scheduler&#xA;                           at /workspaces/dc-wasm-go/tinygo/src/runtime/scheduler.go:236:11              - runtime.run&#xA;                           at /workspaces/dc-wasm-go/tinygo/src/runtime/scheduler_any.go:28:11              - _start&#xA;                           at /workspaces/dc-wasm-go/tinygo/src/runtime/runtime_wasm_wasip2.go:30:5&#xA;          15: 0x2e9d9 - wasi:cli/run@0.2.0#run&#xA;                           at /workspaces/dc-wasm-go/tinygo/src/runtime/runtime_wasm_wasip2.go:21:8&#xA;    2: wasm trap: wasm `unreachable` instruction executed&#xA;</failure>
		</testcase>
		<testcase classname="archive/zip" name="TestReader/test.zip" time="-0.000000">
			<failure message="Failed" type="">=== RUN   TestReader/test.zip&#xA;        ReadFile(testdata/test.zip) error=open testdata/test.zip: errno 2&#xA;    --- FAIL: TestReader/test.zip (0.00s)&#xA;</failure>
		</testcase>
		<testcase classname="archive/zip" name="TestReader/test-prefix.zip" time="-0.000000">
			<failure message="Failed" type="">=== RUN   TestReader/test-prefix.zip&#xA;        ReadFile(testdata/test-prefix.zip) error=open testdata/test-prefix.zip: errno 2&#xA;    --- FAIL: TestReader/test-prefix.zip (0.00s)&#xA;</failure>
		</testcase>
		<testcase classname="archive/zip" name="TestReader/test-badbase.zip" time="-0.000000">
			<failure message="Failed" type="">=== RUN   TestReader/test-badbase.zip&#xA;        ReadFile(testdata/test-badbase.zip) error=open testdata/test-badbase.zip: errno 2&#xA;    --- FAIL: TestReader/test-badbase.zip (0.00s)&#xA;</failure>
		</testcase>
		<testcase classname="archive/zip" name="TestReader/r.zip" time="-0.000000">
			<failure message="Failed" type="">=== RUN   TestReader/r.zip&#xA;    --- PASS: TestReader/r.zip (0.00s)&#xA;</failure>
		</testcase>
		<testcase classname="archive/zip" name="TestReader/symlink.zip" time="-0.000000">
			<failure message="Failed" type="">=== RUN   TestReader/symlink.zip&#xA;        ReadFile(testdata/symlink.zip) error=open testdata/symlink.zip: errno 2&#xA;    --- FAIL: TestReader/symlink.zip (0.00s)&#xA;</failure>
		</testcase>
		<testcase classname="archive/zip" name="TestReader/readme.notzip" time="-0.000000">
			<failure message="Failed" type="">=== RUN   TestReader/readme.notzip&#xA;        ReadFile(testdata/readme.notzip) error=open testdata/readme.notzip: errno 2&#xA;    --- FAIL: TestReader/readme.notzip (0.00s)&#xA;</failure>
		</testcase>
		<testcase classname="archive/zip" name="TestReader/winxp.zip" time="-0.000000">
			<failure message="Failed" type="">=== RUN   TestReader/winxp.zip&#xA;        ReadFile(testdata/winxp.zip) error=open testdata/winxp.zip: errno 2&#xA;    --- FAIL: TestReader/winxp.zip (0.00s)&#xA;</failure>
		</testcase>
		<testcase classname="archive/zip" name="TestReader/unix.zip" time="-0.000000">
			<failure message="Failed" type="">=== RUN   TestReader/unix.zip&#xA;        ReadFile(testdata/unix.zip) error=open testdata/unix.zip: errno 2&#xA;    --- FAIL: TestReader/unix.zip (0.00s)&#xA;</failure>
		</testcase>
		<testcase classname="archive/zip" name="TestReader" time="-0.000000">
			<failure message="Failed" type="">=== RUN   TestReader&#xA;=== RUN   TestReader/test.zip&#xA;        ReadFile(testdata/test.zip) error=open testdata/test.zip: errno 2&#xA;    --- FAIL: TestReader/test.zip (0.00s)&#xA;=== RUN   TestReader/test-trailing-junk.zip&#xA;        ReadFile(testdata/test-trailing-junk.zip) error=open testdata/test-trailing-junk.zip: errno 2&#xA;    --- FAIL: TestReader/test-trailing-junk.zip (0.00s)&#xA;=== RUN   TestReader/test-prefix.zip&#xA;        ReadFile(testdata/test-prefix.zip) error=open testdata/test-prefix.zip: errno 2&#xA;    --- FAIL: TestReader/test-prefix.zip (0.00s)&#xA;=== RUN   TestReader/test-baddirsz.zip&#xA;        ReadFile(testdata/test-baddirsz.zip) error=open testdata/test-baddirsz.zip: errno 2&#xA;    --- FAIL: TestReader/test-baddirsz.zip (0.00s)&#xA;=== RUN   TestReader/test-badbase.zip&#xA;        ReadFile(testdata/test-badbase.zip) error=open testdata/test-badbase.zip: errno 2&#xA;    --- FAIL: TestReader/test-badbase.zip (0.00s)&#xA;=== RUN   TestReader/r.zip&#xA;    --- PASS: TestReader/r.zip (0.00s)&#xA;=== RUN   TestReader/symlink.zip&#xA;        ReadFile(testdata/symlink.zip) error=open testdata/symlink.zip: errno 2&#xA;    --- FAIL: TestReader/symlink.zip (0.00s)&#xA;=== RUN   TestReader/readme.zip&#xA;        ReadFile(testdata/readme.zip) error=open testdata/readme.zip: errno 2&#xA;    --- FAIL: TestReader/readme.zip (0.00s)&#xA;=== RUN   TestReader/readme.notzip&#xA;        ReadFile(testdata/readme.notzip) error=open testdata/readme.notzip: errno 2&#xA;    --- FAIL: TestReader/readme.notzip (0.00s)&#xA;=== RUN   TestReader/dd.zip&#xA;        ReadFile(testdata/dd.zip) error=open testdata/dd.zip: errno 2&#xA;    --- FAIL: TestReader/dd.zip (0.00s)&#xA;=== RUN   TestReader/winxp.zip&#xA;        ReadFile(testdata/winxp.zip) error=open testdata/winxp.zip: errno 2&#xA;    --- FAIL: TestReader/winxp.zip (0.00s)&#xA;=== RUN   TestReader/unix.zip&#xA;        ReadFile(testdata/unix.zip) error=open testdata/unix.zip: errno 2&#xA;    --- FAIL: TestReader/unix.zip (0.00s)&#xA;=== RUN   TestReader/go-no-datadesc-sig.zip.base64&#xA;        obscuretestdata.DecodeToTempFile(testdata/go-no-datadesc-sig.zip.base64): open testdata/go-no-datadesc-sig.zip.base64: errno 2&#xA;    --- FAIL: TestReader/go-no-datadesc-sig.zip.base64 (0.00s)&#xA;=== RUN   TestReader/go-with-datadesc-sig.zip&#xA;        ReadFile(testdata/go-with-datadesc-sig.zip) error=open testdata/go-with-datadesc-sig.zip: errno 2&#xA;    --- FAIL: TestReader/go-with-datadesc-sig.zip (0.00s)&#xA;=== RUN   TestReader/Bad-CRC32-in-data-descriptor&#xA;panic: Error reading go-with-datadesc-sig.zip: open testdata/go-with-datadesc-sig.zip: errno 2&#xA;Error: failed to run main module `/tmp/tinygo2313233803/main`&#xA;&#xA;Caused by:&#xA;    0: failed to invoke `run` function&#xA;    1: error while executing at wasm backtrace:&#xA;           0: 0x3ac9 - runtime.abort&#xA;                           at /workspaces/dc-wasm-go/tinygo/src/runtime/runtime_tinygowasmp2.go:59:6              - runtime._panic&#xA;                           at /workspaces/dc-wasm-go/tinygo/src/runtime/panic.go:65:7&#xA;           1: 0xbd1da - archive/zip.messWith&#xA;                           at /usr/local/go/src/archive/zip/reader_test.go:810:8&#xA;           2: 0xbcdbc - archive/zip.returnCorruptCRC32Zip&#xA;                           at /usr/local/go/src/archive/zip/reader_test.go:817:17&#xA;           3: 0xcac21 - archive/zip.readTestZip&#xA;                           at /usr/local/go/src/archive/zip/reader_test.go:588:25              - archive/zip.TestReader$1&#xA;                           at /usr/local/go/src/archive/zip/reader_test.go:578:15&#xA;           4: 0x429d2 - testing.tRunner&#xA;                           at /workspaces/dc-wasm-go/tinygo/src/testing/testing.go:427:4&#xA;           5: 0x949d8 - (*testing.T).Run&#xA;           6: 0xca787 - archive/zip.TestReader&#xA;                           at /usr/local/go/src/archive/zip/reader_test.go:577:8&#xA;           7: 0x429d2 - testing.tRunner&#xA;                           at /workspaces/dc-wasm-go/tinygo/src/testing/testing.go:427:4&#xA;           8: 0x949d8 - (*testing.T).Run&#xA;           9: 0x426d6 - testing.runTests$1&#xA;                           at /workspaces/dc-wasm-go/tinygo/src/testing/testing.go:561:10&#xA;          10: 0x429d2 - testing.tRunner&#xA;                           at /workspaces/dc-wasm-go/tinygo/src/testing/testing.go:427:4&#xA;          11: 0x38bc1 - &lt;unknown&gt;!runtime.run$1&#xA;          12: 0x2ed12 - &lt;goroutine wrapper&gt;&#xA;                           at /workspaces/dc-wasm-go/tinygo/src/runtime/scheduler_any.go:23:2&#xA;          13: 0x1d65 - tinygo_rewind&#xA;                           at /workspaces/dc-wasm-go/tinygo/src/internal/task/task_asyncify_wasm.S:92&#xA;          14: 0x2ebc6 - (*internal/task.Task).Resume&#xA;                           at /workspaces/dc-wasm-go/tinygo/src/internal/task/task_asyncify.go:112:17              - runtime.scheduler&#xA;                           at /workspaces/dc-wasm-go/tinygo/src/runtime/scheduler.go:236:11              - runtime.run&#xA;                           at /workspaces/dc-wasm-go/tinygo/src/runtime/scheduler_any.go:28:11              - _start&#xA;                           at /workspaces/dc-wasm-go/tinygo/src/runtime/runtime_wasm_wasip2.go:30:5&#xA;          15: 0x2e9d9 - wasi:cli/run@0.2.0#run&#xA;                           at /workspaces/dc-wasm-go/tinygo/src/runtime/runtime_wasm_wasip2.go:21:8&#xA;    2: wasm trap: wasm `unreachable` instruction executed&#xA;</failure>
		</testcase>
		<testcase classname="archive/zip" name="TestReader/test-trailing-junk.zip" time="-0.000000">
			<failure message="Failed" type="">=== RUN   TestReader/test-trailing-junk.zip&#xA;        ReadFile(testdata/test-trailing-junk.zip) error=open testdata/test-trailing-junk.zip: errno 2&#xA;    --- FAIL: TestReader/test-trailing-junk.zip (0.00s)&#xA;</failure>
		</testcase>
		<testcase classname="archive/zip" name="TestReader/test-baddirsz.zip" time="-0.000000">
			<failure message="Failed" type="">=== RUN   TestReader/test-baddirsz.zip&#xA;        ReadFile(testdata/test-baddirsz.zip) error=open testdata/test-baddirsz.zip: errno 2&#xA;    --- FAIL: TestReader/test-baddirsz.zip (0.00s)&#xA;</failure>
		</testcase>
	</testsuite>
</testsuites>