<?xml version="1.0" encoding="UTF-8"?>
<testsuites tests="31" failures="1" errors="0" time="105.464108">
	<testsuite tests="31" failures="1" time="0.000000" name="crypto/ecdsa" timestamp="2024-04-09T12:25:20Z">
		<properties>
			<property name="go.version" value="go1.22.0 linux/arm64"></property>
		</properties>
		<testcase classname="crypto/ecdsa" name="TestVectors" time="-0.000000">
			<failure message="Failed" type="">=== RUN   TestVectors&#xA;    open testdata/SigVer.rsp.bz2: errno 2&#xA;    FailNow is incomplete, requires runtime.Goexit()&#xA;panic: runtime error: nil pointer dereference&#xA;Error: failed to run main module `/tmp/tinygo3894232741/main`&#xA;&#xA;Caused by:&#xA;    0: failed to invoke `run` function&#xA;    1: error while executing at wasm backtrace:&#xA;           0: 0x226e1 - runtime.abort&#xA;                           at /workspaces/dc-wasm-go/tinygo/src/runtime/runtime_tinygowasmp2.go:59:6              - runtime.runtimePanicAt&#xA;                           at /workspaces/dc-wasm-go/tinygo/src/runtime/panic.go:87:7&#xA;           1: 0x6e31 - runtime.nilPanic&#xA;                           at /workspaces/dc-wasm-go/tinygo/src/runtime/panic.go:150:16&#xA;           2: 0x15158 - (os.unixFileHandle).Read$invoke              - (Go interface method)&#xA;                           at &lt;Go interface method&gt;              - (*os.File).Read&#xA;                           at /workspaces/dc-wasm-go/tinygo/src/os/file.go:114:25&#xA;           3: 0x12554 - (Go interface method)&#xA;                           at /usr/local/go/src/strings/reader.go:45:4&#xA;           4: 0x3749a - (*bufio.Reader).fill&#xA;                           at /usr/local/go/src/bufio/bufio.go:110:22&#xA;           5: 0x17ef4 - (*bufio.Reader).ReadByte&#xA;                           at /usr/local/go/src/bufio/bufio.go:269:9              - (Go interface method)&#xA;                           at &lt;Go interface method&gt;&#xA;           6: 0x16bd6 - (*compress/bzip2.bitReader).ReadBits64&#xA;                           at /usr/local/go/src/compress/bzip2/bit_reader.go:38:26&#xA;           7: 0x16433 - (*compress/bzip2.bitReader).ReadBits&#xA;                           at /usr/local/go/src/compress/bzip2/bit_reader.go:71:22              - (*compress/bzip2.reader).setup&#xA;                           at /usr/local/go/src/compress/bzip2/bzip2.go:61:23&#xA;           8: 0x129ad - (*compress/bzip2.reader).Read&#xA;                           at /usr/local/go/src/compress/bzip2/bzip2.go:91:18              - (Go interface method)&#xA;                           at &lt;Go interface method&gt;&#xA;           9: 0x3749a - (*bufio.Reader).fill&#xA;                           at /usr/local/go/src/bufio/bufio.go:110:22&#xA;          10: 0xf2d42 - &lt;unknown&gt;!crypto/ecdsa.TestVectors&#xA;          11: 0x3325c - testing.tRunner&#xA;                           at /workspaces/dc-wasm-go/tinygo/src/testing/testing.go:427:4&#xA;          12: 0xc6c2f - (*testing.T).Run&#xA;          13: 0x32f64 - testing.runTests$1&#xA;                           at /workspaces/dc-wasm-go/tinygo/src/testing/testing.go:561:10&#xA;          14: 0x3325c - testing.tRunner&#xA;                           at /workspaces/dc-wasm-go/tinygo/src/testing/testing.go:427:4&#xA;          15: 0x2d7c6 - &lt;unknown&gt;!runtime.run$1&#xA;          16: 0x2203e - &lt;goroutine wrapper&gt;&#xA;                           at /workspaces/dc-wasm-go/tinygo/src/runtime/scheduler_any.go:23:2&#xA;          17: 0x1cf9 - tinygo_launch&#xA;                           at /workspaces/dc-wasm-go/tinygo/src/internal/task/task_asyncify_wasm.S:59&#xA;          18: 0x21ef0 - (*internal/task.Task).Resume&#xA;                           at /workspaces/dc-wasm-go/tinygo/src/internal/task/task_asyncify.go:109:17              - runtime.scheduler&#xA;                           at /workspaces/dc-wasm-go/tinygo/src/runtime/scheduler.go:236:11              - runtime.run&#xA;                           at /workspaces/dc-wasm-go/tinygo/src/runtime/scheduler_any.go:28:11              - _start&#xA;                           at /workspaces/dc-wasm-go/tinygo/src/runtime/runtime_wasm_wasip2.go:30:5&#xA;          19: 0x21c67 - wasi:cli/run@0.2.0#run&#xA;                           at /workspaces/dc-wasm-go/tinygo/src/runtime/runtime_wasm_wasip2.go:21:8&#xA;    2: wasm trap: wasm `unreachable` instruction executed&#xA;</failure>
		</testcase>
		<testcase classname="crypto/ecdsa" name="TestKeyGeneration" time="0.000000"></testcase>
		<testcase classname="crypto/ecdsa" name="TestSignAndVerify" time="0.000000"></testcase>
		<testcase classname="crypto/ecdsa" name="TestSignAndVerifyASN1" time="0.000000"></testcase>
		<testcase classname="crypto/ecdsa" name="TestNonceSafety" time="0.000000"></testcase>
		<testcase classname="crypto/ecdsa" name="TestINDCCA" time="0.000000"></testcase>
	</testsuite>
</testsuites>