<?xml version="1.0" encoding="UTF-8"?>
<testsuites tests="2" failures="1" errors="0" time="23.145584">
	<testsuite tests="2" failures="1" time="0.000000" name="crypto/subtle" timestamp="2024-04-09T12:25:58Z">
		<properties>
			<property name="go.version" value="go1.22.0 linux/arm64"></property>
		</properties>
		<testcase classname="crypto/subtle" name="TestConstantTimeByteEq" time="-0.000000">
			<failure message="Failed" type="">=== RUN   TestConstantTimeByteEq&#xA;panic: unimplemented: (reflect.Type).NumIn()&#xA;Error: failed to run main module `/tmp/tinygo618339697/main`&#xA;&#xA;Caused by:&#xA;    0: failed to invoke `run` function&#xA;    1: error while executing at wasm backtrace:&#xA;           0: 0x38af - runtime.abort&#xA;                           at /workspaces/dc-wasm-go/tinygo/src/runtime/runtime_tinygowasmp2.go:59:6              - runtime._panic&#xA;                           at /workspaces/dc-wasm-go/tinygo/src/runtime/panic.go:65:7&#xA;           1: 0x3ba4 - (*reflect.rawType).NumIn&#xA;                           at /workspaces/dc-wasm-go/tinygo/src/reflect/type.go:1008:7&#xA;           2: 0x6b9a3 - (Go interface method)&#xA;           3: 0x6bba0 - testing/quick.CheckEqual&#xA;                           at /usr/local/go/src/testing/quick/quick.go:320:48&#xA;           4: 0x6c482 - crypto/subtle.TestConstantTimeByteEq&#xA;                           at /usr/local/go/src/crypto/subtle/constant_time_test.go:59:25&#xA;           5: 0x1f70e - testing.tRunner&#xA;                           at /workspaces/dc-wasm-go/tinygo/src/testing/testing.go:427:4&#xA;           6: 0x1f404 - (*testing.T).Run&#xA;                           at /workspaces/dc-wasm-go/tinygo/src/testing/testing.go:462:9              - testing.runTests$1&#xA;                           at /workspaces/dc-wasm-go/tinygo/src/testing/testing.go:561:10&#xA;           7: 0x1f70e - testing.tRunner&#xA;                           at /workspaces/dc-wasm-go/tinygo/src/testing/testing.go:427:4&#xA;           8: 0x1924a - &lt;unknown&gt;!runtime.run$1&#xA;           9: 0x980c - &lt;goroutine wrapper&gt;&#xA;                           at /workspaces/dc-wasm-go/tinygo/src/runtime/scheduler_any.go:23:2&#xA;          10: 0x1967 - tinygo_launch&#xA;                           at /workspaces/dc-wasm-go/tinygo/src/internal/task/task_asyncify_wasm.S:59&#xA;          11: 0x96c0 - (*internal/task.Task).Resume&#xA;                           at /workspaces/dc-wasm-go/tinygo/src/internal/task/task_asyncify.go:109:17              - runtime.scheduler&#xA;                           at /workspaces/dc-wasm-go/tinygo/src/runtime/scheduler.go:236:11              - runtime.run&#xA;                           at /workspaces/dc-wasm-go/tinygo/src/runtime/scheduler_any.go:28:11              - _start&#xA;                           at /workspaces/dc-wasm-go/tinygo/src/runtime/runtime_wasm_wasip2.go:30:5&#xA;          12: 0x943a - wasi:cli/run@0.2.0#run&#xA;                           at /workspaces/dc-wasm-go/tinygo/src/runtime/runtime_wasm_wasip2.go:21:8&#xA;    2: wasm trap: wasm `unreachable` instruction executed&#xA;</failure>
		</testcase>
		<testcase classname="crypto/subtle" name="TestConstantTimeCompare" time="0.000000"></testcase>
	</testsuite>
</testsuites>