<?xml version="1.0" encoding="UTF-8"?>
<testsuites tests="2" failures="2" errors="0" time="47.646144">
	<testsuite tests="2" failures="2" time="0.000000" name="debug/dwarf" timestamp="2024-04-09T12:26:02Z">
		<properties>
			<property name="go.version" value="go1.22.0 linux/arm64"></property>
		</properties>
		<testcase classname="debug/dwarf" name="TestDwarf5Ranges" time="0.000000">
			<failure message="Failed" type="">=== RUN   TestDwarf5Ranges&#xA;    could not read test data: open testdata/debug_rnglists: errno 2&#xA;    FailNow is incomplete, requires runtime.Goexit()&#xA;    could not read rnglist: invalid rnglist offset 12 (max 0)&#xA;    FailNow is incomplete, requires runtime.Goexit()&#xA;    [][2]uint64(nil)&#xA;--- FAIL: TestDwarf5Ranges (0.00s)&#xA;</failure>
		</testcase>
		<testcase classname="debug/dwarf" name="TestSplit" time="-0.000000">
			<failure message="Failed" type="">=== RUN   TestSplit&#xA;    open testdata/split.elf: errno 2&#xA;    FailNow is incomplete, requires runtime.Goexit()&#xA;panic: runtime error: nil pointer dereference&#xA;Error: failed to run main module `/tmp/tinygo1096188343/main`&#xA;&#xA;Caused by:&#xA;    0: failed to invoke `run` function&#xA;    1: error while executing at wasm backtrace:&#xA;           0: 0x29888 - runtime.abort&#xA;                           at /workspaces/dc-wasm-go/tinygo/src/runtime/runtime_tinygowasmp2.go:59:6              - runtime.runtimePanicAt&#xA;                           at /workspaces/dc-wasm-go/tinygo/src/runtime/panic.go:87:7&#xA;           1: 0x6504 - runtime.nilPanic&#xA;                           at /workspaces/dc-wasm-go/tinygo/src/runtime/panic.go:150:16&#xA;           2: 0xbd3c2 - debug/dwarf_test.elfData&#xA;           3: 0xba40d - debug/dwarf_test.TestSplit&#xA;                           at /usr/local/go/src/debug/dwarf/entry_test.go:15:6&#xA;           4: 0x4277a - testing.tRunner&#xA;                           at /workspaces/dc-wasm-go/tinygo/src/testing/testing.go:427:4&#xA;           5: 0x7345b - (*testing.T).Run&#xA;           6: 0x42482 - testing.runTests$1&#xA;                           at /workspaces/dc-wasm-go/tinygo/src/testing/testing.go:561:10&#xA;           7: 0x4277a - testing.tRunner&#xA;                           at /workspaces/dc-wasm-go/tinygo/src/testing/testing.go:427:4&#xA;           8: 0x38ab4 - &lt;unknown&gt;!runtime.run$1&#xA;           9: 0x291e6 - &lt;goroutine wrapper&gt;&#xA;                           at /workspaces/dc-wasm-go/tinygo/src/runtime/scheduler_any.go:23:2&#xA;          10: 0x1b64 - tinygo_launch&#xA;                           at /workspaces/dc-wasm-go/tinygo/src/internal/task/task_asyncify_wasm.S:59&#xA;          11: 0x29099 - (*internal/task.Task).Resume&#xA;                           at /workspaces/dc-wasm-go/tinygo/src/internal/task/task_asyncify.go:109:17              - runtime.scheduler&#xA;                           at /workspaces/dc-wasm-go/tinygo/src/runtime/scheduler.go:236:11              - runtime.run&#xA;                           at /workspaces/dc-wasm-go/tinygo/src/runtime/scheduler_any.go:28:11              - _start&#xA;                           at /workspaces/dc-wasm-go/tinygo/src/runtime/runtime_wasm_wasip2.go:30:5&#xA;          12: 0x28e11 - wasi:cli/run@0.2.0#run&#xA;                           at /workspaces/dc-wasm-go/tinygo/src/runtime/runtime_wasm_wasip2.go:21:8&#xA;    2: wasm trap: wasm `unreachable` instruction executed&#xA;</failure>
		</testcase>
	</testsuite>
</testsuites>