<?xml version="1.0" encoding="UTF-8"?>
<testsuites tests="3" failures="2" errors="0" time="13.257888">
	<testsuite tests="3" failures="2" time="0.000000" name="debug/macho" timestamp="2024-04-09T12:26:04Z">
		<properties>
			<property name="go.version" value="go1.22.0 linux/arm64"></property>
		</properties>
		<testcase classname="debug/macho" name="TestOpen" time="0.000000">
			<failure message="Failed" type="">=== RUN   TestOpen&#xA;    open testdata/gcc-386-darwin-exec.base64: errno 2&#xA;    open testdata/gcc-amd64-darwin-exec.base64: errno 2&#xA;    open testdata/gcc-amd64-darwin-exec-debug.base64: errno 2&#xA;    open testdata/clang-386-darwin-exec-with-rpath.base64: errno 2&#xA;    open testdata/clang-amd64-darwin-exec-with-rpath.base64: errno 2&#xA;    open testdata/clang-386-darwin.obj.base64: errno 2&#xA;    open testdata/clang-amd64-darwin.obj.base64: errno 2&#xA;--- FAIL: TestOpen (0.00s)&#xA;</failure>
		</testcase>
		<testcase classname="debug/macho" name="TestOpenFat" time="-0.000000">
			<failure message="Failed" type="">=== RUN   TestOpenFat&#xA;    open testdata/fat-gcc-386-amd64-darwin-exec.base64: errno 2&#xA;    FailNow is incomplete, requires runtime.Goexit()&#xA;panic: runtime error: nil pointer dereference&#xA;Error: failed to run main module `/tmp/tinygo2516377451/main`&#xA;&#xA;Caused by:&#xA;    0: failed to invoke `run` function&#xA;    1: error while executing at wasm backtrace:&#xA;           0: 0x1f080 - runtime.abort&#xA;                           at /workspaces/dc-wasm-go/tinygo/src/runtime/runtime_tinygowasmp2.go:59:6              - runtime.runtimePanicAt&#xA;                           at /workspaces/dc-wasm-go/tinygo/src/runtime/panic.go:87:7&#xA;           1: 0x637b - runtime.nilPanic&#xA;                           at /workspaces/dc-wasm-go/tinygo/src/runtime/panic.go:150:16&#xA;           2: 0x80814 - debug/macho.TestOpenFat&#xA;           3: 0x31f95 - testing.tRunner&#xA;                           at /workspaces/dc-wasm-go/tinygo/src/testing/testing.go:427:4&#xA;           4: 0x31c8b - (*testing.T).Run&#xA;                           at /workspaces/dc-wasm-go/tinygo/src/testing/testing.go:462:9              - testing.runTests$1&#xA;                           at /workspaces/dc-wasm-go/tinygo/src/testing/testing.go:561:10&#xA;           5: 0x31f95 - testing.tRunner&#xA;                           at /workspaces/dc-wasm-go/tinygo/src/testing/testing.go:427:4&#xA;           6: 0x2bfc5 - &lt;unknown&gt;!runtime.run$1&#xA;           7: 0x1e9de - &lt;goroutine wrapper&gt;&#xA;                           at /workspaces/dc-wasm-go/tinygo/src/runtime/scheduler_any.go:23:2&#xA;           8: 0x19db - tinygo_launch&#xA;                           at /workspaces/dc-wasm-go/tinygo/src/internal/task/task_asyncify_wasm.S:59&#xA;           9: 0x1e891 - (*internal/task.Task).Resume&#xA;                           at /workspaces/dc-wasm-go/tinygo/src/internal/task/task_asyncify.go:109:17              - runtime.scheduler&#xA;                           at /workspaces/dc-wasm-go/tinygo/src/runtime/scheduler.go:236:11              - runtime.run&#xA;                           at /workspaces/dc-wasm-go/tinygo/src/runtime/scheduler_any.go:28:11              - _start&#xA;                           at /workspaces/dc-wasm-go/tinygo/src/runtime/runtime_wasm_wasip2.go:30:5&#xA;          10: 0x1e608 - wasi:cli/run@0.2.0#run&#xA;                           at /workspaces/dc-wasm-go/tinygo/src/runtime/runtime_wasm_wasip2.go:21:8&#xA;    2: wasm trap: wasm `unreachable` instruction executed&#xA;</failure>
		</testcase>
		<testcase classname="debug/macho" name="TestOpenFailure" time="0.000000"></testcase>
	</testsuite>
</testsuites>