<?xml version="1.0" encoding="UTF-8"?>
<testsuites tests="16" failures="1" errors="0" time="36.411103">
	<testsuite tests="16" failures="1" time="0.000000" name="encoding/binary" timestamp="2024-04-09T12:26:36Z">
		<properties>
			<property name="go.version" value="go1.22.0 linux/arm64"></property>
		</properties>
		<testcase classname="encoding/binary" name="TestUnexportedRead" time="-0.000000">
			<failure message="Failed" type="">=== RUN   TestUnexportedRead&#xA;panic: reflect: value is not settable&#xA;Error: failed to run main module `/tmp/tinygo2890979192/main`&#xA;&#xA;Caused by:&#xA;    0: failed to invoke `run` function&#xA;    1: error while executing at wasm backtrace:&#xA;           0: 0x3f21 - runtime.abort&#xA;                           at /workspaces/dc-wasm-go/tinygo/src/runtime/runtime_tinygowasmp2.go:59:6              - runtime._panic&#xA;                           at /workspaces/dc-wasm-go/tinygo/src/runtime/panic.go:65:7&#xA;           1: 0xbce3 - (reflect.Value).checkRO&#xA;                           at /workspaces/dc-wasm-go/tinygo/src/reflect/value.go:56:8&#xA;           2: 0xc212 - (reflect.Value).SetInt&#xA;                           at /workspaces/dc-wasm-go/tinygo/src/reflect/value.go:1132:11&#xA;           3: 0x74087 - (*encoding/binary.decoder).int32&#xA;                           at /usr/local/go/src/encoding/binary/binary.go:656:11              - (*encoding/binary.decoder).value&#xA;                           at /usr/local/go/src/encoding/binary/binary.go:656:25&#xA;           4: 0x73ce8 - (*encoding/binary.decoder).value&#xA;                           at /usr/local/go/src/encoding/binary/binary.go:636:12&#xA;           5: 0x72dd5 - encoding/binary.Read&#xA;           6: 0x7d027 - encoding/binary.TestUnexportedRead&#xA;                           at /usr/local/go/src/encoding/binary/binary_test.go:395:6&#xA;           7: 0x2b284 - testing.tRunner&#xA;                           at /workspaces/dc-wasm-go/tinygo/src/testing/testing.go:427:4&#xA;           8: 0x57af1 - (*testing.T).Run&#xA;           9: 0x2af8c - testing.runTests$1&#xA;                           at /workspaces/dc-wasm-go/tinygo/src/testing/testing.go:561:10&#xA;          10: 0x2b284 - testing.tRunner&#xA;                           at /workspaces/dc-wasm-go/tinygo/src/testing/testing.go:427:4&#xA;          11: 0x256d4 - &lt;unknown&gt;!runtime.run$1&#xA;          12: 0x182da - &lt;goroutine wrapper&gt;&#xA;                           at /workspaces/dc-wasm-go/tinygo/src/runtime/scheduler_any.go:23:2&#xA;          13: 0x1a77 - tinygo_launch&#xA;                           at /workspaces/dc-wasm-go/tinygo/src/internal/task/task_asyncify_wasm.S:59&#xA;          14: 0x1818d - (*internal/task.Task).Resume&#xA;                           at /workspaces/dc-wasm-go/tinygo/src/internal/task/task_asyncify.go:109:17              - runtime.scheduler&#xA;                           at /workspaces/dc-wasm-go/tinygo/src/runtime/scheduler.go:236:11              - runtime.run&#xA;                           at /workspaces/dc-wasm-go/tinygo/src/runtime/scheduler_any.go:28:11              - _start&#xA;                           at /workspaces/dc-wasm-go/tinygo/src/runtime/runtime_wasm_wasip2.go:30:5&#xA;          15: 0x17f05 - wasi:cli/run@0.2.0#run&#xA;                           at /workspaces/dc-wasm-go/tinygo/src/runtime/runtime_wasm_wasip2.go:21:8&#xA;    2: wasm trap: wasm `unreachable` instruction executed&#xA;</failure>
		</testcase>
		<testcase classname="encoding/binary" name="TestLittleEndianRead" time="0.000000"></testcase>
		<testcase classname="encoding/binary" name="TestLittleEndianWrite" time="0.000000"></testcase>
		<testcase classname="encoding/binary" name="TestLittleEndianPtrWrite" time="0.000000"></testcase>
		<testcase classname="encoding/binary" name="TestBigEndianRead" time="0.000000"></testcase>
		<testcase classname="encoding/binary" name="TestBigEndianWrite" time="0.000000"></testcase>
		<testcase classname="encoding/binary" name="TestBigEndianPtrWrite" time="0.000000"></testcase>
		<testcase classname="encoding/binary" name="TestReadSlice" time="0.000000"></testcase>
		<testcase classname="encoding/binary" name="TestWriteSlice" time="0.000000"></testcase>
		<testcase classname="encoding/binary" name="TestReadBool" time="0.000000"></testcase>
		<testcase classname="encoding/binary" name="TestReadBoolSlice" time="0.000000"></testcase>
		<testcase classname="encoding/binary" name="TestSliceRoundTrip" time="0.000000"></testcase>
		<testcase classname="encoding/binary" name="TestWriteT" time="0.000000"></testcase>
		<testcase classname="encoding/binary" name="TestBlankFields" time="0.000000"></testcase>
		<testcase classname="encoding/binary" name="TestSizeStructCache" time="0.000000"></testcase>
		<testcase classname="encoding/binary" name="TestSizeInvalid" time="0.000000"></testcase>
	</testsuite>
</testsuites>