<?xml version="1.0" encoding="UTF-8"?>
<testsuites tests="8" failures="1" errors="0" time="30.907339">
	<testsuite tests="8" failures="1" time="0.000000" name="hash/crc32" timestamp="2024-04-09T12:28:30Z">
		<properties>
			<property name="go.version" value="go1.22.0 linux/arm64"></property>
		</properties>
		<testcase classname="hash/crc32" name="TestArchIEEE" time="-0.000000">
			<failure message="Failed" type="">=== RUN   TestArchIEEE&#xA;    Arch-specific IEEE not available.&#xA;    SkipNow is incomplete, requires runtime.Goexit()&#xA;panic: not available&#xA;Error: failed to run main module `/tmp/tinygo1484636106/main`&#xA;&#xA;Caused by:&#xA;    0: failed to invoke `run` function&#xA;    1: error while executing at wasm backtrace:&#xA;           0: 0x3516 - runtime.abort&#xA;                           at /workspaces/dc-wasm-go/tinygo/src/runtime/runtime_tinygowasmp2.go:59:6              - runtime._panic&#xA;                           at /workspaces/dc-wasm-go/tinygo/src/runtime/panic.go:65:7&#xA;           1: 0x6e478 - hash/crc32.archInitIEEE&#xA;                           at /usr/local/go/src/hash/crc32/crc32_otherarch.go:10:57&#xA;           2: 0x7235f - hash/crc32.TestArchIEEE&#xA;                           at /usr/local/go/src/hash/crc32/crc32_test.go:232:14&#xA;           3: 0x26134 - testing.tRunner&#xA;                           at /workspaces/dc-wasm-go/tinygo/src/testing/testing.go:427:4&#xA;           4: 0x54485 - (*testing.T).Run&#xA;           5: 0x25e3c - testing.runTests$1&#xA;                           at /workspaces/dc-wasm-go/tinygo/src/testing/testing.go:561:10&#xA;           6: 0x26134 - testing.tRunner&#xA;                           at /workspaces/dc-wasm-go/tinygo/src/testing/testing.go:427:4&#xA;           7: 0x1fd48 - &lt;unknown&gt;!runtime.run$1&#xA;           8: 0x136fa - &lt;goroutine wrapper&gt;&#xA;                           at /workspaces/dc-wasm-go/tinygo/src/runtime/scheduler_any.go:23:2&#xA;           9: 0x1a00 - tinygo_launch&#xA;                           at /workspaces/dc-wasm-go/tinygo/src/internal/task/task_asyncify_wasm.S:59&#xA;          10: 0x135b5 - (*internal/task.Task).Resume&#xA;                           at /workspaces/dc-wasm-go/tinygo/src/internal/task/task_asyncify.go:109:17              - runtime.scheduler&#xA;                           at /workspaces/dc-wasm-go/tinygo/src/runtime/scheduler.go:236:11              - runtime.run&#xA;                           at /workspaces/dc-wasm-go/tinygo/src/runtime/scheduler_any.go:28:11              - _start&#xA;                           at /workspaces/dc-wasm-go/tinygo/src/runtime/runtime_wasm_wasip2.go:30:5&#xA;          11: 0x133c1 - wasi:cli/run@0.2.0#run&#xA;                           at /workspaces/dc-wasm-go/tinygo/src/runtime/runtime_wasm_wasip2.go:21:8&#xA;    2: wasm trap: wasm `unreachable` instruction executed&#xA;</failure>
		</testcase>
		<testcase classname="hash/crc32" name="TestCastagnoliRace" time="0.000000"></testcase>
		<testcase classname="hash/crc32" name="TestSimple" time="0.000000"></testcase>
		<testcase classname="hash/crc32" name="TestGoldenMarshal" time="0.000000"></testcase>
		<testcase classname="hash/crc32" name="TestMarshalTableMismatch" time="0.000000"></testcase>
		<testcase classname="hash/crc32" name="TestSlicing" time="0.000000"></testcase>
	</testsuite>
</testsuites>