<?xml version="1.0" encoding="UTF-8"?>
<testsuites tests="28" failures="6" errors="0" time="206.131415">
	<testsuite tests="28" failures="6" time="0.000000" name="image/png" timestamp="2024-04-09T12:28:50Z">
		<properties>
			<property name="go.version" value="go1.22.0 linux/arm64"></property>
		</properties>
		<testcase classname="image/png" name="TestReader" time="0.000000">
			<failure message="Failed" type="">=== RUN   TestReader&#xA;    basn0g01 open testdata/pngsuite/basn0g01.png: errno 2&#xA;    basn0g01-30 open testdata/pngsuite/basn0g01-30.png: errno 2&#xA;    basn0g02 open testdata/pngsuite/basn0g02.png: errno 2&#xA;    basn0g02-29 open testdata/pngsuite/basn0g02-29.png: errno 2&#xA;    basn0g04 open testdata/pngsuite/basn0g04.png: errno 2&#xA;    basn0g04-31 open testdata/pngsuite/basn0g04-31.png: errno 2&#xA;    basn0g08 open testdata/pngsuite/basn0g08.png: errno 2&#xA;    basn0g16 open testdata/pngsuite/basn0g16.png: errno 2&#xA;    basn2c08 open testdata/pngsuite/basn2c08.png: errno 2&#xA;    basn2c16 open testdata/pngsuite/basn2c16.png: errno 2&#xA;    basn3p01 open testdata/pngsuite/basn3p01.png: errno 2&#xA;    basn3p02 open testdata/pngsuite/basn3p02.png: errno 2&#xA;    basn3p04 open testdata/pngsuite/basn3p04.png: errno 2&#xA;    basn3p04-31i open testdata/pngsuite/basn3p04-31i.png: errno 2&#xA;    basn3p08 open testdata/pngsuite/basn3p08.png: errno 2&#xA;    basn3p08-trns open testdata/pngsuite/basn3p08-trns.png: errno 2&#xA;    basn4a08 open testdata/pngsuite/basn4a08.png: errno 2&#xA;    basn4a16 open testdata/pngsuite/basn4a16.png: errno 2&#xA;    basn6a08 open testdata/pngsuite/basn6a08.png: errno 2&#xA;    basn6a16 open testdata/pngsuite/basn6a16.png: errno 2&#xA;    ftbbn0g01 open testdata/pngsuite/ftbbn0g01.png: errno 2&#xA;    ftbbn0g02 open testdata/pngsuite/ftbbn0g02.png: errno 2&#xA;    ftbbn0g04 open testdata/pngsuite/ftbbn0g04.png: errno 2&#xA;    ftbbn2c16 open testdata/pngsuite/ftbbn2c16.png: errno 2&#xA;    ftbbn3p08 open testdata/pngsuite/ftbbn3p08.png: errno 2&#xA;    ftbgn2c16 open testdata/pngsuite/ftbgn2c16.png: errno 2&#xA;    ftbgn3p08 open testdata/pngsuite/ftbgn3p08.png: errno 2&#xA;    ftbrn2c08 open testdata/pngsuite/ftbrn2c08.png: errno 2&#xA;    ftbwn0g16 open testdata/pngsuite/ftbwn0g16.png: errno 2&#xA;    ftbwn3p08 open testdata/pngsuite/ftbwn3p08.png: errno 2&#xA;    ftbyn3p08 open testdata/pngsuite/ftbyn3p08.png: errno 2&#xA;    ftp0n0g08 open testdata/pngsuite/ftp0n0g08.png: errno 2&#xA;    ftp0n2c08 open testdata/pngsuite/ftp0n2c08.png: errno 2&#xA;    ftp0n3p08 open testdata/pngsuite/ftp0n3p08.png: errno 2&#xA;    ftp1n3p08 open testdata/pngsuite/ftp1n3p08.png: errno 2&#xA;--- FAIL: TestReader (0.00s)&#xA;</failure>
		</testcase>
		<testcase classname="image/png" name="TestReaderError" time="0.000000">
			<failure message="Failed" type="">=== RUN   TestReaderError&#xA;    decoding invalid-zlib.png: open testdata/invalid-zlib.png: errno 2, want zlib: invalid checksum&#xA;    decoding invalid-crc32.png: open testdata/invalid-crc32.png: errno 2, want invalid checksum&#xA;    decoding invalid-noend.png: open testdata/invalid-noend.png: errno 2, want unexpected EOF&#xA;    decoding invalid-trunc.png: open testdata/invalid-trunc.png: errno 2, want unexpected EOF&#xA;--- FAIL: TestReaderError (0.00s)&#xA;</failure>
		</testcase>
		<testcase classname="image/png" name="TestPalettedDecodeConfig" time="0.000000">
			<failure message="Failed" type="">=== RUN   TestPalettedDecodeConfig&#xA;    basn3p01: open failed: open testdata/pngsuite/basn3p01.png: errno 2&#xA;    basn3p02: open failed: open testdata/pngsuite/basn3p02.png: errno 2&#xA;    basn3p04: open failed: open testdata/pngsuite/basn3p04.png: errno 2&#xA;    basn3p08: open failed: open testdata/pngsuite/basn3p08.png: errno 2&#xA;    basn3p08-trns: open failed: open testdata/pngsuite/basn3p08-trns.png: errno 2&#xA;--- FAIL: TestPalettedDecodeConfig (0.00s)&#xA;</failure>
		</testcase>
		<testcase classname="image/png" name="TestInterlaced" time="0.000000">
			<failure message="Failed" type="">=== RUN   TestInterlaced&#xA;    open testdata/gray-gradient.png: errno 2&#xA;    FailNow is incomplete, requires runtime.Goexit()&#xA;    open testdata/gray-gradient.interlaced.png: errno 2&#xA;    FailNow is incomplete, requires runtime.Goexit()&#xA;--- FAIL: TestInterlaced (0.00s)&#xA;</failure>
		</testcase>
		<testcase classname="image/png" name="TestPaletted8OutOfRangePixel" time="0.000000">
			<failure message="Failed" type="">=== RUN   TestPaletted8OutOfRangePixel&#xA;    decoding invalid-palette.png: unexpected error open testdata/invalid-palette.png: errno 2&#xA;--- FAIL: TestPaletted8OutOfRangePixel (0.00s)&#xA;</failure>
		</testcase>
		<testcase classname="image/png" name="TestWriter" time="0.000000">
			<failure message="Failed" type="">=== RUN   TestWriter&#xA;    basn0g01 open testdata/pngsuite/basn0g01.png: errno 2&#xA;    basn0g01-30 open testdata/pngsuite/basn0g01-30.png: errno 2&#xA;    basn0g02 open testdata/pngsuite/basn0g02.png: errno 2&#xA;    basn0g02-29 open testdata/pngsuite/basn0g02-29.png: errno 2&#xA;    basn0g04 open testdata/pngsuite/basn0g04.png: errno 2&#xA;    basn0g04-31 open testdata/pngsuite/basn0g04-31.png: errno 2&#xA;    basn0g08 open testdata/pngsuite/basn0g08.png: errno 2&#xA;    basn0g16 open testdata/pngsuite/basn0g16.png: errno 2&#xA;    basn2c08 open testdata/pngsuite/basn2c08.png: errno 2&#xA;    basn2c16 open testdata/pngsuite/basn2c16.png: errno 2&#xA;    basn3p01 open testdata/pngsuite/basn3p01.png: errno 2&#xA;    basn3p02 open testdata/pngsuite/basn3p02.png: errno 2&#xA;    basn3p04 open testdata/pngsuite/basn3p04.png: errno 2&#xA;    basn3p04-31i open testdata/pngsuite/basn3p04-31i.png: errno 2&#xA;    basn3p08 open testdata/pngsuite/basn3p08.png: errno 2&#xA;    basn3p08-trns open testdata/pngsuite/basn3p08-trns.png: errno 2&#xA;    basn4a08 open testdata/pngsuite/basn4a08.png: errno 2&#xA;    basn4a16 open testdata/pngsuite/basn4a16.png: errno 2&#xA;    basn6a08 open testdata/pngsuite/basn6a08.png: errno 2&#xA;    basn6a16 open testdata/pngsuite/basn6a16.png: errno 2&#xA;    ftbbn0g01 open testdata/pngsuite/ftbbn0g01.png: errno 2&#xA;    ftbbn0g02 open testdata/pngsuite/ftbbn0g02.png: errno 2&#xA;    ftbbn0g04 open testdata/pngsuite/ftbbn0g04.png: errno 2&#xA;    ftbbn2c16 open testdata/pngsuite/ftbbn2c16.png: errno 2&#xA;    ftbbn3p08 open testdata/pngsuite/ftbbn3p08.png: errno 2&#xA;    ftbgn2c16 open testdata/pngsuite/ftbgn2c16.png: errno 2&#xA;    ftbgn3p08 open testdata/pngsuite/ftbgn3p08.png: errno 2&#xA;    ftbrn2c08 open testdata/pngsuite/ftbrn2c08.png: errno 2&#xA;    ftbwn0g16 open testdata/pngsuite/ftbwn0g16.png: errno 2&#xA;    ftbwn3p08 open testdata/pngsuite/ftbwn3p08.png: errno 2&#xA;    ftbyn3p08 open testdata/pngsuite/ftbyn3p08.png: errno 2&#xA;    ftp0n0g08 open testdata/pngsuite/ftp0n0g08.png: errno 2&#xA;    ftp0n2c08 open testdata/pngsuite/ftp0n2c08.png: errno 2&#xA;    ftp0n3p08 open testdata/pngsuite/ftp0n3p08.png: errno 2&#xA;    ftp1n3p08 open testdata/pngsuite/ftp1n3p08.png: errno 2&#xA;--- FAIL: TestWriter (0.00s)&#xA;</failure>
		</testcase>
		<testcase classname="image/png" name="TestPaeth" time="0.000000"></testcase>
		<testcase classname="image/png" name="TestPaethDecode" time="0.000000"></testcase>
		<testcase classname="image/png" name="TestIncompleteIDATOnRowBoundary" time="0.000000"></testcase>
		<testcase classname="image/png" name="TestTrailingIDATChunks" time="0.000000"></testcase>
		<testcase classname="image/png" name="TestMultipletRNSChunks" time="0.000000"></testcase>
		<testcase classname="image/png" name="TestUnknownChunkLengthUnderflow" time="0.000000"></testcase>
		<testcase classname="image/png" name="TestGray8Transparent" time="0.000000"></testcase>
		<testcase classname="image/png" name="TestDimensionOverflow" time="0.000000"></testcase>
		<testcase classname="image/png" name="TestDecodePalettedWithTransparency" time="0.000000"></testcase>
		<testcase classname="image/png" name="TestWriterPaletted" time="0.000000"></testcase>
		<testcase classname="image/png" name="TestWriterLevels" time="0.000000"></testcase>
		<testcase classname="image/png" name="TestSubImage" time="0.000000"></testcase>
		<testcase classname="image/png" name="TestWriteRGBA" time="0.000000"></testcase>
	</testsuite>
</testsuites>