<?xml version="1.0" encoding="UTF-8"?>
<testsuites tests="8" failures="1" errors="0" time="112.964428">
	<testsuite tests="8" failures="1" time="0.000000" name="regexp/syntax" timestamp="2024-04-09T12:39:47Z">
		<properties>
			<property name="go.version" value="go1.22.0 linux/arm64"></property>
		</properties>
		<testcase classname="regexp/syntax" name="TestParseInvalidRegexps" time="-0.000000">
			<failure message="Failed" type="">=== RUN   TestParseInvalidRegexps&#xA;panic: expression nests too deeply&#xA;Error: failed to run main module `/tmp/tinygo2001974192/main`&#xA;&#xA;Caused by:&#xA;    0: failed to invoke `run` function&#xA;    1: error while executing at wasm backtrace:&#xA;           0: 0x3485 - runtime.abort&#xA;                           at /workspaces/dc-wasm-go/tinygo/src/runtime/runtime_tinygowasmp2.go:59:6              - runtime._panic&#xA;                           at /workspaces/dc-wasm-go/tinygo/src/runtime/panic.go:65:7&#xA;           1: 0x5df22 - (*regexp/syntax.parser).checkHeight&#xA;                           at /usr/local/go/src/regexp/syntax/parse.go:270:8&#xA;           2: 0x5c86d - (*regexp/syntax.parser).checkLimits&#xA;                           at /usr/local/go/src/regexp/syntax/parse.go:166:15&#xA;           3: 0x5c053 - (*regexp/syntax.parser).push&#xA;           4: 0x65011 - regexp/syntax.parse&#xA;                           at /usr/local/go/src/regexp/syntax/parse.go:1441:7              - regexp/syntax.Parse&#xA;                           at /usr/local/go/src/regexp/syntax/parse.go:889:14&#xA;           5: 0x6c573 - regexp/syntax.TestParseInvalidRegexps&#xA;                           at /usr/local/go/src/regexp/syntax/parse_test.go:527:22&#xA;           6: 0x2d1a3 - testing.tRunner&#xA;                           at /workspaces/dc-wasm-go/tinygo/src/testing/testing.go:427:4&#xA;           7: 0x2ce99 - (*testing.T).Run&#xA;                           at /workspaces/dc-wasm-go/tinygo/src/testing/testing.go:462:9              - testing.runTests$1&#xA;                           at /workspaces/dc-wasm-go/tinygo/src/testing/testing.go:561:10&#xA;           8: 0x2d1a3 - testing.tRunner&#xA;                           at /workspaces/dc-wasm-go/tinygo/src/testing/testing.go:427:4&#xA;           9: 0x276e4 - &lt;unknown&gt;!runtime.run$1&#xA;          10: 0x1a83f - &lt;goroutine wrapper&gt;&#xA;                           at /workspaces/dc-wasm-go/tinygo/src/runtime/scheduler_any.go:23:2&#xA;          11: 0x196e - tinygo_launch&#xA;                           at /workspaces/dc-wasm-go/tinygo/src/internal/task/task_asyncify_wasm.S:59&#xA;          12: 0x1a6f1 - (*internal/task.Task).Resume&#xA;                           at /workspaces/dc-wasm-go/tinygo/src/internal/task/task_asyncify.go:109:17              - runtime.scheduler&#xA;                           at /workspaces/dc-wasm-go/tinygo/src/runtime/scheduler.go:236:11              - runtime.run&#xA;                           at /workspaces/dc-wasm-go/tinygo/src/runtime/scheduler_any.go:28:11              - _start&#xA;                           at /workspaces/dc-wasm-go/tinygo/src/runtime/runtime_wasm_wasip2.go:30:5&#xA;          13: 0x1a468 - wasi:cli/run@0.2.0#run&#xA;                           at /workspaces/dc-wasm-go/tinygo/src/runtime/runtime_wasm_wasip2.go:21:8&#xA;    2: wasm trap: wasm `unreachable` instruction executed&#xA;</failure>
		</testcase>
		<testcase classname="regexp/syntax" name="TestParseSimple" time="0.000000"></testcase>
		<testcase classname="regexp/syntax" name="TestParseFoldCase" time="0.000000"></testcase>
		<testcase classname="regexp/syntax" name="TestParseLiteral" time="0.000000"></testcase>
		<testcase classname="regexp/syntax" name="TestParseMatchNL" time="0.000000"></testcase>
		<testcase classname="regexp/syntax" name="TestParseNoMatchNL" time="0.000000"></testcase>
		<testcase classname="regexp/syntax" name="TestFoldConstants" time="0.000000"></testcase>
		<testcase classname="regexp/syntax" name="TestAppendRangeCollapse" time="0.000000"></testcase>
	</testsuite>
</testsuites>