<?xml version="1.0" encoding="UTF-8"?>
<testsuites tests="1" failures="1" errors="0" time="35.040183">
	<testsuite tests="1" failures="1" time="0.000000" name="syscall" timestamp="2024-04-09T12:40:29Z">
		<properties>
			<property name="go.version" value="go1.22.0 linux/arm64"></property>
		</properties>
		<testcase classname="syscall" name="TestMmap" time="-0.000000">
			<failure message="Failed" type="">=== RUN   TestMmap&#xA;    Mmap: errno 52&#xA;    FailNow is incomplete, requires runtime.Goexit()&#xA;panic: runtime error: index out of range&#xA;Error: failed to run main module `/tmp/tinygo2777802267/main`&#xA;&#xA;Caused by:&#xA;    0: failed to invoke `run` function&#xA;    1: error while executing at wasm backtrace:&#xA;           0: 0x1bd58 - runtime.abort&#xA;                           at /workspaces/dc-wasm-go/tinygo/src/runtime/runtime_tinygowasmp2.go:59:6              - runtime.runtimePanicAt&#xA;                           at /workspaces/dc-wasm-go/tinygo/src/runtime/panic.go:87:7&#xA;           1: 0x240f - runtime.lookupPanic&#xA;                           at /workspaces/dc-wasm-go/tinygo/src/runtime/panic.go:160:16&#xA;           2: 0x6a801 - syscall.Munmap&#xA;                           at /workspaces/dc-wasm-go/tinygo/src/syscall/syscall_libc.go:238:42              - syscall_test.TestMmap&#xA;                           at /workspaces/dc-wasm-go/tinygo/src/syscall/mmap_unix_test.go:19:26&#xA;           3: 0x2e1b2 - testing.tRunner&#xA;                           at /workspaces/dc-wasm-go/tinygo/src/testing/testing.go:427:4&#xA;           4: 0x2dea8 - (*testing.T).Run&#xA;                           at /workspaces/dc-wasm-go/tinygo/src/testing/testing.go:462:9              - testing.runTests$1&#xA;                           at /workspaces/dc-wasm-go/tinygo/src/testing/testing.go:561:10&#xA;           5: 0x2e1b2 - testing.tRunner&#xA;                           at /workspaces/dc-wasm-go/tinygo/src/testing/testing.go:427:4&#xA;           6: 0x284de - &lt;unknown&gt;!runtime.run$1&#xA;           7: 0x1b6b5 - &lt;goroutine wrapper&gt;&#xA;                           at /workspaces/dc-wasm-go/tinygo/src/runtime/scheduler_any.go:23:2&#xA;           8: 0x1916 - tinygo_launch&#xA;                           at /workspaces/dc-wasm-go/tinygo/src/internal/task/task_asyncify_wasm.S:59&#xA;           9: 0x1b567 - (*internal/task.Task).Resume&#xA;                           at /workspaces/dc-wasm-go/tinygo/src/internal/task/task_asyncify.go:109:17              - runtime.scheduler&#xA;                           at /workspaces/dc-wasm-go/tinygo/src/runtime/scheduler.go:236:11              - runtime.run&#xA;                           at /workspaces/dc-wasm-go/tinygo/src/runtime/scheduler_any.go:28:11              - _start&#xA;                           at /workspaces/dc-wasm-go/tinygo/src/runtime/runtime_wasm_wasip2.go:30:5&#xA;          10: 0x1b2de - wasi:cli/run@0.2.0#run&#xA;                           at /workspaces/dc-wasm-go/tinygo/src/runtime/runtime_wasm_wasip2.go:21:8&#xA;    2: wasm trap: wasm `unreachable` instruction executed&#xA;</failure>
		</testcase>
	</testsuite>
</testsuites>