<?xml version="1.0" encoding="UTF-8"?>
<testsuites tests="0" failures="1" errors="0" time="18.405953">
	<testsuite tests="0" failures="0" time="0.000000" name="testing/slogtest" timestamp="2024-04-09T12:41:01Z">
		<properties>
			<property name="go.version" value="go1.22.0 linux/arm64"></property>
		</properties>
		<testcase classname="" name="TestMain" time="0.000000">
			<failure message="Failed" type="">wasm-ld --stack-first --no-demangle -L /workspaces/dc-wasm-go/tinygo -o /tmp/tinygo883375825/main /tmp/tinygo883375825/main.o /home/vscode/.cache/tinygo/compiler-rt-wasm32-unknown-wasi-generic/lib.a /home/vscode/.cache/tinygo/obj-9f377d764891b0ee28a07e083c4e0a015091c6d2eba944fa92c6e3df.bc /home/vscode/.cache/tinygo/obj-8e79898f1f39e40617eb4cfe362e633fa2c37f8ed1a76c41b45a24e8.bc /home/vscode/.cache/tinygo/wasmbuiltins-wasm32-unknown-wasi-generic/lib.a -mllvm -mcpu=generic --lto-O2 --thinlto-cache-dir=/home/vscode/.cache/tinygo/thinlto -mllvm --rotation-max-header-size=0&#xA;/workspaces/dc-wasm-go/tinygo/build/wasm-opt --asyncify -Oz -g /tmp/tinygo883375825/main --output /tmp/tinygo883375825/main&#xA;wasm-tools component embed -w wasi:cli/command /workspaces/dc-wasm-go/tinygo/lib/wasi-cli/wit/ /tmp/tinygo883375825/main -o /tmp/tinygo883375825/main&#xA;wasm-tools component new /tmp/tinygo883375825/main -o /tmp/tinygo883375825/main&#xA;/workspaces/dc-wasm-go/bin/wasmtime wasmtime --wasm component-model --dir=/tmp::/tmp /tmp/tinygo883375825/main -test.v&#xA;panic: runtime.Caller failed&#xA;Error: failed to run main module `/tmp/tinygo883375825/main`&#xA;&#xA;Caused by:&#xA;    0: failed to invoke `run` function&#xA;    1: error while executing at wasm backtrace:&#xA;           0: 0x331b - runtime.abort&#xA;                           at /workspaces/dc-wasm-go/tinygo/src/runtime/runtime_tinygowasmp2.go:59:6              - runtime._panic&#xA;                           at /workspaces/dc-wasm-go/tinygo/src/runtime/panic.go:65:7&#xA;           1: 0x19478 - testing/slogtest.withSource&#xA;                           at /usr/local/go/src/testing/slogtest/slogtest.go:362:8&#xA;           2: 0x1772e - &lt;unknown&gt;!runtime.initAll&#xA;           3: 0x16d61 - runtime.run$1&#xA;                           at /workspaces/dc-wasm-go/tinygo/src/runtime/scheduler_any.go:24:10&#xA;           4: 0xb74f - &lt;goroutine wrapper&gt;&#xA;                           at /workspaces/dc-wasm-go/tinygo/src/runtime/scheduler_any.go:23:2&#xA;           5: 0x1841 - tinygo_launch&#xA;                           at /workspaces/dc-wasm-go/tinygo/src/internal/task/task_asyncify_wasm.S:59&#xA;           6: 0x16c64 - (*internal/task.Task).Resume&#xA;                           at /workspaces/dc-wasm-go/tinygo/src/internal/task/task_asyncify.go:109:17              - runtime.scheduler&#xA;                           at /workspaces/dc-wasm-go/tinygo/src/runtime/scheduler.go:236:11&#xA;           7: 0xcad0 - runtime.run&#xA;                           at /workspaces/dc-wasm-go/tinygo/src/runtime/scheduler_any.go:28:11&#xA;           8: 0xca4e - _start&#xA;                           at /workspaces/dc-wasm-go/tinygo/src/runtime/runtime_wasm_wasip2.go:30:5&#xA;           9: 0xc9db - wasi:cli/run@0.2.0#run&#xA;                           at /workspaces/dc-wasm-go/tinygo/src/runtime/runtime_wasm_wasip2.go:21:8&#xA;    2: wasm trap: wasm `unreachable` instruction executed&#xA;FAIL&#x9;testing/slogtest&#x9;5.244s&#xA;</failure>
		</testcase>
	</testsuite>
</testsuites>