<?xml version="1.0" encoding="UTF-8"?>
<testsuites tests="1" failures="1" errors="0" time="13.117048">
	<testsuite tests="1" failures="1" time="0.000000" name="text/template" timestamp="2024-03-14T15:48:25Z">
		<properties>
			<property name="go.version" value="go1.22.0 linux/arm64"></property>
		</properties>
		<testcase classname="text/template" name="TestExecute" time="-0.000000">
			<failure message="Failed" type="">=== RUN   TestExecute&#xA;panic: unimplemented: (reflect.Type).NumOut()&#xA;</failure>
		</testcase>
	</testsuite>
</testsuites>