<?xml version="1.0" encoding="UTF-8"?>
<testsuites tests="10" failures="0" errors="0" time="2.852580">
	<testsuite tests="10" failures="0" time="0.000000" name="container/list" timestamp="2024-03-11T01:38:10Z">
		<properties>
			<property name="go.version" value="go1.22.0 linux/arm64"></property>
		</properties>
		<testcase classname="container/list" name="TestList" time="0.000000"></testcase>
		<testcase classname="container/list" name="TestExtending" time="0.000000"></testcase>
		<testcase classname="container/list" name="TestRemove" time="0.000000"></testcase>
		<testcase classname="container/list" name="TestIssue4103" time="0.000000"></testcase>
		<testcase classname="container/list" name="TestIssue6349" time="0.000000"></testcase>
		<testcase classname="container/list" name="TestMove" time="0.000000"></testcase>
		<testcase classname="container/list" name="TestZeroList" time="0.000000"></testcase>
		<testcase classname="container/list" name="TestInsertBeforeUnknownMark" time="0.000000"></testcase>
		<testcase classname="container/list" name="TestInsertAfterUnknownMark" time="0.000000"></testcase>
		<testcase classname="container/list" name="TestMoveUnknownMark" time="0.000000"></testcase>
	</testsuite>
</testsuites>