<?xml version="1.0" encoding="UTF-8"?>
<testsuites tests="1" failures="1" errors="0" time="61.457872">
	<testsuite tests="1" failures="1" time="0.000000" name="bytes" timestamp="2024-04-25T15:07:09Z">
		<properties>
			<property name="go.version" value="go1.22.2 linux/arm64"></property>
		</properties>
		<testcase classname="bytes" name="TestEqualNearPageBoundary" time="-0.000000">
			<failure message="Failed" type="">=== RUN   TestEqualNearPageBoundary&#xA;    mmap failed errno 52&#xA;    FailNow is incomplete, requires runtime.Goexit()&#xA;panic: runtime error: slice out of range&#xA;Error: failed to run main module `/tmp/tinygo3829515809/main`&#xA;&#xA;Caused by:&#xA;    0: failed to invoke `run` function&#xA;    1: error while executing at wasm backtrace:&#xA;           0: 0x1c775 - runtime.abort&#xA;                           at /workspaces/dc-wasm-go/tinygo/src/runtime/runtime_tinygowasmp2.go:59:6              - runtime.runtimePanicAt&#xA;                           at /workspaces/dc-wasm-go/tinygo/src/runtime/panic.go:87:7&#xA;           1: 0x2e65 - runtime.slicePanic&#xA;                           at /workspaces/dc-wasm-go/tinygo/src/runtime/panic.go:165:16&#xA;           2: 0x83c62 - bytes_test.dangerousSlice&#xA;                           at /usr/local/go/src/bytes/boundary_test.go:32:26&#xA;           3: 0x83d21 - bytes_test.TestEqualNearPageBoundary&#xA;                           at /usr/local/go/src/bytes/boundary_test.go:45:21&#xA;           4: 0x31141 - testing.tRunner&#xA;                           at /workspaces/dc-wasm-go/tinygo/src/testing/testing.go:427:4&#xA;           5: 0x30e33 - (*testing.T).Run&#xA;                           at /workspaces/dc-wasm-go/tinygo/src/testing/testing.go:462:9              - testing.runTests$1&#xA;                           at /workspaces/dc-wasm-go/tinygo/src/testing/testing.go:561:10&#xA;           6: 0x31141 - testing.tRunner&#xA;                           at /workspaces/dc-wasm-go/tinygo/src/testing/testing.go:427:4&#xA;           7: 0x2a804 - &lt;unknown&gt;!runtime.run$1&#xA;           8: 0x1c0d3 - &lt;goroutine wrapper&gt;&#xA;                           at /workspaces/dc-wasm-go/tinygo/src/runtime/scheduler_any.go:23:2&#xA;           9: 0x1cc0 - tinygo_launch&#xA;                           at /workspaces/dc-wasm-go/tinygo/src/internal/task/task_asyncify_wasm.S:59&#xA;          10: 0x1bf8e - (*internal/task.Task).Resume&#xA;                           at /workspaces/dc-wasm-go/tinygo/src/internal/task/task_asyncify.go:109:17              - runtime.scheduler&#xA;                           at /workspaces/dc-wasm-go/tinygo/src/runtime/scheduler.go:236:11              - runtime.run&#xA;                           at /workspaces/dc-wasm-go/tinygo/src/runtime/scheduler_any.go:28:11              - _start&#xA;                           at /workspaces/dc-wasm-go/tinygo/src/runtime/runtime_wasm_wasip2.go:30:5&#xA;          11: 0x1bd9a - wasi:cli/run@0.2.0#run&#xA;                           at /workspaces/dc-wasm-go/tinygo/src/runtime/runtime_wasm_wasip2.go:21:8&#xA;    2: wasm trap: wasm `unreachable` instruction executed&#xA;</failure>
		</testcase>
	</testsuite>
</testsuites>