<?xml version="1.0" encoding="UTF-8"?>
<testsuites tests="24" failures="2" errors="0" time="278.220730">
	<testsuite tests="24" failures="2" time="0.000000" name="compress/flate" timestamp="2024-04-25T20:15:11Z">
		<properties>
			<property name="go.version" value="go1.22.2 linux/arm64"></property>
		</properties>
		<testcase classname="compress/flate" name="TestDeflateInflateString" time="0.000000">
			<failure message="Failed" type="">=== RUN   TestDeflateInflateString&#xA;/home/vscode/.cache/tinygo/goroot-c2837f81ee81c8ecea884819967eafb31ba911b22ee551ef42f43b1105f0124e/src/compress/testdata/e.txt    level: 0, size:100.00%, 100018 b&#xA;    --testSync 0, 100003, 2.718281828...&#xA;    #0: write 0-50002&#xA;    #0: read 50002&#xA;    #1: write 50002-100003&#xA;    #1: read 50001&#xA;    level: 1, size:99.00%, 50146 b&#xA;    --testSync 1, 100003, 2.718281828...&#xA;    #0: write 0-50002&#xA;    #0: read 50002&#xA;    #1: write 50002-100003&#xA;    #1: read 50001&#xA;    level: 2, size:92.80%, 47291 b&#xA;    --testSync 2, 100003, 2.718281828...&#xA;    #0: write 0-50002&#xA;    #0: read 50002&#xA;    #1: write 50002-100003&#xA;    #1: read 50001&#xA;    level: 3, size:92.26%, 47193 b&#xA;    --testSync 3, 100003, 2.718281828...&#xA;    #0: write 0-50002&#xA;    #0: read 50002&#xA;    #1: write 50002-100003&#xA;    #1: read 50001&#xA;    level: 4, size:92.63%, 47178 b&#xA;    --testSync 4, 100003, 2.718281828...&#xA;    #0: write 0-50002&#xA;    #0: read 50002&#xA;    #1: write 50002-100003&#xA;    #1: read 50001&#xA;    level: 5, size:92.38%, 46919 b&#xA;    --testSync 5, 100003, 2.718281828...&#xA;    #0: write 0-50002&#xA;    #0: read 50002&#xA;    #1: write 50002-100003&#xA;    #1: read 50001&#xA;    level: 6, size:92.38%, 46919 b&#xA;    --testSync 6, 100003, 2.718281828...&#xA;    #0: write 0-50002&#xA;    #0: read 50002&#xA;    #1: write 50002-100003&#xA;    #1: read 50001&#xA;    level: 7, size:92.38%, 46919 b&#xA;    --testSync 7, 100003, 2.718281828...&#xA;    #0: write 0-50002&#xA;    #0: read 50002&#xA;    #1: write 50002-100003&#xA;    #1: read 50001&#xA;    level: 8, size:92.38%, 46919 b&#xA;    --testSync 8, 100003, 2.718281828...&#xA;    #0: write 0-50002&#xA;    #0: read 50002&#xA;    #1: write 50002-100003&#xA;    #1: read 50001&#xA;    level: 9, size:92.38%, 46919 b&#xA;    --testSync 9, 100003, 2.718281828...&#xA;    #0: write 0-50002&#xA;    #0: read 50002&#xA;    #1: write 50002-100003&#xA;    #1: read 50001&#xA;    level: -2, size:100.00%, 43683 b&#xA;    --testSync -2, 100003, 2.718281828...&#xA;    #0: write 0-50002&#xA;    #0: read 50002&#xA;    #1: write 50002-100003&#xA;    #1: read 50001&#xA;/home/vscode/.cache/tinygo/goroot-c2837f81ee81c8ecea884819967eafb31ba911b22ee551ef42f43b1105f0124e/src/testdata/Isaac.Newton-Opticks.txt    open ../../testdata/Isaac.Newton-Opticks.txt: errno 63&#xA;    level: 0, size:0.00%, 5 b&#xA;    level: 1, size:0.00%, 5 b&#xA;    level: 2, size:0.00%, 5 b&#xA;    level: 3, size:0.00%, 5 b&#xA;    level: 4, size:0.00%, 5 b&#xA;    level: 5, size:0.00%, 5 b&#xA;    level: 6, size:0.00%, 5 b&#xA;    level: 7, size:0.00%, 5 b&#xA;    level: 8, size:0.00%, 5 b&#xA;    level: 9, size:0.00%, 5 b&#xA;    level: -2, size:0.00%, 5 b&#xA;--- FAIL: TestDeflateInflateString (19.75s)&#xA;</failure>
		</testcase>
		<testcase classname="compress/flate" name="TestWriterPersistentWriteError" time="-0.000000">
			<failure message="Failed" type="">=== RUN   TestWriterPersistentWriteError&#xA;/home/vscode/.cache/tinygo/goroot-c2837f81ee81c8ecea884819967eafb31ba911b22ee551ef42f43b1105f0124e/src/testdata/Isaac.Newton-Opticks.txt    ReadFile: open ../../testdata/Isaac.Newton-Opticks.txt: errno 63&#xA;    FailNow is incomplete, requires runtime.Goexit()&#xA;panic: runtime error: slice out of range&#xA;Error: failed to run main module `/tmp/tinygo2151255488/main`&#xA;&#xA;Caused by:&#xA;    0: failed to invoke `run` function&#xA;    1: error while executing at wasm backtrace:&#xA;           0: 0x26569 - runtime.abort&#xA;                           at /workspaces/dc-wasm-go/tinygo/src/runtime/runtime_tinygowasmp2.go:59:6              - runtime.runtimePanicAt&#xA;                           at /workspaces/dc-wasm-go/tinygo/src/runtime/panic.go:87:7&#xA;           1: 0x5db7 - runtime.slicePanic&#xA;                           at /workspaces/dc-wasm-go/tinygo/src/runtime/panic.go:165:16&#xA;           2: 0x98321 - compress/flate.TestWriterPersistentWriteError&#xA;           3: 0x394f8 - testing.tRunner&#xA;                           at /workspaces/dc-wasm-go/tinygo/src/testing/testing.go:427:4&#xA;           4: 0x6669e - (*testing.T).Run&#xA;           5: 0x391fc - testing.runTests$1&#xA;                           at /workspaces/dc-wasm-go/tinygo/src/testing/testing.go:561:10&#xA;           6: 0x394f8 - testing.tRunner&#xA;                           at /workspaces/dc-wasm-go/tinygo/src/testing/testing.go:427:4&#xA;           7: 0x33dfd - &lt;unknown&gt;!runtime.run$1&#xA;           8: 0x25ec7 - &lt;goroutine wrapper&gt;&#xA;                           at /workspaces/dc-wasm-go/tinygo/src/runtime/scheduler_any.go:23:2&#xA;           9: 0x1ae4 - tinygo_launch&#xA;                           at /workspaces/dc-wasm-go/tinygo/src/internal/task/task_asyncify_wasm.S:59&#xA;          10: 0x25d82 - (*internal/task.Task).Resume&#xA;                           at /workspaces/dc-wasm-go/tinygo/src/internal/task/task_asyncify.go:109:17              - runtime.scheduler&#xA;                           at /workspaces/dc-wasm-go/tinygo/src/runtime/scheduler.go:236:11              - runtime.run&#xA;                           at /workspaces/dc-wasm-go/tinygo/src/runtime/scheduler_any.go:28:11              - _start&#xA;                           at /workspaces/dc-wasm-go/tinygo/src/runtime/runtime_wasm_wasip2.go:30:5&#xA;          11: 0x25b8e - wasi:cli/run@0.2.0#run&#xA;                           at /workspaces/dc-wasm-go/tinygo/src/runtime/runtime_wasm_wasip2.go:21:8&#xA;    2: wasm trap: wasm `unreachable` instruction executed&#xA;</failure>
		</testcase>
		<testcase classname="compress/flate" name="TestBulkHash4" time="0.000000"></testcase>
		<testcase classname="compress/flate" name="TestDeflate" time="0.000000"></testcase>
		<testcase classname="compress/flate" name="TestWriterClose" time="0.000000"></testcase>
		<testcase classname="compress/flate" name="TestVeryLongSparseChunk" time="0.000000"></testcase>
		<testcase classname="compress/flate" name="TestDeflateInflate" time="0.000000"></testcase>
		<testcase classname="compress/flate" name="TestReverseBits" time="0.000000"></testcase>
		<testcase classname="compress/flate" name="TestReaderDict" time="0.000000"></testcase>
		<testcase classname="compress/flate" name="TestWriterDict" time="0.000000"></testcase>
		<testcase classname="compress/flate" name="TestRegression2508" time="0.000000"></testcase>
		<testcase classname="compress/flate" name="TestWriterReset" time="0.000000"></testcase>
		<testcase classname="compress/flate" name="TestBestSpeed" time="0.000000"></testcase>
	</testsuite>
</testsuites>