<?xml version="1.0" encoding="UTF-8"?>
<testsuites tests="3" failures="1" errors="0" time="107.687256">
	<testsuite tests="3" failures="1" time="0.000000" name="crypto/rsa" timestamp="2024-04-26T04:16:15Z">
		<properties>
			<property name="go.version" value="go1.22.2 linux/arm64"></property>
		</properties>
		<testcase classname="crypto/rsa" name="TestEncryptPKCS1v15" time="-0.000000">
			<failure message="Failed" type="">=== RUN   TestEncryptPKCS1v15&#xA;panic: unimplemented: (reflect.Type).NumOut()&#xA;Error: failed to run main module `/tmp/tinygo1987715251/main`&#xA;&#xA;Caused by:&#xA;    0: failed to invoke `run` function&#xA;    1: error while executing at wasm backtrace:&#xA;           0: 0x2d64 - runtime.abort&#xA;                           at /workspaces/dc-wasm-go/tinygo/src/runtime/runtime_tinygowasmp2.go:59:6              - runtime._panic&#xA;                           at /workspaces/dc-wasm-go/tinygo/src/runtime/panic.go:65:7&#xA;           1: 0x5092 - (*reflect.rawType).NumOut&#xA;                           at /workspaces/dc-wasm-go/tinygo/src/reflect/type.go:1012:7&#xA;           2: 0xf9058 - (Go interface method)&#xA;           3: 0xfac04 - testing/quick.Check&#xA;                           at /usr/local/go/src/testing/quick/quick.go:273:17              - crypto/rsa_test.TestEncryptPKCS1v15&#xA;                           at /usr/local/go/src/crypto/rsa/pkcs1v15_test.go:118:13&#xA;           4: 0x3c458 - testing.tRunner&#xA;                           at /workspaces/dc-wasm-go/tinygo/src/testing/testing.go:427:4&#xA;           5: 0x864b3 - (*testing.T).Run&#xA;           6: 0x3c160 - testing.runTests$1&#xA;                           at /workspaces/dc-wasm-go/tinygo/src/testing/testing.go:561:10&#xA;           7: 0x3c458 - testing.tRunner&#xA;                           at /workspaces/dc-wasm-go/tinygo/src/testing/testing.go:427:4&#xA;           8: 0x34823 - &lt;unknown&gt;!runtime.run$1&#xA;           9: 0x2b2b1 - &lt;goroutine wrapper&gt;&#xA;                           at /workspaces/dc-wasm-go/tinygo/src/runtime/scheduler_any.go:23:2&#xA;          10: 0x1cdb - tinygo_launch&#xA;                           at /workspaces/dc-wasm-go/tinygo/src/internal/task/task_asyncify_wasm.S:59&#xA;          11: 0x2b16b - (*internal/task.Task).Resume&#xA;                           at /workspaces/dc-wasm-go/tinygo/src/internal/task/task_asyncify.go:109:17              - runtime.scheduler&#xA;                           at /workspaces/dc-wasm-go/tinygo/src/runtime/scheduler.go:236:11              - runtime.run&#xA;                           at /workspaces/dc-wasm-go/tinygo/src/runtime/scheduler_any.go:28:11              - _start&#xA;                           at /workspaces/dc-wasm-go/tinygo/src/runtime/runtime_wasm_wasip2.go:30:5&#xA;          12: 0x2af76 - wasi:cli/run@0.2.0#run&#xA;                           at /workspaces/dc-wasm-go/tinygo/src/runtime/runtime_wasm_wasip2.go:21:8&#xA;    2: wasm trap: wasm `unreachable` instruction executed&#xA;</failure>
		</testcase>
		<testcase classname="crypto/rsa" name="TestEqual" time="0.000000"></testcase>
		<testcase classname="crypto/rsa" name="TestDecryptPKCS1v15" time="0.000000"></testcase>
	</testsuite>
</testsuites>