<?xml version="1.0" encoding="UTF-8"?>
<testsuites tests="2" failures="1" errors="0" time="18.130046">
	<testsuite tests="2" failures="1" time="0.000000" name="crypto/hmac" timestamp="2024-04-25T20:15:44Z">
		<properties>
			<property name="go.version" value="go1.22.2 linux/arm64"></property>
		</properties>
		<testcase classname="crypto/hmac" name="TestNonUniqueHash" time="-0.000000">
			<failure message="Failed" type="">=== RUN   TestNonUniqueHash&#xA;panic: crypto/hmac: hash generation function does not produce unique values&#xA;Error: failed to run main module `/tmp/tinygo2787884113/main`&#xA;&#xA;Caused by:&#xA;    0: failed to invoke `run` function&#xA;    1: error while executing at wasm backtrace:&#xA;           0: 0x3490 - runtime.abort&#xA;                           at /workspaces/dc-wasm-go/tinygo/src/runtime/runtime_tinygowasmp2.go:59:6              - runtime._panic&#xA;                           at /workspaces/dc-wasm-go/tinygo/src/runtime/panic.go:65:7&#xA;           1: 0x757ed - crypto/hmac.New&#xA;           2: 0x76651 - crypto/hmac.TestNonUniqueHash&#xA;                           at /usr/local/go/src/crypto/hmac/hmac_test.go:597:45&#xA;           3: 0x270d3 - testing.tRunner&#xA;                           at /workspaces/dc-wasm-go/tinygo/src/testing/testing.go:427:4&#xA;           4: 0x26dc9 - (*testing.T).Run&#xA;                           at /workspaces/dc-wasm-go/tinygo/src/testing/testing.go:462:9              - testing.runTests$1&#xA;                           at /workspaces/dc-wasm-go/tinygo/src/testing/testing.go:561:10&#xA;           5: 0x270d3 - testing.tRunner&#xA;                           at /workspaces/dc-wasm-go/tinygo/src/testing/testing.go:427:4&#xA;           6: 0x21ab3 - &lt;unknown&gt;!runtime.run$1&#xA;           7: 0x15344 - &lt;goroutine wrapper&gt;&#xA;                           at /workspaces/dc-wasm-go/tinygo/src/runtime/scheduler_any.go:23:2&#xA;           8: 0x1979 - tinygo_launch&#xA;                           at /workspaces/dc-wasm-go/tinygo/src/internal/task/task_asyncify_wasm.S:59&#xA;           9: 0x151f7 - (*internal/task.Task).Resume&#xA;                           at /workspaces/dc-wasm-go/tinygo/src/internal/task/task_asyncify.go:109:17              - runtime.scheduler&#xA;                           at /workspaces/dc-wasm-go/tinygo/src/runtime/scheduler.go:236:11              - runtime.run&#xA;                           at /workspaces/dc-wasm-go/tinygo/src/runtime/scheduler_any.go:28:11              - _start&#xA;                           at /workspaces/dc-wasm-go/tinygo/src/runtime/runtime_wasm_wasip2.go:30:5&#xA;          10: 0x14f6f - wasi:cli/run@0.2.0#run&#xA;                           at /workspaces/dc-wasm-go/tinygo/src/runtime/runtime_wasm_wasip2.go:21:8&#xA;    2: wasm trap: wasm `unreachable` instruction executed&#xA;</failure>
		</testcase>
		<testcase classname="crypto/hmac" name="TestHMAC" time="0.000000"></testcase>
	</testsuite>
</testsuites>