<?xml version="1.0" encoding="UTF-8"?>
<testsuites tests="1" failures="1" errors="0" time="34.482710">
	<testsuite tests="1" failures="1" time="0.000000" name="crypto" timestamp="2024-04-26T04:15:33Z">
		<properties>
			<property name="go.version" value="go1.22.2 linux/arm64"></property>
		</properties>
		<testcase classname="crypto" name="TestRC4OutOfBoundsWrite" time="-0.000000">
			<failure message="Failed" type="">=== RUN   TestRC4OutOfBoundsWrite&#xA;panic: runtime error: index out of range&#xA;Error: failed to run main module `/tmp/tinygo2053272869/main`&#xA;&#xA;Caused by:&#xA;    0: failed to invoke `run` function&#xA;    1: error while executing at wasm backtrace:&#xA;           0: 0x18bcf - runtime.abort&#xA;                           at /workspaces/dc-wasm-go/tinygo/src/runtime/runtime_tinygowasmp2.go:59:6              - runtime.runtimePanicAt&#xA;                           at /workspaces/dc-wasm-go/tinygo/src/runtime/panic.go:87:7&#xA;           1: 0x2432 - runtime.lookupPanic&#xA;                           at /workspaces/dc-wasm-go/tinygo/src/runtime/panic.go:160:16&#xA;           2: 0x6c1d6 - &lt;unknown&gt;!(*crypto/rc4.Cipher).XORKeyStream$bound&#xA;           3: 0x6c571 - crypto_test.test&#xA;                           at /usr/local/go/src/crypto/issue21104_test.go:60:5&#xA;           4: 0x6bf95 - crypto_test.TestRC4OutOfBoundsWrite&#xA;                           at /usr/local/go/src/crypto/issue21104_test.go:21:6&#xA;           5: 0x2aa55 - testing.tRunner&#xA;                           at /workspaces/dc-wasm-go/tinygo/src/testing/testing.go:427:4&#xA;           6: 0x2a74b - (*testing.T).Run&#xA;                           at /workspaces/dc-wasm-go/tinygo/src/testing/testing.go:462:9              - testing.runTests$1&#xA;                           at /workspaces/dc-wasm-go/tinygo/src/testing/testing.go:561:10&#xA;           7: 0x2aa55 - testing.tRunner&#xA;                           at /workspaces/dc-wasm-go/tinygo/src/testing/testing.go:427:4&#xA;           8: 0x252df - &lt;unknown&gt;!runtime.run$1&#xA;           9: 0x1852d - &lt;goroutine wrapper&gt;&#xA;                           at /workspaces/dc-wasm-go/tinygo/src/runtime/scheduler_any.go:23:2&#xA;          10: 0x1939 - tinygo_launch&#xA;                           at /workspaces/dc-wasm-go/tinygo/src/internal/task/task_asyncify_wasm.S:59&#xA;          11: 0x183e0 - (*internal/task.Task).Resume&#xA;                           at /workspaces/dc-wasm-go/tinygo/src/internal/task/task_asyncify.go:109:17              - runtime.scheduler&#xA;                           at /workspaces/dc-wasm-go/tinygo/src/runtime/scheduler.go:236:11              - runtime.run&#xA;                           at /workspaces/dc-wasm-go/tinygo/src/runtime/scheduler_any.go:28:11              - _start&#xA;                           at /workspaces/dc-wasm-go/tinygo/src/runtime/runtime_wasm_wasip2.go:30:5&#xA;          12: 0x18158 - wasi:cli/run@0.2.0#run&#xA;                           at /workspaces/dc-wasm-go/tinygo/src/runtime/runtime_wasm_wasip2.go:21:8&#xA;    2: wasm trap: wasm `unreachable` instruction executed&#xA;</failure>
		</testcase>
	</testsuite>
</testsuites>