<?xml version="1.0" encoding="UTF-8"?>
<testsuites tests="9" failures="1" errors="0" time="38.033488">
	<testsuite tests="9" failures="1" time="0.000000" name="crypto/aes" timestamp="2024-04-25T15:07:57Z">
		<properties>
			<property name="go.version" value="go1.22.2 linux/arm64"></property>
		</properties>
		<testcase classname="crypto/aes" name="TestShortBlocks" time="-0.000000">
			<failure message="Failed" type="">=== RUN   TestShortBlocks&#xA;panic: crypto/aes: input not full block&#xA;Error: failed to run main module `/tmp/tinygo2651796515/main`&#xA;&#xA;Caused by:&#xA;    0: failed to invoke `run` function&#xA;    1: error while executing at wasm backtrace:&#xA;           0: 0x3474 - runtime.abort&#xA;                           at /workspaces/dc-wasm-go/tinygo/src/runtime/runtime_tinygowasmp2.go:59:6              - runtime._panic&#xA;                           at /workspaces/dc-wasm-go/tinygo/src/runtime/panic.go:65:7&#xA;           1: 0x2630a - (*crypto/aes.aesCipher).Encrypt&#xA;                           at /usr/local/go/src/crypto/aes/cipher.go:60:8              - (Go interface method)&#xA;                           at &lt;Go interface method&gt;&#xA;           2: 0x7390b - crypto/aes.TestShortBlocks$2&#xA;                           at /usr/local/go/src/crypto/aes/aes_test.go:327:69&#xA;           3: 0x73b81 - crypto/aes.mustPanic&#xA;                           at /usr/local/go/src/crypto/aes/aes_test.go:344:3&#xA;           4: 0x7330e - crypto/aes.TestShortBlocks&#xA;                           at /usr/local/go/src/crypto/aes/aes_test.go:327:11&#xA;           5: 0x214a7 - testing.tRunner&#xA;                           at /workspaces/dc-wasm-go/tinygo/src/testing/testing.go:427:4&#xA;           6: 0x2119d - (*testing.T).Run&#xA;                           at /workspaces/dc-wasm-go/tinygo/src/testing/testing.go:462:9              - testing.runTests$1&#xA;                           at /workspaces/dc-wasm-go/tinygo/src/testing/testing.go:561:10&#xA;           7: 0x214a7 - testing.tRunner&#xA;                           at /workspaces/dc-wasm-go/tinygo/src/testing/testing.go:427:4&#xA;           8: 0x1b1a9 - &lt;unknown&gt;!runtime.run$1&#xA;           9: 0xe20c - &lt;goroutine wrapper&gt;&#xA;                           at /workspaces/dc-wasm-go/tinygo/src/runtime/scheduler_any.go:23:2&#xA;          10: 0x195d - tinygo_launch&#xA;                           at /workspaces/dc-wasm-go/tinygo/src/internal/task/task_asyncify_wasm.S:59&#xA;          11: 0xe0bf - (*internal/task.Task).Resume&#xA;                           at /workspaces/dc-wasm-go/tinygo/src/internal/task/task_asyncify.go:109:17              - runtime.scheduler&#xA;                           at /workspaces/dc-wasm-go/tinygo/src/runtime/scheduler.go:236:11              - runtime.run&#xA;                           at /workspaces/dc-wasm-go/tinygo/src/runtime/scheduler_any.go:28:11              - _start&#xA;                           at /workspaces/dc-wasm-go/tinygo/src/runtime/runtime_wasm_wasip2.go:30:5&#xA;          12: 0xde39 - wasi:cli/run@0.2.0#run&#xA;                           at /workspaces/dc-wasm-go/tinygo/src/runtime/runtime_wasm_wasip2.go:21:8&#xA;    2: wasm trap: wasm `unreachable` instruction executed&#xA;</failure>
		</testcase>
		<testcase classname="crypto/aes" name="TestPowx" time="0.000000"></testcase>
		<testcase classname="crypto/aes" name="TestMul" time="0.000000"></testcase>
		<testcase classname="crypto/aes" name="TestSboxes" time="0.000000"></testcase>
		<testcase classname="crypto/aes" name="TestTe" time="0.000000"></testcase>
		<testcase classname="crypto/aes" name="TestTd" time="0.000000"></testcase>
		<testcase classname="crypto/aes" name="TestExpandKey" time="0.000000"></testcase>
		<testcase classname="crypto/aes" name="TestCipherEncrypt" time="0.000000"></testcase>
		<testcase classname="crypto/aes" name="TestCipherDecrypt" time="0.000000"></testcase>
	</testsuite>
</testsuites>