<?xml version="1.0" encoding="UTF-8"?>
<testsuites tests="9" failures="2" errors="0" time="27.977096">
	<testsuite tests="9" failures="2" time="0.000000" name="crypto/ed25519" timestamp="2024-04-25T20:15:34Z">
		<properties>
			<property name="go.version" value="go1.22.2 linux/arm64"></property>
		</properties>
		<testcase classname="crypto/ed25519" name="TestEd25519Vectors" time="0.000000">
			<failure message="Failed" type="">=== RUN   TestEd25519Vectors&#xA;/tmp/TestEd25519Vectors160078016/tmp/TestEd25519Vectors160078016/000/tmp/TestEd25519Vectors160078016/000/modcache    skipping test: &#39;go build&#39; unavailable: go tool -n compile: exec: &#34;go&#34;: executable file not found in $PATH&#xA;    SkipNow is incomplete, requires runtime.Goexit()&#xA;    platform cannot run go tool&#xA;    FailNow is incomplete, requires runtime.Goexit()&#xA;    failed to run `go mod download -json filippo.io/mostly-harmless/ed25519vectors@v0.0.0-20210322192420-30a2d7243a94`, output: &#xA;    FailNow is incomplete, requires runtime.Goexit()&#xA;    unexpected end of JSON input&#xA;    FailNow is incomplete, requires runtime.Goexit()&#xA;/home/vscode/.cache/tinygo/goroot-c2837f81ee81c8ecea884819967eafb31ba911b22ee551ef42f43b1105f0124e/src/crypto/ed25519/ed25519vectors.json    failed to read ed25519vectors.json: open ed25519vectors.json: file does not exist&#xA;    FailNow is incomplete, requires runtime.Goexit()&#xA;    unexpected end of JSON input&#xA;    FailNow is incomplete, requires runtime.Goexit()&#xA;--- FAIL: TestEd25519Vectors (0.04s)&#xA;    TempDir RemoveAll cleanup: RemoveAll /tmp/TestEd25519Vectors160078016: errno 52&#xA;</failure>
		</testcase>
		<testcase classname="crypto/ed25519" name="TestGolden" time="-0.000000">
			<failure message="Failed" type="">=== RUN   TestGolden&#xA;/home/vscode/.cache/tinygo/goroot-c2837f81ee81c8ecea884819967eafb31ba911b22ee551ef42f43b1105f0124e/src/crypto/ed25519/testdata/sign.input.gz--- PASS: TestGolden (1.34s)&#xA;</failure>
		</testcase>
		<testcase classname="crypto/ed25519" name="TestSignVerify" time="0.000000"></testcase>
		<testcase classname="crypto/ed25519" name="TestSignVerifyHashed" time="0.000000"></testcase>
		<testcase classname="crypto/ed25519" name="TestSignVerifyContext" time="0.000000"></testcase>
		<testcase classname="crypto/ed25519" name="TestCryptoSigner" time="0.000000"></testcase>
		<testcase classname="crypto/ed25519" name="TestEqual" time="0.000000"></testcase>
		<testcase classname="crypto/ed25519" name="TestMalleability" time="0.000000"></testcase>
		<testcase classname="crypto/ed25519" name="TestAllocations" time="0.000000"></testcase>
	</testsuite>
</testsuites>