<?xml version="1.0" encoding="UTF-8"?>
<testsuites tests="6" failures="0" errors="0" time="15.363140">
	<testsuite tests="6" failures="0" time="0.000000" name="crypto/md5" timestamp="2024-04-25T20:15:48Z">
		<properties>
			<property name="go.version" value="go1.22.2 linux/arm64"></property>
		</properties>
		<testcase classname="crypto/md5" name="TestGolden" time="0.000000"></testcase>
		<testcase classname="crypto/md5" name="TestGoldenMarshal" time="0.000000"></testcase>
		<testcase classname="crypto/md5" name="TestLarge" time="0.000000"></testcase>
		<testcase classname="crypto/md5" name="TestBlockGeneric" time="0.000000"></testcase>
		<testcase classname="crypto/md5" name="TestLargeHashes" time="0.000000"></testcase>
		<testcase classname="crypto/md5" name="TestAllocations" time="0.000000"></testcase>
	</testsuite>
</testsuites>