<?xml version="1.0" encoding="UTF-8"?>
<testsuites tests="1" failures="1" errors="0" time="53.656643">
	<testsuite tests="1" failures="1" time="0.000000" name="debug/pe" timestamp="2024-04-26T04:17:07Z">
		<properties>
			<property name="go.version" value="go1.22.2 linux/arm64"></property>
		</properties>
		<testcase classname="debug/pe" name="TestDefaultLinkerDWARF" time="-0.000000">
			<failure message="Failed" type="">=== RUN   TestDefaultLinkerDWARF&#xA;    skipping test: gcc is missing&#xA;    SkipNow is incomplete, requires runtime.Goexit()&#xA;    skipping windows only test&#xA;    SkipNow is incomplete, requires runtime.Goexit()&#xA;    skipping test: &#39;go run&#39; not available on wasip2/wasm&#xA;    SkipNow is incomplete, requires runtime.Goexit()&#xA;    skipping test: &#39;go build&#39; unavailable: go tool -n compile: exec: &#34;go&#34;: executable file not found in $PATH&#xA;    SkipNow is incomplete, requires runtime.Goexit()&#xA;    platform cannot run go tool&#xA;    FailNow is incomplete, requires runtime.Goexit()&#xA;    building test executable for linktype 1 failed: exec: no command &#xA;    FailNow is incomplete, requires runtime.Goexit()&#xA;    running test executable failed: open /dev/null: errno 2 &#xA;    FailNow is incomplete, requires runtime.Goexit()&#xA;    Testprog output:&#xA;    unexpected program output: &#xA;    FailNow is incomplete, requires runtime.Goexit()&#xA;panic: runtime error: index out of range&#xA;Error: failed to run main module `/tmp/tinygo3256946882/main`&#xA;&#xA;Caused by:&#xA;    0: failed to invoke `run` function&#xA;    1: error while executing at wasm backtrace:&#xA;           0: 0x291db - runtime.abort&#xA;                           at /workspaces/dc-wasm-go/tinygo/src/runtime/runtime_tinygowasmp2.go:59:6              - runtime.runtimePanicAt&#xA;                           at /workspaces/dc-wasm-go/tinygo/src/runtime/panic.go:87:7&#xA;           1: 0x27da - runtime.lookupPanic&#xA;                           at /workspaces/dc-wasm-go/tinygo/src/runtime/panic.go:160:16&#xA;           2: 0xd0447 - &lt;unknown&gt;!debug/pe.testDWARF&#xA;           3: 0xca76d - debug/pe.testCgoDWARF&#xA;                           at /usr/local/go/src/debug/pe/file_cgo_test.go:19:11&#xA;           4: 0xd09c3 - debug/pe.TestDefaultLinkerDWARF&#xA;                           at /usr/local/go/src/debug/pe/file_cgo_test.go:23:14&#xA;           5: 0x400c2 - testing.tRunner&#xA;                           at /workspaces/dc-wasm-go/tinygo/src/testing/testing.go:427:4&#xA;           6: 0x3fdb4 - (*testing.T).Run&#xA;                           at /workspaces/dc-wasm-go/tinygo/src/testing/testing.go:462:9              - testing.runTests$1&#xA;                           at /workspaces/dc-wasm-go/tinygo/src/testing/testing.go:561:10&#xA;           7: 0x400c2 - testing.tRunner&#xA;                           at /workspaces/dc-wasm-go/tinygo/src/testing/testing.go:427:4&#xA;           8: 0x3a36d - &lt;unknown&gt;!runtime.run$1&#xA;           9: 0x28a6e - &lt;goroutine wrapper&gt;&#xA;                           at /workspaces/dc-wasm-go/tinygo/src/runtime/scheduler_any.go:23:2&#xA;          10: 0x1ce1 - tinygo_launch&#xA;                           at /workspaces/dc-wasm-go/tinygo/src/internal/task/task_asyncify_wasm.S:59&#xA;          11: 0x288ea - (*internal/task.Task).Resume&#xA;                           at /workspaces/dc-wasm-go/tinygo/src/internal/task/task_asyncify.go:109:17              - runtime.scheduler&#xA;                           at /workspaces/dc-wasm-go/tinygo/src/runtime/scheduler.go:236:11              - runtime.run&#xA;                           at /workspaces/dc-wasm-go/tinygo/src/runtime/scheduler_any.go:28:11              - _start&#xA;                           at /workspaces/dc-wasm-go/tinygo/src/runtime/runtime_wasm_wasip2.go:30:5&#xA;          12: 0x2848f - wasi:cli/run@0.2.0#run&#xA;                           at /workspaces/dc-wasm-go/tinygo/src/runtime/runtime_wasm_wasip2.go:21:8&#xA;    2: wasm trap: wasm `unreachable` instruction executed&#xA;</failure>
		</testcase>
	</testsuite>
</testsuites>