<?xml version="1.0" encoding="UTF-8"?>
<testsuites tests="14" failures="1" errors="0" time="35.767001">
	<testsuite tests="14" failures="1" time="0.000000" name="flag" timestamp="2024-04-26T04:18:24Z">
		<properties>
			<property name="go.version" value="go1.22.2 linux/arm64"></property>
		</properties>
		<testcase classname="flag" name="TestPrintDefaults" time="-0.000000">
			<failure message="Failed" type="">=== RUN   TestPrintDefaults&#xA;panic: panic!&#xA;Error: failed to run main module `/tmp/tinygo2774691921/main`&#xA;&#xA;Caused by:&#xA;    0: failed to invoke `run` function&#xA;    1: error while executing at wasm backtrace:&#xA;           0: 0x3719 - runtime.abort&#xA;                           at /workspaces/dc-wasm-go/tinygo/src/runtime/runtime_tinygowasmp2.go:59:6              - runtime._panic&#xA;                           at /workspaces/dc-wasm-go/tinygo/src/runtime/panic.go:65:7&#xA;           1: 0x215b7 - (*flag_test.zeroPanicker).String&#xA;                           at /usr/local/go/src/flag/flag_test.go:479:8&#xA;           2: 0x601a6 - (Go interface method)&#xA;           3: 0x5f84b - (Go interface method)&#xA;                           at /usr/local/go/src/flag/flag.go:560:46              - flag.isZeroValue&#xA;                           at /usr/local/go/src/flag/flag.go:545:27              - (*flag.FlagSet).PrintDefaults$1&#xA;                           at /usr/local/go/src/flag/flag.go:630:32&#xA;           4: 0x5fe64 - (*flag.FlagSet).VisitAll&#xA;                           at /usr/local/go/src/flag/flag.go:458:5&#xA;           5: 0x5e889 - (*flag.FlagSet).PrintDefaults&#xA;                           at /usr/local/go/src/flag/flag.go:609:12&#xA;           6: 0x9e2ae - flag_test.TestPrintDefaults&#xA;                           at /usr/local/go/src/flag/flag_test.go:538:18&#xA;           7: 0x2d301 - testing.tRunner&#xA;                           at /workspaces/dc-wasm-go/tinygo/src/testing/testing.go:427:4&#xA;           8: 0x2cff3 - (*testing.T).Run&#xA;                           at /workspaces/dc-wasm-go/tinygo/src/testing/testing.go:462:9              - testing.runTests$1&#xA;                           at /workspaces/dc-wasm-go/tinygo/src/testing/testing.go:561:10&#xA;           9: 0x2d301 - testing.tRunner&#xA;                           at /workspaces/dc-wasm-go/tinygo/src/testing/testing.go:427:4&#xA;          10: 0x2755c - &lt;unknown&gt;!runtime.run$1&#xA;          11: 0x18329 - &lt;goroutine wrapper&gt;&#xA;                           at /workspaces/dc-wasm-go/tinygo/src/runtime/scheduler_any.go:23:2&#xA;          12: 0x1c02 - tinygo_launch&#xA;                           at /workspaces/dc-wasm-go/tinygo/src/internal/task/task_asyncify_wasm.S:59&#xA;          13: 0x181a5 - (*internal/task.Task).Resume&#xA;                           at /workspaces/dc-wasm-go/tinygo/src/internal/task/task_asyncify.go:109:17              - runtime.scheduler&#xA;                           at /workspaces/dc-wasm-go/tinygo/src/runtime/scheduler.go:236:11              - runtime.run&#xA;                           at /workspaces/dc-wasm-go/tinygo/src/runtime/scheduler_any.go:28:11              - _start&#xA;                           at /workspaces/dc-wasm-go/tinygo/src/runtime/runtime_wasm_wasip2.go:30:5&#xA;          14: 0x17d4a - wasi:cli/run@0.2.0#run&#xA;                           at /workspaces/dc-wasm-go/tinygo/src/runtime/runtime_wasm_wasip2.go:21:8&#xA;    2: wasm trap: wasm `unreachable` instruction executed&#xA;</failure>
		</testcase>
		<testcase classname="flag" name="TestEverything" time="0.000000"></testcase>
		<testcase classname="flag" name="TestGet" time="0.000000"></testcase>
		<testcase classname="flag" name="TestUsage" time="0.000000"></testcase>
		<testcase classname="flag" name="TestParse" time="0.000000"></testcase>
		<testcase classname="flag" name="TestFlagSetParse" time="0.000000"></testcase>
		<testcase classname="flag" name="TestUserDefined" time="0.000000"></testcase>
		<testcase classname="flag" name="TestUserDefinedFunc" time="0.000000"></testcase>
		<testcase classname="flag" name="TestUserDefinedForCommandLine" time="0.000000"></testcase>
		<testcase classname="flag" name="TestUserDefinedBool" time="0.000000"></testcase>
		<testcase classname="flag" name="TestUserDefinedBoolUsage" time="0.000000"></testcase>
		<testcase classname="flag" name="TestSetOutput" time="0.000000"></testcase>
		<testcase classname="flag" name="TestChangingArgs" time="0.000000"></testcase>
		<testcase classname="flag" name="TestHelp" time="0.000000"></testcase>
	</testsuite>
</testsuites>