<?xml version="1.0" encoding="UTF-8"?>
<testsuites tests="3" failures="1" errors="0" time="64.952786">
	<testsuite tests="3" failures="1" time="0.000000" name="fmt" timestamp="2024-04-26T04:18:25Z">
		<properties>
			<property name="go.version" value="go1.22.2 linux/arm64"></property>
		</properties>
		<testcase classname="fmt" name="TestSprintf" time="-0.000000">
			<failure message="Failed" type="">=== RUN   TestSprintf&#xA;    Sprintf(&#34;%#v&#34;, 0x2f) = &#34;(func)(0x2f)&#34; want &#34;(func(*testing.T))(0xPTR)&#34;&#xA;panic: runtime error: nil pointer dereference&#xA;Error: failed to run main module `/tmp/tinygo119313178/main`&#xA;&#xA;Caused by:&#xA;    0: failed to invoke `run` function&#xA;    1: error while executing at wasm backtrace:&#xA;           0: 0x1a847 - runtime.abort&#xA;                           at /workspaces/dc-wasm-go/tinygo/src/runtime/runtime_tinygowasmp2.go:59:6              - runtime.runtimePanicAt&#xA;                           at /workspaces/dc-wasm-go/tinygo/src/runtime/panic.go:87:7&#xA;           1: 0x6408 - runtime.nilPanic&#xA;                           at /workspaces/dc-wasm-go/tinygo/src/runtime/panic.go:150:16&#xA;           2: 0x3ea3 - (*reflect.rawType).isNamed&#xA;                           at /workspaces/dc-wasm-go/tinygo/src/reflect/type.go:491:11&#xA;           3: 0x428d - &lt;unknown&gt;!(*reflect.rawType).String&#xA;           4: 0xc07e - (reflect.Value).String&#xA;                           at /workspaces/dc-wasm-go/tinygo/src/reflect/value.go:506:33&#xA;           5: 0x1ce71 - (Go interface method)&#xA;                           at /usr/local/go/src/regexp/syntax/prog.go:125:17&#xA;           6: 0x78c15 - &lt;unknown&gt;!(*fmt.pp).handleMethods&#xA;           7: 0x72923 - &lt;unknown&gt;!(*fmt.pp).printArg&#xA;           8: 0x754f0 - &lt;unknown&gt;!(*fmt.pp).doPrintf&#xA;           9: 0x253df - fmt.Sprintf&#xA;                           at /usr/local/go/src/fmt/print.go:239:12&#xA;          10: 0xa8a8d - fmt_test.TestSprintf&#xA;                           at /usr/local/go/src/fmt/fmt_test.go:1095:15&#xA;          11: 0x4facc - testing.tRunner&#xA;                           at /workspaces/dc-wasm-go/tinygo/src/testing/testing.go:427:4&#xA;          12: 0x8dd6f - (*testing.T).Run&#xA;          13: 0x4f7d4 - testing.runTests$1&#xA;                           at /workspaces/dc-wasm-go/tinygo/src/testing/testing.go:561:10&#xA;          14: 0x4facc - testing.tRunner&#xA;                           at /workspaces/dc-wasm-go/tinygo/src/testing/testing.go:427:4&#xA;          15: 0x2a7b2 - &lt;unknown&gt;!runtime.run$1&#xA;          16: 0x1a1a4 - &lt;goroutine wrapper&gt;&#xA;                           at /workspaces/dc-wasm-go/tinygo/src/runtime/scheduler_any.go:23:2&#xA;          17: 0x1b25 - tinygo_launch&#xA;                           at /workspaces/dc-wasm-go/tinygo/src/internal/task/task_asyncify_wasm.S:59&#xA;          18: 0x1a056 - (*internal/task.Task).Resume&#xA;                           at /workspaces/dc-wasm-go/tinygo/src/internal/task/task_asyncify.go:109:17              - runtime.scheduler&#xA;                           at /workspaces/dc-wasm-go/tinygo/src/runtime/scheduler.go:236:11              - runtime.run&#xA;                           at /workspaces/dc-wasm-go/tinygo/src/runtime/scheduler_any.go:28:11              - _start&#xA;                           at /workspaces/dc-wasm-go/tinygo/src/runtime/runtime_wasm_wasip2.go:30:5&#xA;          19: 0x19dcd - wasi:cli/run@0.2.0#run&#xA;                           at /workspaces/dc-wasm-go/tinygo/src/runtime/runtime_wasm_wasip2.go:21:8&#xA;    2: wasm trap: wasm `unreachable` instruction executed&#xA;</failure>
		</testcase>
		<testcase classname="fmt" name="TestErrorf" time="0.000000"></testcase>
		<testcase classname="fmt" name="TestFmtInterface" time="0.000000"></testcase>
	</testsuite>
</testsuites>