<?xml version="1.0" encoding="UTF-8"?>
<testsuites tests="55" failures="21" errors="0" time="124.127555">
	<testsuite tests="55" failures="21" time="0.000000" name="go/build" timestamp="2024-04-25T20:17:04Z">
		<properties>
			<property name="go.version" value="go1.22.2 linux/arm64"></property>
		</properties>
		<testcase classname="go/build" name="TestDotSlashImport" time="0.000000">
			<failure message="Failed" type="">=== RUN   TestDotSlashImport&#xA;/usr/home/vscode/.cache/tinygo/goroot-c2837f81ee81c8ecea884819967eafb31ba911b22ee551ef42f43b1105f0124e/src/go/build/testdata/home/vscode/.cache/tinygo/goroot-c2837f81ee81c8ecea884819967eafb31ba911b22ee551ef42f43b1105f0124e/src/go/build/testdata/other/home/vscode/.cache/tinygo/goroot-c2837f81ee81c8ecea884819967eafb31ba911b22ee551ef42f43b1105f0124e/src/go/build/testdata/other/home/vscode/.cache/tinygo/goroot-c2837f81ee81c8ecea884819967eafb31ba911b22ee551ef42f43b1105f0124e/src/go/build/testdata/other    no buildable Go source files in testdata/other&#xA;    FailNow is incomplete, requires runtime.Goexit()&#xA;    testdata/other: Imports=[], want [./file]&#xA;    FailNow is incomplete, requires runtime.Goexit()&#xA;/usr/home/vscode/.cache/tinygo/goroot-c2837f81ee81c8ecea884819967eafb31ba911b22ee551ef42f43b1105f0124e/src/go/build/testdata/home/vscode/.cache/tinygo/goroot-c2837f81ee81c8ecea884819967eafb31ba911b22ee551ef42f43b1105f0124e/src/go/build/testdata/other/home/vscode/.cache/tinygo/goroot-c2837f81ee81c8ecea884819967eafb31ba911b22ee551ef42f43b1105f0124e/src/go/build/testdata/other/file/home/vscode/.cache/tinygo/goroot-c2837f81ee81c8ecea884819967eafb31ba911b22ee551ef42f43b1105f0124e/src/go/build/testdata/other/file/home/vscode/.cache/tinygo/goroot-c2837f81ee81c8ecea884819967eafb31ba911b22ee551ef42f43b1105f0124e/src/go/build/testdata/other/file/home/vscode/.cache/tinygo/goroot-c2837f81ee81c8ecea884819967eafb31ba911b22ee551ef42f43b1105f0124e/src/go/build/testdata/other/file/file.go    import &#34;./file&#34;: unknown compiler &#34;tinygo&#34;&#xA;    FailNow is incomplete, requires runtime.Goexit()&#xA;--- FAIL: TestDotSlashImport (0.01s)&#xA;</failure>
		</testcase>
		<testcase classname="go/build" name="TestLocalDirectory" time="0.000000">
			<failure message="Failed" type="">=== RUN   TestLocalDirectory&#xA;/usr/home/home/vscode/.cache/tinygo/goroot-c2837f81ee81c8ecea884819967eafb31ba911b22ee551ef42f43b1105f0124e/src/go/build/home/vscode/.cache/tinygo/goroot-c2837f81ee81c8ecea884819967eafb31ba911b22ee551ef42f43b1105f0124e/src/go/build/home/vscode/.cache/tinygo/goroot-c2837f81ee81c8ecea884819967eafb31ba911b22ee551ef42f43b1105f0124e/src/go/build/build.go/home/vscode/.cache/tinygo/goroot-c2837f81ee81c8ecea884819967eafb31ba911b22ee551ef42f43b1105f0124e/src/go/build/build_test.go/home/vscode/.cache/tinygo/goroot-c2837f81ee81c8ecea884819967eafb31ba911b22ee551ef42f43b1105f0124e/src/go/build/deps_test.go/home/vscode/.cache/tinygo/goroot-c2837f81ee81c8ecea884819967eafb31ba911b22ee551ef42f43b1105f0124e/src/go/build/doc.go/home/vscode/.cache/tinygo/goroot-c2837f81ee81c8ecea884819967eafb31ba911b22ee551ef42f43b1105f0124e/src/go/build/gc.go/home/vscode/.cache/tinygo/goroot-c2837f81ee81c8ecea884819967eafb31ba911b22ee551ef42f43b1105f0124e/src/go/build/gccgo.go/home/vscode/.cache/tinygo/goroot-c2837f81ee81c8ecea884819967eafb31ba911b22ee551ef42f43b1105f0124e/src/go/build/read.go/home/vscode/.cache/tinygo/goroot-c2837f81ee81c8ecea884819967eafb31ba911b22ee551ef42f43b1105f0124e/src/go/build/read_test.go/home/vscode/.cache/tinygo/goroot-c2837f81ee81c8ecea884819967eafb31ba911b22ee551ef42f43b1105f0124e/src/go/build/syslist.go/home/vscode/.cache/tinygo/goroot-c2837f81ee81c8ecea884819967eafb31ba911b22ee551ef42f43b1105f0124e/src/go/build/syslist_test.go/home/vscode/.cache/tinygo/goroot-c2837f81ee81c8ecea884819967eafb31ba911b22ee551ef42f43b1105f0124e/src/go/build/zcgo.go    import &#34;.&#34;: unknown compiler &#34;tinygo&#34;&#xA;    FailNow is incomplete, requires runtime.Goexit()&#xA;    ImportPath=&#34;.&#34;, want &#34;go/build&#34;&#xA;    FailNow is incomplete, requires runtime.Goexit()&#xA;--- FAIL: TestLocalDirectory (0.01s)&#xA;</failure>
		</testcase>
		<testcase classname="go/build" name="TestImportCmd" time="0.000000">
			<failure message="Failed" type="">=== RUN   TestImportCmd&#xA;/usr/local/go/src/cmd/internal/objfile/dev/null    go/build: go list cmd/internal/objfile: open /dev/null: errno 2&#xA;        &#xA;        &#xA;    FailNow is incomplete, requires runtime.Goexit()&#xA;    Import cmd/internal/objfile returned Dir=&#34;&#34;, want &#34;.../src/cmd/internal/objfile&#34;&#xA;    FailNow is incomplete, requires runtime.Goexit()&#xA;--- FAIL: TestImportCmd (0.00s)&#xA;</failure>
		</testcase>
		<testcase classname="go/build" name="TestImportDirNotExist" time="0.000000">
			<failure message="Failed" type="">=== RUN   TestImportDirNotExist&#xA;    skipping test: &#39;go build&#39; unavailable: go tool -n compile: exec: &#34;go&#34;: executable file not found in $PATH&#xA;    SkipNow is incomplete, requires runtime.Goexit()&#xA;/tmp/TestImportDirNotExist87594817/tmp/TestImportDirNotExist87594817/000=== RUN   TestImportDirNotExist/GO111MODULE=off&#xA;/usr/local/go/src/go/build/doesnotexist/tmp/TestImportDirNotExist87594817/000/src/go/build/doesnotexist/usr/local/go/src/go/build/doesnotexist/usr/local/go/src/go/build/doesnotexist/tmp/TestImportDirNotExist87594817/000/src/go/build/doesnotexist/usr/local/go/src/go/build/doesnotexist    --- PASS: TestImportDirNotExist/GO111MODULE=off (0.00s)&#xA;--- FAIL: TestImportDirNotExist (0.00s)&#xA;    TempDir RemoveAll cleanup: RemoveAll /tmp/TestImportDirNotExist87594817: errno 52&#xA;=== RUN   TestImportDirNotExist/GO111MODULE=on&#xA;/usr/local/go/src/go/build/doesnotexist/dev/null        Import(full, 0) got error: &#34;go/build: go list go/build/doesnotexist: open /dev/null: errno 2\n\n&#34;, want &#34;cannot find package&#34; or &#34;is not in std&#34; error&#xA;/usr/local/go/src/go/build/doesnotexist/usr/local/go/src/go/build/doesnotexist/dev/null        Import(full, FindOnly) got error: &#34;go/build: go list go/build/doesnotexist: open /dev/null: errno 2\n\n&#34;, want &#34;cannot find package&#34; or &#34;is not in std&#34; error&#xA;/usr/local/go/src/go/build/doesnotexist    --- FAIL: TestImportDirNotExist/GO111MODULE=on (0.00s)&#xA;</failure>
		</testcase>
		<testcase classname="go/build" name="TestImportVendor" time="0.000000">
			<failure message="Failed" type="">=== RUN   TestImportVendor&#xA;    skipping test: &#39;go build&#39; unavailable: go tool -n compile: exec: &#34;go&#34;: executable file not found in $PATH&#xA;    SkipNow is incomplete, requires runtime.Goexit()&#xA;/usr/home/home/vscode/.cache/tinygo/goroot-c2837f81ee81c8ecea884819967eafb31ba911b22ee551ef42f43b1105f0124e/src/go/build/testdata/withvendor/src/a/b/vendor/home/vscode/.cache/tinygo/goroot-c2837f81ee81c8ecea884819967eafb31ba911b22ee551ef42f43b1105f0124e/src/go/build/testdata/withvendor/src/a/vendor/home/vscode/.cache/tinygo/goroot-c2837f81ee81c8ecea884819967eafb31ba911b22ee551ef42f43b1105f0124e/src/go/build/testdata/withvendor/src/a/vendor/c/d/home/vscode/.cache/tinygo/goroot-c2837f81ee81c8ecea884819967eafb31ba911b22ee551ef42f43b1105f0124e/src/go/build/testdata/withvendor/src/a/vendor/c/d/home/vscode/.cache/tinygo/goroot-c2837f81ee81c8ecea884819967eafb31ba911b22ee551ef42f43b1105f0124e/src/go/build/testdata/withvendor/src/a/vendor/c/d/home/vscode/.cache/tinygo/goroot-c2837f81ee81c8ecea884819967eafb31ba911b22ee551ef42f43b1105f0124e/src/go/build/testdata/withvendor/src/a/vendor/c/d/d.go    cannot find vendored c/d from testdata src/a/b directory: import &#34;c/d&#34;: unknown compiler &#34;tinygo&#34;&#xA;    FailNow is incomplete, requires runtime.Goexit()&#xA;--- FAIL: TestImportVendor (0.00s)&#xA;</failure>
		</testcase>
		<testcase classname="go/build" name="TestImportPackageOutsideModule" time="0.000000">
			<failure message="Failed" type="">=== RUN   TestImportPackageOutsideModule&#xA;    skipping test: &#39;go build&#39; unavailable: go tool -n compile: exec: &#34;go&#34;: executable file not found in $PATH&#xA;    SkipNow is incomplete, requires runtime.Goexit()&#xA;/tmp/TestImportPackageOutsideModule162553001/tmp/TestImportPackageOutsideModule162553001/000/tmp/TestImportPackageOutsideModule162553001/000/src/example.com/p/tmp/TestImportPackageOutsideModule162553001/000/src/example.com/tmp/TestImportPackageOutsideModule162553001/000/src/tmp/TestImportPackageOutsideModule162553001/000/tmp/TestImportPackageOutsideModule162553001/000/src/tmp/TestImportPackageOutsideModule162553001/000/src/example.com/tmp/TestImportPackageOutsideModule162553001/000/src/example.com/p/tmp/TestImportPackageOutsideModule162553001/000/src/example.com/p/p.go/usr/tmp/usr/local/go/src/example.com/p/dev/null    error when importing package when no go.mod is present: got &#34;go/build: go list example.com/p: open /dev/null: errno 2\n\n&#34;; want &#34;go.mod file not found in current directory or any parent directory&#34;&#xA;    FailNow is incomplete, requires runtime.Goexit()&#xA;--- FAIL: TestImportPackageOutsideModule (0.00s)&#xA;    TempDir RemoveAll cleanup: RemoveAll /tmp/TestImportPackageOutsideModule162553001: errno 52&#xA;</failure>
		</testcase>
		<testcase classname="go/build" name="TestIssue23594" time="0.000000">
			<failure message="Failed" type="">=== RUN   TestIssue23594&#xA;/usr/home/vscode/.cache/tinygo/goroot-c2837f81ee81c8ecea884819967eafb31ba911b22ee551ef42f43b1105f0124e/src/go/build/testdata/home/vscode/.cache/tinygo/goroot-c2837f81ee81c8ecea884819967eafb31ba911b22ee551ef42f43b1105f0124e/src/go/build/testdata/doc/home/vscode/.cache/tinygo/goroot-c2837f81ee81c8ecea884819967eafb31ba911b22ee551ef42f43b1105f0124e/src/go/build/testdata/doc/home/vscode/.cache/tinygo/goroot-c2837f81ee81c8ecea884819967eafb31ba911b22ee551ef42f43b1105f0124e/src/go/build/testdata/doc/home/vscode/.cache/tinygo/goroot-c2837f81ee81c8ecea884819967eafb31ba911b22ee551ef42f43b1105f0124e/src/go/build/testdata/doc/a_test.go/home/vscode/.cache/tinygo/goroot-c2837f81ee81c8ecea884819967eafb31ba911b22ee551ef42f43b1105f0124e/src/go/build/testdata/doc/b_test.go/home/vscode/.cache/tinygo/goroot-c2837f81ee81c8ecea884819967eafb31ba911b22ee551ef42f43b1105f0124e/src/go/build/testdata/doc/c_test.go/home/vscode/.cache/tinygo/goroot-c2837f81ee81c8ecea884819967eafb31ba911b22ee551ef42f43b1105f0124e/src/go/build/testdata/doc/d_test.go/home/vscode/.cache/tinygo/goroot-c2837f81ee81c8ecea884819967eafb31ba911b22ee551ef42f43b1105f0124e/src/go/build/testdata/doc/e.go/home/vscode/.cache/tinygo/goroot-c2837f81ee81c8ecea884819967eafb31ba911b22ee551ef42f43b1105f0124e/src/go/build/testdata/doc/f.go    could not import testdata: import &#34;.&#34;: unknown compiler &#34;tinygo&#34;&#xA;    FailNow is incomplete, requires runtime.Goexit()&#xA;--- FAIL: TestIssue23594 (0.00s)&#xA;</failure>
		</testcase>
		<testcase classname="go/build" name="TestCgoImportsIgnored" time="0.000000">
			<failure message="Failed" type="">=== RUN   TestCgoImportsIgnored&#xA;/usr/home/vscode/.cache/tinygo/goroot-c2837f81ee81c8ecea884819967eafb31ba911b22ee551ef42f43b1105f0124e/src/go/build/testdata/home/vscode/.cache/tinygo/goroot-c2837f81ee81c8ecea884819967eafb31ba911b22ee551ef42f43b1105f0124e/src/go/build/testdata/cgo_disabled/home/vscode/.cache/tinygo/goroot-c2837f81ee81c8ecea884819967eafb31ba911b22ee551ef42f43b1105f0124e/src/go/build/testdata/cgo_disabled/home/vscode/.cache/tinygo/goroot-c2837f81ee81c8ecea884819967eafb31ba911b22ee551ef42f43b1105f0124e/src/go/build/testdata/cgo_disabled/home/vscode/.cache/tinygo/goroot-c2837f81ee81c8ecea884819967eafb31ba911b22ee551ef42f43b1105f0124e/src/go/build/testdata/cgo_disabled/cgo_disabled.go/home/vscode/.cache/tinygo/goroot-c2837f81ee81c8ecea884819967eafb31ba911b22ee551ef42f43b1105f0124e/src/go/build/testdata/cgo_disabled/empty.go    import &#34;.&#34;: unknown compiler &#34;tinygo&#34;&#xA;    FailNow is incomplete, requires runtime.Goexit()&#xA;--- FAIL: TestCgoImportsIgnored (0.00s)&#xA;</failure>
		</testcase>
		<testcase classname="go/build" name="TestAllTags" time="0.000000">
			<failure message="Failed" type="">=== RUN   TestAllTags&#xA;/usr/home/vscode/.cache/tinygo/goroot-c2837f81ee81c8ecea884819967eafb31ba911b22ee551ef42f43b1105f0124e/src/go/build/testdata/home/vscode/.cache/tinygo/goroot-c2837f81ee81c8ecea884819967eafb31ba911b22ee551ef42f43b1105f0124e/src/go/build/testdata/alltags/home/vscode/.cache/tinygo/goroot-c2837f81ee81c8ecea884819967eafb31ba911b22ee551ef42f43b1105f0124e/src/go/build/testdata/alltags/home/vscode/.cache/tinygo/goroot-c2837f81ee81c8ecea884819967eafb31ba911b22ee551ef42f43b1105f0124e/src/go/build/testdata/alltags/home/vscode/.cache/tinygo/goroot-c2837f81ee81c8ecea884819967eafb31ba911b22ee551ef42f43b1105f0124e/src/go/build/testdata/alltags/alltags.go/home/vscode/.cache/tinygo/goroot-c2837f81ee81c8ecea884819967eafb31ba911b22ee551ef42f43b1105f0124e/src/go/build/testdata/alltags/x_netbsd_arm.go    import &#34;.&#34;: unknown compiler &#34;tinygo&#34;&#xA;    FailNow is incomplete, requires runtime.Goexit()&#xA;/usr/home/vscode/.cache/tinygo/goroot-c2837f81ee81c8ecea884819967eafb31ba911b22ee551ef42f43b1105f0124e/src/go/build/testdata/home/vscode/.cache/tinygo/goroot-c2837f81ee81c8ecea884819967eafb31ba911b22ee551ef42f43b1105f0124e/src/go/build/testdata/alltags/home/vscode/.cache/tinygo/goroot-c2837f81ee81c8ecea884819967eafb31ba911b22ee551ef42f43b1105f0124e/src/go/build/testdata/alltags/home/vscode/.cache/tinygo/goroot-c2837f81ee81c8ecea884819967eafb31ba911b22ee551ef42f43b1105f0124e/src/go/build/testdata/alltags/home/vscode/.cache/tinygo/goroot-c2837f81ee81c8ecea884819967eafb31ba911b22ee551ef42f43b1105f0124e/src/go/build/testdata/alltags/alltags.go    import &#34;.&#34;: unknown compiler &#34;tinygo&#34;&#xA;    FailNow is incomplete, requires runtime.Goexit()&#xA;--- FAIL: TestAllTags (0.00s)&#xA;</failure>
		</testcase>
		<testcase classname="go/build" name="TestAllTagsNonSourceFile" time="0.000000">
			<failure message="Failed" type="">=== RUN   TestAllTagsNonSourceFile&#xA;/usr/home/vscode/.cache/tinygo/goroot-c2837f81ee81c8ecea884819967eafb31ba911b22ee551ef42f43b1105f0124e/src/go/build/testdata/home/vscode/.cache/tinygo/goroot-c2837f81ee81c8ecea884819967eafb31ba911b22ee551ef42f43b1105f0124e/src/go/build/testdata/non_source_tags/home/vscode/.cache/tinygo/goroot-c2837f81ee81c8ecea884819967eafb31ba911b22ee551ef42f43b1105f0124e/src/go/build/testdata/non_source_tags/home/vscode/.cache/tinygo/goroot-c2837f81ee81c8ecea884819967eafb31ba911b22ee551ef42f43b1105f0124e/src/go/build/testdata/non_source_tags/home/vscode/.cache/tinygo/goroot-c2837f81ee81c8ecea884819967eafb31ba911b22ee551ef42f43b1105f0124e/src/go/build/testdata/non_source_tags/non_source_tags.go    import &#34;.&#34;: unknown compiler &#34;tinygo&#34;&#xA;    FailNow is incomplete, requires runtime.Goexit()&#xA;--- FAIL: TestAllTagsNonSourceFile (0.00s)&#xA;</failure>
		</testcase>
		<testcase classname="go/build" name="TestDirectives" time="0.000000">
			<failure message="Failed" type="">=== RUN   TestDirectives&#xA;/usr/home/vscode/.cache/tinygo/goroot-c2837f81ee81c8ecea884819967eafb31ba911b22ee551ef42f43b1105f0124e/src/go/build/testdata/home/vscode/.cache/tinygo/goroot-c2837f81ee81c8ecea884819967eafb31ba911b22ee551ef42f43b1105f0124e/src/go/build/testdata/directives/home/vscode/.cache/tinygo/goroot-c2837f81ee81c8ecea884819967eafb31ba911b22ee551ef42f43b1105f0124e/src/go/build/testdata/directives/home/vscode/.cache/tinygo/goroot-c2837f81ee81c8ecea884819967eafb31ba911b22ee551ef42f43b1105f0124e/src/go/build/testdata/directives/home/vscode/.cache/tinygo/goroot-c2837f81ee81c8ecea884819967eafb31ba911b22ee551ef42f43b1105f0124e/src/go/build/testdata/directives/a.go/home/vscode/.cache/tinygo/goroot-c2837f81ee81c8ecea884819967eafb31ba911b22ee551ef42f43b1105f0124e/src/go/build/testdata/directives/a_test.go/home/vscode/.cache/tinygo/goroot-c2837f81ee81c8ecea884819967eafb31ba911b22ee551ef42f43b1105f0124e/src/go/build/testdata/directives/b_test.go/home/vscode/.cache/tinygo/goroot-c2837f81ee81c8ecea884819967eafb31ba911b22ee551ef42f43b1105f0124e/src/go/build/testdata/directives/c_test.go/home/vscode/.cache/tinygo/goroot-c2837f81ee81c8ecea884819967eafb31ba911b22ee551ef42f43b1105f0124e/src/go/build/testdata/directives/d_test.go/home/vscode/.cache/tinygo/goroot-c2837f81ee81c8ecea884819967eafb31ba911b22ee551ef42f43b1105f0124e/src/go/build/testdata/directives/eve.go    could not import testdata: import &#34;.&#34;: unknown compiler &#34;tinygo&#34;&#xA;    FailNow is incomplete, requires runtime.Goexit()&#xA;--- FAIL: TestDirectives (0.01s)&#xA;</failure>
		</testcase>
		<testcase classname="go/build" name="TestFindImports" time="0.000000">
			<failure message="Failed" type="">=== RUN   TestFindImports&#xA;/usr/local/go/src/go/build    open /usr/local/go/src/go/build: errno 2&#xA;    FailNow is incomplete, requires runtime.Goexit()&#xA;    go/build imports []&#xA;    expected to find &#34;bytes&#34; in import list&#xA;    expected to find &#34;os&#34; in import list&#xA;    expected to find &#34;path/filepath&#34; in import list&#xA;    expected to find &#34;strings&#34; in import list&#xA;--- FAIL: TestFindImports (0.00s)&#xA;</failure>
		</testcase>
		<testcase classname="go/build" name="TestImportDirNotExist/GO111MODULE=on" time="-0.000000">
			<failure message="Failed" type="">=== RUN   TestImportDirNotExist/GO111MODULE=on&#xA;/usr/local/go/src/go/build/doesnotexist/dev/null        Import(full, 0) got error: &#34;go/build: go list go/build/doesnotexist: open /dev/null: errno 2\n\n&#34;, want &#34;cannot find package&#34; or &#34;is not in std&#34; error&#xA;/usr/local/go/src/go/build/doesnotexist/usr/local/go/src/go/build/doesnotexist/dev/null        Import(full, FindOnly) got error: &#34;go/build: go list go/build/doesnotexist: open /dev/null: errno 2\n\n&#34;, want &#34;cannot find package&#34; or &#34;is not in std&#34; error&#xA;/usr/local/go/src/go/build/doesnotexist    --- FAIL: TestImportDirNotExist/GO111MODULE=on (0.00s)&#xA;</failure>
		</testcase>
		<testcase classname="go/build" name="TestImportVendorFailure" time="-0.000000">
			<failure message="Failed" type="">=== RUN   TestImportVendorFailure&#xA;    skipping test: &#39;go build&#39; unavailable: go tool -n compile: exec: &#34;go&#34;: executable file not found in $PATH&#xA;    SkipNow is incomplete, requires runtime.Goexit()&#xA;/usr/home/home/vscode/.cache/tinygo/goroot-c2837f81ee81c8ecea884819967eafb31ba911b22ee551ef42f43b1105f0124e/src/go/build/testdata/withvendor/src/a/b/vendor/home/vscode/.cache/tinygo/goroot-c2837f81ee81c8ecea884819967eafb31ba911b22ee551ef42f43b1105f0124e/src/go/build/testdata/withvendor/src/a/vendor/home/vscode/.cache/tinygo/goroot-c2837f81ee81c8ecea884819967eafb31ba911b22ee551ef42f43b1105f0124e/src/go/build/testdata/withvendor/src/a/vendor/x.com/y/z/home/vscode/.cache/tinygo/goroot-c2837f81ee81c8ecea884819967eafb31ba911b22ee551ef42f43b1105f0124e/src/go/build/testdata/withvendor/src/vendor/usr/local/go/src/x.com/y/z/home/vscode/.cache/tinygo/goroot-c2837f81ee81c8ecea884819967eafb31ba911b22ee551ef42f43b1105f0124e/src/go/build/testdata/withvendor/src/x.com/y/z--- FAIL: TestImportVendorFailure (0.00s)&#xA;</failure>
		</testcase>
		<testcase classname="go/build" name="TestMissingImportErrorRepetition" time="-0.000000">
			<failure message="Failed" type="">=== RUN   TestMissingImportErrorRepetition&#xA;    skipping test: &#39;go build&#39; unavailable: go tool -n compile: exec: &#34;go&#34;: executable file not found in $PATH&#xA;    SkipNow is incomplete, requires runtime.Goexit()&#xA;/tmp/TestMissingImportErrorRepetition227571611/tmp/TestMissingImportErrorRepetition227571611/000/tmp/TestMissingImportErrorRepetition227571611/000/go.mod/usr/tmp/usr/local/go/src/example.com/hello/dev/null--- FAIL: TestMissingImportErrorRepetition (0.00s)&#xA;    TempDir RemoveAll cleanup: RemoveAll /tmp/TestMissingImportErrorRepetition227571611: errno 52&#xA;</failure>
		</testcase>
		<testcase classname="go/build" name="TestImportVendorParentFailure" time="-0.000000">
			<failure message="Failed" type="">=== RUN   TestImportVendorParentFailure&#xA;    skipping test: &#39;go build&#39; unavailable: go tool -n compile: exec: &#34;go&#34;: executable file not found in $PATH&#xA;    SkipNow is incomplete, requires runtime.Goexit()&#xA;/usr/home/home/vscode/.cache/tinygo/goroot-c2837f81ee81c8ecea884819967eafb31ba911b22ee551ef42f43b1105f0124e/src/go/build/testdata/withvendor/src/a/b/vendor/home/vscode/.cache/tinygo/goroot-c2837f81ee81c8ecea884819967eafb31ba911b22ee551ef42f43b1105f0124e/src/go/build/testdata/withvendor/src/a/vendor/home/vscode/.cache/tinygo/goroot-c2837f81ee81c8ecea884819967eafb31ba911b22ee551ef42f43b1105f0124e/src/go/build/testdata/withvendor/src/a/vendor/c/home/vscode/.cache/tinygo/goroot-c2837f81ee81c8ecea884819967eafb31ba911b22ee551ef42f43b1105f0124e/src/go/build/testdata/withvendor/src/a/vendor/c/home/vscode/.cache/tinygo/goroot-c2837f81ee81c8ecea884819967eafb31ba911b22ee551ef42f43b1105f0124e/src/go/build/testdata/withvendor/src/vendor/usr/local/go/src/c/home/vscode/.cache/tinygo/goroot-c2837f81ee81c8ecea884819967eafb31ba911b22ee551ef42f43b1105f0124e/src/go/build/testdata/withvendor/src/c--- FAIL: TestImportVendorParentFailure (0.00s)&#xA;</failure>
		</testcase>
		<testcase classname="go/build" name="TestEmptyFolderImport" time="-0.000000">
			<failure message="Failed" type="">=== RUN   TestEmptyFolderImport&#xA;/usr/home/vscode/.cache/tinygo/goroot-c2837f81ee81c8ecea884819967eafb31ba911b22ee551ef42f43b1105f0124e/src/go/build/testdata/home/vscode/.cache/tinygo/goroot-c2837f81ee81c8ecea884819967eafb31ba911b22ee551ef42f43b1105f0124e/src/go/build/testdata/empty/home/vscode/.cache/tinygo/goroot-c2837f81ee81c8ecea884819967eafb31ba911b22ee551ef42f43b1105f0124e/src/go/build/testdata/empty/home/vscode/.cache/tinygo/goroot-c2837f81ee81c8ecea884819967eafb31ba911b22ee551ef42f43b1105f0124e/src/go/build/testdata/empty--- PASS: TestEmptyFolderImport (0.00s)&#xA;</failure>
		</testcase>
		<testcase classname="go/build" name="TestMultiplePackageImport" time="-0.000000">
			<failure message="Failed" type="">=== RUN   TestMultiplePackageImport&#xA;/usr/home/vscode/.cache/tinygo/goroot-c2837f81ee81c8ecea884819967eafb31ba911b22ee551ef42f43b1105f0124e/src/go/build/testdata/home/vscode/.cache/tinygo/goroot-c2837f81ee81c8ecea884819967eafb31ba911b22ee551ef42f43b1105f0124e/src/go/build/testdata/multi/home/vscode/.cache/tinygo/goroot-c2837f81ee81c8ecea884819967eafb31ba911b22ee551ef42f43b1105f0124e/src/go/build/testdata/multi/home/vscode/.cache/tinygo/goroot-c2837f81ee81c8ecea884819967eafb31ba911b22ee551ef42f43b1105f0124e/src/go/build/testdata/multi/home/vscode/.cache/tinygo/goroot-c2837f81ee81c8ecea884819967eafb31ba911b22ee551ef42f43b1105f0124e/src/go/build/testdata/multi/file.go/home/vscode/.cache/tinygo/goroot-c2837f81ee81c8ecea884819967eafb31ba911b22ee551ef42f43b1105f0124e/src/go/build/testdata/multi/file_appengine.go--- PASS: TestMultiplePackageImport (0.00s)&#xA;</failure>
		</testcase>
		<testcase classname="go/build" name="TestIssue56509" time="-0.000000">
			<failure message="Failed" type="">=== RUN   TestIssue56509&#xA;/usr/home/vscode/.cache/tinygo/goroot-c2837f81ee81c8ecea884819967eafb31ba911b22ee551ef42f43b1105f0124e/src/go/build/testdata/home/vscode/.cache/tinygo/goroot-c2837f81ee81c8ecea884819967eafb31ba911b22ee551ef42f43b1105f0124e/src/go/build/testdata/bads/home/vscode/.cache/tinygo/goroot-c2837f81ee81c8ecea884819967eafb31ba911b22ee551ef42f43b1105f0124e/src/go/build/testdata/bads/home/vscode/.cache/tinygo/goroot-c2837f81ee81c8ecea884819967eafb31ba911b22ee551ef42f43b1105f0124e/src/go/build/testdata/bads/home/vscode/.cache/tinygo/goroot-c2837f81ee81c8ecea884819967eafb31ba911b22ee551ef42f43b1105f0124e/src/go/build/testdata/bads/bad.s--- PASS: TestIssue56509 (0.00s)&#xA;</failure>
		</testcase>
		<testcase classname="go/build" name="TestDependencies" time="-0.000000">
			<failure message="Failed" type="">=== RUN   TestDependencies&#xA;/usr/local/go/src/--- PASS: TestDependencies (99.28s)&#xA;</failure>
		</testcase>
		<testcase classname="go/build" name="TestStdlibLowercase" time="-0.000000">
			<failure message="Failed" type="">=== RUN   TestStdlibLowercase&#xA;/usr/local/go/src/--- PASS: TestStdlibLowercase (0.00s)&#xA;</failure>
		</testcase>
		<testcase classname="go/build" name="TestMatch" time="0.000000"></testcase>
		<testcase classname="go/build" name="TestEmptyImport" time="0.000000"></testcase>
		<testcase classname="go/build" name="TestShouldBuild" time="0.000000"></testcase>
		<testcase classname="go/build" name="TestGoodOSArchFile" time="0.000000"></testcase>
		<testcase classname="go/build" name="TestMatchFile" time="0.000000"></testcase>
		<testcase classname="go/build" name="TestExpandSrcDir" time="0.000000"></testcase>
		<testcase classname="go/build" name="TestShellSafety" time="0.000000"></testcase>
		<testcase classname="go/build" name="TestReadGoInfo" time="0.000000"></testcase>
		<testcase classname="go/build" name="TestReadComments" time="0.000000"></testcase>
		<testcase classname="go/build" name="TestReadFailuresIgnored" time="0.000000"></testcase>
		<testcase classname="go/build" name="TestReadEmbed" time="0.000000"></testcase>
		<testcase classname="go/build" name="TestGoodOSArch" time="0.000000"></testcase>
	</testsuite>
</testsuites>