<?xml version="1.0" encoding="UTF-8"?>
<testsuites tests="13" failures="7" errors="0" time="30.166390">
	<testsuite tests="13" failures="7" time="0.000000" name="go/build/constraint" timestamp="2024-04-25T15:11:25Z">
		<properties>
			<property name="go.version" value="go1.22.2 linux/arm64"></property>
		</properties>
		<testcase classname="go/build/constraint" name="TestLex/1" time="-0.000000">
			<failure message="Failed" type="">=== RUN   TestLex/1&#xA;    --- PASS: TestLex/1 (0.00s)&#xA;</failure>
		</testcase>
		<testcase classname="go/build/constraint" name="TestLex/4" time="-0.000000">
			<failure message="Failed" type="">=== RUN   TestLex/4&#xA;    --- PASS: TestLex/4 (0.00s)&#xA;</failure>
		</testcase>
		<testcase classname="go/build/constraint" name="TestLex/5" time="-0.000000">
			<failure message="Failed" type="">=== RUN   TestLex/5&#xA;panic: invalid syntax at ²&#xA;Error: failed to run main module `/tmp/tinygo2186561981/main`&#xA;&#xA;Caused by:&#xA;    0: failed to invoke `run` function&#xA;    1: error while executing at wasm backtrace:&#xA;           0: 0x3a06 - runtime.abort&#xA;                           at /workspaces/dc-wasm-go/tinygo/src/runtime/runtime_tinygowasmp2.go:59:6              - runtime._panic&#xA;                           at /workspaces/dc-wasm-go/tinygo/src/runtime/panic.go:65:7&#xA;           1: 0x72840 - (*go/build/constraint.exprParser).lex&#xA;                           at /usr/local/go/src/go/build/constraint/expr.go:339:8&#xA;           2: 0x74c75 - go/build/constraint.lexHelp&#xA;                           at /usr/local/go/src/go/build/constraint/expr_test.go:108:7              - go/build/constraint.TestLex$1&#xA;                           at /usr/local/go/src/go/build/constraint/expr_test.go:77:24&#xA;           3: 0x30655 - testing.tRunner&#xA;                           at /workspaces/dc-wasm-go/tinygo/src/testing/testing.go:427:4&#xA;           4: 0x56a7c - (*testing.T).Run&#xA;           5: 0x74a39 - go/build/constraint.TestLex&#xA;                           at /usr/local/go/src/go/build/constraint/expr_test.go:73:8&#xA;           6: 0x30655 - testing.tRunner&#xA;                           at /workspaces/dc-wasm-go/tinygo/src/testing/testing.go:427:4&#xA;           7: 0x56a7c - (*testing.T).Run&#xA;           8: 0x3035d - testing.runTests$1&#xA;                           at /workspaces/dc-wasm-go/tinygo/src/testing/testing.go:561:10&#xA;           9: 0x30655 - testing.tRunner&#xA;                           at /workspaces/dc-wasm-go/tinygo/src/testing/testing.go:427:4&#xA;          10: 0x2c51f - &lt;unknown&gt;!runtime.run$1&#xA;          11: 0x1f087 - &lt;goroutine wrapper&gt;&#xA;                           at /workspaces/dc-wasm-go/tinygo/src/runtime/scheduler_any.go:23:2&#xA;          12: 0x197c - tinygo_launch&#xA;                           at /workspaces/dc-wasm-go/tinygo/src/internal/task/task_asyncify_wasm.S:59&#xA;          13: 0x1ef39 - (*internal/task.Task).Resume&#xA;                           at /workspaces/dc-wasm-go/tinygo/src/internal/task/task_asyncify.go:109:17              - runtime.scheduler&#xA;                           at /workspaces/dc-wasm-go/tinygo/src/runtime/scheduler.go:236:11              - runtime.run&#xA;                           at /workspaces/dc-wasm-go/tinygo/src/runtime/scheduler_any.go:28:11              - _start&#xA;                           at /workspaces/dc-wasm-go/tinygo/src/runtime/runtime_wasm_wasip2.go:30:5&#xA;          14: 0x1ecb0 - wasi:cli/run@0.2.0#run&#xA;                           at /workspaces/dc-wasm-go/tinygo/src/runtime/runtime_wasm_wasip2.go:21:8&#xA;    2: wasm trap: wasm `unreachable` instruction executed&#xA;</failure>
		</testcase>
		<testcase classname="go/build/constraint" name="TestLex" time="-0.000000">
			<failure message="Failed" type="">=== RUN   TestLex&#xA;=== RUN   TestLex/0&#xA;    --- PASS: TestLex/0 (0.00s)&#xA;=== RUN   TestLex/1&#xA;    --- PASS: TestLex/1 (0.00s)&#xA;=== RUN   TestLex/2&#xA;    --- PASS: TestLex/2 (0.00s)&#xA;=== RUN   TestLex/3&#xA;    --- PASS: TestLex/3 (0.00s)&#xA;=== RUN   TestLex/4&#xA;    --- PASS: TestLex/4 (0.00s)&#xA;=== RUN   TestLex/5&#xA;panic: invalid syntax at ²&#xA;Error: failed to run main module `/tmp/tinygo2186561981/main`&#xA;&#xA;Caused by:&#xA;    0: failed to invoke `run` function&#xA;    1: error while executing at wasm backtrace:&#xA;           0: 0x3a06 - runtime.abort&#xA;                           at /workspaces/dc-wasm-go/tinygo/src/runtime/runtime_tinygowasmp2.go:59:6              - runtime._panic&#xA;                           at /workspaces/dc-wasm-go/tinygo/src/runtime/panic.go:65:7&#xA;           1: 0x72840 - (*go/build/constraint.exprParser).lex&#xA;                           at /usr/local/go/src/go/build/constraint/expr.go:339:8&#xA;           2: 0x74c75 - go/build/constraint.lexHelp&#xA;                           at /usr/local/go/src/go/build/constraint/expr_test.go:108:7              - go/build/constraint.TestLex$1&#xA;                           at /usr/local/go/src/go/build/constraint/expr_test.go:77:24&#xA;           3: 0x30655 - testing.tRunner&#xA;                           at /workspaces/dc-wasm-go/tinygo/src/testing/testing.go:427:4&#xA;           4: 0x56a7c - (*testing.T).Run&#xA;           5: 0x74a39 - go/build/constraint.TestLex&#xA;                           at /usr/local/go/src/go/build/constraint/expr_test.go:73:8&#xA;           6: 0x30655 - testing.tRunner&#xA;                           at /workspaces/dc-wasm-go/tinygo/src/testing/testing.go:427:4&#xA;           7: 0x56a7c - (*testing.T).Run&#xA;           8: 0x3035d - testing.runTests$1&#xA;                           at /workspaces/dc-wasm-go/tinygo/src/testing/testing.go:561:10&#xA;           9: 0x30655 - testing.tRunner&#xA;                           at /workspaces/dc-wasm-go/tinygo/src/testing/testing.go:427:4&#xA;          10: 0x2c51f - &lt;unknown&gt;!runtime.run$1&#xA;          11: 0x1f087 - &lt;goroutine wrapper&gt;&#xA;                           at /workspaces/dc-wasm-go/tinygo/src/runtime/scheduler_any.go:23:2&#xA;          12: 0x197c - tinygo_launch&#xA;                           at /workspaces/dc-wasm-go/tinygo/src/internal/task/task_asyncify_wasm.S:59&#xA;          13: 0x1ef39 - (*internal/task.Task).Resume&#xA;                           at /workspaces/dc-wasm-go/tinygo/src/internal/task/task_asyncify.go:109:17              - runtime.scheduler&#xA;                           at /workspaces/dc-wasm-go/tinygo/src/runtime/scheduler.go:236:11              - runtime.run&#xA;                           at /workspaces/dc-wasm-go/tinygo/src/runtime/scheduler_any.go:28:11              - _start&#xA;                           at /workspaces/dc-wasm-go/tinygo/src/runtime/runtime_wasm_wasip2.go:30:5&#xA;          14: 0x1ecb0 - wasi:cli/run@0.2.0#run&#xA;                           at /workspaces/dc-wasm-go/tinygo/src/runtime/runtime_wasm_wasip2.go:21:8&#xA;    2: wasm trap: wasm `unreachable` instruction executed&#xA;</failure>
		</testcase>
		<testcase classname="go/build/constraint" name="TestLex/0" time="-0.000000">
			<failure message="Failed" type="">=== RUN   TestLex/0&#xA;    --- PASS: TestLex/0 (0.00s)&#xA;</failure>
		</testcase>
		<testcase classname="go/build/constraint" name="TestLex/2" time="-0.000000">
			<failure message="Failed" type="">=== RUN   TestLex/2&#xA;    --- PASS: TestLex/2 (0.00s)&#xA;</failure>
		</testcase>
		<testcase classname="go/build/constraint" name="TestLex/3" time="-0.000000">
			<failure message="Failed" type="">=== RUN   TestLex/3&#xA;    --- PASS: TestLex/3 (0.00s)&#xA;</failure>
		</testcase>
		<testcase classname="go/build/constraint" name="TestExprString" time="0.000000"></testcase>
	</testsuite>
</testsuites>