<?xml version="1.0" encoding="UTF-8"?>
<testsuites tests="2" failures="1" errors="0" time="40.006097">
	<testsuite tests="2" failures="1" time="0.000000" name="go/constant" timestamp="2024-04-25T15:11:28Z">
		<properties>
			<property name="go.version" value="go1.22.2 linux/arm64"></property>
		</properties>
		<testcase classname="go/constant" name="TestOps" time="-0.000000">
			<failure message="Failed" type="">=== RUN   TestOps&#xA;panic: division by zero&#xA;Error: failed to run main module `/tmp/tinygo3344106952/main`&#xA;&#xA;Caused by:&#xA;    0: failed to invoke `run` function&#xA;    1: error while executing at wasm backtrace:&#xA;           0: 0x2cdc - runtime.abort&#xA;                           at /workspaces/dc-wasm-go/tinygo/src/runtime/runtime_tinygowasmp2.go:59:6              - runtime._panic&#xA;                           at /workspaces/dc-wasm-go/tinygo/src/runtime/panic.go:65:7&#xA;           1: 0x6aa2a - (*math/big.Rat).SetFrac64&#xA;                           at /usr/local/go/src/math/big/rat.go:321:8              - math/big.NewRat&#xA;                           at /usr/local/go/src/math/big/rat.go:34:27&#xA;           2: 0x94754 - go/constant.BinaryOp&#xA;                           at /usr/local/go/src/go/constant/value.go:1136:19&#xA;           3: 0x96e6a - go/constant.doOp&#xA;                           at /usr/local/go/src/go/constant/value_test.go:534:18              - go/constant.TestOps&#xA;                           at /usr/local/go/src/go/constant/value_test.go:345:14&#xA;           4: 0x2b47f - testing.tRunner&#xA;                           at /workspaces/dc-wasm-go/tinygo/src/testing/testing.go:427:4&#xA;           5: 0x2b175 - (*testing.T).Run&#xA;                           at /workspaces/dc-wasm-go/tinygo/src/testing/testing.go:462:9              - testing.runTests$1&#xA;                           at /workspaces/dc-wasm-go/tinygo/src/testing/testing.go:561:10&#xA;           6: 0x2b47f - testing.tRunner&#xA;                           at /workspaces/dc-wasm-go/tinygo/src/testing/testing.go:427:4&#xA;           7: 0x25298 - &lt;unknown&gt;!runtime.run$1&#xA;           8: 0x145c2 - &lt;goroutine wrapper&gt;&#xA;                           at /workspaces/dc-wasm-go/tinygo/src/runtime/scheduler_any.go:23:2&#xA;           9: 0x1a82 - tinygo_launch&#xA;                           at /workspaces/dc-wasm-go/tinygo/src/internal/task/task_asyncify_wasm.S:59&#xA;          10: 0x14474 - (*internal/task.Task).Resume&#xA;                           at /workspaces/dc-wasm-go/tinygo/src/internal/task/task_asyncify.go:109:17              - runtime.scheduler&#xA;                           at /workspaces/dc-wasm-go/tinygo/src/runtime/scheduler.go:236:11              - runtime.run&#xA;                           at /workspaces/dc-wasm-go/tinygo/src/runtime/scheduler_any.go:28:11              - _start&#xA;                           at /workspaces/dc-wasm-go/tinygo/src/runtime/runtime_wasm_wasip2.go:30:5&#xA;          11: 0x141eb - wasi:cli/run@0.2.0#run&#xA;                           at /workspaces/dc-wasm-go/tinygo/src/runtime/runtime_wasm_wasip2.go:21:8&#xA;    2: wasm trap: wasm `unreachable` instruction executed&#xA;</failure>
		</testcase>
		<testcase classname="go/constant" name="TestNumbers" time="0.000000"></testcase>
	</testsuite>
</testsuites>