<?xml version="1.0" encoding="UTF-8"?>
<testsuites tests="12" failures="12" errors="0" time="25.106940">
	<testsuite tests="12" failures="12" time="0.000000" name="go/printer" timestamp="2024-04-25T20:17:29Z">
		<properties>
			<property name="go.version" value="go1.22.2 linux/arm64"></property>
		</properties>
		<testcase classname="go/printer" name="TestFiles/comments.input#01" time="-0.000000">
			<failure message="Failed" type="">=== RUN   TestFiles/comments.input#01&#xA;/home/vscode/.cache/tinygo/goroot-c2837f81ee81c8ecea884819967eafb31ba911b22ee551ef42f43b1105f0124e/src/go/printer/testdata/comments.input/home/vscode/.cache/tinygo/goroot-c2837f81ee81c8ecea884819967eafb31ba911b22ee551ef42f43b1105f0124e/src/go/printer/testdata/comments.x    --- PASS: TestFiles/comments.input#01 (0.01s)&#xA;</failure>
		</testcase>
		<testcase classname="go/printer" name="TestFiles/comments2.input" time="-0.000000">
			<failure message="Failed" type="">=== RUN   TestFiles/comments2.input&#xA;/home/vscode/.cache/tinygo/goroot-c2837f81ee81c8ecea884819967eafb31ba911b22ee551ef42f43b1105f0124e/src/go/printer/testdata/comments2.input/home/vscode/.cache/tinygo/goroot-c2837f81ee81c8ecea884819967eafb31ba911b22ee551ef42f43b1105f0124e/src/go/printer/testdata/comments2.golden    --- PASS: TestFiles/comments2.input (0.01s)&#xA;</failure>
		</testcase>
		<testcase classname="go/printer" name="TestFiles/expressions.input#01" time="-0.000000">
			<failure message="Failed" type="">=== RUN   TestFiles/expressions.input#01&#xA;/home/vscode/.cache/tinygo/goroot-c2837f81ee81c8ecea884819967eafb31ba911b22ee551ef42f43b1105f0124e/src/go/printer/testdata/expressions.input/home/vscode/.cache/tinygo/goroot-c2837f81ee81c8ecea884819967eafb31ba911b22ee551ef42f43b1105f0124e/src/go/printer/testdata/expressions.raw    --- PASS: TestFiles/expressions.input#01 (0.26s)&#xA;</failure>
		</testcase>
		<testcase classname="go/printer" name="TestFiles" time="-0.000000">
			<failure message="Failed" type="">=== RUN   TestFiles&#xA;=== RUN   TestFiles/empty.input&#xA;/home/vscode/.cache/tinygo/goroot-c2837f81ee81c8ecea884819967eafb31ba911b22ee551ef42f43b1105f0124e/src/go/printer/testdata/empty.input/home/vscode/.cache/tinygo/goroot-c2837f81ee81c8ecea884819967eafb31ba911b22ee551ef42f43b1105f0124e/src/go/printer/testdata/empty.golden    --- PASS: TestFiles/empty.input (0.03s)&#xA;=== RUN   TestFiles/comments.input&#xA;/home/vscode/.cache/tinygo/goroot-c2837f81ee81c8ecea884819967eafb31ba911b22ee551ef42f43b1105f0124e/src/go/printer/testdata/comments.input/home/vscode/.cache/tinygo/goroot-c2837f81ee81c8ecea884819967eafb31ba911b22ee551ef42f43b1105f0124e/src/go/printer/testdata/comments.golden    --- PASS: TestFiles/comments.input (0.05s)&#xA;=== RUN   TestFiles/comments.input#01&#xA;/home/vscode/.cache/tinygo/goroot-c2837f81ee81c8ecea884819967eafb31ba911b22ee551ef42f43b1105f0124e/src/go/printer/testdata/comments.input/home/vscode/.cache/tinygo/goroot-c2837f81ee81c8ecea884819967eafb31ba911b22ee551ef42f43b1105f0124e/src/go/printer/testdata/comments.x    --- PASS: TestFiles/comments.input#01 (0.01s)&#xA;=== RUN   TestFiles/comments2.input&#xA;/home/vscode/.cache/tinygo/goroot-c2837f81ee81c8ecea884819967eafb31ba911b22ee551ef42f43b1105f0124e/src/go/printer/testdata/comments2.input/home/vscode/.cache/tinygo/goroot-c2837f81ee81c8ecea884819967eafb31ba911b22ee551ef42f43b1105f0124e/src/go/printer/testdata/comments2.golden    --- PASS: TestFiles/comments2.input (0.01s)&#xA;=== RUN   TestFiles/alignment.input&#xA;/home/vscode/.cache/tinygo/goroot-c2837f81ee81c8ecea884819967eafb31ba911b22ee551ef42f43b1105f0124e/src/go/printer/testdata/alignment.input/home/vscode/.cache/tinygo/goroot-c2837f81ee81c8ecea884819967eafb31ba911b22ee551ef42f43b1105f0124e/src/go/printer/testdata/alignment.golden    --- PASS: TestFiles/alignment.input (0.02s)&#xA;=== RUN   TestFiles/linebreaks.input&#xA;/home/vscode/.cache/tinygo/goroot-c2837f81ee81c8ecea884819967eafb31ba911b22ee551ef42f43b1105f0124e/src/go/printer/testdata/linebreaks.input/home/vscode/.cache/tinygo/goroot-c2837f81ee81c8ecea884819967eafb31ba911b22ee551ef42f43b1105f0124e/src/go/printer/testdata/linebreaks.golden    --- PASS: TestFiles/linebreaks.input (0.09s)&#xA;=== RUN   TestFiles/expressions.input&#xA;/home/vscode/.cache/tinygo/goroot-c2837f81ee81c8ecea884819967eafb31ba911b22ee551ef42f43b1105f0124e/src/go/printer/testdata/expressions.input/home/vscode/.cache/tinygo/goroot-c2837f81ee81c8ecea884819967eafb31ba911b22ee551ef42f43b1105f0124e/src/go/printer/testdata/expressions.golden    --- PASS: TestFiles/expressions.input (0.19s)&#xA;=== RUN   TestFiles/expressions.input#01&#xA;/home/vscode/.cache/tinygo/goroot-c2837f81ee81c8ecea884819967eafb31ba911b22ee551ef42f43b1105f0124e/src/go/printer/testdata/expressions.input/home/vscode/.cache/tinygo/goroot-c2837f81ee81c8ecea884819967eafb31ba911b22ee551ef42f43b1105f0124e/src/go/printer/testdata/expressions.raw    --- PASS: TestFiles/expressions.input#01 (0.26s)&#xA;=== RUN   TestFiles/declarations.input&#xA;/home/vscode/.cache/tinygo/goroot-c2837f81ee81c8ecea884819967eafb31ba911b22ee551ef42f43b1105f0124e/src/go/printer/testdata/declarations.input/home/vscode/.cache/tinygo/goroot-c2837f81ee81c8ecea884819967eafb31ba911b22ee551ef42f43b1105f0124e/src/go/printer/testdata/declarations.golden    --- PASS: TestFiles/declarations.input (0.09s)&#xA;=== RUN   TestFiles/statements.input&#xA;/home/vscode/.cache/tinygo/goroot-c2837f81ee81c8ecea884819967eafb31ba911b22ee551ef42f43b1105f0124e/src/go/printer/testdata/statements.input/home/vscode/.cache/tinygo/goroot-c2837f81ee81c8ecea884819967eafb31ba911b22ee551ef42f43b1105f0124e/src/go/printer/testdata/statements.golden    --- PASS: TestFiles/statements.input (0.05s)&#xA;=== RUN   TestFiles/slow.input&#xA;/home/vscode/.cache/tinygo/goroot-c2837f81ee81c8ecea884819967eafb31ba911b22ee551ef42f43b1105f0124e/src/go/printer/testdata/slow.input/home/vscode/.cache/tinygo/goroot-c2837f81ee81c8ecea884819967eafb31ba911b22ee551ef42f43b1105f0124e/src/go/printerpanic: runtime error: slice out of range&#xA;Error: failed to run main module `/tmp/tinygo2873652232/main`&#xA;&#xA;Caused by:&#xA;    0: failed to invoke `run` function&#xA;    1: error while executing at wasm backtrace:&#xA;           0: 0x1849b - runtime.abort&#xA;                           at /workspaces/dc-wasm-go/tinygo/src/runtime/runtime_tinygowasmp2.go:59:6              - runtime.runtimePanicAt&#xA;                           at /workspaces/dc-wasm-go/tinygo/src/runtime/panic.go:87:7&#xA;           1: 0x327f - runtime.slicePanic&#xA;                           at /workspaces/dc-wasm-go/tinygo/src/runtime/panic.go:165:16&#xA;           2: 0x4781d - os.ReadFile&#xA;           3: 0xd8d97 - go/printer.runcheck&#xA;                           at /usr/local/go/src/go/printer/printer_test.go:121:25              - go/printer.check$1&#xA;                           at /usr/local/go/src/go/printer/printer_test.go:152:11&#xA;           4: 0xd9261 - &lt;goroutine wrapper&gt;&#xA;                           at /usr/local/go/src/go/printer/printer_test.go:151:2&#xA;           5: 0x1c99 - tinygo_launch&#xA;                           at /workspaces/dc-wasm-go/tinygo/src/internal/task/task_asyncify_wasm.S:59&#xA;           6: 0x17baa - (*internal/task.Task).Resume&#xA;                           at /workspaces/dc-wasm-go/tinygo/src/internal/task/task_asyncify.go:109:17              - runtime.scheduler&#xA;                           at /workspaces/dc-wasm-go/tinygo/src/runtime/scheduler.go:236:11              - runtime.run&#xA;                           at /workspaces/dc-wasm-go/tinygo/src/runtime/scheduler_any.go:28:11              - _start&#xA;                           at /workspaces/dc-wasm-go/tinygo/src/runtime/runtime_wasm_wasip2.go:30:5&#xA;           7: 0x177f6 - wasi:cli/run@0.2.0#run&#xA;                           at /workspaces/dc-wasm-go/tinygo/src/runtime/runtime_wasm_wasip2.go:21:8&#xA;    2: wasm trap: wasm `unreachable` instruction executed&#xA;</failure>
		</testcase>
		<testcase classname="go/printer" name="TestFiles/empty.input" time="-0.000000">
			<failure message="Failed" type="">=== RUN   TestFiles/empty.input&#xA;/home/vscode/.cache/tinygo/goroot-c2837f81ee81c8ecea884819967eafb31ba911b22ee551ef42f43b1105f0124e/src/go/printer/testdata/empty.input/home/vscode/.cache/tinygo/goroot-c2837f81ee81c8ecea884819967eafb31ba911b22ee551ef42f43b1105f0124e/src/go/printer/testdata/empty.golden    --- PASS: TestFiles/empty.input (0.03s)&#xA;</failure>
		</testcase>
		<testcase classname="go/printer" name="TestFiles/comments.input" time="-0.000000">
			<failure message="Failed" type="">=== RUN   TestFiles/comments.input&#xA;/home/vscode/.cache/tinygo/goroot-c2837f81ee81c8ecea884819967eafb31ba911b22ee551ef42f43b1105f0124e/src/go/printer/testdata/comments.input/home/vscode/.cache/tinygo/goroot-c2837f81ee81c8ecea884819967eafb31ba911b22ee551ef42f43b1105f0124e/src/go/printer/testdata/comments.golden    --- PASS: TestFiles/comments.input (0.05s)&#xA;</failure>
		</testcase>
		<testcase classname="go/printer" name="TestFiles/declarations.input" time="-0.000000">
			<failure message="Failed" type="">=== RUN   TestFiles/declarations.input&#xA;/home/vscode/.cache/tinygo/goroot-c2837f81ee81c8ecea884819967eafb31ba911b22ee551ef42f43b1105f0124e/src/go/printer/testdata/declarations.input/home/vscode/.cache/tinygo/goroot-c2837f81ee81c8ecea884819967eafb31ba911b22ee551ef42f43b1105f0124e/src/go/printer/testdata/declarations.golden    --- PASS: TestFiles/declarations.input (0.09s)&#xA;</failure>
		</testcase>
		<testcase classname="go/printer" name="TestFiles/statements.input" time="-0.000000">
			<failure message="Failed" type="">=== RUN   TestFiles/statements.input&#xA;/home/vscode/.cache/tinygo/goroot-c2837f81ee81c8ecea884819967eafb31ba911b22ee551ef42f43b1105f0124e/src/go/printer/testdata/statements.input/home/vscode/.cache/tinygo/goroot-c2837f81ee81c8ecea884819967eafb31ba911b22ee551ef42f43b1105f0124e/src/go/printer/testdata/statements.golden    --- PASS: TestFiles/statements.input (0.05s)&#xA;</failure>
		</testcase>
		<testcase classname="go/printer" name="TestFiles/slow.input" time="-0.000000">
			<failure message="Failed" type="">=== RUN   TestFiles/slow.input&#xA;/home/vscode/.cache/tinygo/goroot-c2837f81ee81c8ecea884819967eafb31ba911b22ee551ef42f43b1105f0124e/src/go/printer/testdata/slow.input/home/vscode/.cache/tinygo/goroot-c2837f81ee81c8ecea884819967eafb31ba911b22ee551ef42f43b1105f0124e/src/go/printerpanic: runtime error: slice out of range&#xA;Error: failed to run main module `/tmp/tinygo2873652232/main`&#xA;&#xA;Caused by:&#xA;    0: failed to invoke `run` function&#xA;    1: error while executing at wasm backtrace:&#xA;           0: 0x1849b - runtime.abort&#xA;                           at /workspaces/dc-wasm-go/tinygo/src/runtime/runtime_tinygowasmp2.go:59:6              - runtime.runtimePanicAt&#xA;                           at /workspaces/dc-wasm-go/tinygo/src/runtime/panic.go:87:7&#xA;           1: 0x327f - runtime.slicePanic&#xA;                           at /workspaces/dc-wasm-go/tinygo/src/runtime/panic.go:165:16&#xA;           2: 0x4781d - os.ReadFile&#xA;           3: 0xd8d97 - go/printer.runcheck&#xA;                           at /usr/local/go/src/go/printer/printer_test.go:121:25              - go/printer.check$1&#xA;                           at /usr/local/go/src/go/printer/printer_test.go:152:11&#xA;           4: 0xd9261 - &lt;goroutine wrapper&gt;&#xA;                           at /usr/local/go/src/go/printer/printer_test.go:151:2&#xA;           5: 0x1c99 - tinygo_launch&#xA;                           at /workspaces/dc-wasm-go/tinygo/src/internal/task/task_asyncify_wasm.S:59&#xA;           6: 0x17baa - (*internal/task.Task).Resume&#xA;                           at /workspaces/dc-wasm-go/tinygo/src/internal/task/task_asyncify.go:109:17              - runtime.scheduler&#xA;                           at /workspaces/dc-wasm-go/tinygo/src/runtime/scheduler.go:236:11              - runtime.run&#xA;                           at /workspaces/dc-wasm-go/tinygo/src/runtime/scheduler_any.go:28:11              - _start&#xA;                           at /workspaces/dc-wasm-go/tinygo/src/runtime/runtime_wasm_wasip2.go:30:5&#xA;           7: 0x177f6 - wasi:cli/run@0.2.0#run&#xA;                           at /workspaces/dc-wasm-go/tinygo/src/runtime/runtime_wasm_wasip2.go:21:8&#xA;    2: wasm trap: wasm `unreachable` instruction executed&#xA;</failure>
		</testcase>
		<testcase classname="go/printer" name="TestFiles/alignment.input" time="-0.000000">
			<failure message="Failed" type="">=== RUN   TestFiles/alignment.input&#xA;/home/vscode/.cache/tinygo/goroot-c2837f81ee81c8ecea884819967eafb31ba911b22ee551ef42f43b1105f0124e/src/go/printer/testdata/alignment.input/home/vscode/.cache/tinygo/goroot-c2837f81ee81c8ecea884819967eafb31ba911b22ee551ef42f43b1105f0124e/src/go/printer/testdata/alignment.golden    --- PASS: TestFiles/alignment.input (0.02s)&#xA;</failure>
		</testcase>
		<testcase classname="go/printer" name="TestFiles/linebreaks.input" time="-0.000000">
			<failure message="Failed" type="">=== RUN   TestFiles/linebreaks.input&#xA;/home/vscode/.cache/tinygo/goroot-c2837f81ee81c8ecea884819967eafb31ba911b22ee551ef42f43b1105f0124e/src/go/printer/testdata/linebreaks.input/home/vscode/.cache/tinygo/goroot-c2837f81ee81c8ecea884819967eafb31ba911b22ee551ef42f43b1105f0124e/src/go/printer/testdata/linebreaks.golden    --- PASS: TestFiles/linebreaks.input (0.09s)&#xA;</failure>
		</testcase>
		<testcase classname="go/printer" name="TestFiles/expressions.input" time="-0.000000">
			<failure message="Failed" type="">=== RUN   TestFiles/expressions.input&#xA;/home/vscode/.cache/tinygo/goroot-c2837f81ee81c8ecea884819967eafb31ba911b22ee551ef42f43b1105f0124e/src/go/printer/testdata/expressions.input/home/vscode/.cache/tinygo/goroot-c2837f81ee81c8ecea884819967eafb31ba911b22ee551ef42f43b1105f0124e/src/go/printer/testdata/expressions.golden    --- PASS: TestFiles/expressions.input (0.19s)&#xA;</failure>
		</testcase>
	</testsuite>
</testsuites>