<?xml version="1.0" encoding="UTF-8"?>
<testsuites tests="5" failures="0" errors="0" time="13.675025">
	<testsuite tests="5" failures="0" time="0.000000" name="hash/crc64" timestamp="2024-04-25T20:17:54Z">
		<properties>
			<property name="go.version" value="go1.22.2 linux/arm64"></property>
		</properties>
		<testcase classname="hash/crc64" name="TestGolden" time="0.000000"></testcase>
		<testcase classname="hash/crc64" name="TestGoldenMarshal" time="0.000000"></testcase>
		<testcase classname="hash/crc64" name="TestMarshalTableMismatch" time="0.000000"></testcase>
	</testsuite>
</testsuites>