<?xml version="1.0" encoding="UTF-8"?>
<testsuites tests="1" failures="1" errors="0" time="130.423939">
	<testsuite tests="1" failures="1" time="0.000000" name="html/template" timestamp="2024-04-26T04:32:50Z">
		<properties>
			<property name="go.version" value="go1.22.2 linux/arm64"></property>
		</properties>
		<testcase classname="html/template" name="TestAddParseTreeHTML" time="-0.000000">
			<failure message="Failed" type="">=== RUN   TestAddParseTreeHTML&#xA;panic: unimplemented: (reflect.Type).NumOut()&#xA;Error: failed to run main module `/tmp/tinygo2807078237/main`&#xA;&#xA;Caused by:&#xA;    0: failed to invoke `run` function&#xA;    1: error while executing at wasm backtrace:&#xA;           0: 0x4401 - runtime.abort&#xA;                           at /workspaces/dc-wasm-go/tinygo/src/runtime/runtime_tinygowasmp2.go:59:6              - runtime._panic&#xA;                           at /workspaces/dc-wasm-go/tinygo/src/runtime/panic.go:65:7&#xA;           1: 0x573d - (*reflect.rawType).NumOut&#xA;                           at /workspaces/dc-wasm-go/tinygo/src/reflect/type.go:1012:7&#xA;           2: 0x105a07 - (Go interface method)&#xA;                           at /usr/local/go/src/text/template/funcs.go:112:6              - text/template.goodFunc&#xA;                           at /usr/local/go/src/text/template/funcs.go:115:17              - text/template.addValueFuncs&#xA;                           at /usr/local/go/src/text/template/funcs.go:96:15&#xA;           3: 0x10f8ea - (*text/template.Template).Funcs&#xA;                           at /usr/local/go/src/text/template/template.go:181:15&#xA;           4: 0x138891 - (*html/template.escaper).commit&#xA;                           at /usr/local/go/src/html/template/escape.go:918:25              - html/template.escapeTemplate&#xA;                           at /usr/local/go/src/html/template/escape.go:40:17&#xA;           5: 0x139533 - (*html/template.Template).lookupAndEscapeTemplate&#xA;                           at /usr/local/go/src/html/template/template.go:163:23              - (*html/template.Template).ExecuteTemplate&#xA;                           at /usr/local/go/src/html/template/template.go:135:40&#xA;           6: 0x1428a3 - html/template.TestAddParseTreeHTML&#xA;                           at /usr/local/go/src/html/template/clone_test.go:25:29&#xA;           7: 0x57719 - testing.tRunner&#xA;                           at /workspaces/dc-wasm-go/tinygo/src/testing/testing.go:427:4&#xA;           8: 0x115dca - (*testing.T).Run&#xA;           9: 0x57421 - testing.runTests$1&#xA;                           at /workspaces/dc-wasm-go/tinygo/src/testing/testing.go:561:10&#xA;          10: 0x57719 - testing.tRunner&#xA;                           at /workspaces/dc-wasm-go/tinygo/src/testing/testing.go:427:4&#xA;          11: 0x475d8 - &lt;unknown&gt;!runtime.run$1&#xA;          12: 0x39ab5 - &lt;goroutine wrapper&gt;&#xA;                           at /workspaces/dc-wasm-go/tinygo/src/runtime/scheduler_any.go:23:2&#xA;          13: 0x209b - tinygo_launch&#xA;                           at /workspaces/dc-wasm-go/tinygo/src/internal/task/task_asyncify_wasm.S:59&#xA;          14: 0x3996f - (*internal/task.Task).Resume&#xA;                           at /workspaces/dc-wasm-go/tinygo/src/internal/task/task_asyncify.go:109:17              - runtime.scheduler&#xA;                           at /workspaces/dc-wasm-go/tinygo/src/runtime/scheduler.go:236:11              - runtime.run&#xA;                           at /workspaces/dc-wasm-go/tinygo/src/runtime/scheduler_any.go:28:11              - _start&#xA;                           at /workspaces/dc-wasm-go/tinygo/src/runtime/runtime_wasm_wasip2.go:30:5&#xA;          15: 0x3977a - wasi:cli/run@0.2.0#run&#xA;                           at /workspaces/dc-wasm-go/tinygo/src/runtime/runtime_wasm_wasip2.go:21:8&#xA;    2: wasm trap: wasm `unreachable` instruction executed&#xA;</failure>
		</testcase>
	</testsuite>
</testsuites>