<?xml version="1.0" encoding="UTF-8"?>
<testsuites tests="3" failures="1" errors="0" time="35.383591">
	<testsuite tests="3" failures="1" time="0.000000" name="image" timestamp="2024-04-25T16:07:37Z">
		<properties>
			<property name="go.version" value="go1.22.2 linux/arm64"></property>
		</properties>
		<testcase classname="image" name="TestNewXxxBadRectangle" time="-0.000000">
			<failure message="Failed" type="">=== RUN   TestNewXxxBadRectangle&#xA;panic: image: NewRGBA Rectangle has huge or negative dimensions&#xA;Error: failed to run main module `/tmp/tinygo1723348582/main`&#xA;&#xA;Caused by:&#xA;    0: failed to invoke `run` function&#xA;    1: error while executing at wasm backtrace:&#xA;           0: 0x35bc - runtime.abort&#xA;                           at /workspaces/dc-wasm-go/tinygo/src/runtime/runtime_tinygowasmp2.go:59:6              - runtime._panic&#xA;                           at /workspaces/dc-wasm-go/tinygo/src/runtime/panic.go:65:7&#xA;           1: 0x782ed - (image.Rectangle).Dx&#xA;                           at /usr/local/go/src/image/image.go:96:8              - image.pixelBufferLength&#xA;                           at /usr/local/go/src/image/image.go:94:47&#xA;           2: 0x76646 - image.NewRGBA&#xA;                           at /usr/local/go/src/image/image.go:229:42&#xA;           3: 0x84dac - image.TestNewXxxBadRectangle$2&#xA;                           at /usr/local/go/src/image/image_test.go:108:39&#xA;           4: 0x84f52 - image.TestNewXxxBadRectangle$1&#xA;                           at /usr/local/go/src/image/image_test.go:94:10&#xA;           5: 0x83d7a - image.TestNewXxxBadRectangle&#xA;                           at /usr/local/go/src/image/image_test.go:138:16&#xA;           6: 0x35c51 - testing.tRunner&#xA;                           at /workspaces/dc-wasm-go/tinygo/src/testing/testing.go:427:4&#xA;           7: 0x35947 - (*testing.T).Run&#xA;                           at /workspaces/dc-wasm-go/tinygo/src/testing/testing.go:462:9              - testing.runTests$1&#xA;                           at /workspaces/dc-wasm-go/tinygo/src/testing/testing.go:561:10&#xA;           8: 0x35c51 - testing.tRunner&#xA;                           at /workspaces/dc-wasm-go/tinygo/src/testing/testing.go:427:4&#xA;           9: 0x2eedb - &lt;unknown&gt;!runtime.run$1&#xA;          10: 0x21f7a - &lt;goroutine wrapper&gt;&#xA;                           at /workspaces/dc-wasm-go/tinygo/src/runtime/scheduler_any.go:23:2&#xA;          11: 0x1aa5 - tinygo_launch&#xA;                           at /workspaces/dc-wasm-go/tinygo/src/internal/task/task_asyncify_wasm.S:59&#xA;          12: 0x21e2d - (*internal/task.Task).Resume&#xA;                           at /workspaces/dc-wasm-go/tinygo/src/internal/task/task_asyncify.go:109:17              - runtime.scheduler&#xA;                           at /workspaces/dc-wasm-go/tinygo/src/runtime/scheduler.go:236:11              - runtime.run&#xA;                           at /workspaces/dc-wasm-go/tinygo/src/runtime/scheduler_any.go:28:11              - _start&#xA;                           at /workspaces/dc-wasm-go/tinygo/src/runtime/runtime_wasm_wasip2.go:30:5&#xA;          13: 0x21ba5 - wasi:cli/run@0.2.0#run&#xA;                           at /workspaces/dc-wasm-go/tinygo/src/runtime/runtime_wasm_wasip2.go:21:8&#xA;    2: wasm trap: wasm `unreachable` instruction executed&#xA;</failure>
		</testcase>
		<testcase classname="image" name="TestRectangle" time="0.000000"></testcase>
		<testcase classname="image" name="TestImage" time="0.000000"></testcase>
	</testsuite>
</testsuites>