<?xml version="1.0" encoding="UTF-8"?>
<testsuites tests="43" failures="8" errors="0" time="174.243280">
	<testsuite tests="43" failures="8" time="0.000000" name="math/rand" timestamp="2024-04-25T16:28:38Z">
		<properties>
			<property name="go.version" value="go1.22.2 linux/arm64"></property>
		</properties>
		<testcase classname="math/rand" name="TestDefaultRace" time="0.000000">
			<failure message="Failed" type="">=== RUN   TestDefaultRace&#xA;--- FAIL: TestDefaultRace (0.00s)&#xA;=== RUN   TestDefaultRace/0&#xA;/proc/self/exe        exec: &#34;main&#34;: executable file not found in $PATH&#xA;    --- FAIL: TestDefaultRace/0 (0.00s)&#xA;=== RUN   TestDefaultRace/1&#xA;/proc/self/exe        exec: &#34;main&#34;: executable file not found in $PATH&#xA;    --- FAIL: TestDefaultRace/1 (0.00s)&#xA;=== RUN   TestDefaultRace/2&#xA;/proc/self/exe        exec: &#34;main&#34;: executable file not found in $PATH&#xA;    --- FAIL: TestDefaultRace/2 (0.00s)&#xA;=== RUN   TestDefaultRace/3&#xA;/proc/self/exe        exec: &#34;main&#34;: executable file not found in $PATH&#xA;    --- FAIL: TestDefaultRace/3 (0.00s)&#xA;=== RUN   TestDefaultRace/4&#xA;/proc/self/exe        exec: &#34;main&#34;: executable file not found in $PATH&#xA;    --- FAIL: TestDefaultRace/4 (0.00s)&#xA;=== RUN   TestDefaultRace/5&#xA;/proc/self/exe        exec: &#34;main&#34;: executable file not found in $PATH&#xA;    --- FAIL: TestDefaultRace/5 (0.00s)&#xA;</failure>
		</testcase>
		<testcase classname="math/rand" name="TestDefaultRace/5" time="-0.000000">
			<failure message="Failed" type="">=== RUN   TestDefaultRace/5&#xA;/proc/self/exe        exec: &#34;main&#34;: executable file not found in $PATH&#xA;    --- FAIL: TestDefaultRace/5 (0.00s)&#xA;</failure>
		</testcase>
		<testcase classname="math/rand" name="TestRegress" time="-0.000000">
			<failure message="Failed" type="">=== RUN   TestRegress&#xA;panic: unimplemented: (reflect.Type).Method()&#xA;Error: failed to run main module `/tmp/tinygo1121473604/main`&#xA;&#xA;Caused by:&#xA;    0: failed to invoke `run` function&#xA;    1: error while executing at wasm backtrace:&#xA;           0: 0x429f - runtime.abort&#xA;                           at /workspaces/dc-wasm-go/tinygo/src/runtime/runtime_tinygowasmp2.go:59:6              - runtime._panic&#xA;                           at /workspaces/dc-wasm-go/tinygo/src/runtime/panic.go:65:7&#xA;           1: 0x41c6 - (reflect.rawType).Method&#xA;                           at /workspaces/dc-wasm-go/tinygo/src/reflect/type.go:1083:7&#xA;           2: 0x485e - &lt;unknown&gt;!(*reflect.rawType).Method&#xA;           3: 0x90563 - (Go interface method)              - math/rand_test.TestRegress&#xA;                           at /usr/local/go/src/math/rand/regress_test.go:38:24&#xA;           4: 0x22bd7 - testing.tRunner&#xA;                           at /workspaces/dc-wasm-go/tinygo/src/testing/testing.go:427:4&#xA;           5: 0x640c4 - (*testing.T).Run&#xA;           6: 0x228db - testing.runTests$1&#xA;                           at /workspaces/dc-wasm-go/tinygo/src/testing/testing.go:561:10&#xA;           7: 0x22bd7 - testing.tRunner&#xA;                           at /workspaces/dc-wasm-go/tinygo/src/testing/testing.go:427:4&#xA;           8: 0x1bff0 - &lt;unknown&gt;!runtime.run$1&#xA;           9: 0xa8d8 - &lt;goroutine wrapper&gt;&#xA;                           at /workspaces/dc-wasm-go/tinygo/src/runtime/scheduler_any.go:23:2&#xA;          10: 0x1c30 - tinygo_rewind&#xA;                           at /workspaces/dc-wasm-go/tinygo/src/internal/task/task_asyncify_wasm.S:92&#xA;          11: 0xa6b7 - (*internal/task.Task).Resume&#xA;                           at /workspaces/dc-wasm-go/tinygo/src/internal/task/task_asyncify.go:112:17              - runtime.scheduler&#xA;                           at /workspaces/dc-wasm-go/tinygo/src/runtime/scheduler.go:236:11              - runtime.run&#xA;                           at /workspaces/dc-wasm-go/tinygo/src/runtime/scheduler_any.go:28:11              - _start&#xA;                           at /workspaces/dc-wasm-go/tinygo/src/runtime/runtime_wasm_wasip2.go:30:5&#xA;          12: 0xa3a7 - wasi:cli/run@0.2.0#run&#xA;                           at /workspaces/dc-wasm-go/tinygo/src/runtime/runtime_wasm_wasip2.go:21:8&#xA;    2: wasm trap: wasm `unreachable` instruction executed&#xA;</failure>
		</testcase>
		<testcase classname="math/rand" name="TestDefaultRace/1" time="-0.000000">
			<failure message="Failed" type="">=== RUN   TestDefaultRace/1&#xA;/proc/self/exe        exec: &#34;main&#34;: executable file not found in $PATH&#xA;    --- FAIL: TestDefaultRace/1 (0.00s)&#xA;</failure>
		</testcase>
		<testcase classname="math/rand" name="TestDefaultRace/2" time="-0.000000">
			<failure message="Failed" type="">=== RUN   TestDefaultRace/2&#xA;/proc/self/exe        exec: &#34;main&#34;: executable file not found in $PATH&#xA;    --- FAIL: TestDefaultRace/2 (0.00s)&#xA;</failure>
		</testcase>
		<testcase classname="math/rand" name="TestDefaultRace/3" time="-0.000000">
			<failure message="Failed" type="">=== RUN   TestDefaultRace/3&#xA;/proc/self/exe        exec: &#34;main&#34;: executable file not found in $PATH&#xA;    --- FAIL: TestDefaultRace/3 (0.00s)&#xA;</failure>
		</testcase>
		<testcase classname="math/rand" name="TestDefaultRace/0" time="-0.000000">
			<failure message="Failed" type="">=== RUN   TestDefaultRace/0&#xA;/proc/self/exe        exec: &#34;main&#34;: executable file not found in $PATH&#xA;    --- FAIL: TestDefaultRace/0 (0.00s)&#xA;</failure>
		</testcase>
		<testcase classname="math/rand" name="TestDefaultRace/4" time="-0.000000">
			<failure message="Failed" type="">=== RUN   TestDefaultRace/4&#xA;/proc/self/exe        exec: &#34;main&#34;: executable file not found in $PATH&#xA;    --- FAIL: TestDefaultRace/4 (0.00s)&#xA;</failure>
		</testcase>
		<testcase classname="math/rand" name="TestAuto" time="0.000000"></testcase>
		<testcase classname="math/rand" name="TestConcurrent" time="0.000000"></testcase>
		<testcase classname="math/rand" name="TestStandardNormalValues" time="0.000000"></testcase>
		<testcase classname="math/rand" name="TestNonStandardNormalValues" time="0.000000"></testcase>
		<testcase classname="math/rand" name="TestStandardExponentialValues" time="0.000000"></testcase>
		<testcase classname="math/rand" name="TestNonStandardExponentialValues" time="0.000000"></testcase>
		<testcase classname="math/rand" name="TestNormTables" time="0.000000"></testcase>
		<testcase classname="math/rand" name="TestExpTables" time="0.000000"></testcase>
		<testcase classname="math/rand" name="TestFloat32" time="0.000000"></testcase>
		<testcase classname="math/rand" name="TestReadUniformity" time="0.000000"></testcase>
		<testcase classname="math/rand" name="TestReadEmpty" time="0.000000"></testcase>
		<testcase classname="math/rand" name="TestReadByOneByte" time="0.000000"></testcase>
		<testcase classname="math/rand" name="TestReadSeedReset" time="0.000000"></testcase>
		<testcase classname="math/rand" name="TestShuffleSmall" time="0.000000"></testcase>
		<testcase classname="math/rand" name="TestUniformFactorial" time="0.000000"></testcase>
	</testsuite>
</testsuites>