<?xml version="1.0" encoding="UTF-8"?>
<testsuites tests="14" failures="2" errors="0" time="12.772981">
	<testsuite tests="14" failures="2" time="0.000000" name="mime" timestamp="2024-04-25T20:19:10Z">
		<properties>
			<property name="go.version" value="go1.22.2 linux/arm64"></property>
		</properties>
		<testcase classname="mime" name="TestTypeByExtension" time="-0.000000">
			<failure message="Failed" type="">=== RUN   TestTypeByExtension&#xA;/home/vscode/.cache/tinygo/goroot-c2837f81ee81c8ecea884819967eafb31ba911b22ee551ef42f43b1105f0124e/src/mime/home/vscode/.cache/tinygo/goroot-c2837f81ee81c8ecea884819967eafb31ba911b22ee551ef42f43b1105f0124e/src/mime/testdata/test.types--- PASS: TestTypeByExtension (0.01s)&#xA;</failure>
		</testcase>
		<testcase classname="mime" name="TestTypeByExtension_LocalData" time="-0.000000">
			<failure message="Failed" type="">=== RUN   TestTypeByExtension_LocalData&#xA;panic: runtime error: deadlocked: no event source&#xA;Error: failed to run main module `/tmp/tinygo4112168214/main`&#xA;&#xA;Caused by:&#xA;    0: failed to invoke `run` function&#xA;    1: error while executing at wasm backtrace:&#xA;           0: 0x272cc - runtime.abort&#xA;                           at /workspaces/dc-wasm-go/tinygo/src/runtime/runtime_tinygowasmp2.go:59:6              - runtime.runtimePanicAt&#xA;                           at /workspaces/dc-wasm-go/tinygo/src/runtime/panic.go:87:7&#xA;           1: 0xdc42 - runtime.runtimePanic&#xA;                           at /workspaces/dc-wasm-go/tinygo/src/runtime/panic.go:72:16&#xA;           2: 0x26ca9 - runtime.waitForEvents&#xA;                           at /workspaces/dc-wasm-go/tinygo/src/runtime/wait_other.go:6:14&#xA;           3: 0x26b09 - runtime.scheduler&#xA;                           at /workspaces/dc-wasm-go/tinygo/src/runtime/scheduler.go:199:18              - runtime.run&#xA;                           at /workspaces/dc-wasm-go/tinygo/src/runtime/scheduler_any.go:28:11              - _start&#xA;                           at /workspaces/dc-wasm-go/tinygo/src/runtime/runtime_wasm_wasip2.go:30:5&#xA;           4: 0x26855 - wasi:cli/run@0.2.0#run&#xA;                           at /workspaces/dc-wasm-go/tinygo/src/runtime/runtime_wasm_wasip2.go:21:8&#xA;    2: wasm trap: wasm `unreachable` instruction executed&#xA;</failure>
		</testcase>
		<testcase classname="mime" name="TestEncodeWord" time="0.000000"></testcase>
		<testcase classname="mime" name="TestEncodedWordLength" time="0.000000"></testcase>
		<testcase classname="mime" name="TestDecodeWord" time="0.000000"></testcase>
		<testcase classname="mime" name="TestDecodeHeader" time="0.000000"></testcase>
		<testcase classname="mime" name="TestCharsetDecoder" time="0.000000"></testcase>
		<testcase classname="mime" name="TestCharsetDecoderError" time="0.000000"></testcase>
		<testcase classname="mime" name="TestConsumeToken" time="0.000000"></testcase>
		<testcase classname="mime" name="TestConsumeValue" time="0.000000"></testcase>
		<testcase classname="mime" name="TestConsumeMediaParam" time="0.000000"></testcase>
		<testcase classname="mime" name="TestParseMediaType" time="0.000000"></testcase>
		<testcase classname="mime" name="TestParseMediaTypeBogus" time="0.000000"></testcase>
		<testcase classname="mime" name="TestFormatMediaType" time="0.000000"></testcase>
	</testsuite>
</testsuites>