<?xml version="1.0" encoding="UTF-8"?>
<testsuites tests="2" failures="1" errors="0" time="30.455618">
	<testsuite tests="2" failures="1" time="0.000000" name="regexp" timestamp="2024-04-25T20:24:27Z">
		<properties>
			<property name="go.version" value="go1.22.2 linux/arm64"></property>
		</properties>
		<testcase classname="regexp" name="TestBadCompile" time="-0.000000">
			<failure message="Failed" type="">=== RUN   TestBadCompile&#xA;panic: expression too large&#xA;Error: failed to run main module `/tmp/tinygo2934417511/main`&#xA;&#xA;Caused by:&#xA;    0: failed to invoke `run` function&#xA;    1: error while executing at wasm backtrace:&#xA;           0: 0x3ad4 - runtime.abort&#xA;                           at /workspaces/dc-wasm-go/tinygo/src/runtime/runtime_tinygowasmp2.go:59:6              - runtime._panic&#xA;                           at /workspaces/dc-wasm-go/tinygo/src/runtime/panic.go:65:7&#xA;           1: 0x2b700 - (*regexp/syntax.parser).checkLimits&#xA;                           at /usr/local/go/src/regexp/syntax/parse.go:163:8&#xA;           2: 0x2af28 - (*regexp/syntax.parser).push&#xA;           3: 0x34823 - regexp/syntax.parse&#xA;                           at /usr/local/go/src/regexp/syntax/parse.go:1063:9              - regexp/syntax.Parse&#xA;                           at /usr/local/go/src/regexp/syntax/parse.go:889:14&#xA;           4: 0x49c8b - regexp.compile&#xA;                           at /usr/local/go/src/regexp/regexp.go:172:25&#xA;           5: 0x82e07 - regexp.Compile&#xA;                           at /usr/local/go/src/regexp/regexp.go:135:16&#xA;           6: 0x899c4 - regexp.compileTest&#xA;                           at /usr/local/go/src/regexp/all_test.go:56:20&#xA;           7: 0x8a1ad - regexp.TestBadCompile&#xA;                           at /usr/local/go/src/regexp/all_test.go:76:14&#xA;           8: 0x4d8c6 - testing.tRunner&#xA;                           at /workspaces/dc-wasm-go/tinygo/src/testing/testing.go:427:4&#xA;           9: 0x74b5f - (*testing.T).Run&#xA;          10: 0x4d5ce - testing.runTests$1&#xA;                           at /workspaces/dc-wasm-go/tinygo/src/testing/testing.go:561:10&#xA;          11: 0x4d8c6 - testing.tRunner&#xA;                           at /workspaces/dc-wasm-go/tinygo/src/testing/testing.go:427:4&#xA;          12: 0x486f6 - &lt;unknown&gt;!runtime.run$1&#xA;          13: 0x3b542 - &lt;goroutine wrapper&gt;&#xA;                           at /workspaces/dc-wasm-go/tinygo/src/runtime/scheduler_any.go:23:2&#xA;          14: 0x1af2 - tinygo_launch&#xA;                           at /workspaces/dc-wasm-go/tinygo/src/internal/task/task_asyncify_wasm.S:59&#xA;          15: 0x3b3f5 - (*internal/task.Task).Resume&#xA;                           at /workspaces/dc-wasm-go/tinygo/src/internal/task/task_asyncify.go:109:17              - runtime.scheduler&#xA;                           at /workspaces/dc-wasm-go/tinygo/src/runtime/scheduler.go:236:11              - runtime.run&#xA;                           at /workspaces/dc-wasm-go/tinygo/src/runtime/scheduler_any.go:28:11              - _start&#xA;                           at /workspaces/dc-wasm-go/tinygo/src/runtime/runtime_wasm_wasip2.go:30:5&#xA;          16: 0x3b16d - wasi:cli/run@0.2.0#run&#xA;                           at /workspaces/dc-wasm-go/tinygo/src/runtime/runtime_wasm_wasip2.go:21:8&#xA;    2: wasm trap: wasm `unreachable` instruction executed&#xA;</failure>
		</testcase>
		<testcase classname="regexp" name="TestGoodCompile" time="0.000000"></testcase>
	</testsuite>
</testsuites>