<?xml version="1.0" encoding="UTF-8"?>
<testsuites tests="29" failures="1" errors="0" time="57.000281">
	<testsuite tests="29" failures="1" time="0.000000" name="strconv" timestamp="2024-04-26T04:36:39Z">
		<properties>
			<property name="go.version" value="go1.22.2 linux/arm64"></property>
		</properties>
		<testcase classname="strconv" name="TestFormatComplexInvalidBitSize" time="-0.000000">
			<failure message="Failed" type="">=== RUN   TestFormatComplexInvalidBitSize&#xA;panic: invalid bitSize&#xA;Error: failed to run main module `/tmp/tinygo103511103/main`&#xA;&#xA;Caused by:&#xA;    0: failed to invoke `run` function&#xA;    1: error while executing at wasm backtrace:&#xA;           0: 0x3ea8 - runtime.abort&#xA;                           at /workspaces/dc-wasm-go/tinygo/src/runtime/runtime_tinygowasmp2.go:59:6              - runtime._panic&#xA;                           at /workspaces/dc-wasm-go/tinygo/src/runtime/panic.go:65:7&#xA;           1: 0x55af4 - strconv.FormatComplex&#xA;                           at /usr/local/go/src/strconv/ctoa.go:16:8&#xA;           2: 0x9f946 - strconv_test.TestFormatComplexInvalidBitSize&#xA;                           at /usr/local/go/src/strconv/ctoa_test.go:52:19&#xA;           3: 0x376be - testing.tRunner&#xA;                           at /workspaces/dc-wasm-go/tinygo/src/testing/testing.go:427:4&#xA;           4: 0x704a5 - (*testing.T).Run&#xA;           5: 0x373c6 - testing.runTests$1&#xA;                           at /workspaces/dc-wasm-go/tinygo/src/testing/testing.go:561:10&#xA;           6: 0x376be - testing.tRunner&#xA;                           at /workspaces/dc-wasm-go/tinygo/src/testing/testing.go:427:4&#xA;           7: 0x23759 - &lt;unknown&gt;!runtime.run$1&#xA;           8: 0x16d3f - &lt;goroutine wrapper&gt;&#xA;                           at /workspaces/dc-wasm-go/tinygo/src/runtime/scheduler_any.go:23:2&#xA;           9: 0x1bb5 - tinygo_launch&#xA;                           at /workspaces/dc-wasm-go/tinygo/src/internal/task/task_asyncify_wasm.S:59&#xA;          10: 0x16bf2 - (*internal/task.Task).Resume&#xA;                           at /workspaces/dc-wasm-go/tinygo/src/internal/task/task_asyncify.go:109:17              - runtime.scheduler&#xA;                           at /workspaces/dc-wasm-go/tinygo/src/runtime/scheduler.go:236:11              - runtime.run&#xA;                           at /workspaces/dc-wasm-go/tinygo/src/runtime/scheduler_any.go:28:11              - _start&#xA;                           at /workspaces/dc-wasm-go/tinygo/src/runtime/runtime_wasm_wasip2.go:30:5&#xA;          11: 0x1696a - wasi:cli/run@0.2.0#run&#xA;                           at /workspaces/dc-wasm-go/tinygo/src/runtime/runtime_wasm_wasip2.go:21:8&#xA;    2: wasm trap: wasm `unreachable` instruction executed&#xA;</failure>
		</testcase>
		<testcase classname="strconv" name="TestParseBool" time="0.000000"></testcase>
		<testcase classname="strconv" name="TestFormatBool" time="0.000000"></testcase>
		<testcase classname="strconv" name="TestAppendBool" time="0.000000"></testcase>
		<testcase classname="strconv" name="TestParseComplex" time="0.000000"></testcase>
		<testcase classname="strconv" name="TestParseComplexIncorrectBitSize" time="0.000000"></testcase>
		<testcase classname="strconv" name="TestParseFloatPrefix" time="0.000000"></testcase>
		<testcase classname="strconv" name="TestAtof" time="0.000000"></testcase>
		<testcase classname="strconv" name="TestAtofSlow" time="0.000000"></testcase>
		<testcase classname="strconv" name="TestAtofRandom" time="0.000000"></testcase>
		<testcase classname="strconv" name="TestRoundTrip" time="0.000000"></testcase>
		<testcase classname="strconv" name="TestRoundTrip32" time="0.000000"></testcase>
		<testcase classname="strconv" name="TestParseFloatIncorrectBitSize" time="0.000000"></testcase>
		<testcase classname="strconv" name="TestParseUint32" time="0.000000"></testcase>
		<testcase classname="strconv" name="TestParseUint64" time="0.000000"></testcase>
		<testcase classname="strconv" name="TestParseUint64Base" time="0.000000"></testcase>
		<testcase classname="strconv" name="TestParseInt32" time="0.000000"></testcase>
		<testcase classname="strconv" name="TestParseInt64" time="0.000000"></testcase>
		<testcase classname="strconv" name="TestParseInt64Base" time="0.000000"></testcase>
		<testcase classname="strconv" name="TestParseUint" time="0.000000"></testcase>
		<testcase classname="strconv" name="TestParseInt" time="0.000000"></testcase>
		<testcase classname="strconv" name="TestAtoi" time="0.000000"></testcase>
		<testcase classname="strconv" name="TestParseIntBitSize" time="0.000000"></testcase>
		<testcase classname="strconv" name="TestParseUintBitSize" time="0.000000"></testcase>
		<testcase classname="strconv" name="TestParseIntBase" time="0.000000"></testcase>
		<testcase classname="strconv" name="TestParseUintBase" time="0.000000"></testcase>
		<testcase classname="strconv" name="TestNumError" time="0.000000"></testcase>
		<testcase classname="strconv" name="TestNumErrorUnwrap" time="0.000000"></testcase>
		<testcase classname="strconv" name="TestFormatComplex" time="0.000000"></testcase>
	</testsuite>
</testsuites>