<?xml version="1.0" encoding="UTF-8"?>
<testsuites tests="4" failures="1" errors="0" time="26.268809">
	<testsuite tests="4" failures="1" time="0.000000" name="strings" timestamp="2024-04-25T20:24:27Z">
		<properties>
			<property name="go.version" value="go1.22.2 linux/arm64"></property>
		</properties>
		<testcase classname="strings" name="TestBuilderGrow" time="-0.000000">
			<failure message="Failed" type="">=== RUN   TestBuilderGrow&#xA;    growLen=100: got 0 allocs during Write; want 1&#xA;    growLen=1000: got 0 allocs during Write; want 1&#xA;    growLen=10000: got 0 allocs during Write; want 1&#xA;    growLen=100000: got 0 allocs during Write; want 1&#xA;panic: strings.Builder.Grow: negative count&#xA;Error: failed to run main module `/tmp/tinygo3538104764/main`&#xA;&#xA;Caused by:&#xA;    0: failed to invoke `run` function&#xA;    1: error while executing at wasm backtrace:&#xA;           0: 0x3f86 - runtime.abort&#xA;                           at /workspaces/dc-wasm-go/tinygo/src/runtime/runtime_tinygowasmp2.go:59:6              - runtime._panic&#xA;                           at /workspaces/dc-wasm-go/tinygo/src/runtime/panic.go:65:7&#xA;           1: 0x42602 - (*strings.Builder).Grow&#xA;                           at /usr/local/go/src/strings/builder.go:80:8&#xA;           2: 0x88f8f - strings_test.TestBuilderGrow&#xA;                           at /usr/local/go/src/strings/builder_test.go:120:8&#xA;           3: 0x2f5e5 - testing.tRunner&#xA;                           at /workspaces/dc-wasm-go/tinygo/src/testing/testing.go:427:4&#xA;           4: 0x6e015 - (*testing.T).Run&#xA;           5: 0x2f2ed - testing.runTests$1&#xA;                           at /workspaces/dc-wasm-go/tinygo/src/testing/testing.go:561:10&#xA;           6: 0x2f5e5 - testing.tRunner&#xA;                           at /workspaces/dc-wasm-go/tinygo/src/testing/testing.go:427:4&#xA;           7: 0x28ec4 - &lt;unknown&gt;!runtime.run$1&#xA;           8: 0x1aac0 - &lt;goroutine wrapper&gt;&#xA;                           at /workspaces/dc-wasm-go/tinygo/src/runtime/scheduler_any.go:23:2&#xA;           9: 0x1cb9 - tinygo_launch&#xA;                           at /workspaces/dc-wasm-go/tinygo/src/internal/task/task_asyncify_wasm.S:59&#xA;          10: 0x1a97b - (*internal/task.Task).Resume&#xA;                           at /workspaces/dc-wasm-go/tinygo/src/internal/task/task_asyncify.go:109:17              - runtime.scheduler&#xA;                           at /workspaces/dc-wasm-go/tinygo/src/runtime/scheduler.go:236:11              - runtime.run&#xA;                           at /workspaces/dc-wasm-go/tinygo/src/runtime/scheduler_any.go:28:11              - _start&#xA;                           at /workspaces/dc-wasm-go/tinygo/src/runtime/runtime_wasm_wasip2.go:30:5&#xA;          11: 0x1a787 - wasi:cli/run@0.2.0#run&#xA;                           at /workspaces/dc-wasm-go/tinygo/src/runtime/runtime_wasm_wasip2.go:21:8&#xA;    2: wasm trap: wasm `unreachable` instruction executed&#xA;</failure>
		</testcase>
		<testcase classname="strings" name="TestBuilder" time="0.000000"></testcase>
		<testcase classname="strings" name="TestBuilderString" time="0.000000"></testcase>
		<testcase classname="strings" name="TestBuilderReset" time="0.000000"></testcase>
	</testsuite>
</testsuites>