<?xml version="1.0" encoding="UTF-8"?>
<testsuites tests="1" failures="1" errors="0" time="44.480988">
	<testsuite tests="1" failures="1" time="0.000000" name="text/template" timestamp="2024-04-25T18:32:03Z">
		<properties>
			<property name="go.version" value="go1.22.2 linux/arm64"></property>
		</properties>
		<testcase classname="text/template" name="TestExecute" time="-0.000000">
			<failure message="Failed" type="">=== RUN   TestExecute&#xA;panic: unimplemented: (reflect.Type).NumOut()&#xA;Error: failed to run main module `/tmp/tinygo1758107387/main`&#xA;&#xA;Caused by:&#xA;    0: failed to invoke `run` function&#xA;    1: error while executing at wasm backtrace:&#xA;           0: 0x3ddf - runtime.abort&#xA;                           at /workspaces/dc-wasm-go/tinygo/src/runtime/runtime_tinygowasmp2.go:59:6              - runtime._panic&#xA;                           at /workspaces/dc-wasm-go/tinygo/src/runtime/panic.go:65:7&#xA;           1: 0x49b0 - (*reflect.rawType).NumOut&#xA;                           at /workspaces/dc-wasm-go/tinygo/src/reflect/type.go:1012:7&#xA;           2: 0xaf37b - (Go interface method)&#xA;                           at /usr/local/go/src/text/template/funcs.go:112:6              - text/template.goodFunc&#xA;                           at /usr/local/go/src/text/template/funcs.go:115:17              - text/template.addValueFuncs&#xA;                           at /usr/local/go/src/text/template/funcs.go:96:15&#xA;           3: 0xaedd8 - (*text/template.Template).Funcs&#xA;                           at /usr/local/go/src/text/template/template.go:181:15&#xA;           4: 0xbdce2 - text/template.testExecute&#xA;                           at /usr/local/go/src/text/template/exec_test.go:796:23&#xA;           5: 0xbe473 - text/template.TestExecute&#xA;                           at /usr/local/go/src/text/template/exec_test.go:831:13&#xA;           6: 0x3c756 - testing.tRunner&#xA;                           at /workspaces/dc-wasm-go/tinygo/src/testing/testing.go:427:4&#xA;           7: 0x9086d - (*testing.T).Run&#xA;           8: 0x3c45a - testing.runTests$1&#xA;                           at /workspaces/dc-wasm-go/tinygo/src/testing/testing.go:561:10&#xA;           9: 0x3c756 - testing.tRunner&#xA;                           at /workspaces/dc-wasm-go/tinygo/src/testing/testing.go:427:4&#xA;          10: 0x2d5d0 - &lt;unknown&gt;!runtime.run$1&#xA;          11: 0x1f07a - &lt;goroutine wrapper&gt;&#xA;                           at /workspaces/dc-wasm-go/tinygo/src/runtime/scheduler_any.go:23:2&#xA;          12: 0x1d35 - tinygo_launch&#xA;                           at /workspaces/dc-wasm-go/tinygo/src/internal/task/task_asyncify_wasm.S:59&#xA;          13: 0x1eef6 - (*internal/task.Task).Resume&#xA;                           at /workspaces/dc-wasm-go/tinygo/src/internal/task/task_asyncify.go:109:17              - runtime.scheduler&#xA;                           at /workspaces/dc-wasm-go/tinygo/src/runtime/scheduler.go:236:11              - runtime.run&#xA;                           at /workspaces/dc-wasm-go/tinygo/src/runtime/scheduler_any.go:28:11              - _start&#xA;                           at /workspaces/dc-wasm-go/tinygo/src/runtime/runtime_wasm_wasip2.go:30:5&#xA;          14: 0x1eb42 - wasi:cli/run@0.2.0#run&#xA;                           at /workspaces/dc-wasm-go/tinygo/src/runtime/runtime_wasm_wasip2.go:21:8&#xA;    2: wasm trap: wasm `unreachable` instruction executed&#xA;</failure>
		</testcase>
	</testsuite>
</testsuites>