<?xml version="1.0" encoding="UTF-8"?>
<testsuites tests="13" failures="1" errors="0" time="36.390933">
	<testsuite tests="13" failures="1" time="0.000000" name="bytes" timestamp="2024-03-14T15:08:03Z">
		<properties>
			<property name="go.version" value="go1.22.0 linux/arm64"></property>
		</properties>
		<testcase classname="bytes" name="TestReadFromPanicReader" time="-0.000000">
			<failure message="Failed" type="">=== RUN   TestReadFromPanicReader&#xA;panic: oops&#xA;Error: failed to run main module `/tmp/tinygo1512780710/main`&#xA;&#xA;Caused by:&#xA;    0: failed to invoke command default&#xA;    1: error while executing at wasm backtrace:&#xA;           0: 0x4790 - runtime.abort&#xA;                           at /workspaces/dc-wasm-go/tinygo/src/runtime/runtime_tinygowasm.go:70:6              - runtime._panic&#xA;                           at /workspaces/dc-wasm-go/tinygo/src/runtime/panic.go:52:7&#xA;           1: 0x11916 - (bytes_test.panicReader).Read&#xA;                           at /usr/local/go/src/bytes/buffer_test.go:271:8&#xA;           2: 0x10cac - (bytes_test.panicReader).Read$invoke&#xA;                           at /usr/local/go/src/bytes/buffer_test.go:269:22              - (Go interface method)&#xA;                           at &lt;Go interface method&gt;&#xA;           3: 0x14f54 - (*bytes.Buffer).ReadFrom&#xA;                           at /usr/local/go/src/bytes/buffer.go:211:23&#xA;           4: 0x7943b - bytes_test.TestReadFromPanicReader&#xA;                           at /usr/local/go/src/bytes/buffer_test.go:297:15&#xA;           5: 0x28f12 - testing.tRunner&#xA;                           at /workspaces/dc-wasm-go/tinygo/src/testing/testing.go:427:4&#xA;           6: 0x28c04 - (*testing.T).Run&#xA;                           at /workspaces/dc-wasm-go/tinygo/src/testing/testing.go:462:9              - testing.runTests$1&#xA;                           at /workspaces/dc-wasm-go/tinygo/src/testing/testing.go:561:10&#xA;           7: 0x28f12 - testing.tRunner&#xA;                           at /workspaces/dc-wasm-go/tinygo/src/testing/testing.go:427:4&#xA;           8: 0x21dc8 - testing.runTests&#xA;                           at /workspaces/dc-wasm-go/tinygo/src/testing/testing.go:559:10              - (*testing.M).Run&#xA;                           at /workspaces/dc-wasm-go/tinygo/src/testing/testing.go:533:29              - main.main&#xA;                           at /home/vscode/.cache/go-build/e9/e93c8444dc8df6f4a356946eb7b5b36c54937c0dfbc9b92af48cbe8e6cdc6d17-d:459:15              - runtime.run$1&#xA;                           at /workspaces/dc-wasm-go/tinygo/src/runtime/scheduler_any.go:25:11&#xA;           9: 0x1be95 - &lt;goroutine wrapper&gt;&#xA;                           at /workspaces/dc-wasm-go/tinygo/src/runtime/scheduler_any.go:23:2&#xA;          10:  0x952 - tinygo_launch&#xA;                           at /workspaces/dc-wasm-go/tinygo/src/internal/task/task_asyncify_wasm.S:59&#xA;          11: 0x1bd3e - (*internal/task.Task).Resume&#xA;                           at /workspaces/dc-wasm-go/tinygo/src/internal/task/task_asyncify.go:109:17              - runtime.scheduler&#xA;                           at /workspaces/dc-wasm-go/tinygo/src/runtime/scheduler.go:236:11              - runtime.run&#xA;                           at /workspaces/dc-wasm-go/tinygo/src/runtime/scheduler_any.go:28:11              - _start&#xA;                           at /workspaces/dc-wasm-go/tinygo/src/runtime/runtime_wasm_wasi.go:21:5&#xA;    2: wasm trap: wasm `unreachable` instruction executed&#xA;</failure>
		</testcase>
		<testcase classname="bytes" name="TestNewBuffer" time="0.000000"></testcase>
		<testcase classname="bytes" name="TestNewBufferString" time="0.000000"></testcase>
		<testcase classname="bytes" name="TestBasicOperations" time="0.000000"></testcase>
		<testcase classname="bytes" name="TestLargeStringWrites" time="0.000000"></testcase>
		<testcase classname="bytes" name="TestLargeByteWrites" time="0.000000"></testcase>
		<testcase classname="bytes" name="TestLargeStringReads" time="0.000000"></testcase>
		<testcase classname="bytes" name="TestLargeByteReads" time="0.000000"></testcase>
		<testcase classname="bytes" name="TestMixedReadsAndWrites" time="0.000000"></testcase>
		<testcase classname="bytes" name="TestCapWithPreallocatedSlice" time="0.000000"></testcase>
		<testcase classname="bytes" name="TestCapWithSliceAndWrittenData" time="0.000000"></testcase>
		<testcase classname="bytes" name="TestNil" time="0.000000"></testcase>
		<testcase classname="bytes" name="TestReadFrom" time="0.000000"></testcase>
	</testsuite>
</testsuites>