<?xml version="1.0" encoding="UTF-8"?>
<testsuites tests="1" failures="1" errors="0" time="31.680140">
	<testsuite tests="1" failures="1" time="0.000000" name="crypto" timestamp="2024-03-14T15:08:19Z">
		<properties>
			<property name="go.version" value="go1.22.0 linux/arm64"></property>
		</properties>
		<testcase classname="crypto" name="TestRC4OutOfBoundsWrite" time="-0.000000">
			<failure message="Failed" type="">=== RUN   TestRC4OutOfBoundsWrite&#xA;panic: runtime error: index out of range&#xA;Error: failed to run main module `/tmp/tinygo123774282/main`&#xA;&#xA;Caused by:&#xA;    0: failed to invoke command default&#xA;    1: error while executing at wasm backtrace:&#xA;           0: 0x1bbe7 - runtime.abort&#xA;                           at /workspaces/dc-wasm-go/tinygo/src/runtime/runtime_tinygowasm.go:70:6              - runtime.runtimePanicAt&#xA;                           at /workspaces/dc-wasm-go/tinygo/src/runtime/panic.go:71:7&#xA;           1: 0x1265 - runtime.lookupPanic&#xA;                           at /workspaces/dc-wasm-go/tinygo/src/runtime/panic.go:144:16&#xA;           2: 0x5cea6 - &lt;unknown&gt;!(*crypto/rc4.Cipher).XORKeyStream$bound&#xA;           3: 0x5d241 - crypto_test.test&#xA;                           at /usr/local/go/src/crypto/issue21104_test.go:60:5&#xA;           4: 0x5cc65 - crypto_test.TestRC4OutOfBoundsWrite&#xA;                           at /usr/local/go/src/crypto/issue21104_test.go:21:6&#xA;           5: 0x20cf1 - testing.tRunner&#xA;                           at /workspaces/dc-wasm-go/tinygo/src/testing/testing.go:427:4&#xA;           6: 0x209e7 - (*testing.T).Run&#xA;                           at /workspaces/dc-wasm-go/tinygo/src/testing/testing.go:462:9              - testing.runTests$1&#xA;                           at /workspaces/dc-wasm-go/tinygo/src/testing/testing.go:561:10&#xA;           7: 0x20cf1 - testing.tRunner&#xA;                           at /workspaces/dc-wasm-go/tinygo/src/testing/testing.go:427:4&#xA;           8: 0x1ac76 - testing.runTests&#xA;                           at /workspaces/dc-wasm-go/tinygo/src/testing/testing.go:559:10              - (*testing.M).Run&#xA;                           at /workspaces/dc-wasm-go/tinygo/src/testing/testing.go:533:29              - main.main&#xA;                           at /home/vscode/.cache/go-build/ae/ae5003e243985acd87c6eaa8aa139ba382fcef53385b020be05280b51425c1a5-d:57:15              - runtime.run$1&#xA;                           at /workspaces/dc-wasm-go/tinygo/src/runtime/scheduler_any.go:25:11&#xA;           9: 0x16a86 - &lt;goroutine wrapper&gt;&#xA;                           at /workspaces/dc-wasm-go/tinygo/src/runtime/scheduler_any.go:23:2&#xA;          10:  0x520 - tinygo_launch&#xA;                           at /workspaces/dc-wasm-go/tinygo/src/internal/task/task_asyncify_wasm.S:59&#xA;          11: 0x16928 - (*internal/task.Task).Resume&#xA;                           at /workspaces/dc-wasm-go/tinygo/src/internal/task/task_asyncify.go:109:17              - runtime.scheduler&#xA;                           at /workspaces/dc-wasm-go/tinygo/src/runtime/scheduler.go:236:11              - runtime.run&#xA;                           at /workspaces/dc-wasm-go/tinygo/src/runtime/scheduler_any.go:28:11              - _start&#xA;                           at /workspaces/dc-wasm-go/tinygo/src/runtime/runtime_wasm_wasi.go:21:5&#xA;    2: wasm trap: wasm `unreachable` instruction executed&#xA;</failure>
		</testcase>
	</testsuite>
</testsuites>