<?xml version="1.0" encoding="UTF-8"?>
<testsuites tests="47" failures="1" errors="0" time="73.194893">
	<testsuite tests="47" failures="1" time="0.000000" name="crypto/ecdh" timestamp="2024-03-14T15:08:39Z">
		<properties>
			<property name="go.version" value="go1.22.0 linux/arm64"></property>
		</properties>
		<testcase classname="crypto/ecdh" name="TestLinker" time="0.000000">
			<failure message="Failed" type="">=== RUN   TestLinker&#xA;    skipping test: &#39;go build&#39; unavailable: go tool -n compile: exec: &#34;go&#34;: executable file not found in $PATH&#xA;    SkipNow is incomplete, requires runtime.Goexit()&#xA;    skipping test: &#39;go build&#39; unavailable: go tool -n compile: exec: &#34;go&#34;: executable file not found in $PATH&#xA;    SkipNow is incomplete, requires runtime.Goexit()&#xA;    platform cannot run go tool&#xA;    FailNow is incomplete, requires runtime.Goexit()&#xA;    [ build -o hello.exe hello.go]: exec: no command&#xA;    FailNow is incomplete, requires runtime.Goexit()&#xA;    [./hello.exe]: open /dev/null: errno 0&#xA;    FailNow is incomplete, requires runtime.Goexit()&#xA;    unexpected output: &#xA;    [ tool nm hello.exe]: exec: no command&#xA;    FailNow is incomplete, requires runtime.Goexit()&#xA;    no P384 symbols found in program using ecdh.P384, test is broken&#xA;--- FAIL: TestLinker (0.05s)&#xA;    TempDir RemoveAll cleanup: RemoveAll /tmp/TestLinker194954232: errno 52&#xA;</failure>
		</testcase>
		<testcase classname="crypto/ecdh" name="TestECDH" time="0.000000"></testcase>
		<testcase classname="crypto/ecdh" name="TestGenerateKey" time="0.000000"></testcase>
		<testcase classname="crypto/ecdh" name="TestVectors" time="0.000000"></testcase>
		<testcase classname="crypto/ecdh" name="TestString" time="0.000000"></testcase>
		<testcase classname="crypto/ecdh" name="TestX25519Failure" time="0.000000"></testcase>
		<testcase classname="crypto/ecdh" name="TestNewPrivateKey" time="0.000000"></testcase>
		<testcase classname="crypto/ecdh" name="TestNewPublicKey" time="0.000000"></testcase>
		<testcase classname="crypto/ecdh" name="TestMismatchedCurves" time="0.000000"></testcase>
	</testsuite>
</testsuites>