<?xml version="1.0" encoding="UTF-8"?>
<testsuites tests="1" failures="1" errors="0" time="41.778562">
	<testsuite tests="1" failures="1" time="0.000000" name="debug/gosym" timestamp="2024-03-14T15:09:54Z">
		<properties>
			<property name="go.version" value="go1.22.0 linux/arm64"></property>
		</properties>
		<testcase classname="debug/gosym" name="TestLineFromAline" time="-0.000000">
			<failure message="Failed" type="">=== RUN   TestLineFromAline&#xA;    skipping on non-ELF system wasip1&#xA;    SkipNow is incomplete, requires runtime.Goexit()&#xA;    open main: errno 0&#xA;    FailNow is incomplete, requires runtime.Goexit()&#xA;panic: runtime error: nil pointer dereference&#xA;Error: failed to run main module `/tmp/tinygo2459568843/main`&#xA;&#xA;Caused by:&#xA;    0: failed to invoke command default&#xA;    1: error while executing at wasm backtrace:&#xA;           0: 0x2def3 - runtime.abort&#xA;                           at /workspaces/dc-wasm-go/tinygo/src/runtime/runtime_tinygowasm.go:70:6              - runtime.runtimePanicAt&#xA;                           at /workspaces/dc-wasm-go/tinygo/src/runtime/panic.go:71:7&#xA;           1: 0x86a4 - runtime.nilPanic&#xA;                           at /workspaces/dc-wasm-go/tinygo/src/runtime/panic.go:134:16&#xA;           2: 0x8d7ee - (*debug/elf.File).Section&#xA;           3: 0x9fd4a - debug/gosym.crack&#xA;                           at /usr/local/go/src/debug/gosym/pclntab_test.go:81:10&#xA;           4: 0x9d7e8 - debug/gosym.getTable&#xA;                           at /usr/local/go/src/debug/gosym/pclntab_test.go:72:17&#xA;           5: 0xa04ff - debug/gosym.TestLineFromAline&#xA;                           at /usr/local/go/src/debug/gosym/pclntab_test.go:113:14&#xA;           6: 0x38731 - testing.tRunner&#xA;                           at /workspaces/dc-wasm-go/tinygo/src/testing/testing.go:427:4&#xA;           7: 0x38423 - (*testing.T).Run&#xA;                           at /workspaces/dc-wasm-go/tinygo/src/testing/testing.go:462:9              - testing.runTests$1&#xA;                           at /workspaces/dc-wasm-go/tinygo/src/testing/testing.go:561:10&#xA;           8: 0x38731 - testing.tRunner&#xA;                           at /workspaces/dc-wasm-go/tinygo/src/testing/testing.go:427:4&#xA;           9: 0x2d075 - &lt;unknown&gt;!runtime.run$1&#xA;          10: 0x2a179 - &lt;goroutine wrapper&gt;&#xA;                           at /workspaces/dc-wasm-go/tinygo/src/runtime/scheduler_any.go:23:2&#xA;          11:  0x9d4 - tinygo_launch&#xA;                           at /workspaces/dc-wasm-go/tinygo/src/internal/task/task_asyncify_wasm.S:59&#xA;          12: 0x29fe2 - (*internal/task.Task).Resume&#xA;                           at /workspaces/dc-wasm-go/tinygo/src/internal/task/task_asyncify.go:109:17              - runtime.scheduler&#xA;                           at /workspaces/dc-wasm-go/tinygo/src/runtime/scheduler.go:236:11              - runtime.run&#xA;                           at /workspaces/dc-wasm-go/tinygo/src/runtime/scheduler_any.go:28:11              - _start&#xA;                           at /workspaces/dc-wasm-go/tinygo/src/runtime/runtime_wasm_wasi.go:21:5&#xA;    2: wasm trap: wasm `unreachable` instruction executed&#xA;</failure>
		</testcase>
	</testsuite>
</testsuites>