<?xml version="1.0" encoding="UTF-8"?>
<testsuites tests="0" failures="1" errors="0" time="55.011370">
	<testsuite tests="0" failures="0" time="0.000000" name="encoding/gob" timestamp="2024-03-14T15:10:54Z">
		<properties>
			<property name="go.version" value="go1.22.0 linux/arm64"></property>
		</properties>
		<testcase classname="" name="TestMain" time="0.000000">
			<failure message="Failed" type="">wasm-ld --stack-first --no-demangle -L /workspaces/dc-wasm-go/tinygo -o /tmp/tinygo627394844/main /tmp/tinygo627394844/main.o /home/vscode/.cache/tinygo/compiler-rt-wasm32-unknown-wasi-generic/lib.a /home/vscode/.cache/tinygo/obj-b5c56a6b14a0f3fc27dbf7b10473e33c23de3276cbe615f4c89486a9.bc /home/vscode/.cache/tinygo/obj-ac4f577da4cf82b6646c4022bcfc70a794527615fbdc780656e95098.bc /workspaces/dc-wasm-go/tinygo/lib/wasi-libc/sysroot/lib/wasm32-wasi/libc.a -mllvm -mcpu=generic --lto-O2 --thinlto-cache-dir=/home/vscode/.cache/tinygo/thinlto -mllvm --rotation-max-header-size=0&#xA;/workspaces/dc-wasm-go/tinygo/build/wasm-opt --asyncify -Oz -g /tmp/tinygo627394844/main --output /tmp/tinygo627394844/main&#xA;[wasm-validator error in function \28*encoding/gob.Decoder\29.decOpFor$3] call param types must match, on &#xA;(call $runtime.fd_write&#xA; (local.tee $16&#xA;  (i64.extend_i32_u&#xA;   (local.tee $8&#xA;    (call $\28*reflect.rawType\29.Size&#xA;     (local.get $5)&#xA;    )&#xA;   )&#xA;  )&#xA; )&#xA; (i64.const 0)&#xA; (local.get $15)&#xA; (i64.const 0)&#xA;)&#xA;(on argument 0)&#xA;[wasm-validator error in function \28*encoding/gob.Decoder\29.decOpFor$3] call param types must match, on &#xA;(call $runtime.fd_write&#xA; (local.tee $16&#xA;  (i64.extend_i32_u&#xA;   (local.tee $8&#xA;    (call $\28*reflect.rawType\29.Size&#xA;     (local.get $5)&#xA;    )&#xA;   )&#xA;  )&#xA; )&#xA; (i64.const 0)&#xA; (local.get $15)&#xA; (i64.const 0)&#xA;)&#xA;(on argument 1)&#xA;[wasm-validator error in function \28*encoding/gob.Decoder\29.decOpFor$3] call param types must match, on &#xA;(call $runtime.fd_write&#xA; (local.tee $16&#xA;  (i64.extend_i32_u&#xA;   (local.tee $8&#xA;    (call $\28*reflect.rawType\29.Size&#xA;     (local.get $5)&#xA;    )&#xA;   )&#xA;  )&#xA; )&#xA; (i64.const 0)&#xA; (local.get $15)&#xA; (i64.const 0)&#xA;)&#xA;(on argument 2)&#xA;[wasm-validator error in function \28*encoding/gob.Decoder\29.decOpFor$3] call param types must match, on &#xA;(call $runtime.fd_write&#xA; (local.tee $16&#xA;  (i64.extend_i32_u&#xA;   (local.tee $8&#xA;    (call $\28*reflect.rawType\29.Size&#xA;     (local.get $5)&#xA;    )&#xA;   )&#xA;  )&#xA; )&#xA; (i64.const 0)&#xA; (local.get $15)&#xA; (i64.const 0)&#xA;)&#xA;(on argument 3)&#xA;Fatal: error validating input&#xA;FAIL&#x9;encoding/gob&#x9;0.000s&#xA;error: wasm-opt failed: exit status 1&#xA;</failure>
		</testcase>
	</testsuite>
</testsuites>