<?xml version="1.0" encoding="UTF-8"?>
<testsuites tests="56" failures="17" errors="0" time="142.950041">
	<testsuite tests="56" failures="17" time="0.000000" name="go/build" timestamp="2024-03-14T15:11:29Z">
		<properties>
			<property name="go.version" value="go1.22.0 linux/arm64"></property>
		</properties>
		<testcase classname="go/build" name="TestDotSlashImport" time="0.000000">
			<failure message="Failed" type="">=== RUN   TestDotSlashImport&#xA;    import &#34;.&#34;: unknown compiler &#34;tinygo&#34;&#xA;    FailNow is incomplete, requires runtime.Goexit()&#xA;    import &#34;./file&#34;: unknown compiler &#34;tinygo&#34;&#xA;    FailNow is incomplete, requires runtime.Goexit()&#xA;--- FAIL: TestDotSlashImport (0.02s)&#xA;</failure>
		</testcase>
		<testcase classname="go/build" name="TestLocalDirectory" time="0.000000">
			<failure message="Failed" type="">=== RUN   TestLocalDirectory&#xA;    import &#34;.&#34;: unknown compiler &#34;tinygo&#34;&#xA;    FailNow is incomplete, requires runtime.Goexit()&#xA;    ImportPath=&#34;.&#34;, want &#34;go/build&#34;&#xA;    FailNow is incomplete, requires runtime.Goexit()&#xA;--- FAIL: TestLocalDirectory (0.03s)&#xA;</failure>
		</testcase>
		<testcase classname="go/build" name="TestImportCmd" time="0.000000">
			<failure message="Failed" type="">=== RUN   TestImportCmd&#xA;    go/build: go list cmd/internal/objfile: open /dev/null: errno 0&#xA;        &#xA;        &#xA;    FailNow is incomplete, requires runtime.Goexit()&#xA;    Import cmd/internal/objfile returned Dir=&#34;&#34;, want &#34;.../src/cmd/internal/objfile&#34;&#xA;    FailNow is incomplete, requires runtime.Goexit()&#xA;--- FAIL: TestImportCmd (0.00s)&#xA;</failure>
		</testcase>
		<testcase classname="go/build" name="TestImportDirNotExist" time="0.000000">
			<failure message="Failed" type="">=== RUN   TestImportDirNotExist&#xA;    skipping test: &#39;go build&#39; unavailable: go tool -n compile: exec: &#34;go&#34;: executable file not found in $PATH&#xA;    SkipNow is incomplete, requires runtime.Goexit()&#xA;--- FAIL: TestImportDirNotExist (0.01s)&#xA;    TempDir RemoveAll cleanup: RemoveAll /tmp/TestImportDirNotExist204995701: errno 52&#xA;=== RUN   TestImportDirNotExist/GO111MODULE=off&#xA;    --- PASS: TestImportDirNotExist/GO111MODULE=off (0.00s)&#xA;=== RUN   TestImportDirNotExist/GO111MODULE=on&#xA;        Import(full, 0) got error: &#34;go/build: go list go/build/doesnotexist: open /dev/null: errno 0\n\n&#34;, want &#34;cannot find package&#34; or &#34;is not in std&#34; error&#xA;        Import(full, FindOnly) got error: &#34;go/build: go list go/build/doesnotexist: open /dev/null: errno 0\n\n&#34;, want &#34;cannot find package&#34; or &#34;is not in std&#34; error&#xA;    --- FAIL: TestImportDirNotExist/GO111MODULE=on (0.00s)&#xA;</failure>
		</testcase>
		<testcase classname="go/build" name="TestImportVendor" time="0.000000">
			<failure message="Failed" type="">=== RUN   TestImportVendor&#xA;    skipping test: &#39;go build&#39; unavailable: go tool -n compile: exec: &#34;go&#34;: executable file not found in $PATH&#xA;    SkipNow is incomplete, requires runtime.Goexit()&#xA;    cannot find vendored c/d from testdata src/a/b directory: import &#34;c/d&#34;: unknown compiler &#34;tinygo&#34;&#xA;    FailNow is incomplete, requires runtime.Goexit()&#xA;--- FAIL: TestImportVendor (0.00s)&#xA;</failure>
		</testcase>
		<testcase classname="go/build" name="TestImportVendorFailure" time="0.000000">
			<failure message="Failed" type="">=== RUN   TestImportVendorFailure&#xA;    skipping test: &#39;go build&#39; unavailable: go tool -n compile: exec: &#34;go&#34;: executable file not found in $PATH&#xA;    SkipNow is incomplete, requires runtime.Goexit()&#xA;--- FAIL: TestImportVendorFailure (0.00s)&#xA;</failure>
		</testcase>
		<testcase classname="go/build" name="TestImportVendorParentFailure" time="0.000000">
			<failure message="Failed" type="">=== RUN   TestImportVendorParentFailure&#xA;    skipping test: &#39;go build&#39; unavailable: go tool -n compile: exec: &#34;go&#34;: executable file not found in $PATH&#xA;    SkipNow is incomplete, requires runtime.Goexit()&#xA;--- FAIL: TestImportVendorParentFailure (0.00s)&#xA;</failure>
		</testcase>
		<testcase classname="go/build" name="TestImportPackageOutsideModule" time="0.000000">
			<failure message="Failed" type="">=== RUN   TestImportPackageOutsideModule&#xA;    skipping test: &#39;go build&#39; unavailable: go tool -n compile: exec: &#34;go&#34;: executable file not found in $PATH&#xA;    SkipNow is incomplete, requires runtime.Goexit()&#xA;    error when importing package when no go.mod is present: got &#34;go/build: go list example.com/p: open /dev/null: errno 0\n\n&#34;; want &#34;go.mod file not found in current directory or any parent directory&#34;&#xA;    FailNow is incomplete, requires runtime.Goexit()&#xA;--- FAIL: TestImportPackageOutsideModule (0.00s)&#xA;    TempDir RemoveAll cleanup: RemoveAll /tmp/TestImportPackageOutsideModule11277493: errno 52&#xA;</failure>
		</testcase>
		<testcase classname="go/build" name="TestIssue23594" time="0.000000">
			<failure message="Failed" type="">=== RUN   TestIssue23594&#xA;    could not import testdata: import &#34;.&#34;: unknown compiler &#34;tinygo&#34;&#xA;    FailNow is incomplete, requires runtime.Goexit()&#xA;--- FAIL: TestIssue23594 (0.01s)&#xA;</failure>
		</testcase>
		<testcase classname="go/build" name="TestMissingImportErrorRepetition" time="0.000000">
			<failure message="Failed" type="">=== RUN   TestMissingImportErrorRepetition&#xA;    skipping test: &#39;go build&#39; unavailable: go tool -n compile: exec: &#34;go&#34;: executable file not found in $PATH&#xA;    SkipNow is incomplete, requires runtime.Goexit()&#xA;--- FAIL: TestMissingImportErrorRepetition (0.01s)&#xA;    TempDir RemoveAll cleanup: RemoveAll /tmp/TestMissingImportErrorRepetition257234511: errno 52&#xA;</failure>
		</testcase>
		<testcase classname="go/build" name="TestCgoImportsIgnored" time="0.000000">
			<failure message="Failed" type="">=== RUN   TestCgoImportsIgnored&#xA;    import &#34;.&#34;: unknown compiler &#34;tinygo&#34;&#xA;    FailNow is incomplete, requires runtime.Goexit()&#xA;--- FAIL: TestCgoImportsIgnored (0.00s)&#xA;</failure>
		</testcase>
		<testcase classname="go/build" name="TestAllTags" time="0.000000">
			<failure message="Failed" type="">=== RUN   TestAllTags&#xA;    import &#34;.&#34;: unknown compiler &#34;tinygo&#34;&#xA;    FailNow is incomplete, requires runtime.Goexit()&#xA;    import &#34;.&#34;: unknown compiler &#34;tinygo&#34;&#xA;    FailNow is incomplete, requires runtime.Goexit()&#xA;--- FAIL: TestAllTags (0.04s)&#xA;</failure>
		</testcase>
		<testcase classname="go/build" name="TestAllTagsNonSourceFile" time="0.000000">
			<failure message="Failed" type="">=== RUN   TestAllTagsNonSourceFile&#xA;    import &#34;.&#34;: unknown compiler &#34;tinygo&#34;&#xA;    FailNow is incomplete, requires runtime.Goexit()&#xA;--- FAIL: TestAllTagsNonSourceFile (0.00s)&#xA;</failure>
		</testcase>
		<testcase classname="go/build" name="TestDirectives" time="0.000000">
			<failure message="Failed" type="">=== RUN   TestDirectives&#xA;    could not import testdata: import &#34;.&#34;: unknown compiler &#34;tinygo&#34;&#xA;    FailNow is incomplete, requires runtime.Goexit()&#xA;--- FAIL: TestDirectives (0.01s)&#xA;</failure>
		</testcase>
		<testcase classname="go/build" name="TestFindImports" time="0.000000">
			<failure message="Failed" type="">=== RUN   TestFindImports&#xA;    open /usr/local/go/src/go/build: errno 0&#xA;    FailNow is incomplete, requires runtime.Goexit()&#xA;    go/build imports []&#xA;    expected to find &#34;bytes&#34; in import list&#xA;    expected to find &#34;os&#34; in import list&#xA;    expected to find &#34;path/filepath&#34; in import list&#xA;    expected to find &#34;strings&#34; in import list&#xA;--- FAIL: TestFindImports (0.00s)&#xA;</failure>
		</testcase>
		<testcase classname="go/build" name="TestImportDirNotExist/GO111MODULE=on" time="-0.000000">
			<failure message="Failed" type="">=== RUN   TestImportDirNotExist/GO111MODULE=on&#xA;        Import(full, 0) got error: &#34;go/build: go list go/build/doesnotexist: open /dev/null: errno 0\n\n&#34;, want &#34;cannot find package&#34; or &#34;is not in std&#34; error&#xA;        Import(full, FindOnly) got error: &#34;go/build: go list go/build/doesnotexist: open /dev/null: errno 0\n\n&#34;, want &#34;cannot find package&#34; or &#34;is not in std&#34; error&#xA;    --- FAIL: TestImportDirNotExist/GO111MODULE=on (0.00s)&#xA;</failure>
		</testcase>
		<testcase classname="go/build" name="TestImportDirNotExist/GO111MODULE=off" time="-0.000000">
			<failure message="Failed" type="">=== RUN   TestImportDirNotExist/GO111MODULE=off&#xA;    --- PASS: TestImportDirNotExist/GO111MODULE=off (0.00s)&#xA;</failure>
		</testcase>
		<testcase classname="go/build" name="TestMatch" time="0.000000"></testcase>
		<testcase classname="go/build" name="TestEmptyImport" time="0.000000"></testcase>
		<testcase classname="go/build" name="TestEmptyFolderImport" time="0.000000"></testcase>
		<testcase classname="go/build" name="TestMultiplePackageImport" time="0.000000"></testcase>
		<testcase classname="go/build" name="TestShouldBuild" time="0.000000"></testcase>
		<testcase classname="go/build" name="TestGoodOSArchFile" time="0.000000"></testcase>
		<testcase classname="go/build" name="TestMatchFile" time="0.000000"></testcase>
		<testcase classname="go/build" name="TestExpandSrcDir" time="0.000000"></testcase>
		<testcase classname="go/build" name="TestShellSafety" time="0.000000"></testcase>
		<testcase classname="go/build" name="TestIssue56509" time="0.000000"></testcase>
		<testcase classname="go/build" name="TestDependencies" time="0.000000"></testcase>
		<testcase classname="go/build" name="TestStdlibLowercase" time="0.000000"></testcase>
		<testcase classname="go/build" name="TestReadGoInfo" time="0.000000"></testcase>
		<testcase classname="go/build" name="TestReadComments" time="0.000000"></testcase>
		<testcase classname="go/build" name="TestReadFailuresIgnored" time="0.000000"></testcase>
		<testcase classname="go/build" name="TestReadEmbed" time="0.000000"></testcase>
		<testcase classname="go/build" name="TestGoodOSArch" time="0.000000"></testcase>
	</testsuite>
</testsuites>