<?xml version="1.0" encoding="UTF-8"?>
<testsuites tests="10059" failures="1" errors="0" time="54.640038">
	<testsuite tests="10059" failures="1" time="0.000000" name="go/doc/comment" timestamp="2024-03-14T15:12:04Z">
		<properties>
			<property name="go.version" value="go1.22.0 linux/arm64"></property>
		</properties>
		<testcase classname="go/doc/comment" name="TestStd" time="0.000000">
			<failure message="Failed" type="">=== RUN   TestStd&#xA;    skipping test: &#39;go build&#39; unavailable: go tool -n compile: exec: &#34;go&#34;: executable file not found in $PATH&#xA;    SkipNow is incomplete, requires runtime.Goexit()&#xA;    platform cannot run go tool&#xA;    FailNow is incomplete, requires runtime.Goexit()&#xA;    skipping test: cannot exec subprocess on wasip1/wasm: can&#39;t probe for exec support: Executable not implemented&#xA;    SkipNow is incomplete, requires runtime.Goexit()&#xA;    exec: no command&#xA;    FailNow is incomplete, requires runtime.Goexit()&#xA;    stdPkgs is out of date: regenerate with &#39;go generate&#39;&#xA;        diff stdPkgs want&#xA;        --- stdPkgs&#xA;        +++ want&#xA;        @@ -1,36 +1,1 @@&#xA;        -bufio&#xA;        -bytes&#xA;        -cmp&#xA;        -context&#xA;        -crypto&#xA;        -embed&#xA;        -encoding&#xA;        -errors&#xA;        -expvar&#xA;        -flag&#xA;        -fmt&#xA;        -hash&#xA;        -html&#xA;        -image&#xA;        -io&#xA;        -log&#xA;        -maps&#xA;        -math&#xA;        -mime&#xA;        -net&#xA;        -os&#xA;        -path&#xA;        -plugin&#xA;        -reflect&#xA;        -regexp&#xA;        -runtime&#xA;        -slices&#xA;        -sort&#xA;        -strconv&#xA;        -strings&#xA;        -sync&#xA;        -syscall&#xA;        -testing&#xA;        -time&#xA;        -unicode&#xA;        -unsafe&#xA;        +&#xA;--- FAIL: TestStd (0.00s)&#xA;</failure>
		</testcase>
		<testcase classname="go/doc/comment" name="TestIsOldHeading" time="0.000000"></testcase>
		<testcase classname="go/doc/comment" name="TestAutoURL" time="0.000000"></testcase>
		<testcase classname="go/doc/comment" name="Test52353" time="0.000000"></testcase>
		<testcase classname="go/doc/comment" name="TestTestdata" time="0.000000"></testcase>
		<testcase classname="go/doc/comment" name="TestWrap" time="0.000000"></testcase>
	</testsuite>
</testsuites>