<?xml version="1.0" encoding="UTF-8"?>
<testsuites tests="5" failures="1" errors="0" time="34.777424">
	<testsuite tests="5" failures="1" time="0.000000" name="testing/fstest" timestamp="2024-03-14T15:24:02Z">
		<properties>
			<property name="go.version" value="go1.22.0 linux/arm64"></property>
		</properties>
		<testcase classname="testing/fstest" name="TestSymlink" time="0.000000">
			<failure message="Failed" type="">=== RUN   TestSymlink&#xA;    skipping test: cannot make symlinks on wasip1/wasm: &#xA;    SkipNow is incomplete, requires runtime.Goexit()&#xA;    symlink /tmp/TestSymlink167592619/000/hello /tmp/TestSymlink167592619/000/hello.link: errno 0&#xA;    FailNow is incomplete, requires runtime.Goexit()&#xA;    TestFS found errors:&#xA;        expected but not found: hello.link&#xA;    FailNow is incomplete, requires runtime.Goexit()&#xA;--- FAIL: TestSymlink (0.04s)&#xA;    TempDir RemoveAll cleanup: RemoveAll /tmp/TestSymlink167592619: errno 52&#xA;</failure>
		</testcase>
		<testcase classname="testing/fstest" name="TestMapFS" time="0.000000"></testcase>
		<testcase classname="testing/fstest" name="TestMapFSChmodDot" time="0.000000"></testcase>
		<testcase classname="testing/fstest" name="TestDash" time="0.000000"></testcase>
		<testcase classname="testing/fstest" name="TestShuffledFS" time="0.000000"></testcase>
	</testsuite>
</testsuites>