<?xml version="1.0" encoding="UTF-8"?>
<testsuites tests="1" failures="1" errors="0" time="8.459509">
	<testsuite tests="1" failures="1" time="0.000000" name="image/color" timestamp="2024-04-09T12:44:06Z">
		<properties>
			<property name="go.version" value="go1.22.0 linux/arm64"></property>
		</properties>
		<testcase classname="image/color" name="TestSqDiff" time="-0.000000">
			<failure message="Failed" type="">=== RUN   TestSqDiff&#xA;panic: unimplemented: (reflect.Type).NumIn()&#xA;</failure>
		</testcase>
	</testsuite>
</testsuites>