<?xml version="1.0" encoding="UTF-8"?>
<testsuites tests="18" failures="0" errors="0" time="35.375937">
	<testsuite tests="18" failures="0" time="0.000000" name="crypto/des" timestamp="2024-03-14T16:20:26Z">
		<properties>
			<property name="go.version" value="go1.22.0 linux/arm64"></property>
		</properties>
		<testcase classname="crypto/des" name="TestInitialPermute" time="0.000000"></testcase>
		<testcase classname="crypto/des" name="TestFinalPermute" time="0.000000"></testcase>
		<testcase classname="crypto/des" name="TestWeakKeys" time="0.000000"></testcase>
		<testcase classname="crypto/des" name="TestSemiWeakKeyPairs" time="0.000000"></testcase>
		<testcase classname="crypto/des" name="TestDESEncryptBlock" time="0.000000"></testcase>
		<testcase classname="crypto/des" name="TestDESDecryptBlock" time="0.000000"></testcase>
		<testcase classname="crypto/des" name="TestEncryptTripleDES" time="0.000000"></testcase>
		<testcase classname="crypto/des" name="TestDecryptTripleDES" time="0.000000"></testcase>
		<testcase classname="crypto/des" name="TestVariablePlaintextKnownAnswer" time="0.000000"></testcase>
		<testcase classname="crypto/des" name="TestVariableCiphertextKnownAnswer" time="0.000000"></testcase>
		<testcase classname="crypto/des" name="TestInversePermutationKnownAnswer" time="0.000000"></testcase>
		<testcase classname="crypto/des" name="TestInitialPermutationKnownAnswer" time="0.000000"></testcase>
		<testcase classname="crypto/des" name="TestVariableKeyKnownAnswerEncrypt" time="0.000000"></testcase>
		<testcase classname="crypto/des" name="TestVariableKeyKnownAnswerDecrypt" time="0.000000"></testcase>
		<testcase classname="crypto/des" name="TestPermutationOperationKnownAnswerEncrypt" time="0.000000"></testcase>
		<testcase classname="crypto/des" name="TestPermutationOperationKnownAnswerDecrypt" time="0.000000"></testcase>
		<testcase classname="crypto/des" name="TestSubstitutionTableKnownAnswerEncrypt" time="0.000000"></testcase>
		<testcase classname="crypto/des" name="TestSubstitutionTableKnownAnswerDecrypt" time="0.000000"></testcase>
	</testsuite>
</testsuites>