<?xml version="1.0" encoding="UTF-8"?>
<testsuites tests="9" failures="1" errors="0" time="37.190298">
	<testsuite tests="9" failures="1" time="0.000000" name="crypto/aes" timestamp="2024-03-14T16:20:22Z">
		<properties>
			<property name="go.version" value="go1.22.0 linux/arm64"></property>
		</properties>
		<testcase classname="crypto/aes" name="TestShortBlocks" time="-0.000000">
			<failure message="Failed" type="">=== RUN   TestShortBlocks&#xA;panic: crypto/aes: input not full block&#xA;Error: failed to run main module `/tmp/tinygo3342215052/main`&#xA;&#xA;Caused by:&#xA;    0: failed to invoke command default&#xA;    1: error while executing at wasm backtrace:&#xA;           0: 0x4459 - runtime.abort&#xA;                           at /workspaces/dc-wasm-go/tinygo/src/runtime/runtime_tinygowasm.go:70:6              - runtime._panic&#xA;                           at /workspaces/dc-wasm-go/tinygo/src/runtime/panic.go:52:7&#xA;           1: 0x2655e - (*crypto/aes.aesCipher).Encrypt&#xA;                           at /usr/local/go/src/crypto/aes/cipher.go:60:8              - (Go interface method)&#xA;                           at &lt;Go interface method&gt;&#xA;           2: 0x6ac49 - crypto/aes.TestShortBlocks$2&#xA;                           at /usr/local/go/src/crypto/aes/aes_test.go:327:69&#xA;           3: 0x6aebf - crypto/aes.mustPanic&#xA;                           at /usr/local/go/src/crypto/aes/aes_test.go:344:3&#xA;           4: 0x6a64c - crypto/aes.TestShortBlocks&#xA;                           at /usr/local/go/src/crypto/aes/aes_test.go:327:11&#xA;           5: 0x1a096 - testing.tRunner&#xA;                           at /workspaces/dc-wasm-go/tinygo/src/testing/testing.go:427:4&#xA;           6: 0x19d8c - (*testing.T).Run&#xA;                           at /workspaces/dc-wasm-go/tinygo/src/testing/testing.go:462:9              - testing.runTests$1&#xA;                           at /workspaces/dc-wasm-go/tinygo/src/testing/testing.go:561:10&#xA;           7: 0x1a096 - testing.tRunner&#xA;                           at /workspaces/dc-wasm-go/tinygo/src/testing/testing.go:427:4&#xA;           8: 0x14152 - testing.runTests&#xA;                           at /workspaces/dc-wasm-go/tinygo/src/testing/testing.go:559:10              - (*testing.M).Run&#xA;                           at /workspaces/dc-wasm-go/tinygo/src/testing/testing.go:533:29              - main.main&#xA;                           at /home/vscode/.cache/go-build/fb/fbd7cbbdabeaf1f6755c53f198ce468296a770fe68d3e21898f1ad5b22c4718e-d:77:15              - runtime.run$1&#xA;                           at /workspaces/dc-wasm-go/tinygo/src/runtime/scheduler_any.go:25:11&#xA;           9: 0xff36 - &lt;goroutine wrapper&gt;&#xA;                           at /workspaces/dc-wasm-go/tinygo/src/runtime/scheduler_any.go:23:2&#xA;          10:  0x74c - tinygo_launch&#xA;                           at /workspaces/dc-wasm-go/tinygo/src/internal/task/task_asyncify_wasm.S:59&#xA;          11: 0xfe0c - (*internal/task.Task).Resume&#xA;                           at /workspaces/dc-wasm-go/tinygo/src/internal/task/task_asyncify.go:109:17              - runtime.scheduler&#xA;                           at /workspaces/dc-wasm-go/tinygo/src/runtime/scheduler.go:236:11              - runtime.run&#xA;                           at /workspaces/dc-wasm-go/tinygo/src/runtime/scheduler_any.go:28:11              - _start&#xA;                           at /workspaces/dc-wasm-go/tinygo/src/runtime/runtime_wasm_wasi.go:21:5&#xA;    2: wasm trap: wasm `unreachable` instruction executed&#xA;</failure>
		</testcase>
		<testcase classname="crypto/aes" name="TestPowx" time="0.000000"></testcase>
		<testcase classname="crypto/aes" name="TestMul" time="0.000000"></testcase>
		<testcase classname="crypto/aes" name="TestSboxes" time="0.000000"></testcase>
		<testcase classname="crypto/aes" name="TestTe" time="0.000000"></testcase>
		<testcase classname="crypto/aes" name="TestTd" time="0.000000"></testcase>
		<testcase classname="crypto/aes" name="TestExpandKey" time="0.000000"></testcase>
		<testcase classname="crypto/aes" name="TestCipherEncrypt" time="0.000000"></testcase>
		<testcase classname="crypto/aes" name="TestCipherDecrypt" time="0.000000"></testcase>
	</testsuite>
</testsuites>