<?xml version="1.0" encoding="UTF-8"?>
<testsuites tests="4" failures="0" errors="0" time="32.858623">
	<testsuite tests="4" failures="0" time="0.000000" name="go/format" timestamp="2024-03-14T16:24:30Z">
		<properties>
			<property name="go.version" value="go1.22.0 linux/arm64"></property>
		</properties>
		<testcase classname="go/format" name="TestNode" time="0.000000"></testcase>
		<testcase classname="go/format" name="TestNodeNoModify" time="0.000000"></testcase>
		<testcase classname="go/format" name="TestSource" time="0.000000"></testcase>
		<testcase classname="go/format" name="TestPartial" time="0.000000"></testcase>
	</testsuite>
</testsuites>