<?xml version="1.0" encoding="UTF-8"?>
<testsuites tests="8" failures="1" errors="0" time="32.964999">
	<testsuite tests="8" failures="1" time="0.000000" name="hash/crc32" timestamp="2024-03-14T16:34:07Z">
		<properties>
			<property name="go.version" value="go1.22.0 linux/arm64"></property>
		</properties>
		<testcase classname="hash/crc32" name="TestArchIEEE" time="-0.000000">
			<failure message="Failed" type="">=== RUN   TestArchIEEE&#xA;    Arch-specific IEEE not available.&#xA;    SkipNow is incomplete, requires runtime.Goexit()&#xA;panic: not available&#xA;Error: failed to run main module `/tmp/tinygo815322404/main`&#xA;&#xA;Caused by:&#xA;    0: failed to invoke command default&#xA;    1: error while executing at wasm backtrace:&#xA;           0: 0x4f53 - runtime.abort&#xA;                           at /workspaces/dc-wasm-go/tinygo/src/runtime/runtime_tinygowasm.go:70:6              - runtime._panic&#xA;                           at /workspaces/dc-wasm-go/tinygo/src/runtime/panic.go:52:7&#xA;           1: 0x6615e - hash/crc32.archInitIEEE&#xA;                           at /usr/local/go/src/hash/crc32/crc32_otherarch.go:10:57&#xA;           2: 0x69e6c - hash/crc32.TestArchIEEE&#xA;                           at /usr/local/go/src/hash/crc32/crc32_test.go:232:14&#xA;           3: 0x1fbd1 - testing.tRunner&#xA;                           at /workspaces/dc-wasm-go/tinygo/src/testing/testing.go:427:4&#xA;           4: 0x4ccb7 - (*testing.T).Run&#xA;           5: 0x1f8d9 - testing.runTests$1&#xA;                           at /workspaces/dc-wasm-go/tinygo/src/testing/testing.go:561:10&#xA;           6: 0x1fbd1 - testing.tRunner&#xA;                           at /workspaces/dc-wasm-go/tinygo/src/testing/testing.go:427:4&#xA;           7: 0x19ba3 - testing.runTests&#xA;                           at /workspaces/dc-wasm-go/tinygo/src/testing/testing.go:559:10              - (*testing.M).Run&#xA;                           at /workspaces/dc-wasm-go/tinygo/src/testing/testing.go:533:29              - main.main&#xA;                           at /home/vscode/.cache/go-build/42/42abff43a2f6d063760b5c32884a73c3b8a5ebac782b8fcf07ac3452956a7eef-d:67:15              - runtime.run$1&#xA;                           at /workspaces/dc-wasm-go/tinygo/src/runtime/scheduler_any.go:25:11&#xA;           8: 0x15ae3 - &lt;goroutine wrapper&gt;&#xA;                           at /workspaces/dc-wasm-go/tinygo/src/runtime/scheduler_any.go:23:2&#xA;           9:  0x7b8 - tinygo_launch&#xA;                           at /workspaces/dc-wasm-go/tinygo/src/internal/task/task_asyncify_wasm.S:59&#xA;          10: 0x159c0 - (*internal/task.Task).Resume&#xA;                           at /workspaces/dc-wasm-go/tinygo/src/internal/task/task_asyncify.go:109:17              - runtime.scheduler&#xA;                           at /workspaces/dc-wasm-go/tinygo/src/runtime/scheduler.go:236:11              - runtime.run&#xA;                           at /workspaces/dc-wasm-go/tinygo/src/runtime/scheduler_any.go:28:11              - _start&#xA;                           at /workspaces/dc-wasm-go/tinygo/src/runtime/runtime_wasm_wasi.go:21:5&#xA;    2: wasm trap: wasm `unreachable` instruction executed&#xA;</failure>
		</testcase>
		<testcase classname="hash/crc32" name="TestCastagnoliRace" time="0.000000"></testcase>
		<testcase classname="hash/crc32" name="TestSimple" time="0.000000"></testcase>
		<testcase classname="hash/crc32" name="TestGoldenMarshal" time="0.000000"></testcase>
		<testcase classname="hash/crc32" name="TestMarshalTableMismatch" time="0.000000"></testcase>
		<testcase classname="hash/crc32" name="TestSlicing" time="0.000000"></testcase>
	</testsuite>
</testsuites>