<?xml version="1.0" encoding="UTF-8"?>
<testsuites tests="9" failures="1" errors="0" time="41.386529">
	<testsuite tests="9" failures="1" time="0.000000" name="image/draw" timestamp="2024-03-14T16:34:42Z">
		<properties>
			<property name="go.version" value="go1.22.0 linux/arm64"></property>
		</properties>
		<testcase classname="image/draw" name="TestSqDiff" time="-0.000000">
			<failure message="Failed" type="">=== RUN   TestSqDiff&#xA;panic: unimplemented: (reflect.Type).NumIn()&#xA;Error: failed to run main module `/tmp/tinygo210449236/main`&#xA;&#xA;Caused by:&#xA;    0: failed to invoke command default&#xA;    1: error while executing at wasm backtrace:&#xA;           0: 0x4945 - runtime.abort&#xA;                           at /workspaces/dc-wasm-go/tinygo/src/runtime/runtime_tinygowasm.go:70:6              - runtime._panic&#xA;                           at /workspaces/dc-wasm-go/tinygo/src/runtime/panic.go:52:7&#xA;           1: 0x4be7 - (*reflect.rawType).NumIn&#xA;                           at /workspaces/dc-wasm-go/tinygo/src/reflect/type.go:1008:7&#xA;           2: 0x80f44 - (Go interface method)&#xA;           3: 0x932ac - testing/quick.CheckEqual&#xA;                           at /usr/local/go/src/testing/quick/quick.go:320:48              - image/draw.TestSqDiff&#xA;                           at /usr/local/go/src/image/draw/draw_test.go:807:28&#xA;           4: 0x3725d - testing.tRunner&#xA;                           at /workspaces/dc-wasm-go/tinygo/src/testing/testing.go:427:4&#xA;           5: 0x36f53 - (*testing.T).Run&#xA;                           at /workspaces/dc-wasm-go/tinygo/src/testing/testing.go:462:9              - testing.runTests$1&#xA;                           at /workspaces/dc-wasm-go/tinygo/src/testing/testing.go:561:10&#xA;           6: 0x3725d - testing.tRunner&#xA;                           at /workspaces/dc-wasm-go/tinygo/src/testing/testing.go:427:4&#xA;           7: 0x31839 - testing.runTests&#xA;                           at /workspaces/dc-wasm-go/tinygo/src/testing/testing.go:559:10              - (*testing.M).Run&#xA;                           at /workspaces/dc-wasm-go/tinygo/src/testing/testing.go:533:29              - main.main&#xA;                           at /home/vscode/.cache/go-build/2a/2a9b332c08e48a6461f4d90bdca395e8895837da22f04105e348adb36252d90f-d:105:15              - runtime.run$1&#xA;                           at /workspaces/dc-wasm-go/tinygo/src/runtime/scheduler_any.go:25:11&#xA;           8: 0x2b370 - &lt;goroutine wrapper&gt;&#xA;                           at /workspaces/dc-wasm-go/tinygo/src/runtime/scheduler_any.go:23:2&#xA;           9:  0x896 - tinygo_launch&#xA;                           at /workspaces/dc-wasm-go/tinygo/src/internal/task/task_asyncify_wasm.S:59&#xA;          10: 0x2b245 - (*internal/task.Task).Resume&#xA;                           at /workspaces/dc-wasm-go/tinygo/src/internal/task/task_asyncify.go:109:17              - runtime.scheduler&#xA;                           at /workspaces/dc-wasm-go/tinygo/src/runtime/scheduler.go:236:11              - runtime.run&#xA;                           at /workspaces/dc-wasm-go/tinygo/src/runtime/scheduler_any.go:28:11              - _start&#xA;                           at /workspaces/dc-wasm-go/tinygo/src/runtime/runtime_wasm_wasi.go:21:5&#xA;    2: wasm trap: wasm `unreachable` instruction executed&#xA;</failure>
		</testcase>
		<testcase classname="image/draw" name="TestClip" time="0.000000"></testcase>
		<testcase classname="image/draw" name="TestDraw" time="0.000000"></testcase>
		<testcase classname="image/draw" name="TestDrawOverlap" time="0.000000"></testcase>
		<testcase classname="image/draw" name="TestNonZeroSrcPt" time="0.000000"></testcase>
		<testcase classname="image/draw" name="TestFill" time="0.000000"></testcase>
		<testcase classname="image/draw" name="TestDrawSrcNonpremultiplied" time="0.000000"></testcase>
		<testcase classname="image/draw" name="TestFloydSteinbergCheckerboard" time="0.000000"></testcase>
		<testcase classname="image/draw" name="TestPaletted" time="0.000000"></testcase>
	</testsuite>
</testsuites>