<?xml version="1.0" encoding="UTF-8"?>
<testsuites tests="7" failures="5" errors="1" time="300.023064">
	<testsuite tests="7" failures="5" time="0.000000" name="index/suffixarray" timestamp="2024-03-14T16:34:43Z">
		<properties>
			<property name="go.version" value="go1.22.0 linux/arm64"></property>
		</properties>
		<testcase classname="index/suffixarray" name="TestNew32/forcealloc" time="-0.000000">
			<failure message="Failed" type="">=== RUN   TestNew32/forcealloc&#xA;    --- PASS: TestNew32/forcealloc (5.48s)&#xA;</failure>
		</testcase>
		<testcase classname="index/suffixarray" name="TestNew32/exhaustive2" time="-0.000000">
			<failure message="Failed" type="">=== RUN   TestNew32/exhaustive2&#xA;    --- PASS: TestNew32/exhaustive2 (150.49s)&#xA;</failure>
		</testcase>
		<testcase classname="index/suffixarray" name="TestNew32/exhaustive3" time="-0.000000">
			<failure message="Failed" type="">=== RUN   TestNew32/exhaustive3&#xA;</failure>
		</testcase>
		<testcase classname="index/suffixarray" name="TestNew32" time="-0.000000">
			<failure message="Failed" type="">=== RUN   TestNew32&#xA;=== RUN   TestNew32/ababab...&#xA;    --- PASS: TestNew32/ababab... (33.24s)&#xA;=== RUN   TestNew32/forcealloc&#xA;    --- PASS: TestNew32/forcealloc (5.48s)&#xA;=== RUN   TestNew32/exhaustive2&#xA;    --- PASS: TestNew32/exhaustive2 (150.49s)&#xA;=== RUN   TestNew32/exhaustive3&#xA;</failure>
		</testcase>
		<testcase classname="index/suffixarray" name="TestNew32/ababab..." time="-0.000000">
			<failure message="Failed" type="">=== RUN   TestNew32/ababab...&#xA;    --- PASS: TestNew32/ababab... (33.24s)&#xA;</failure>
		</testcase>
		<testcase classname="index/suffixarray" name="TestIndex32" time="0.000000"></testcase>
		<testcase classname="index/suffixarray" name="TestIndex64" time="0.000000"></testcase>
	</testsuite>
</testsuites>