<?xml version="1.0" encoding="UTF-8"?>
<testsuites tests="6" failures="1" errors="0" time="65.690503">
	<testsuite tests="6" failures="1" time="0.000000" name="io/fs" timestamp="2024-03-14T16:35:04Z">
		<properties>
			<property name="go.version" value="go1.22.0 linux/arm64"></property>
		</properties>
		<testcase classname="io/fs" name="TestCVE202230630" time="-0.000000">
			<failure message="Failed" type="">=== RUN   TestCVE202230630&#xA;Error: failed to run main module `/tmp/tinygo590890883/main`&#xA;&#xA;Caused by:&#xA;    0: failed to invoke command default&#xA;    1: error while executing at wasm backtrace:&#xA;           0: 0x3dea7 - io/fs.globWithLimit&#xA;                           at /usr/local/go/src/io/fs/glob.go:37:6&#xA;           1: 0x3e155 - io/fs.globWithLimit&#xA;                           at /usr/local/go/src/io/fs/glob.go:72:24&#xA;           2: 0x3e155 - io/fs.globWithLimit&#xA;                           at /usr/local/go/src/io/fs/glob.go:72:24&#xA;           3: 0x3e155 - io/fs.globWithLimit&#xA;                           at /usr/local/go/src/io/fs/glob.go:72:24&#xA;           4: 0x3e155 - io/fs.globWithLimit&#xA;                           at /usr/local/go/src/io/fs/glob.go:72:24&#xA;           5: 0x3e155 - io/fs.globWithLimit&#xA;                           at /usr/local/go/src/io/fs/glob.go:72:24&#xA;           6: 0x3e155 - io/fs.globWithLimit&#xA;                           at /usr/local/go/src/io/fs/glob.go:72:24&#xA;           7: 0x3e155 - io/fs.globWithLimit&#xA;                           at /usr/local/go/src/io/fs/glob.go:72:24&#xA;           8: 0x3e155 - io/fs.globWithLimit&#xA;                           at /usr/local/go/src/io/fs/glob.go:72:24&#xA;           9: 0x3e155 - io/fs.globWithLimit&#xA;                           at /usr/local/go/src/io/fs/glob.go:72:24&#xA;          10: 0x3e155 - io/fs.globWithLimit&#xA;                           at /usr/local/go/src/io/fs/glob.go:72:24&#xA;          11: 0x3e155 - io/fs.globWithLimit&#xA;                           at /usr/local/go/src/io/fs/glob.go:72:24&#xA;          12: 0x3e155 - io/fs.globWithLimit&#xA;                           at /usr/local/go/src/io/fs/glob.go:72:24&#xA;          13: 0x3e155 - io/fs.globWithLimit&#xA;                           at /usr/local/go/src/io/fs/glob.go:72:24&#xA;          14: 0x3e155 - io/fs.globWithLimit&#xA;                           at /usr/local/go/src/io/fs/glob.go:72:24&#xA;          15: 0x3e155 - io/fs.globWithLimit&#xA;                           at /usr/local/go/src/io/fs/glob.go:72:24&#xA;          16: 0x3e155 - io/fs.globWithLimit&#xA;                           at /usr/local/go/src/io/fs/glob.go:72:24&#xA;          17: 0x3e155 - io/fs.globWithLimit&#xA;                           at /usr/local/go/src/io/fs/glob.go:72:24&#xA;          18: 0x3e155 - io/fs.globWithLimit&#xA;                           at /usr/local/go/src/io/fs/glob.go:72:24&#xA;          19: 0x3e155 - io/fs.globWithLimit&#xA;                           at /usr/local/go/src/io/fs/glob.go:72:24&#xA;          20: 0x3e155 - io/fs.globWithLimit&#xA;                           at /usr/local/go/src/io/fs/glob.go:72:24&#xA;          21: 0x3e155 - io/fs.globWithLimit&#xA;                           at /usr/local/go/src/io/fs/glob.go:72:24&#xA;          22: 0x3e155 - io/fs.globWithLimit&#xA;                           at /usr/local/go/src/io/fs/glob.go:72:24&#xA;          23: 0x3e155 - io/fs.globWithLimit&#xA;                           at /usr/local/go/src/io/fs/glob.go:72:24&#xA;          24: 0x3e155 - io/fs.globWithLimit&#xA;                           at /usr/local/go/src/io/fs/glob.go:72:24&#xA;          25: 0x3e155 - io/fs.globWithLimit&#xA;                           at /usr/local/go/src/io/fs/glob.go:72:24&#xA;          26: 0x3e155 - io/fs.globWithLimit&#xA;                           at /usr/local/go/src/io/fs/glob.go:72:24&#xA;          27: 0x3e155 - io/fs.globWithLimit&#xA;                           at /usr/local/go/src/io/fs/glob.go:72:24&#xA;          28: 0x3e155 - io/fs.globWithLimit&#xA;                           at /usr/local/go/src/io/fs/glob.go:72:24&#xA;          29: 0x3e155 - io/fs.globWithLimit&#xA;                           at /usr/local/go/src/io/fs/glob.go:72:24&#xA;          30: 0x3e155 - io/fs.globWithLimit&#xA;                           at /usr/local/go/src/io/fs/glob.go:72:24&#xA;          31: 0x3e155 - io/fs.globWithLimit&#xA;                           at /usr/local/go/src/io/fs/glob.go:72:24&#xA;          32: 0x3e155 - io/fs.globWithLimit&#xA;                           at /usr/local/go/src/io/fs/glob.go:72:24&#xA;          33: 0x3e155 - io/fs.globWithLimit&#xA;                           at /usr/local/go/src/io/fs/glob.go:72:24&#xA;          34: 0x3e155 - io/fs.globWithLimit&#xA;                           at /usr/local/go/src/io/fs/glob.go:72:24&#xA;          35: 0x3e155 - io/fs.globWithLimit&#xA;                           at /usr/local/go/src/io/fs/glob.go:72:24&#xA;          36: 0x3e155 - io/fs.globWithLimit&#xA;                           at /usr/local/go/src/io/fs/glob.go:72:24&#xA;          37: 0x3e155 - io/fs.globWithLimit&#xA;                           at /usr/local/go/src/io/fs/glob.go:72:24&#xA;          38: 0x3e155 - io/fs.globWithLimit&#xA;                           at /usr/local/go/src/io/fs/glob.go:72:24&#xA;          39: 0x3e155 - io/fs.globWithLimit&#xA;                           at /usr/local/go/src/io/fs/glob.go:72:24&#xA;          40: 0x3e155 - io/fs.globWithLimit&#xA;                           at /usr/local/go/src/io/fs/glob.go:72:24&#xA;          41: 0x3e155 - io/fs.globWithLimit&#xA;                           at /usr/local/go/src/io/fs/glob.go:72:24&#xA;          42: 0x3e155 - io/fs.globWithLimit&#xA;                           at /usr/local/go/src/io/fs/glob.go:72:24&#xA;          43: 0x3e155 - io/fs.globWithLimit&#xA;                           at /usr/local/go/src/io/fs/glob.go:72:24&#xA;          44: 0x3e155 - io/fs.globWithLimit&#xA;                           at /usr/local/go/src/io/fs/glob.go:72:24&#xA;          45: 0x3e155 - io/fs.globWithLimit&#xA;                           at /usr/local/go/src/io/fs/glob.go:72:24&#xA;          46: 0x3e155 - io/fs.globWithLimit&#xA;                           at /usr/local/go/src/io/fs/glob.go:72:24&#xA;          47: 0x3e155 - io/fs.globWithLimit&#xA;                           at /usr/local/go/src/io/fs/glob.go:72:24&#xA;          48: 0x3e155 - io/fs.globWithLimit&#xA;                           at /usr/local/go/src/io/fs/glob.go:72:24&#xA;          49: 0x3e155 - io/fs.globWithLimit&#xA;                           at /usr/local/go/src/io/fs/glob.go:72:24&#xA;          50: 0x3e155 - io/fs.globWithLimit&#xA;                           at /usr/local/go/src/io/fs/glob.go:72:24&#xA;          51: 0x3e155 - io/fs.globWithLimit&#xA;                           at /usr/local/go/src/io/fs/glob.go:72:24&#xA;          52: 0x3e155 - io/fs.globWithLimit&#xA;                           at /usr/local/go/src/io/fs/glob.go:72:24&#xA;          53: 0x3e155 - io/fs.globWithLimit&#xA;                           at /usr/local/go/src/io/fs/glob.go:72:24&#xA;          54: 0x3e155 - io/fs.globWithLimit&#xA;                           at /usr/local/go/src/io/fs/glob.go:72:24&#xA;          55: 0x3e155 - io/fs.globWithLimit&#xA;                           at /usr/local/go/src/io/fs/glob.go:72:24&#xA;          56: 0x3e155 - io/fs.globWithLimit&#xA;                           at /usr/local/go/src/io/fs/glob.go:72:24&#xA;          57: 0x3e155 - io/fs.globWithLimit&#xA;                           at /usr/local/go/src/io/fs/glob.go:72:24&#xA;          58: 0x3e155 - io/fs.globWithLimit&#xA;                           at /usr/local/go/src/io/fs/glob.go:72:24&#xA;          59: 0x3e155 - io/fs.globWithLimit&#xA;                           at /usr/local/go/src/io/fs/glob.go:72:24&#xA;          60: 0x3e155 - io/fs.globWithLimit&#xA;                           at /usr/local/go/src/io/fs/glob.go:72:24&#xA;          61: 0x3e155 - io/fs.globWithLimit&#xA;                           at /usr/local/go/src/io/fs/glob.go:72:24&#xA;          62: 0x3e155 - io/fs.globWithLimit&#xA;                           at /usr/local/go/src/io/fs/glob.go:72:24&#xA;          63: 0x3e155 - io/fs.globWithLimit&#xA;                           at /usr/local/go/src/io/fs/glob.go:72:24&#xA;          64: 0x3e155 - io/fs.globWithLimit&#xA;                           at /usr/local/go/src/io/fs/glob.go:72:24&#xA;          65: 0x3e155 - io/fs.globWithLimit&#xA;                           at /usr/local/go/src/io/fs/glob.go:72:24&#xA;          66: 0x3e155 - io/fs.globWithLimit&#xA;                           at /usr/local/go/src/io/fs/glob.go:72:24&#xA;          67: 0x3e155 - io/fs.globWithLimit&#xA;                           at /usr/local/go/src/io/fs/glob.go:72:24&#xA;          68: 0x3e155 - io/fs.globWithLimit&#xA;                           at /usr/local/go/src/io/fs/glob.go:72:24&#xA;          69: 0x3e155 - io/fs.globWithLimit&#xA;                           at /usr/local/go/src/io/fs/glob.go:72:24&#xA;          70: 0x3e155 - io/fs.globWithLimit&#xA;                           at /usr/local/go/src/io/fs/glob.go:72:24&#xA;          71: 0x3e155 - io/fs.globWithLimit&#xA;                           at /usr/local/go/src/io/fs/glob.go:72:24&#xA;          72: 0x3e155 - io/fs.globWithLimit&#xA;                           at /usr/local/go/src/io/fs/glob.go:72:24&#xA;          73: 0x3e155 - io/fs.globWithLimit&#xA;                           at /usr/local/go/src/io/fs/glob.go:72:24&#xA;          74: 0x3e155 - io/fs.globWithLimit&#xA;                           at /usr/local/go/src/io/fs/glob.go:72:24&#xA;          75: 0x3e155 - io/fs.globWithLimit&#xA;                           at /usr/local/go/src/io/fs/glob.go:72:24&#xA;          76: 0x3e155 - io/fs.globWithLimit&#xA;                           at /usr/local/go/src/io/fs/glob.go:72:24&#xA;          77: 0x3e155 - io/fs.globWithLimit&#xA;                           at /usr/local/go/src/io/fs/glob.go:72:24&#xA;          78: 0x3e155 - io/fs.globWithLimit&#xA;                           at /usr/local/go/src/io/fs/glob.go:72:24&#xA;          79: 0x3e155 - io/fs.globWithLimit&#xA;                           at /usr/local/go/src/io/fs/glob.go:72:24&#xA;          80: 0x3e155 - io/fs.globWithLimit&#xA;                           at /usr/local/go/src/io/fs/glob.go:72:24&#xA;          81: 0x3e155 - io/fs.globWithLimit&#xA;                           at /usr/local/go/src/io/fs/glob.go:72:24&#xA;          82: 0x3e155 - io/fs.globWithLimit&#xA;                           at /usr/local/go/src/io/fs/glob.go:72:24&#xA;          83: 0x3e155 - io/fs.globWithLimit&#xA;                           at /usr/local/go/src/io/fs/glob.go:72:24&#xA;          84: 0x3e155 - io/fs.globWithLimit&#xA;                           at /usr/local/go/src/io/fs/glob.go:72:24&#xA;          85: 0x3e155 - io/fs.globWithLimit&#xA;                           at /usr/local/go/src/io/fs/glob.go:72:24&#xA;          86: 0x3e155 - io/fs.globWithLimit&#xA;                           at /usr/local/go/src/io/fs/glob.go:72:24&#xA;          87: 0x3e155 - io/fs.globWithLimit&#xA;                           at /usr/local/go/src/io/fs/glob.go:72:24&#xA;          88: 0x3e155 - io/fs.globWithLimit&#xA;                           at /usr/local/go/src/io/fs/glob.go:72:24&#xA;          89: 0x3e155 - io/fs.globWithLimit&#xA;                           at /usr/local/go/src/io/fs/glob.go:72:24&#xA;          90: 0x3e155 - io/fs.globWithLimit&#xA;                           at /usr/local/go/src/io/fs/glob.go:72:24&#xA;          91: 0x3e155 - io/fs.globWithLimit&#xA;                           at /usr/local/go/src/io/fs/glob.go:72:24&#xA;          92: 0x3e155 - io/fs.globWithLimit&#xA;                           at /usr/local/go/src/io/fs/glob.go:72:24&#xA;          93: 0x3e155 - io/fs.globWithLimit&#xA;                           at /usr/local/go/src/io/fs/glob.go:72:24&#xA;          94: 0x3e155 - io/fs.globWithLimit&#xA;                           at /usr/local/go/src/io/fs/glob.go:72:24&#xA;          95: 0x3e155 - io/fs.globWithLimit&#xA;                           at /usr/local/go/src/io/fs/glob.go:72:24&#xA;          96: 0x3e155 - io/fs.globWithLimit&#xA;                           at /usr/local/go/src/io/fs/glob.go:72:24&#xA;          97: 0x3e155 - io/fs.globWithLimit&#xA;                           at /usr/local/go/src/io/fs/glob.go:72:24&#xA;          98: 0x3e155 - io/fs.globWithLimit&#xA;                           at /usr/local/go/src/io/fs/glob.go:72:24&#xA;          99: 0x3e155 - io/fs.globWithLimit&#xA;                           at /usr/local/go/src/io/fs/glob.go:72:24&#xA;         100: 0x3e155 - io/fs.globWithLimit&#xA;                           at /usr/local/go/src/io/fs/glob.go:72:24&#xA;         101: 0x3e155 - io/fs.globWithLimit&#xA;                           at /usr/local/go/src/io/fs/glob.go:72:24&#xA;         102: 0x3e155 - io/fs.globWithLimit&#xA;                           at /usr/local/go/src/io/fs/glob.go:72:24&#xA;         103: 0x3e155 - io/fs.globWithLimit&#xA;                           at /usr/local/go/src/io/fs/glob.go:72:24&#xA;         104: 0x3e155 - io/fs.globWithLimit&#xA;                           at /usr/local/go/src/io/fs/glob.go:72:24&#xA;         105: 0x3e155 - io/fs.globWithLimit&#xA;                           at /usr/local/go/src/io/fs/glob.go:72:24&#xA;         106: 0x3e155 - io/fs.globWithLimit&#xA;                           at /usr/local/go/src/io/fs/glob.go:72:24&#xA;         107: 0x3e155 - io/fs.globWithLimit&#xA;                           at /usr/local/go/src/io/fs/glob.go:72:24&#xA;         108: 0x3e155 - io/fs.globWithLimit&#xA;                           at /usr/local/go/src/io/fs/glob.go:72:24&#xA;         109: 0x3e155 - io/fs.globWithLimit&#xA;                           at /usr/local/go/src/io/fs/glob.go:72:24&#xA;         110: 0x3e155 - io/fs.globWithLimit&#xA;                           at /usr/local/go/src/io/fs/glob.go:72:24&#xA;         111: 0x3e155 - io/fs.globWithLimit&#xA;                           at /usr/local/go/src/io/fs/glob.go:72:24&#xA;         112: 0x3e155 - io/fs.globWithLimit&#xA;                           at /usr/local/go/src/io/fs/glob.go:72:24&#xA;         113: 0x3e155 - io/fs.globWithLimit&#xA;                           at /usr/local/go/src/io/fs/glob.go:72:24&#xA;         114: 0x3e155 - io/fs.globWithLimit&#xA;                           at /usr/local/go/src/io/fs/glob.go:72:24&#xA;         115: 0x3e155 - io/fs.globWithLimit&#xA;                           at /usr/local/go/src/io/fs/glob.go:72:24&#xA;         116: 0x3e155 - io/fs.globWithLimit&#xA;                           at /usr/local/go/src/io/fs/glob.go:72:24&#xA;         117: 0x3e155 - io/fs.globWithLimit&#xA;                           at /usr/local/go/src/io/fs/glob.go:72:24&#xA;         118: 0x3e155 - io/fs.globWithLimit&#xA;                           at /usr/local/go/src/io/fs/glob.go:72:24&#xA;         119: 0x3e155 - io/fs.globWithLimit&#xA;                           at /usr/local/go/src/io/fs/glob.go:72:24&#xA;         120: 0x3e155 - io/fs.globWithLimit&#xA;                           at /usr/local/go/src/io/fs/glob.go:72:24&#xA;         121: 0x3e155 - io/fs.globWithLimit&#xA;                           at /usr/local/go/src/io/fs/glob.go:72:24&#xA;         122: 0x3e155 - io/fs.globWithLimit&#xA;                           at /usr/local/go/src/io/fs/glob.go:72:24&#xA;         123: 0x3e155 - io/fs.globWithLimit&#xA;                           at /usr/local/go/src/io/fs/glob.go:72:24&#xA;         124: 0x3e155 - io/fs.globWithLimit&#xA;                           at /usr/local/go/src/io/fs/glob.go:72:24&#xA;         125: 0x3e155 - io/fs.globWithLimit&#xA;                           at /usr/local/go/src/io/fs/glob.go:72:24&#xA;         126: 0x3e155 - io/fs.globWithLimit&#xA;                           at /usr/local/go/src/io/fs/glob.go:72:24&#xA;         127: 0x3e155 - io/fs.globWithLimit&#xA;                           at /usr/local/go/src/io/fs/glob.go:72:24&#xA;         128: 0x3e155 - io/fs.globWithLimit&#xA;                           at /usr/local/go/src/io/fs/glob.go:72:24&#xA;         129: 0x3e155 - io/fs.globWithLimit&#xA;                           at /usr/local/go/src/io/fs/glob.go:72:24&#xA;         130: 0x3e155 - io/fs.globWithLimit&#xA;                           at /usr/local/go/src/io/fs/glob.go:72:24&#xA;         131: 0x3e155 - io/fs.globWithLimit&#xA;                           at /usr/local/go/src/io/fs/glob.go:72:24&#xA;         132: 0x3e155 - io/fs.globWithLimit&#xA;                           at /usr/local/go/src/io/fs/glob.go:72:24&#xA;         133: 0x3e155 - io/fs.globWithLimit&#xA;                           at /usr/local/go/src/io/fs/glob.go:72:24&#xA;         134: 0x3e155 - io/fs.globWithLimit&#xA;                           at /usr/local/go/src/io/fs/glob.go:72:24&#xA;         135: 0x3e155 - io/fs.globWithLimit&#xA;                           at /usr/local/go/src/io/fs/glob.go:72:24&#xA;         136: 0x3e155 - io/fs.globWithLimit&#xA;                           at /usr/local/go/src/io/fs/glob.go:72:24&#xA;         137: 0x3e155 - io/fs.globWithLimit&#xA;                           at /usr/local/go/src/io/fs/glob.go:72:24&#xA;         138: 0x3e155 - io/fs.globWithLimit&#xA;                           at /usr/local/go/src/io/fs/glob.go:72:24&#xA;         139: 0x3e155 - io/fs.globWithLimit&#xA;                           at /usr/local/go/src/io/fs/glob.go:72:24&#xA;         140: 0x3e155 - io/fs.globWithLimit&#xA;                           at /usr/local/go/src/io/fs/glob.go:72:24&#xA;         141: 0x3e155 - io/fs.globWithLimit&#xA;                           at /usr/local/go/src/io/fs/glob.go:72:24&#xA;         142: 0x3e155 - io/fs.globWithLimit&#xA;                           at /usr/local/go/src/io/fs/glob.go:72:24&#xA;         143: 0x3e155 - io/fs.globWithLimit&#xA;                           at /usr/local/go/src/io/fs/glob.go:72:24&#xA;         144: 0x3e155 - io/fs.globWithLimit&#xA;                           at /usr/local/go/src/io/fs/glob.go:72:24&#xA;         145: 0x3e155 - io/fs.globWithLimit&#xA;                           at /usr/local/go/src/io/fs/glob.go:72:24&#xA;         146: 0x3e155 - io/fs.globWithLimit&#xA;                           at /usr/local/go/src/io/fs/glob.go:72:24&#xA;         147: 0x3e155 - io/fs.globWithLimit&#xA;                           at /usr/local/go/src/io/fs/glob.go:72:24&#xA;         148: 0x3e155 - io/fs.globWithLimit&#xA;                           at /usr/local/go/src/io/fs/glob.go:72:24&#xA;         149: 0x3e155 - io/fs.globWithLimit&#xA;                           at /usr/local/go/src/io/fs/glob.go:72:24&#xA;         150: 0x3e155 - io/fs.globWithLimit&#xA;                           at /usr/local/go/src/io/fs/glob.go:72:24&#xA;         151: 0x3e155 - io/fs.globWithLimit&#xA;                           at /usr/local/go/src/io/fs/glob.go:72:24&#xA;         152: 0x3e155 - io/fs.globWithLimit&#xA;                           at /usr/local/go/src/io/fs/glob.go:72:24&#xA;         153: 0x3e155 - io/fs.globWithLimit&#xA;                           at /usr/local/go/src/io/fs/glob.go:72:24&#xA;         154: 0x3e155 - io/fs.globWithLimit&#xA;                           at /usr/local/go/src/io/fs/glob.go:72:24&#xA;         155: 0x3e155 - io/fs.globWithLimit&#xA;                           at /usr/local/go/src/io/fs/glob.go:72:24&#xA;         156: 0x3e155 - io/fs.globWithLimit&#xA;                           at /usr/local/go/src/io/fs/glob.go:72:24&#xA;         157: 0x3e155 - io/fs.globWithLimit&#xA;                           at /usr/local/go/src/io/fs/glob.go:72:24&#xA;         158: 0x3e155 - io/fs.globWithLimit&#xA;                           at /usr/local/go/src/io/fs/glob.go:72:24&#xA;         159: 0x3e155 - io/fs.globWithLimit&#xA;                           at /usr/local/go/src/io/fs/glob.go:72:24&#xA;         160: 0x3e155 - io/fs.globWithLimit&#xA;                           at /usr/local/go/src/io/fs/glob.go:72:24&#xA;         161: 0x3e155 - io/fs.globWithLimit&#xA;                           at /usr/local/go/src/io/fs/glob.go:72:24&#xA;         162: 0x3e155 - io/fs.globWithLimit&#xA;                           at /usr/local/go/src/io/fs/glob.go:72:24&#xA;         163: 0x3e155 - io/fs.globWithLimit&#xA;                           at /usr/local/go/src/io/fs/glob.go:72:24&#xA;         164: 0x3e155 - io/fs.globWithLimit&#xA;                           at /usr/local/go/src/io/fs/glob.go:72:24&#xA;         165: 0x3e155 - io/fs.globWithLimit&#xA;                           at /usr/local/go/src/io/fs/glob.go:72:24&#xA;         166: 0x3e155 - io/fs.globWithLimit&#xA;                           at /usr/local/go/src/io/fs/glob.go:72:24&#xA;         167: 0x3e155 - io/fs.globWithLimit&#xA;                           at /usr/local/go/src/io/fs/glob.go:72:24&#xA;         168: 0x3e155 - io/fs.globWithLimit&#xA;                           at /usr/local/go/src/io/fs/glob.go:72:24&#xA;         169: 0x3e155 - io/fs.globWithLimit&#xA;                           at /usr/local/go/src/io/fs/glob.go:72:24&#xA;         170: 0x3e155 - io/fs.globWithLimit&#xA;                           at /usr/local/go/src/io/fs/glob.go:72:24&#xA;         171: 0x3e155 - io/fs.globWithLimit&#xA;                           at /usr/local/go/src/io/fs/glob.go:72:24&#xA;         172: 0x3e155 - io/fs.globWithLimit&#xA;                           at /usr/local/go/src/io/fs/glob.go:72:24&#xA;         173: 0x3e155 - io/fs.globWithLimit&#xA;                           at /usr/local/go/src/io/fs/glob.go:72:24&#xA;         174: 0x3e155 - io/fs.globWithLimit&#xA;                           at /usr/local/go/src/io/fs/glob.go:72:24&#xA;         175: 0x3e155 - io/fs.globWithLimit&#xA;                           at /usr/local/go/src/io/fs/glob.go:72:24&#xA;         176: 0x3e155 - io/fs.globWithLimit&#xA;                           at /usr/local/go/src/io/fs/glob.go:72:24&#xA;         177: 0x3e155 - io/fs.globWithLimit&#xA;                           at /usr/local/go/src/io/fs/glob.go:72:24&#xA;         178: 0x3e155 - io/fs.globWithLimit&#xA;                           at /usr/local/go/src/io/fs/glob.go:72:24&#xA;         179: 0x3e155 - io/fs.globWithLimit&#xA;                           at /usr/local/go/src/io/fs/glob.go:72:24&#xA;         180: 0x3e155 - io/fs.globWithLimit&#xA;                           at /usr/local/go/src/io/fs/glob.go:72:24&#xA;         181: 0x3e155 - io/fs.globWithLimit&#xA;                           at /usr/local/go/src/io/fs/glob.go:72:24&#xA;         182: 0x3e155 - io/fs.globWithLimit&#xA;                           at /usr/local/go/src/io/fs/glob.go:72:24&#xA;         183: 0x3e155 - io/fs.globWithLimit&#xA;                           at /usr/local/go/src/io/fs/glob.go:72:24&#xA;         184: 0x3e155 - io/fs.globWithLimit&#xA;                           at /usr/local/go/src/io/fs/glob.go:72:24&#xA;         185: 0x3e155 - io/fs.globWithLimit&#xA;                           at /usr/local/go/src/io/fs/glob.go:72:24&#xA;         186: 0x3e155 - io/fs.globWithLimit&#xA;                           at /usr/local/go/src/io/fs/glob.go:72:24&#xA;         187: 0x3e155 - io/fs.globWithLimit&#xA;                           at /usr/local/go/src/io/fs/glob.go:72:24&#xA;         188: 0x3e155 - io/fs.globWithLimit&#xA;                           at /usr/local/go/src/io/fs/glob.go:72:24&#xA;         189: 0x3e155 - io/fs.globWithLimit&#xA;                           at /usr/local/go/src/io/fs/glob.go:72:24&#xA;         190: 0x3e155 - io/fs.globWithLimit&#xA;                           at /usr/local/go/src/io/fs/glob.go:72:24&#xA;         191: 0x3e155 - io/fs.globWithLimit&#xA;                           at /usr/local/go/src/io/fs/glob.go:72:24&#xA;         192: 0x3e155 - io/fs.globWithLimit&#xA;                           at /usr/local/go/src/io/fs/glob.go:72:24&#xA;         193: 0x3e155 - io/fs.globWithLimit&#xA;                           at /usr/local/go/src/io/fs/glob.go:72:24&#xA;         194: 0x3e155 - io/fs.globWithLimit&#xA;                           at /usr/local/go/src/io/fs/glob.go:72:24&#xA;         195: 0x3e155 - io/fs.globWithLimit&#xA;                           at /usr/local/go/src/io/fs/glob.go:72:24&#xA;         196: 0x3e155 - io/fs.globWithLimit&#xA;                           at /usr/local/go/src/io/fs/glob.go:72:24&#xA;         197: 0x3e155 - io/fs.globWithLimit&#xA;                           at /usr/local/go/src/io/fs/glob.go:72:24&#xA;         198: 0x3e155 - io/fs.globWithLimit&#xA;                           at /usr/local/go/src/io/fs/glob.go:72:24&#xA;         199: 0x3e155 - io/fs.globWithLimit&#xA;                           at /usr/local/go/src/io/fs/glob.go:72:24&#xA;         200: 0x3e155 - io/fs.globWithLimit&#xA;                           at /usr/local/go/src/io/fs/glob.go:72:24&#xA;         201: 0x3e155 - io/fs.globWithLimit&#xA;                           at /usr/local/go/src/io/fs/glob.go:72:24&#xA;         202: 0x3e155 - io/fs.globWithLimit&#xA;                           at /usr/local/go/src/io/fs/glob.go:72:24&#xA;         203: 0x3e155 - io/fs.globWithLimit&#xA;                           at /usr/local/go/src/io/fs/glob.go:72:24&#xA;         204: 0x3e155 - io/fs.globWithLimit&#xA;                           at /usr/local/go/src/io/fs/glob.go:72:24&#xA;         205: 0x3e155 - io/fs.globWithLimit&#xA;                           at /usr/local/go/src/io/fs/glob.go:72:24&#xA;         206: 0x3e155 - io/fs.globWithLimit&#xA;                           at /usr/local/go/src/io/fs/glob.go:72:24&#xA;         207: 0x3e155 - io/fs.globWithLimit&#xA;                           at /usr/local/go/src/io/fs/glob.go:72:24&#xA;         208: 0x3e155 - io/fs.globWithLimit&#xA;                           at /usr/local/go/src/io/fs/glob.go:72:24&#xA;         209: 0x3e155 - io/fs.globWithLimit&#xA;                           at /usr/local/go/src/io/fs/glob.go:72:24&#xA;         210: 0x3e155 - io/fs.globWithLimit&#xA;                           at /usr/local/go/src/io/fs/glob.go:72:24&#xA;         211: 0x3e155 - io/fs.globWithLimit&#xA;                           at /usr/local/go/src/io/fs/glob.go:72:24&#xA;         212: 0x3e155 - io/fs.globWithLimit&#xA;                           at /usr/local/go/src/io/fs/glob.go:72:24&#xA;         213: 0x3e155 - io/fs.globWithLimit&#xA;                           at /usr/local/go/src/io/fs/glob.go:72:24&#xA;         214: 0x3e155 - io/fs.globWithLimit&#xA;                           at /usr/local/go/src/io/fs/glob.go:72:24&#xA;         215: 0x3e155 - io/fs.globWithLimit&#xA;                           at /usr/local/go/src/io/fs/glob.go:72:24&#xA;         216: 0x3e155 - io/fs.globWithLimit&#xA;                           at /usr/local/go/src/io/fs/glob.go:72:24&#xA;         217: 0x3e155 - io/fs.globWithLimit&#xA;                           at /usr/local/go/src/io/fs/glob.go:72:24&#xA;         218: 0x3e155 - io/fs.globWithLimit&#xA;                           at /usr/local/go/src/io/fs/glob.go:72:24&#xA;         219: 0x3e155 - io/fs.globWithLimit&#xA;                           at /usr/local/go/src/io/fs/glob.go:72:24&#xA;         220: 0x3e155 - io/fs.globWithLimit&#xA;                           at /usr/local/go/src/io/fs/glob.go:72:24&#xA;         221: 0x3e155 - io/fs.globWithLimit&#xA;                           at /usr/local/go/src/io/fs/glob.go:72:24&#xA;         222: 0x3e155 - io/fs.globWithLimit&#xA;                           at /usr/local/go/src/io/fs/glob.go:72:24&#xA;         223: 0x3e155 - io/fs.globWithLimit&#xA;                           at /usr/local/go/src/io/fs/glob.go:72:24&#xA;         224: 0x3e155 - io/fs.globWithLimit&#xA;                           at /usr/local/go/src/io/fs/glob.go:72:24&#xA;         225: 0x3e155 - io/fs.globWithLimit&#xA;                           at /usr/local/go/src/io/fs/glob.go:72:24&#xA;         226: 0x3e155 - io/fs.globWithLimit&#xA;                           at /usr/local/go/src/io/fs/glob.go:72:24&#xA;         227: 0x3e155 - io/fs.globWithLimit&#xA;                           at /usr/local/go/src/io/fs/glob.go:72:24&#xA;         228: 0x3e155 - io/fs.globWithLimit&#xA;                           at /usr/local/go/src/io/fs/glob.go:72:24&#xA;         229: 0x3e155 - io/fs.globWithLimit&#xA;                           at /usr/local/go/src/io/fs/glob.go:72:24&#xA;         230: 0x3e155 - io/fs.globWithLimit&#xA;                           at /usr/local/go/src/io/fs/glob.go:72:24&#xA;         231: 0x3e155 - io/fs.globWithLimit&#xA;                           at /usr/local/go/src/io/fs/glob.go:72:24&#xA;         232: 0x3e155 - io/fs.globWithLimit&#xA;                           at /usr/local/go/src/io/fs/glob.go:72:24&#xA;         233: 0x3e155 - io/fs.globWithLimit&#xA;                           at /usr/local/go/src/io/fs/glob.go:72:24&#xA;         234: 0x3e155 - io/fs.globWithLimit&#xA;                           at /usr/local/go/src/io/fs/glob.go:72:24&#xA;         235: 0x3e155 - io/fs.globWithLimit&#xA;                           at /usr/local/go/src/io/fs/glob.go:72:24&#xA;         236: 0x3e155 - io/fs.globWithLimit&#xA;                           at /usr/local/go/src/io/fs/glob.go:72:24&#xA;         237: 0x3e155 - io/fs.globWithLimit&#xA;                           at /usr/local/go/src/io/fs/glob.go:72:24&#xA;         238: 0x3e155 - io/fs.globWithLimit&#xA;                           at /usr/local/go/src/io/fs/glob.go:72:24&#xA;         239: 0x3e155 - io/fs.globWithLimit&#xA;                           at /usr/local/go/src/io/fs/glob.go:72:24&#xA;         240: 0x3e155 - io/fs.globWithLimit&#xA;                           at /usr/local/go/src/io/fs/glob.go:72:24&#xA;         241: 0x3e155 - io/fs.globWithLimit&#xA;                           at /usr/local/go/src/io/fs/glob.go:72:24&#xA;         242: 0x3e155 - io/fs.globWithLimit&#xA;                           at /usr/local/go/src/io/fs/glob.go:72:24&#xA;         243: 0x3e155 - io/fs.globWithLimit&#xA;                           at /usr/local/go/src/io/fs/glob.go:72:24&#xA;         244: 0x3e155 - io/fs.globWithLimit&#xA;                           at /usr/local/go/src/io/fs/glob.go:72:24&#xA;         245: 0x3e155 - io/fs.globWithLimit&#xA;                           at /usr/local/go/src/io/fs/glob.go:72:24&#xA;         246: 0x3e155 - io/fs.globWithLimit&#xA;                           at /usr/local/go/src/io/fs/glob.go:72:24&#xA;         247: 0x3e155 - io/fs.globWithLimit&#xA;                           at /usr/local/go/src/io/fs/glob.go:72:24&#xA;         248: 0x3e155 - io/fs.globWithLimit&#xA;                           at /usr/local/go/src/io/fs/glob.go:72:24&#xA;         249: 0x3e155 - io/fs.globWithLimit&#xA;                           at /usr/local/go/src/io/fs/glob.go:72:24&#xA;         250: 0x3e155 - io/fs.globWithLimit&#xA;                           at /usr/local/go/src/io/fs/glob.go:72:24&#xA;         251: 0x3e155 - io/fs.globWithLimit&#xA;                           at /usr/local/go/src/io/fs/glob.go:72:24&#xA;         252: 0x3e155 - io/fs.globWithLimit&#xA;                           at /usr/local/go/src/io/fs/glob.go:72:24&#xA;         253: 0x3e155 - io/fs.globWithLimit&#xA;                           at /usr/local/go/src/io/fs/glob.go:72:24&#xA;         254: 0x3e155 - io/fs.globWithLimit&#xA;                           at /usr/local/go/src/io/fs/glob.go:72:24&#xA;         255: 0x3e155 - io/fs.globWithLimit&#xA;                           at /usr/local/go/src/io/fs/glob.go:72:24&#xA;         256: 0x3e155 - io/fs.globWithLimit&#xA;                           at /usr/local/go/src/io/fs/glob.go:72:24&#xA;         257: 0x3e155 - io/fs.globWithLimit&#xA;                           at /usr/local/go/src/io/fs/glob.go:72:24&#xA;         258: 0x3e155 - io/fs.globWithLimit&#xA;                           at /usr/local/go/src/io/fs/glob.go:72:24&#xA;         259: 0x3e155 - io/fs.globWithLimit&#xA;                           at /usr/local/go/src/io/fs/glob.go:72:24&#xA;         260: 0x3e155 - io/fs.globWithLimit&#xA;                           at /usr/local/go/src/io/fs/glob.go:72:24&#xA;         261: 0x3e155 - io/fs.globWithLimit&#xA;                           at /usr/local/go/src/io/fs/glob.go:72:24&#xA;         262: 0x3e155 - io/fs.globWithLimit&#xA;                           at /usr/local/go/src/io/fs/glob.go:72:24&#xA;         263: 0x3e155 - io/fs.globWithLimit&#xA;                           at /usr/local/go/src/io/fs/glob.go:72:24&#xA;         264: 0x3e155 - io/fs.globWithLimit&#xA;                           at /usr/local/go/src/io/fs/glob.go:72:24&#xA;         265: 0x3e155 - io/fs.globWithLimit&#xA;                           at /usr/local/go/src/io/fs/glob.go:72:24&#xA;         266: 0x3e155 - io/fs.globWithLimit&#xA;                           at /usr/local/go/src/io/fs/glob.go:72:24&#xA;         267: 0x3e155 - io/fs.globWithLimit&#xA;                           at /usr/local/go/src/io/fs/glob.go:72:24&#xA;         268: 0x3e155 - io/fs.globWithLimit&#xA;                           at /usr/local/go/src/io/fs/glob.go:72:24&#xA;         269: 0x3e155 - io/fs.globWithLimit&#xA;                           at /usr/local/go/src/io/fs/glob.go:72:24&#xA;         270: 0x3e155 - io/fs.globWithLimit&#xA;                           at /usr/local/go/src/io/fs/glob.go:72:24&#xA;         271: 0x3e155 - io/fs.globWithLimit&#xA;                           at /usr/local/go/src/io/fs/glob.go:72:24&#xA;         272: 0x3e155 - io/fs.globWithLimit&#xA;                           at /usr/local/go/src/io/fs/glob.go:72:24&#xA;         273: 0x3e155 - io/fs.globWithLimit&#xA;                           at /usr/local/go/src/io/fs/glob.go:72:24&#xA;         274: 0x3e155 - io/fs.globWithLimit&#xA;                           at /usr/local/go/src/io/fs/glob.go:72:24&#xA;         275: 0x3e155 - io/fs.globWithLimit&#xA;                           at /usr/local/go/src/io/fs/glob.go:72:24&#xA;         276: 0x3e155 - io/fs.globWithLimit&#xA;                           at /usr/local/go/src/io/fs/glob.go:72:24&#xA;         277: 0x3e155 - io/fs.globWithLimit&#xA;                           at /usr/local/go/src/io/fs/glob.go:72:24&#xA;         278: 0x3e155 - io/fs.globWithLimit&#xA;                           at /usr/local/go/src/io/fs/glob.go:72:24&#xA;         279: 0x3e155 - io/fs.globWithLimit&#xA;                           at /usr/local/go/src/io/fs/glob.go:72:24&#xA;         280: 0x3e155 - io/fs.globWithLimit&#xA;                           at /usr/local/go/src/io/fs/glob.go:72:24&#xA;         281: 0x3e155 - io/fs.globWithLimit&#xA;                           at /usr/local/go/src/io/fs/glob.go:72:24&#xA;         282: 0x3e155 - io/fs.globWithLimit&#xA;                           at /usr/local/go/src/io/fs/glob.go:72:24&#xA;         283: 0x3e155 - io/fs.globWithLimit&#xA;                           at /usr/local/go/src/io/fs/glob.go:72:24&#xA;         284: 0x3e155 - io/fs.globWithLimit&#xA;                           at /usr/local/go/src/io/fs/glob.go:72:24&#xA;         285: 0x3e155 - io/fs.globWithLimit&#xA;                           at /usr/local/go/src/io/fs/glob.go:72:24&#xA;         286: 0x3e155 - io/fs.globWithLimit&#xA;                           at /usr/local/go/src/io/fs/glob.go:72:24&#xA;         287: 0x3e155 - io/fs.globWithLimit&#xA;                           at /usr/local/go/src/io/fs/glob.go:72:24&#xA;         288: 0x3e155 - io/fs.globWithLimit&#xA;                           at /usr/local/go/src/io/fs/glob.go:72:24&#xA;         289: 0x3e155 - io/fs.globWithLimit&#xA;                           at /usr/local/go/src/io/fs/glob.go:72:24&#xA;         290: 0x3e155 - io/fs.globWithLimit&#xA;                           at /usr/local/go/src/io/fs/glob.go:72:24&#xA;         291: 0x3e155 - io/fs.globWithLimit&#xA;                           at /usr/local/go/src/io/fs/glob.go:72:24&#xA;         292: 0x3e155 - io/fs.globWithLimit&#xA;                           at /usr/local/go/src/io/fs/glob.go:72:24&#xA;         293: 0x3e155 - io/fs.globWithLimit&#xA;                           at /usr/local/go/src/io/fs/glob.go:72:24&#xA;         294: 0x3e155 - io/fs.globWithLimit&#xA;                           at /usr/local/go/src/io/fs/glob.go:72:24&#xA;         295: 0x3e155 - io/fs.globWithLimit&#xA;                           at /usr/local/go/src/io/fs/glob.go:72:24&#xA;         296: 0x3e155 - io/fs.globWithLimit&#xA;                           at /usr/local/go/src/io/fs/glob.go:72:24&#xA;         297: 0x3e155 - io/fs.globWithLimit&#xA;                           at /usr/local/go/src/io/fs/glob.go:72:24&#xA;         298: 0x3e155 - io/fs.globWithLimit&#xA;                           at /usr/local/go/src/io/fs/glob.go:72:24&#xA;         299: 0x3e155 - io/fs.globWithLimit&#xA;                           at /usr/local/go/src/io/fs/glob.go:72:24&#xA;         300: 0x3e155 - io/fs.globWithLimit&#xA;                           at /usr/local/go/src/io/fs/glob.go:72:24&#xA;         301: 0x3e155 - io/fs.globWithLimit&#xA;                           at /usr/local/go/src/io/fs/glob.go:72:24&#xA;         302: 0x3e155 - io/fs.globWithLimit&#xA;                           at /usr/local/go/src/io/fs/glob.go:72:24&#xA;         303: 0x3e155 - io/fs.globWithLimit&#xA;                           at /usr/local/go/src/io/fs/glob.go:72:24&#xA;         304: 0x3e155 - io/fs.globWithLimit&#xA;                           at /usr/local/go/src/io/fs/glob.go:72:24&#xA;         305: 0x3e155 - io/fs.globWithLimit&#xA;                           at /usr/local/go/src/io/fs/glob.go:72:24&#xA;         306: 0x3e155 - io/fs.globWithLimit&#xA;                           at /usr/local/go/src/io/fs/glob.go:72:24&#xA;         307: 0x3e155 - io/fs.globWithLimit&#xA;                           at /usr/local/go/src/io/fs/glob.go:72:24&#xA;         308: 0x3e155 - io/fs.globWithLimit&#xA;                           at /usr/local/go/src/io/fs/glob.go:72:24&#xA;         309: 0x3e155 - io/fs.globWithLimit&#xA;                           at /usr/local/go/src/io/fs/glob.go:72:24&#xA;         310: 0x3e155 - io/fs.globWithLimit&#xA;                           at /usr/local/go/src/io/fs/glob.go:72:24&#xA;         311: 0x3e155 - io/fs.globWithLimit&#xA;                           at /usr/local/go/src/io/fs/glob.go:72:24&#xA;         312: 0x3e155 - io/fs.globWithLimit&#xA;                           at /usr/local/go/src/io/fs/glob.go:72:24&#xA;         313: 0x3e155 - io/fs.globWithLimit&#xA;                           at /usr/local/go/src/io/fs/glob.go:72:24&#xA;         314: 0x3e155 - io/fs.globWithLimit&#xA;                           at /usr/local/go/src/io/fs/glob.go:72:24&#xA;         315: 0x3e155 - io/fs.globWithLimit&#xA;                           at /usr/local/go/src/io/fs/glob.go:72:24&#xA;         316: 0x3e155 - io/fs.globWithLimit&#xA;                           at /usr/local/go/src/io/fs/glob.go:72:24&#xA;         317: 0x3e155 - io/fs.globWithLimit&#xA;                           at /usr/local/go/src/io/fs/glob.go:72:24&#xA;         318: 0x3e155 - io/fs.globWithLimit&#xA;                           at /usr/local/go/src/io/fs/glob.go:72:24&#xA;         319: 0x3e155 - io/fs.globWithLimit&#xA;                           at /usr/local/go/src/io/fs/glob.go:72:24&#xA;         320: 0x3e155 - io/fs.globWithLimit&#xA;                           at /usr/local/go/src/io/fs/glob.go:72:24&#xA;         321: 0x3e155 - io/fs.globWithLimit&#xA;                           at /usr/local/go/src/io/fs/glob.go:72:24&#xA;         322: 0x3e155 - io/fs.globWithLimit&#xA;                           at /usr/local/go/src/io/fs/glob.go:72:24&#xA;         323: 0x3e155 - io/fs.globWithLimit&#xA;                           at /usr/local/go/src/io/fs/glob.go:72:24&#xA;         324: 0x3e155 - io/fs.globWithLimit&#xA;                           at /usr/local/go/src/io/fs/glob.go:72:24&#xA;         325: 0x3e155 - io/fs.globWithLimit&#xA;                           at /usr/local/go/src/io/fs/glob.go:72:24&#xA;         326: 0x3e155 - io/fs.globWithLimit&#xA;                           at /usr/local/go/src/io/fs/glob.go:72:24&#xA;         327: 0x3e155 - io/fs.globWithLimit&#xA;                           at /usr/local/go/src/io/fs/glob.go:72:24&#xA;         328: 0x3e155 - io/fs.globWithLimit&#xA;                           at /usr/local/go/src/io/fs/glob.go:72:24&#xA;         329: 0x3e155 - io/fs.globWithLimit&#xA;                           at /usr/local/go/src/io/fs/glob.go:72:24&#xA;         330: 0x3e155 - io/fs.globWithLimit&#xA;                           at /usr/local/go/src/io/fs/glob.go:72:24&#xA;         331: 0x3e155 - io/fs.globWithLimit&#xA;                           at /usr/local/go/src/io/fs/glob.go:72:24&#xA;         332: 0x3e155 - io/fs.globWithLimit&#xA;                           at /usr/local/go/src/io/fs/glob.go:72:24&#xA;         333: 0x3e155 - io/fs.globWithLimit&#xA;                           at /usr/local/go/src/io/fs/glob.go:72:24&#xA;         334: 0x3e155 - io/fs.globWithLimit&#xA;                           at /usr/local/go/src/io/fs/glob.go:72:24&#xA;         335: 0x3e155 - io/fs.globWithLimit&#xA;                           at /usr/local/go/src/io/fs/glob.go:72:24&#xA;         336: 0x3e155 - io/fs.globWithLimit&#xA;                           at /usr/local/go/src/io/fs/glob.go:72:24&#xA;         337: 0x3e155 - io/fs.globWithLimit&#xA;                           at /usr/local/go/src/io/fs/glob.go:72:24&#xA;         338: 0x3e155 - io/fs.globWithLimit&#xA;                           at /usr/local/go/src/io/fs/glob.go:72:24&#xA;         339: 0x3e155 - io/fs.globWithLimit&#xA;                           at /usr/local/go/src/io/fs/glob.go:72:24&#xA;         340: 0x3e155 - io/fs.globWithLimit&#xA;                           at /usr/local/go/src/io/fs/glob.go:72:24&#xA;         341: 0x3e155 - io/fs.globWithLimit&#xA;                           at /usr/local/go/src/io/fs/glob.go:72:24&#xA;         342: 0x3e155 - io/fs.globWithLimit&#xA;                           at /usr/local/go/src/io/fs/glob.go:72:24&#xA;         343: 0x3e155 - io/fs.globWithLimit&#xA;                           at /usr/local/go/src/io/fs/glob.go:72:24&#xA;         344: 0x3e155 - io/fs.globWithLimit&#xA;                           at /usr/local/go/src/io/fs/glob.go:72:24&#xA;         345: 0x3e155 - io/fs.globWithLimit&#xA;                           at /usr/local/go/src/io/fs/glob.go:72:24&#xA;         346: 0x3e155 - io/fs.globWithLimit&#xA;                           at /usr/local/go/src/io/fs/glob.go:72:24&#xA;         347: 0x3e155 - io/fs.globWithLimit&#xA;                           at /usr/local/go/src/io/fs/glob.go:72:24&#xA;         348: 0x3e155 - io/fs.globWithLimit&#xA;                           at /usr/local/go/src/io/fs/glob.go:72:24&#xA;         349: 0x3e155 - io/fs.globWithLimit&#xA;                           at /usr/local/go/src/io/fs/glob.go:72:24&#xA;         350: 0x3e155 - io/fs.globWithLimit&#xA;                           at /usr/local/go/src/io/fs/glob.go:72:24&#xA;         351: 0x3e155 - io/fs.globWithLimit&#xA;                           at /usr/local/go/src/io/fs/glob.go:72:24&#xA;         352: 0x3e155 - io/fs.globWithLimit&#xA;                           at /usr/local/go/src/io/fs/glob.go:72:24&#xA;         353: 0x3e155 - io/fs.globWithLimit&#xA;                           at /usr/local/go/src/io/fs/glob.go:72:24&#xA;         354: 0x3e155 - io/fs.globWithLimit&#xA;                           at /usr/local/go/src/io/fs/glob.go:72:24&#xA;         355: 0x3e155 - io/fs.globWithLimit&#xA;                           at /usr/local/go/src/io/fs/glob.go:72:24&#xA;         356: 0x3e155 - io/fs.globWithLimit&#xA;                           at /usr/local/go/src/io/fs/glob.go:72:24&#xA;         357: 0x3e155 - io/fs.globWithLimit&#xA;                           at /usr/local/go/src/io/fs/glob.go:72:24&#xA;         358: 0x3e155 - io/fs.globWithLimit&#xA;                           at /usr/local/go/src/io/fs/glob.go:72:24&#xA;         359: 0x3e155 - io/fs.globWithLimit&#xA;                           at /usr/local/go/src/io/fs/glob.go:72:24&#xA;         360: 0x3e155 - io/fs.globWithLimit&#xA;                           at /usr/local/go/src/io/fs/glob.go:72:24&#xA;         361: 0x3e155 - io/fs.globWithLimit&#xA;                           at /usr/local/go/src/io/fs/glob.go:72:24&#xA;         362: 0x3e155 - io/fs.globWithLimit&#xA;                           at /usr/local/go/src/io/fs/glob.go:72:24&#xA;         363: 0x3e155 - io/fs.globWithLimit&#xA;                           at /usr/local/go/src/io/fs/glob.go:72:24&#xA;         364: 0x3e155 - io/fs.globWithLimit&#xA;                           at /usr/local/go/src/io/fs/glob.go:72:24&#xA;         365: 0x3e155 - io/fs.globWithLimit&#xA;                           at /usr/local/go/src/io/fs/glob.go:72:24&#xA;         366: 0x3e155 - io/fs.globWithLimit&#xA;                           at /usr/local/go/src/io/fs/glob.go:72:24&#xA;         367: 0x3e155 - io/fs.globWithLimit&#xA;                           at /usr/local/go/src/io/fs/glob.go:72:24&#xA;         368: 0x3e155 - io/fs.globWithLimit&#xA;                           at /usr/local/go/src/io/fs/glob.go:72:24&#xA;         369: 0x3e155 - io/fs.globWithLimit&#xA;                           at /usr/local/go/src/io/fs/glob.go:72:24&#xA;         370: 0x3e155 - io/fs.globWithLimit&#xA;                           at /usr/local/go/src/io/fs/glob.go:72:24&#xA;         371: 0x3e155 - io/fs.globWithLimit&#xA;                           at /usr/local/go/src/io/fs/glob.go:72:24&#xA;         372: 0x3e155 - io/fs.globWithLimit&#xA;                           at /usr/local/go/src/io/fs/glob.go:72:24&#xA;         373: 0x3e155 - io/fs.globWithLimit&#xA;                           at /usr/local/go/src/io/fs/glob.go:72:24&#xA;         374: 0x3e155 - io/fs.globWithLimit&#xA;                           at /usr/local/go/src/io/fs/glob.go:72:24&#xA;         375: 0x3e155 - io/fs.globWithLimit&#xA;                           at /usr/local/go/src/io/fs/glob.go:72:24&#xA;         376: 0x3e155 - io/fs.globWithLimit&#xA;                           at /usr/local/go/src/io/fs/glob.go:72:24&#xA;         377: 0x3e155 - io/fs.globWithLimit&#xA;                           at /usr/local/go/src/io/fs/glob.go:72:24&#xA;         378: 0x3e155 - io/fs.globWithLimit&#xA;                           at /usr/local/go/src/io/fs/glob.go:72:24&#xA;         379: 0x3e155 - io/fs.globWithLimit&#xA;                           at /usr/local/go/src/io/fs/glob.go:72:24&#xA;         380: 0x3e155 - io/fs.globWithLimit&#xA;                           at /usr/local/go/src/io/fs/glob.go:72:24&#xA;         381: 0x3e155 - io/fs.globWithLimit&#xA;                           at /usr/local/go/src/io/fs/glob.go:72:24&#xA;         382: 0x3e155 - io/fs.globWithLimit&#xA;                           at /usr/local/go/src/io/fs/glob.go:72:24&#xA;         383: 0x3e155 - io/fs.globWithLimit&#xA;                           at /usr/local/go/src/io/fs/glob.go:72:24&#xA;         384: 0x3e155 - io/fs.globWithLimit&#xA;                           at /usr/local/go/src/io/fs/glob.go:72:24&#xA;         385: 0x3e155 - io/fs.globWithLimit&#xA;                           at /usr/local/go/src/io/fs/glob.go:72:24&#xA;         386: 0x3e155 - io/fs.globWithLimit&#xA;                           at /usr/local/go/src/io/fs/glob.go:72:24&#xA;         387: 0x3e155 - io/fs.globWithLimit&#xA;                           at /usr/local/go/src/io/fs/glob.go:72:24&#xA;         388: 0x3e155 - io/fs.globWithLimit&#xA;                           at /usr/local/go/src/io/fs/glob.go:72:24&#xA;         389: 0x3e155 - io/fs.globWithLimit&#xA;                           at /usr/local/go/src/io/fs/glob.go:72:24&#xA;         390: 0x3e155 - io/fs.globWithLimit&#xA;                           at /usr/local/go/src/io/fs/glob.go:72:24&#xA;         391: 0x3e155 - io/fs.globWithLimit&#xA;                           at /usr/local/go/src/io/fs/glob.go:72:24&#xA;         392: 0x3e155 - io/fs.globWithLimit&#xA;                           at /usr/local/go/src/io/fs/glob.go:72:24&#xA;         393: 0x3e155 - io/fs.globWithLimit&#xA;                           at /usr/local/go/src/io/fs/glob.go:72:24&#xA;         394: 0x3e155 - io/fs.globWithLimit&#xA;                           at /usr/local/go/src/io/fs/glob.go:72:24&#xA;         395: 0x3e155 - io/fs.globWithLimit&#xA;                           at /usr/local/go/src/io/fs/glob.go:72:24&#xA;         396: 0x3e155 - io/fs.globWithLimit&#xA;                           at /usr/local/go/src/io/fs/glob.go:72:24&#xA;         397: 0x3e155 - io/fs.globWithLimit&#xA;                           at /usr/local/go/src/io/fs/glob.go:72:24&#xA;         398: 0x3e155 - io/fs.globWithLimit&#xA;                           at /usr/local/go/src/io/fs/glob.go:72:24&#xA;         399: 0x3e155 - io/fs.globWithLimit&#xA;                           at /usr/local/go/src/io/fs/glob.go:72:24&#xA;         400: 0x3e155 - io/fs.globWithLimit&#xA;                           at /usr/local/go/src/io/fs/glob.go:72:24&#xA;         401: 0x3e155 - io/fs.globWithLimit&#xA;                           at /usr/local/go/src/io/fs/glob.go:72:24&#xA;         402: 0x3e155 - io/fs.globWithLimit&#xA;                           at /usr/local/go/src/io/fs/glob.go:72:24&#xA;         403: 0x3e155 - io/fs.globWithLimit&#xA;                           at /usr/local/go/src/io/fs/glob.go:72:24&#xA;         404: 0x3e155 - io/fs.globWithLimit&#xA;                           at /usr/local/go/src/io/fs/glob.go:72:24&#xA;         405: 0x3e155 - io/fs.globWithLimit&#xA;                           at /usr/local/go/src/io/fs/glob.go:72:24&#xA;         406: 0x3e155 - io/fs.globWithLimit&#xA;                           at /usr/local/go/src/io/fs/glob.go:72:24&#xA;         407: 0x3e155 - io/fs.globWithLimit&#xA;                           at /usr/local/go/src/io/fs/glob.go:72:24&#xA;         408: 0x3e155 - io/fs.globWithLimit&#xA;                           at /usr/local/go/src/io/fs/glob.go:72:24&#xA;         409: 0x3e155 - io/fs.globWithLimit&#xA;                           at /usr/local/go/src/io/fs/glob.go:72:24&#xA;         410: 0x3e155 - io/fs.globWithLimit&#xA;                           at /usr/local/go/src/io/fs/glob.go:72:24&#xA;         411: 0x3e155 - io/fs.globWithLimit&#xA;                           at /usr/local/go/src/io/fs/glob.go:72:24&#xA;         412: 0x3e155 - io/fs.globWithLimit&#xA;                           at /usr/local/go/src/io/fs/glob.go:72:24&#xA;         413: 0x3e155 - io/fs.globWithLimit&#xA;                           at /usr/local/go/src/io/fs/glob.go:72:24&#xA;         414: 0x3e155 - io/fs.globWithLimit&#xA;                           at /usr/local/go/src/io/fs/glob.go:72:24&#xA;         415: 0x3e155 - io/fs.globWithLimit&#xA;                           at /usr/local/go/src/io/fs/glob.go:72:24&#xA;         416: 0x3e155 - io/fs.globWithLimit&#xA;                           at /usr/local/go/src/io/fs/glob.go:72:24&#xA;         417: 0x3e155 - io/fs.globWithLimit&#xA;                           at /usr/local/go/src/io/fs/glob.go:72:24&#xA;         418: 0x3e155 - io/fs.globWithLimit&#xA;                           at /usr/local/go/src/io/fs/glob.go:72:24&#xA;         419: 0x3e155 - io/fs.globWithLimit&#xA;                           at /usr/local/go/src/io/fs/glob.go:72:24&#xA;         420: 0x3e155 - io/fs.globWithLimit&#xA;                           at /usr/local/go/src/io/fs/glob.go:72:24&#xA;         421: 0x3e155 - io/fs.globWithLimit&#xA;                           at /usr/local/go/src/io/fs/glob.go:72:24&#xA;         422: 0x3e155 - io/fs.globWithLimit&#xA;                           at /usr/local/go/src/io/fs/glob.go:72:24&#xA;         423: 0x3e155 - io/fs.globWithLimit&#xA;                           at /usr/local/go/src/io/fs/glob.go:72:24&#xA;         424: 0x3e155 - io/fs.globWithLimit&#xA;                           at /usr/local/go/src/io/fs/glob.go:72:24&#xA;         425: 0x3e155 - io/fs.globWithLimit&#xA;                           at /usr/local/go/src/io/fs/glob.go:72:24&#xA;         426: 0x3e155 - io/fs.globWithLimit&#xA;                           at /usr/local/go/src/io/fs/glob.go:72:24&#xA;         427: 0x3e155 - io/fs.globWithLimit&#xA;                           at /usr/local/go/src/io/fs/glob.go:72:24&#xA;         428: 0x3e155 - io/fs.globWithLimit&#xA;                           at /usr/local/go/src/io/fs/glob.go:72:24&#xA;         429: 0x3e155 - io/fs.globWithLimit&#xA;                           at /usr/local/go/src/io/fs/glob.go:72:24&#xA;         430: 0x3e155 - io/fs.globWithLimit&#xA;                           at /usr/local/go/src/io/fs/glob.go:72:24&#xA;         431: 0x3e155 - io/fs.globWithLimit&#xA;                           at /usr/local/go/src/io/fs/glob.go:72:24&#xA;         432: 0x3e155 - io/fs.globWithLimit&#xA;                           at /usr/local/go/src/io/fs/glob.go:72:24&#xA;         433: 0x3e155 - io/fs.globWithLimit&#xA;                           at /usr/local/go/src/io/fs/glob.go:72:24&#xA;         434: 0x3e155 - io/fs.globWithLimit&#xA;                           at /usr/local/go/src/io/fs/glob.go:72:24&#xA;         435: 0x3e155 - io/fs.globWithLimit&#xA;                           at /usr/local/go/src/io/fs/glob.go:72:24&#xA;         436: 0x3e155 - io/fs.globWithLimit&#xA;                           at /usr/local/go/src/io/fs/glob.go:72:24&#xA;         437: 0x3e155 - io/fs.globWithLimit&#xA;                           at /usr/local/go/src/io/fs/glob.go:72:24&#xA;         438: 0x3e155 - io/fs.globWithLimit&#xA;                           at /usr/local/go/src/io/fs/glob.go:72:24&#xA;         439: 0x3e155 - io/fs.globWithLimit&#xA;                           at /usr/local/go/src/io/fs/glob.go:72:24&#xA;         440: 0x3e155 - io/fs.globWithLimit&#xA;                           at /usr/local/go/src/io/fs/glob.go:72:24&#xA;         441: 0x3e155 - io/fs.globWithLimit&#xA;                           at /usr/local/go/src/io/fs/glob.go:72:24&#xA;         442: 0x3e155 - io/fs.globWithLimit&#xA;                           at /usr/local/go/src/io/fs/glob.go:72:24&#xA;         443: 0x3e155 - io/fs.globWithLimit&#xA;                           at /usr/local/go/src/io/fs/glob.go:72:24&#xA;         444: 0x3e155 - io/fs.globWithLimit&#xA;                           at /usr/local/go/src/io/fs/glob.go:72:24&#xA;         445: 0x3e155 - io/fs.globWithLimit&#xA;                           at /usr/local/go/src/io/fs/glob.go:72:24&#xA;         446: 0x3e155 - io/fs.globWithLimit&#xA;                           at /usr/local/go/src/io/fs/glob.go:72:24&#xA;         447: 0x3e155 - io/fs.globWithLimit&#xA;                           at /usr/local/go/src/io/fs/glob.go:72:24&#xA;         448: 0x3e155 - io/fs.globWithLimit&#xA;                           at /usr/local/go/src/io/fs/glob.go:72:24&#xA;         449: 0x3e155 - io/fs.globWithLimit&#xA;                           at /usr/local/go/src/io/fs/glob.go:72:24&#xA;         450: 0x3e155 - io/fs.globWithLimit&#xA;                           at /usr/local/go/src/io/fs/glob.go:72:24&#xA;         451: 0x3e155 - io/fs.globWithLimit&#xA;                           at /usr/local/go/src/io/fs/glob.go:72:24&#xA;         452: 0x3e155 - io/fs.globWithLimit&#xA;                           at /usr/local/go/src/io/fs/glob.go:72:24&#xA;         453: 0x3e155 - io/fs.globWithLimit&#xA;                           at /usr/local/go/src/io/fs/glob.go:72:24&#xA;         454: 0x3e155 - io/fs.globWithLimit&#xA;                           at /usr/local/go/src/io/fs/glob.go:72:24&#xA;         455: 0x3e155 - io/fs.globWithLimit&#xA;                           at /usr/local/go/src/io/fs/glob.go:72:24&#xA;         456: 0x3e155 - io/fs.globWithLimit&#xA;                           at /usr/local/go/src/io/fs/glob.go:72:24&#xA;         457: 0x3e155 - io/fs.globWithLimit&#xA;                           at /usr/local/go/src/io/fs/glob.go:72:24&#xA;         458: 0x3e155 - io/fs.globWithLimit&#xA;                           at /usr/local/go/src/io/fs/glob.go:72:24&#xA;         459: 0x3e155 - io/fs.globWithLimit&#xA;                           at /usr/local/go/src/io/fs/glob.go:72:24&#xA;         460: 0x3e155 - io/fs.globWithLimit&#xA;                           at /usr/local/go/src/io/fs/glob.go:72:24&#xA;         461: 0x3e155 - io/fs.globWithLimit&#xA;                           at /usr/local/go/src/io/fs/glob.go:72:24&#xA;         462: 0x3e155 - io/fs.globWithLimit&#xA;                           at /usr/local/go/src/io/fs/glob.go:72:24&#xA;         463: 0x3e155 - io/fs.globWithLimit&#xA;                           at /usr/local/go/src/io/fs/glob.go:72:24&#xA;         464: 0x3e155 - io/fs.globWithLimit&#xA;                           at /usr/local/go/src/io/fs/glob.go:72:24&#xA;         465: 0x3e155 - io/fs.globWithLimit&#xA;                           at /usr/local/go/src/io/fs/glob.go:72:24&#xA;         466: 0x3e155 - io/fs.globWithLimit&#xA;                           at /usr/local/go/src/io/fs/glob.go:72:24&#xA;         467: 0x3e155 - io/fs.globWithLimit&#xA;                           at /usr/local/go/src/io/fs/glob.go:72:24&#xA;         468: 0x3e155 - io/fs.globWithLimit&#xA;                           at /usr/local/go/src/io/fs/glob.go:72:24&#xA;         469: 0x3e155 - io/fs.globWithLimit&#xA;                           at /usr/local/go/src/io/fs/glob.go:72:24&#xA;         470: 0x3e155 - io/fs.globWithLimit&#xA;                           at /usr/local/go/src/io/fs/glob.go:72:24&#xA;         471: 0x3e155 - io/fs.globWithLimit&#xA;                           at /usr/local/go/src/io/fs/glob.go:72:24&#xA;         472: 0x3e155 - io/fs.globWithLimit&#xA;                           at /usr/local/go/src/io/fs/glob.go:72:24&#xA;         473: 0x3e155 - io/fs.globWithLimit&#xA;                           at /usr/local/go/src/io/fs/glob.go:72:24&#xA;         474: 0x3e155 - io/fs.globWithLimit&#xA;                           at /usr/local/go/src/io/fs/glob.go:72:24&#xA;         475: 0x3e155 - io/fs.globWithLimit&#xA;                           at /usr/local/go/src/io/fs/glob.go:72:24&#xA;         476: 0x3e155 - io/fs.globWithLimit&#xA;                           at /usr/local/go/src/io/fs/glob.go:72:24&#xA;         477: 0x3e155 - io/fs.globWithLimit&#xA;                           at /usr/local/go/src/io/fs/glob.go:72:24&#xA;         478: 0x3e155 - io/fs.globWithLimit&#xA;                           at /usr/local/go/src/io/fs/glob.go:72:24&#xA;         479: 0x3e155 - io/fs.globWithLimit&#xA;                           at /usr/local/go/src/io/fs/glob.go:72:24&#xA;         480: 0x3e155 - io/fs.globWithLimit&#xA;                           at /usr/local/go/src/io/fs/glob.go:72:24&#xA;         481: 0x3e155 - io/fs.globWithLimit&#xA;                           at /usr/local/go/src/io/fs/glob.go:72:24&#xA;         482: 0x3e155 - io/fs.globWithLimit&#xA;                           at /usr/local/go/src/io/fs/glob.go:72:24&#xA;         483: 0x3e155 - io/fs.globWithLimit&#xA;                           at /usr/local/go/src/io/fs/glob.go:72:24&#xA;         484: 0x3e155 - io/fs.globWithLimit&#xA;                           at /usr/local/go/src/io/fs/glob.go:72:24&#xA;         485: 0x3e155 - io/fs.globWithLimit&#xA;                           at /usr/local/go/src/io/fs/glob.go:72:24&#xA;         486: 0x3e155 - io/fs.globWithLimit&#xA;                           at /usr/local/go/src/io/fs/glob.go:72:24&#xA;         487: 0x3e155 - io/fs.globWithLimit&#xA;                           at /usr/local/go/src/io/fs/glob.go:72:24&#xA;         488: 0x3e155 - io/fs.globWithLimit&#xA;                           at /usr/local/go/src/io/fs/glob.go:72:24&#xA;         489: 0x3e155 - io/fs.globWithLimit&#xA;                           at /usr/local/go/src/io/fs/glob.go:72:24&#xA;         490: 0x3e155 - io/fs.globWithLimit&#xA;                           at /usr/local/go/src/io/fs/glob.go:72:24&#xA;         491: 0x3e155 - io/fs.globWithLimit&#xA;                           at /usr/local/go/src/io/fs/glob.go:72:24&#xA;         492: 0x3e155 - io/fs.globWithLimit&#xA;                           at /usr/local/go/src/io/fs/glob.go:72:24&#xA;         493: 0x3e155 - io/fs.globWithLimit&#xA;                           at /usr/local/go/src/io/fs/glob.go:72:24&#xA;         494: 0x3e155 - io/fs.globWithLimit&#xA;                           at /usr/local/go/src/io/fs/glob.go:72:24&#xA;         495: 0x3e155 - io/fs.globWithLimit&#xA;                           at /usr/local/go/src/io/fs/glob.go:72:24&#xA;         496: 0x3e155 - io/fs.globWithLimit&#xA;                           at /usr/local/go/src/io/fs/glob.go:72:24&#xA;         497: 0x3e155 - io/fs.globWithLimit&#xA;                           at /usr/local/go/src/io/fs/glob.go:72:24&#xA;         498: 0x3e155 - io/fs.globWithLimit&#xA;                           at /usr/local/go/src/io/fs/glob.go:72:24&#xA;         499: 0x3e155 - io/fs.globWithLimit&#xA;                           at /usr/local/go/src/io/fs/glob.go:72:24&#xA;         500: 0x3e155 - io/fs.globWithLimit&#xA;                           at /usr/local/go/src/io/fs/glob.go:72:24&#xA;         501: 0x3e155 - io/fs.globWithLimit&#xA;                           at /usr/local/go/src/io/fs/glob.go:72:24&#xA;         502: 0x3e155 - io/fs.globWithLimit&#xA;                           at /usr/local/go/src/io/fs/glob.go:72:24&#xA;         503: 0x3e155 - io/fs.globWithLimit&#xA;                           at /usr/local/go/src/io/fs/glob.go:72:24&#xA;         504: 0x3e155 - io/fs.globWithLimit&#xA;                           at /usr/local/go/src/io/fs/glob.go:72:24&#xA;         505: 0x3e155 - io/fs.globWithLimit&#xA;                           at /usr/local/go/src/io/fs/glob.go:72:24&#xA;         506: 0x3e155 - io/fs.globWithLimit&#xA;                           at /usr/local/go/src/io/fs/glob.go:72:24&#xA;         507: 0x3e155 - io/fs.globWithLimit&#xA;                           at /usr/local/go/src/io/fs/glob.go:72:24&#xA;         508: 0x3e155 - io/fs.globWithLimit&#xA;                           at /usr/local/go/src/io/fs/glob.go:72:24&#xA;         509: 0x3e155 - io/fs.globWithLimit&#xA;                           at /usr/local/go/src/io/fs/glob.go:72:24&#xA;         510: 0x3e155 - io/fs.globWithLimit&#xA;                           at /usr/local/go/src/io/fs/glob.go:72:24&#xA;         511: 0x3e155 - io/fs.globWithLimit&#xA;                           at /usr/local/go/src/io/fs/glob.go:72:24&#xA;         512: 0x3e155 - io/fs.globWithLimit&#xA;                           at /usr/local/go/src/io/fs/glob.go:72:24&#xA;         513: 0x3e155 - io/fs.globWithLimit&#xA;                           at /usr/local/go/src/io/fs/glob.go:72:24&#xA;         514: 0x3e155 - io/fs.globWithLimit&#xA;                           at /usr/local/go/src/io/fs/glob.go:72:24&#xA;         515: 0x3e155 - io/fs.globWithLimit&#xA;                           at /usr/local/go/src/io/fs/glob.go:72:24&#xA;         516: 0x3e155 - io/fs.globWithLimit&#xA;                           at /usr/local/go/src/io/fs/glob.go:72:24&#xA;         517: 0x3e155 - io/fs.globWithLimit&#xA;                           at /usr/local/go/src/io/fs/glob.go:72:24&#xA;         518: 0x3e155 - io/fs.globWithLimit&#xA;                           at /usr/local/go/src/io/fs/glob.go:72:24&#xA;         519: 0x3e155 - io/fs.globWithLimit&#xA;                           at /usr/local/go/src/io/fs/glob.go:72:24&#xA;         520: 0x3e155 - io/fs.globWithLimit&#xA;                           at /usr/local/go/src/io/fs/glob.go:72:24&#xA;         521: 0x3e155 - io/fs.globWithLimit&#xA;                           at /usr/local/go/src/io/fs/glob.go:72:24&#xA;         522: 0x3e155 - io/fs.globWithLimit&#xA;                           at /usr/local/go/src/io/fs/glob.go:72:24&#xA;         523: 0x3e155 - io/fs.globWithLimit&#xA;                           at /usr/local/go/src/io/fs/glob.go:72:24&#xA;         524: 0x3e155 - io/fs.globWithLimit&#xA;                           at /usr/local/go/src/io/fs/glob.go:72:24&#xA;         525: 0x3e155 - io/fs.globWithLimit&#xA;                           at /usr/local/go/src/io/fs/glob.go:72:24&#xA;         526: 0x3e155 - io/fs.globWithLimit&#xA;                           at /usr/local/go/src/io/fs/glob.go:72:24&#xA;         527: 0x3e155 - io/fs.globWithLimit&#xA;                           at /usr/local/go/src/io/fs/glob.go:72:24&#xA;         528: 0x3e155 - io/fs.globWithLimit&#xA;                           at /usr/local/go/src/io/fs/glob.go:72:24&#xA;         529: 0x3e155 - io/fs.globWithLimit&#xA;                           at /usr/local/go/src/io/fs/glob.go:72:24&#xA;         530: 0x3e155 - io/fs.globWithLimit&#xA;                           at /usr/local/go/src/io/fs/glob.go:72:24&#xA;         531: 0x3e155 - io/fs.globWithLimit&#xA;                           at /usr/local/go/src/io/fs/glob.go:72:24&#xA;         532: 0x3e155 - io/fs.globWithLimit&#xA;                           at /usr/local/go/src/io/fs/glob.go:72:24&#xA;         533: 0x3e155 - io/fs.globWithLimit&#xA;                           at /usr/local/go/src/io/fs/glob.go:72:24&#xA;         534: 0x3e155 - io/fs.globWithLimit&#xA;                           at /usr/local/go/src/io/fs/glob.go:72:24&#xA;         535: 0x3e155 - io/fs.globWithLimit&#xA;                           at /usr/local/go/src/io/fs/glob.go:72:24&#xA;         536: 0x3e155 - io/fs.globWithLimit&#xA;                           at /usr/local/go/src/io/fs/glob.go:72:24&#xA;         537: 0x3e155 - io/fs.globWithLimit&#xA;                           at /usr/local/go/src/io/fs/glob.go:72:24&#xA;         538: 0x3e155 - io/fs.globWithLimit&#xA;                           at /usr/local/go/src/io/fs/glob.go:72:24&#xA;         539: 0x3e155 - io/fs.globWithLimit&#xA;                           at /usr/local/go/src/io/fs/glob.go:72:24&#xA;         540: 0x3e155 - io/fs.globWithLimit&#xA;                           at /usr/local/go/src/io/fs/glob.go:72:24&#xA;         541: 0x3e155 - io/fs.globWithLimit&#xA;                           at /usr/local/go/src/io/fs/glob.go:72:24&#xA;         542: 0x3e155 - io/fs.globWithLimit&#xA;                           at /usr/local/go/src/io/fs/glob.go:72:24&#xA;         543: 0x3e155 - io/fs.globWithLimit&#xA;                           at /usr/local/go/src/io/fs/glob.go:72:24&#xA;         544: 0x3e155 - io/fs.globWithLimit&#xA;                           at /usr/local/go/src/io/fs/glob.go:72:24&#xA;         545: 0x3e155 - io/fs.globWithLimit&#xA;                           at /usr/local/go/src/io/fs/glob.go:72:24&#xA;         546: 0x3e155 - io/fs.globWithLimit&#xA;                           at /usr/local/go/src/io/fs/glob.go:72:24&#xA;         547: 0x3e155 - io/fs.globWithLimit&#xA;                           at /usr/local/go/src/io/fs/glob.go:72:24&#xA;         548: 0x3e155 - io/fs.globWithLimit&#xA;                           at /usr/local/go/src/io/fs/glob.go:72:24&#xA;         549: 0x3e155 - io/fs.globWithLimit&#xA;                           at /usr/local/go/src/io/fs/glob.go:72:24&#xA;         550: 0x3e155 - io/fs.globWithLimit&#xA;                           at /usr/local/go/src/io/fs/glob.go:72:24&#xA;         551: 0x3e155 - io/fs.globWithLimit&#xA;                           at /usr/local/go/src/io/fs/glob.go:72:24&#xA;         552: 0x3e155 - io/fs.globWithLimit&#xA;                           at /usr/local/go/src/io/fs/glob.go:72:24&#xA;         553: 0x3e155 - io/fs.globWithLimit&#xA;                           at /usr/local/go/src/io/fs/glob.go:72:24&#xA;         554: 0x3e155 - io/fs.globWithLimit&#xA;                           at /usr/local/go/src/io/fs/glob.go:72:24&#xA;         555: 0x3e155 - io/fs.globWithLimit&#xA;                           at /usr/local/go/src/io/fs/glob.go:72:24&#xA;         556: 0x3e155 - io/fs.globWithLimit&#xA;                           at /usr/local/go/src/io/fs/glob.go:72:24&#xA;         557: 0x3e155 - io/fs.globWithLimit&#xA;                           at /usr/local/go/src/io/fs/glob.go:72:24&#xA;         558: 0x3e155 - io/fs.globWithLimit&#xA;                           at /usr/local/go/src/io/fs/glob.go:72:24&#xA;         559: 0x3e155 - io/fs.globWithLimit&#xA;                           at /usr/local/go/src/io/fs/glob.go:72:24&#xA;         560: 0x3e155 - io/fs.globWithLimit&#xA;                           at /usr/local/go/src/io/fs/glob.go:72:24&#xA;         561: 0x3e155 - io/fs.globWithLimit&#xA;                           at /usr/local/go/src/io/fs/glob.go:72:24&#xA;         562: 0x3e155 - io/fs.globWithLimit&#xA;                           at /usr/local/go/src/io/fs/glob.go:72:24&#xA;         563: 0x3e155 - io/fs.globWithLimit&#xA;                           at /usr/local/go/src/io/fs/glob.go:72:24&#xA;         564: 0x3e155 - io/fs.globWithLimit&#xA;                           at /usr/local/go/src/io/fs/glob.go:72:24&#xA;         565: 0x3e155 - io/fs.globWithLimit&#xA;                           at /usr/local/go/src/io/fs/glob.go:72:24&#xA;         566: 0x3e155 - io/fs.globWithLimit&#xA;                           at /usr/local/go/src/io/fs/glob.go:72:24&#xA;         567: 0x3e155 - io/fs.globWithLimit&#xA;                           at /usr/local/go/src/io/fs/glob.go:72:24&#xA;         568: 0x3e155 - io/fs.globWithLimit&#xA;                           at /usr/local/go/src/io/fs/glob.go:72:24&#xA;         569: 0x3e155 - io/fs.globWithLimit&#xA;                           at /usr/local/go/src/io/fs/glob.go:72:24&#xA;         570: 0x3e155 - io/fs.globWithLimit&#xA;                           at /usr/local/go/src/io/fs/glob.go:72:24&#xA;         571: 0x3e155 - io/fs.globWithLimit&#xA;                           at /usr/local/go/src/io/fs/glob.go:72:24&#xA;         572: 0x3e155 - io/fs.globWithLimit&#xA;                           at /usr/local/go/src/io/fs/glob.go:72:24&#xA;         573: 0x3e155 - io/fs.globWithLimit&#xA;                           at /usr/local/go/src/io/fs/glob.go:72:24&#xA;         574: 0x3e155 - io/fs.globWithLimit&#xA;                           at /usr/local/go/src/io/fs/glob.go:72:24&#xA;         575: 0x3e155 - io/fs.globWithLimit&#xA;                           at /usr/local/go/src/io/fs/glob.go:72:24&#xA;         576: 0x3e155 - io/fs.globWithLimit&#xA;                           at /usr/local/go/src/io/fs/glob.go:72:24&#xA;         577: 0x3e155 - io/fs.globWithLimit&#xA;                           at /usr/local/go/src/io/fs/glob.go:72:24&#xA;         578: 0x3e155 - io/fs.globWithLimit&#xA;                           at /usr/local/go/src/io/fs/glob.go:72:24&#xA;         579: 0x3e155 - io/fs.globWithLimit&#xA;                           at /usr/local/go/src/io/fs/glob.go:72:24&#xA;         580: 0x3e155 - io/fs.globWithLimit&#xA;                           at /usr/local/go/src/io/fs/glob.go:72:24&#xA;         581: 0x3e155 - io/fs.globWithLimit&#xA;                           at /usr/local/go/src/io/fs/glob.go:72:24&#xA;         582: 0x3e155 - io/fs.globWithLimit&#xA;                           at /usr/local/go/src/io/fs/glob.go:72:24&#xA;         583: 0x3e155 - io/fs.globWithLimit&#xA;                           at /usr/local/go/src/io/fs/glob.go:72:24&#xA;         584: 0x3e155 - io/fs.globWithLimit&#xA;                           at /usr/local/go/src/io/fs/glob.go:72:24&#xA;         585: 0x3e155 - io/fs.globWithLimit&#xA;                           at /usr/local/go/src/io/fs/glob.go:72:24&#xA;         586: 0x3e155 - io/fs.globWithLimit&#xA;                           at /usr/local/go/src/io/fs/glob.go:72:24&#xA;         587: 0x3e155 - io/fs.globWithLimit&#xA;                           at /usr/local/go/src/io/fs/glob.go:72:24&#xA;         588: 0x3e155 - io/fs.globWithLimit&#xA;                           at /usr/local/go/src/io/fs/glob.go:72:24&#xA;         589: 0x3e155 - io/fs.globWithLimit&#xA;                           at /usr/local/go/src/io/fs/glob.go:72:24&#xA;         590: 0x3e155 - io/fs.globWithLimit&#xA;                           at /usr/local/go/src/io/fs/glob.go:72:24&#xA;         591: 0x3e155 - io/fs.globWithLimit&#xA;                           at /usr/local/go/src/io/fs/glob.go:72:24&#xA;         592: 0x3e155 - io/fs.globWithLimit&#xA;                           at /usr/local/go/src/io/fs/glob.go:72:24&#xA;         593: 0x3e155 - io/fs.globWithLimit&#xA;                           at /usr/local/go/src/io/fs/glob.go:72:24&#xA;         594: 0x3e155 - io/fs.globWithLimit&#xA;                           at /usr/local/go/src/io/fs/glob.go:72:24&#xA;         595: 0x3e155 - io/fs.globWithLimit&#xA;                           at /usr/local/go/src/io/fs/glob.go:72:24&#xA;         596: 0x3e155 - io/fs.globWithLimit&#xA;                           at /usr/local/go/src/io/fs/glob.go:72:24&#xA;         597: 0x3e155 - io/fs.globWithLimit&#xA;                           at /usr/local/go/src/io/fs/glob.go:72:24&#xA;         598: 0x3e155 - io/fs.globWithLimit&#xA;                           at /usr/local/go/src/io/fs/glob.go:72:24&#xA;         599: 0x3e155 - io/fs.globWithLimit&#xA;                           at /usr/local/go/src/io/fs/glob.go:72:24&#xA;         600: 0x3e155 - io/fs.globWithLimit&#xA;                           at /usr/local/go/src/io/fs/glob.go:72:24&#xA;         601: 0x3e155 - io/fs.globWithLimit&#xA;                           at /usr/local/go/src/io/fs/glob.go:72:24&#xA;         602: 0x3e155 - io/fs.globWithLimit&#xA;                           at /usr/local/go/src/io/fs/glob.go:72:24&#xA;         603: 0x3e155 - io/fs.globWithLimit&#xA;                           at /usr/local/go/src/io/fs/glob.go:72:24&#xA;         604: 0x3e155 - io/fs.globWithLimit&#xA;                           at /usr/local/go/src/io/fs/glob.go:72:24&#xA;         605: 0x3e155 - io/fs.globWithLimit&#xA;                           at /usr/local/go/src/io/fs/glob.go:72:24&#xA;         606: 0x3e155 - io/fs.globWithLimit&#xA;                           at /usr/local/go/src/io/fs/glob.go:72:24&#xA;         607: 0x3e155 - io/fs.globWithLimit&#xA;                           at /usr/local/go/src/io/fs/glob.go:72:24&#xA;         608: 0x3e155 - io/fs.globWithLimit&#xA;                           at /usr/local/go/src/io/fs/glob.go:72:24&#xA;         609: 0x3e155 - io/fs.globWithLimit&#xA;                           at /usr/local/go/src/io/fs/glob.go:72:24&#xA;         610: 0x3e155 - io/fs.globWithLimit&#xA;                           at /usr/local/go/src/io/fs/glob.go:72:24&#xA;         611: 0x3e155 - io/fs.globWithLimit&#xA;                           at /usr/local/go/src/io/fs/glob.go:72:24&#xA;         612: 0x3e155 - io/fs.globWithLimit&#xA;                           at /usr/local/go/src/io/fs/glob.go:72:24&#xA;         613: 0x3e155 - io/fs.globWithLimit&#xA;                           at /usr/local/go/src/io/fs/glob.go:72:24&#xA;         614: 0x3e155 - io/fs.globWithLimit&#xA;                           at /usr/local/go/src/io/fs/glob.go:72:24&#xA;         615: 0x3e155 - io/fs.globWithLimit&#xA;                           at /usr/local/go/src/io/fs/glob.go:72:24&#xA;         616: 0x3e155 - io/fs.globWithLimit&#xA;                           at /usr/local/go/src/io/fs/glob.go:72:24&#xA;         617: 0x3e155 - io/fs.globWithLimit&#xA;                           at /usr/local/go/src/io/fs/glob.go:72:24&#xA;         618: 0x3e155 - io/fs.globWithLimit&#xA;                           at /usr/local/go/src/io/fs/glob.go:72:24&#xA;         619: 0x3e155 - io/fs.globWithLimit&#xA;                           at /usr/local/go/src/io/fs/glob.go:72:24&#xA;         620: 0x3e155 - io/fs.globWithLimit&#xA;                           at /usr/local/go/src/io/fs/glob.go:72:24&#xA;         621: 0x3e155 - io/fs.globWithLimit&#xA;                           at /usr/local/go/src/io/fs/glob.go:72:24&#xA;         622: 0x3e155 - io/fs.globWithLimit&#xA;                           at /usr/local/go/src/io/fs/glob.go:72:24&#xA;         623: 0x3e155 - io/fs.globWithLimit&#xA;                           at /usr/local/go/src/io/fs/glob.go:72:24&#xA;         624: 0x3e155 - io/fs.globWithLimit&#xA;                           at /usr/local/go/src/io/fs/glob.go:72:24&#xA;         625: 0x3e155 - io/fs.globWithLimit&#xA;                           at /usr/local/go/src/io/fs/glob.go:72:24&#xA;         626: 0x3e155 - io/fs.globWithLimit&#xA;                           at /usr/local/go/src/io/fs/glob.go:72:24&#xA;         627: 0x3e155 - io/fs.globWithLimit&#xA;                           at /usr/local/go/src/io/fs/glob.go:72:24&#xA;         628: 0x3e155 - io/fs.globWithLimit&#xA;                           at /usr/local/go/src/io/fs/glob.go:72:24&#xA;         629: 0x3e155 - io/fs.globWithLimit&#xA;                           at /usr/local/go/src/io/fs/glob.go:72:24&#xA;         630: 0x3e155 - io/fs.globWithLimit&#xA;                           at /usr/local/go/src/io/fs/glob.go:72:24&#xA;         631: 0x3e155 - io/fs.globWithLimit&#xA;                           at /usr/local/go/src/io/fs/glob.go:72:24&#xA;         632: 0x3e155 - io/fs.globWithLimit&#xA;                           at /usr/local/go/src/io/fs/glob.go:72:24&#xA;         633: 0x3e155 - io/fs.globWithLimit&#xA;                           at /usr/local/go/src/io/fs/glob.go:72:24&#xA;         634: 0x3e155 - io/fs.globWithLimit&#xA;                           at /usr/local/go/src/io/fs/glob.go:72:24&#xA;         635: 0x3e155 - io/fs.globWithLimit&#xA;                           at /usr/local/go/src/io/fs/glob.go:72:24&#xA;         636: 0x3e155 - io/fs.globWithLimit&#xA;                           at /usr/local/go/src/io/fs/glob.go:72:24&#xA;         637: 0x3e155 - io/fs.globWithLimit&#xA;                           at /usr/local/go/src/io/fs/glob.go:72:24&#xA;         638: 0x3e155 - io/fs.globWithLimit&#xA;                           at /usr/local/go/src/io/fs/glob.go:72:24&#xA;         639: 0x3e155 - io/fs.globWithLimit&#xA;                           at /usr/local/go/src/io/fs/glob.go:72:24&#xA;         640: 0x3e155 - io/fs.globWithLimit&#xA;                           at /usr/local/go/src/io/fs/glob.go:72:24&#xA;         641: 0x3e155 - io/fs.globWithLimit&#xA;                           at /usr/local/go/src/io/fs/glob.go:72:24&#xA;         642: 0x3e155 - io/fs.globWithLimit&#xA;                           at /usr/local/go/src/io/fs/glob.go:72:24&#xA;         643: 0x3e155 - io/fs.globWithLimit&#xA;                           at /usr/local/go/src/io/fs/glob.go:72:24&#xA;         644: 0x3e155 - io/fs.globWithLimit&#xA;                           at /usr/local/go/src/io/fs/glob.go:72:24&#xA;         645: 0x3e155 - io/fs.globWithLimit&#xA;                           at /usr/local/go/src/io/fs/glob.go:72:24&#xA;         646: 0x3e155 - io/fs.globWithLimit&#xA;                           at /usr/local/go/src/io/fs/glob.go:72:24&#xA;         647: 0x3e155 - io/fs.globWithLimit&#xA;                           at /usr/local/go/src/io/fs/glob.go:72:24&#xA;         648: 0x3e155 - io/fs.globWithLimit&#xA;                           at /usr/local/go/src/io/fs/glob.go:72:24&#xA;         649: 0x3e155 - io/fs.globWithLimit&#xA;                           at /usr/local/go/src/io/fs/glob.go:72:24&#xA;         650: 0x3e155 - io/fs.globWithLimit&#xA;                           at /usr/local/go/src/io/fs/glob.go:72:24&#xA;         651: 0x3e155 - io/fs.globWithLimit&#xA;                           at /usr/local/go/src/io/fs/glob.go:72:24&#xA;         652: 0x3e155 - io/fs.globWithLimit&#xA;                           at /usr/local/go/src/io/fs/glob.go:72:24&#xA;         653: 0x3e155 - io/fs.globWithLimit&#xA;                           at /usr/local/go/src/io/fs/glob.go:72:24&#xA;         654: 0x3e155 - io/fs.globWithLimit&#xA;                           at /usr/local/go/src/io/fs/glob.go:72:24&#xA;         655: 0x3e155 - io/fs.globWithLimit&#xA;                           at /usr/local/go/src/io/fs/glob.go:72:24&#xA;         656: 0x3e155 - io/fs.globWithLimit&#xA;                           at /usr/local/go/src/io/fs/glob.go:72:24&#xA;         657: 0x3e155 - io/fs.globWithLimit&#xA;                           at /usr/local/go/src/io/fs/glob.go:72:24&#xA;         658: 0x3e155 - io/fs.globWithLimit&#xA;                           at /usr/local/go/src/io/fs/glob.go:72:24&#xA;         659: 0x3e155 - io/fs.globWithLimit&#xA;                           at /usr/local/go/src/io/fs/glob.go:72:24&#xA;         660: 0x3e155 - io/fs.globWithLimit&#xA;                           at /usr/local/go/src/io/fs/glob.go:72:24&#xA;         661: 0x3e155 - io/fs.globWithLimit&#xA;        
[...]
s.globWithLimit&#xA;                           at /usr/local/go/src/io/fs/glob.go:72:24&#xA;         840: 0x3e155 - io/fs.globWithLimit&#xA;                           at /usr/local/go/src/io/fs/glob.go:72:24&#xA;         841: 0x3e155 - io/fs.globWithLimit&#xA;                           at /usr/local/go/src/io/fs/glob.go:72:24&#xA;         842: 0x3e155 - io/fs.globWithLimit&#xA;                           at /usr/local/go/src/io/fs/glob.go:72:24&#xA;         843: 0x3e155 - io/fs.globWithLimit&#xA;                           at /usr/local/go/src/io/fs/glob.go:72:24&#xA;         844: 0x3e155 - io/fs.globWithLimit&#xA;                           at /usr/local/go/src/io/fs/glob.go:72:24&#xA;         845: 0x3e155 - io/fs.globWithLimit&#xA;                           at /usr/local/go/src/io/fs/glob.go:72:24&#xA;         846: 0x3e155 - io/fs.globWithLimit&#xA;                           at /usr/local/go/src/io/fs/glob.go:72:24&#xA;         847: 0x3e155 - io/fs.globWithLimit&#xA;                           at /usr/local/go/src/io/fs/glob.go:72:24&#xA;         848: 0x3e155 - io/fs.globWithLimit&#xA;                           at /usr/local/go/src/io/fs/glob.go:72:24&#xA;         849: 0x3e155 - io/fs.globWithLimit&#xA;                           at /usr/local/go/src/io/fs/glob.go:72:24&#xA;         850: 0x3e155 - io/fs.globWithLimit&#xA;                           at /usr/local/go/src/io/fs/glob.go:72:24&#xA;         851: 0x3e155 - io/fs.globWithLimit&#xA;                           at /usr/local/go/src/io/fs/glob.go:72:24&#xA;         852: 0x3e155 - io/fs.globWithLimit&#xA;                           at /usr/local/go/src/io/fs/glob.go:72:24&#xA;         853: 0x3e155 - io/fs.globWithLimit&#xA;                           at /usr/local/go/src/io/fs/glob.go:72:24&#xA;         854: 0x3e155 - io/fs.globWithLimit&#xA;                           at /usr/local/go/src/io/fs/glob.go:72:24&#xA;         855: 0x3e155 - io/fs.globWithLimit&#xA;                           at /usr/local/go/src/io/fs/glob.go:72:24&#xA;         856: 0x3e155 - io/fs.globWithLimit&#xA;                           at /usr/local/go/src/io/fs/glob.go:72:24&#xA;         857: 0x3e155 - io/fs.globWithLimit&#xA;                           at /usr/local/go/src/io/fs/glob.go:72:24&#xA;         858: 0x3e155 - io/fs.globWithLimit&#xA;                           at /usr/local/go/src/io/fs/glob.go:72:24&#xA;         859: 0x3e155 - io/fs.globWithLimit&#xA;                           at /usr/local/go/src/io/fs/glob.go:72:24&#xA;         860: 0x3e155 - io/fs.globWithLimit&#xA;                           at /usr/local/go/src/io/fs/glob.go:72:24&#xA;         861: 0x3e155 - io/fs.globWithLimit&#xA;                           at /usr/local/go/src/io/fs/glob.go:72:24&#xA;         862: 0x3e155 - io/fs.globWithLimit&#xA;                           at /usr/local/go/src/io/fs/glob.go:72:24&#xA;         863: 0x3e155 - io/fs.globWithLimit&#xA;                           at /usr/local/go/src/io/fs/glob.go:72:24&#xA;         864: 0x3e155 - io/fs.globWithLimit&#xA;                           at /usr/local/go/src/io/fs/glob.go:72:24&#xA;         865: 0x3e155 - io/fs.globWithLimit&#xA;                           at /usr/local/go/src/io/fs/glob.go:72:24&#xA;         866: 0x3e155 - io/fs.globWithLimit&#xA;                           at /usr/local/go/src/io/fs/glob.go:72:24&#xA;         867: 0x3e155 - io/fs.globWithLimit&#xA;                           at /usr/local/go/src/io/fs/glob.go:72:24&#xA;         868: 0x3e155 - io/fs.globWithLimit&#xA;                           at /usr/local/go/src/io/fs/glob.go:72:24&#xA;         869: 0x3e155 - io/fs.globWithLimit&#xA;                           at /usr/local/go/src/io/fs/glob.go:72:24&#xA;         870: 0x3e155 - io/fs.globWithLimit&#xA;                           at /usr/local/go/src/io/fs/glob.go:72:24&#xA;         871: 0x3e155 - io/fs.globWithLimit&#xA;                           at /usr/local/go/src/io/fs/glob.go:72:24&#xA;         872: 0x3e155 - io/fs.globWithLimit&#xA;                           at /usr/local/go/src/io/fs/glob.go:72:24&#xA;         873: 0x3e155 - io/fs.globWithLimit&#xA;                           at /usr/local/go/src/io/fs/glob.go:72:24&#xA;         874: 0x3e155 - io/fs.globWithLimit&#xA;                           at /usr/local/go/src/io/fs/glob.go:72:24&#xA;         875: 0x3e155 - io/fs.globWithLimit&#xA;                           at /usr/local/go/src/io/fs/glob.go:72:24&#xA;         876: 0x3e155 - io/fs.globWithLimit&#xA;                           at /usr/local/go/src/io/fs/glob.go:72:24&#xA;         877: 0x3e155 - io/fs.globWithLimit&#xA;                           at /usr/local/go/src/io/fs/glob.go:72:24&#xA;         878: 0x3e155 - io/fs.globWithLimit&#xA;                           at /usr/local/go/src/io/fs/glob.go:72:24&#xA;         879: 0x3e155 - io/fs.globWithLimit&#xA;                           at /usr/local/go/src/io/fs/glob.go:72:24&#xA;         880: 0x3e155 - io/fs.globWithLimit&#xA;                           at /usr/local/go/src/io/fs/glob.go:72:24&#xA;         881: 0x3e155 - io/fs.globWithLimit&#xA;                           at /usr/local/go/src/io/fs/glob.go:72:24&#xA;         882: 0x3e155 - io/fs.globWithLimit&#xA;                           at /usr/local/go/src/io/fs/glob.go:72:24&#xA;         883: 0x3e155 - io/fs.globWithLimit&#xA;                           at /usr/local/go/src/io/fs/glob.go:72:24&#xA;         884: 0x3e155 - io/fs.globWithLimit&#xA;                           at /usr/local/go/src/io/fs/glob.go:72:24&#xA;         885: 0x3e155 - io/fs.globWithLimit&#xA;                           at /usr/local/go/src/io/fs/glob.go:72:24&#xA;         886: 0x3e155 - io/fs.globWithLimit&#xA;                           at /usr/local/go/src/io/fs/glob.go:72:24&#xA;         887: 0x3e155 - io/fs.globWithLimit&#xA;                           at /usr/local/go/src/io/fs/glob.go:72:24&#xA;         888: 0x3e155 - io/fs.globWithLimit&#xA;                           at /usr/local/go/src/io/fs/glob.go:72:24&#xA;         889: 0x3e155 - io/fs.globWithLimit&#xA;                           at /usr/local/go/src/io/fs/glob.go:72:24&#xA;         890: 0x3e155 - io/fs.globWithLimit&#xA;                           at /usr/local/go/src/io/fs/glob.go:72:24&#xA;         891: 0x3e155 - io/fs.globWithLimit&#xA;                           at /usr/local/go/src/io/fs/glob.go:72:24&#xA;         892: 0x3e155 - io/fs.globWithLimit&#xA;                           at /usr/local/go/src/io/fs/glob.go:72:24&#xA;         893: 0x3e155 - io/fs.globWithLimit&#xA;                           at /usr/local/go/src/io/fs/glob.go:72:24&#xA;         894: 0x3e155 - io/fs.globWithLimit&#xA;                           at /usr/local/go/src/io/fs/glob.go:72:24&#xA;         895: 0x3e155 - io/fs.globWithLimit&#xA;                           at /usr/local/go/src/io/fs/glob.go:72:24&#xA;         896: 0x3e155 - io/fs.globWithLimit&#xA;                           at /usr/local/go/src/io/fs/glob.go:72:24&#xA;         897: 0x3e155 - io/fs.globWithLimit&#xA;                           at /usr/local/go/src/io/fs/glob.go:72:24&#xA;         898: 0x3e155 - io/fs.globWithLimit&#xA;                           at /usr/local/go/src/io/fs/glob.go:72:24&#xA;         899: 0x3e155 - io/fs.globWithLimit&#xA;                           at /usr/local/go/src/io/fs/glob.go:72:24&#xA;         900: 0x3e155 - io/fs.globWithLimit&#xA;                           at /usr/local/go/src/io/fs/glob.go:72:24&#xA;         901: 0x3e155 - io/fs.globWithLimit&#xA;                           at /usr/local/go/src/io/fs/glob.go:72:24&#xA;         902: 0x3e155 - io/fs.globWithLimit&#xA;                           at /usr/local/go/src/io/fs/glob.go:72:24&#xA;         903: 0x3e155 - io/fs.globWithLimit&#xA;                           at /usr/local/go/src/io/fs/glob.go:72:24&#xA;         904: 0x3e155 - io/fs.globWithLimit&#xA;                           at /usr/local/go/src/io/fs/glob.go:72:24&#xA;         905: 0x3e155 - io/fs.globWithLimit&#xA;                           at /usr/local/go/src/io/fs/glob.go:72:24&#xA;         906: 0x3e155 - io/fs.globWithLimit&#xA;                           at /usr/local/go/src/io/fs/glob.go:72:24&#xA;         907: 0x3e155 - io/fs.globWithLimit&#xA;                           at /usr/local/go/src/io/fs/glob.go:72:24&#xA;         908: 0x3e155 - io/fs.globWithLimit&#xA;                           at /usr/local/go/src/io/fs/glob.go:72:24&#xA;         909: 0x3e155 - io/fs.globWithLimit&#xA;                           at /usr/local/go/src/io/fs/glob.go:72:24&#xA;         910: 0x3e155 - io/fs.globWithLimit&#xA;                           at /usr/local/go/src/io/fs/glob.go:72:24&#xA;         911: 0x3e155 - io/fs.globWithLimit&#xA;                           at /usr/local/go/src/io/fs/glob.go:72:24&#xA;         912: 0x3e155 - io/fs.globWithLimit&#xA;                           at /usr/local/go/src/io/fs/glob.go:72:24&#xA;         913: 0x3e155 - io/fs.globWithLimit&#xA;                           at /usr/local/go/src/io/fs/glob.go:72:24&#xA;         914: 0x3e155 - io/fs.globWithLimit&#xA;                           at /usr/local/go/src/io/fs/glob.go:72:24&#xA;         915: 0x3e155 - io/fs.globWithLimit&#xA;                           at /usr/local/go/src/io/fs/glob.go:72:24&#xA;         916: 0x3e155 - io/fs.globWithLimit&#xA;                           at /usr/local/go/src/io/fs/glob.go:72:24&#xA;         917: 0x3e155 - io/fs.globWithLimit&#xA;                           at /usr/local/go/src/io/fs/glob.go:72:24&#xA;         918: 0x3e155 - io/fs.globWithLimit&#xA;                           at /usr/local/go/src/io/fs/glob.go:72:24&#xA;         919: 0x3e155 - io/fs.globWithLimit&#xA;                           at /usr/local/go/src/io/fs/glob.go:72:24&#xA;         920: 0x3e155 - io/fs.globWithLimit&#xA;                           at /usr/local/go/src/io/fs/glob.go:72:24&#xA;         921: 0x3e155 - io/fs.globWithLimit&#xA;                           at /usr/local/go/src/io/fs/glob.go:72:24&#xA;         922: 0x3e155 - io/fs.globWithLimit&#xA;                           at /usr/local/go/src/io/fs/glob.go:72:24&#xA;         923: 0x3e155 - io/fs.globWithLimit&#xA;                           at /usr/local/go/src/io/fs/glob.go:72:24&#xA;         924: 0x3e155 - io/fs.globWithLimit&#xA;                           at /usr/local/go/src/io/fs/glob.go:72:24&#xA;         925: 0x3e155 - io/fs.globWithLimit&#xA;                           at /usr/local/go/src/io/fs/glob.go:72:24&#xA;         926: 0x3e155 - io/fs.globWithLimit&#xA;                           at /usr/local/go/src/io/fs/glob.go:72:24&#xA;         927: 0x3e155 - io/fs.globWithLimit&#xA;                           at /usr/local/go/src/io/fs/glob.go:72:24&#xA;         928: 0x3e155 - io/fs.globWithLimit&#xA;                           at /usr/local/go/src/io/fs/glob.go:72:24&#xA;         929: 0x3e155 - io/fs.globWithLimit&#xA;                           at /usr/local/go/src/io/fs/glob.go:72:24&#xA;         930: 0x3e155 - io/fs.globWithLimit&#xA;                           at /usr/local/go/src/io/fs/glob.go:72:24&#xA;         931: 0x3e155 - io/fs.globWithLimit&#xA;                           at /usr/local/go/src/io/fs/glob.go:72:24&#xA;         932: 0x3e155 - io/fs.globWithLimit&#xA;                           at /usr/local/go/src/io/fs/glob.go:72:24&#xA;         933: 0x3e155 - io/fs.globWithLimit&#xA;                           at /usr/local/go/src/io/fs/glob.go:72:24&#xA;         934: 0x3e155 - io/fs.globWithLimit&#xA;                           at /usr/local/go/src/io/fs/glob.go:72:24&#xA;         935: 0x3e155 - io/fs.globWithLimit&#xA;                           at /usr/local/go/src/io/fs/glob.go:72:24&#xA;         936: 0x3e155 - io/fs.globWithLimit&#xA;                           at /usr/local/go/src/io/fs/glob.go:72:24&#xA;         937: 0x3e155 - io/fs.globWithLimit&#xA;                           at /usr/local/go/src/io/fs/glob.go:72:24&#xA;         938: 0x3e155 - io/fs.globWithLimit&#xA;                           at /usr/local/go/src/io/fs/glob.go:72:24&#xA;         939: 0x3e155 - io/fs.globWithLimit&#xA;                           at /usr/local/go/src/io/fs/glob.go:72:24&#xA;         940: 0x3e155 - io/fs.globWithLimit&#xA;                           at /usr/local/go/src/io/fs/glob.go:72:24&#xA;         941: 0x3e155 - io/fs.globWithLimit&#xA;                           at /usr/local/go/src/io/fs/glob.go:72:24&#xA;         942: 0x3e155 - io/fs.globWithLimit&#xA;                           at /usr/local/go/src/io/fs/glob.go:72:24&#xA;         943: 0x3e155 - io/fs.globWithLimit&#xA;                           at /usr/local/go/src/io/fs/glob.go:72:24&#xA;         944: 0x3e155 - io/fs.globWithLimit&#xA;                           at /usr/local/go/src/io/fs/glob.go:72:24&#xA;         945: 0x3e155 - io/fs.globWithLimit&#xA;                           at /usr/local/go/src/io/fs/glob.go:72:24&#xA;         946: 0x3e155 - io/fs.globWithLimit&#xA;                           at /usr/local/go/src/io/fs/glob.go:72:24&#xA;         947: 0x3e155 - io/fs.globWithLimit&#xA;                           at /usr/local/go/src/io/fs/glob.go:72:24&#xA;         948: 0x3e155 - io/fs.globWithLimit&#xA;                           at /usr/local/go/src/io/fs/glob.go:72:24&#xA;         949: 0x3e155 - io/fs.globWithLimit&#xA;                           at /usr/local/go/src/io/fs/glob.go:72:24&#xA;         950: 0x3e155 - io/fs.globWithLimit&#xA;                           at /usr/local/go/src/io/fs/glob.go:72:24&#xA;         951: 0x3e155 - io/fs.globWithLimit&#xA;                           at /usr/local/go/src/io/fs/glob.go:72:24&#xA;         952: 0x3e155 - io/fs.globWithLimit&#xA;                           at /usr/local/go/src/io/fs/glob.go:72:24&#xA;         953: 0x3e155 - io/fs.globWithLimit&#xA;                           at /usr/local/go/src/io/fs/glob.go:72:24&#xA;         954: 0x3e155 - io/fs.globWithLimit&#xA;                           at /usr/local/go/src/io/fs/glob.go:72:24&#xA;         955: 0x3e155 - io/fs.globWithLimit&#xA;                           at /usr/local/go/src/io/fs/glob.go:72:24&#xA;         956: 0x3e155 - io/fs.globWithLimit&#xA;                           at /usr/local/go/src/io/fs/glob.go:72:24&#xA;         957: 0x3e155 - io/fs.globWithLimit&#xA;                           at /usr/local/go/src/io/fs/glob.go:72:24&#xA;         958: 0x3e155 - io/fs.globWithLimit&#xA;                           at /usr/local/go/src/io/fs/glob.go:72:24&#xA;         959: 0x3e155 - io/fs.globWithLimit&#xA;                           at /usr/local/go/src/io/fs/glob.go:72:24&#xA;         960: 0x3e155 - io/fs.globWithLimit&#xA;                           at /usr/local/go/src/io/fs/glob.go:72:24&#xA;         961: 0x3e155 - io/fs.globWithLimit&#xA;                           at /usr/local/go/src/io/fs/glob.go:72:24&#xA;         962: 0x3e155 - io/fs.globWithLimit&#xA;                           at /usr/local/go/src/io/fs/glob.go:72:24&#xA;         963: 0x3e155 - io/fs.globWithLimit&#xA;                           at /usr/local/go/src/io/fs/glob.go:72:24&#xA;         964: 0x3e155 - io/fs.globWithLimit&#xA;                           at /usr/local/go/src/io/fs/glob.go:72:24&#xA;         965: 0x3e155 - io/fs.globWithLimit&#xA;                           at /usr/local/go/src/io/fs/glob.go:72:24&#xA;         966: 0x3e155 - io/fs.globWithLimit&#xA;                           at /usr/local/go/src/io/fs/glob.go:72:24&#xA;         967: 0x3e155 - io/fs.globWithLimit&#xA;                           at /usr/local/go/src/io/fs/glob.go:72:24&#xA;         968: 0x3e155 - io/fs.globWithLimit&#xA;                           at /usr/local/go/src/io/fs/glob.go:72:24&#xA;         969: 0x3e155 - io/fs.globWithLimit&#xA;                           at /usr/local/go/src/io/fs/glob.go:72:24&#xA;         970: 0x3e155 - io/fs.globWithLimit&#xA;                           at /usr/local/go/src/io/fs/glob.go:72:24&#xA;         971: 0x3e155 - io/fs.globWithLimit&#xA;                           at /usr/local/go/src/io/fs/glob.go:72:24&#xA;         972: 0x3e155 - io/fs.globWithLimit&#xA;                           at /usr/local/go/src/io/fs/glob.go:72:24&#xA;         973: 0x3e155 - io/fs.globWithLimit&#xA;                           at /usr/local/go/src/io/fs/glob.go:72:24&#xA;         974: 0x3e155 - io/fs.globWithLimit&#xA;                           at /usr/local/go/src/io/fs/glob.go:72:24&#xA;         975: 0x3e155 - io/fs.globWithLimit&#xA;                           at /usr/local/go/src/io/fs/glob.go:72:24&#xA;         976: 0x3e155 - io/fs.globWithLimit&#xA;                           at /usr/local/go/src/io/fs/glob.go:72:24&#xA;         977: 0x3e155 - io/fs.globWithLimit&#xA;                           at /usr/local/go/src/io/fs/glob.go:72:24&#xA;         978: 0x3e155 - io/fs.globWithLimit&#xA;                           at /usr/local/go/src/io/fs/glob.go:72:24&#xA;         979: 0x3e155 - io/fs.globWithLimit&#xA;                           at /usr/local/go/src/io/fs/glob.go:72:24&#xA;         980: 0x3e155 - io/fs.globWithLimit&#xA;                           at /usr/local/go/src/io/fs/glob.go:72:24&#xA;         981: 0x3e155 - io/fs.globWithLimit&#xA;                           at /usr/local/go/src/io/fs/glob.go:72:24&#xA;         982: 0x3e155 - io/fs.globWithLimit&#xA;                           at /usr/local/go/src/io/fs/glob.go:72:24&#xA;         983: 0x3e155 - io/fs.globWithLimit&#xA;                           at /usr/local/go/src/io/fs/glob.go:72:24&#xA;         984: 0x3dd09 - io/fs.Glob&#xA;                           at /usr/local/go/src/io/fs/glob.go:34:22&#xA;         985: 0x82620 - &lt;unknown&gt;!io/fs_test.TestCVE202230630&#xA;         986: 0x2683d - testing.tRunner&#xA;                           at /workspaces/dc-wasm-go/tinygo/src/testing/testing.go:427:4&#xA;         987: 0x67397 - (*testing.T).Run&#xA;         988: 0x26545 - testing.runTests$1&#xA;                           at /workspaces/dc-wasm-go/tinygo/src/testing/testing.go:561:10&#xA;         989: 0x2683d - testing.tRunner&#xA;                           at /workspaces/dc-wasm-go/tinygo/src/testing/testing.go:427:4&#xA;         990: 0x21acc - testing.runTests&#xA;                           at /workspaces/dc-wasm-go/tinygo/src/testing/testing.go:559:10              - (*testing.M).Run&#xA;                           at /workspaces/dc-wasm-go/tinygo/src/testing/testing.go:533:29              - main.main&#xA;                           at /home/vscode/.cache/go-build/71/7165db203a5b207e8aad64f4dbbe3d50948c42aa01ac732215ca4ffa57aeb2ab-d:79:15              - runtime.run$1&#xA;                           at /workspaces/dc-wasm-go/tinygo/src/runtime/scheduler_any.go:25:11&#xA;         991: 0x1d2d4 - &lt;goroutine wrapper&gt;&#xA;                           at /workspaces/dc-wasm-go/tinygo/src/runtime/scheduler_any.go:23:2&#xA;         992:  0x8ce - tinygo_launch&#xA;                           at /workspaces/dc-wasm-go/tinygo/src/internal/task/task_asyncify_wasm.S:59&#xA;         993: 0x1d1a9 - (*internal/task.Task).Resume&#xA;                           at /workspaces/dc-wasm-go/tinygo/src/internal/task/task_asyncify.go:109:17              - runtime.scheduler&#xA;                           at /workspaces/dc-wasm-go/tinygo/src/runtime/scheduler.go:236:11              - runtime.run&#xA;                           at /workspaces/dc-wasm-go/tinygo/src/runtime/scheduler_any.go:28:11              - _start&#xA;                           at /workspaces/dc-wasm-go/tinygo/src/runtime/runtime_wasm_wasi.go:21:5&#xA;    2: memory fault at wasm address 0x10000005c in linear memory of size 0x60000&#xA;    3: wasm trap: out of bounds memory access&#xA;</failure>
		</testcase>
		<testcase classname="io/fs" name="TestFormatFileInfo" time="0.000000"></testcase>
		<testcase classname="io/fs" name="TestFormatDirEntry" time="0.000000"></testcase>
		<testcase classname="io/fs" name="TestValidPath" time="0.000000"></testcase>
		<testcase classname="io/fs" name="TestGlob" time="0.000000"></testcase>
		<testcase classname="io/fs" name="TestGlobError" time="0.000000"></testcase>
	</testsuite>
</testsuites>