<?xml version="1.0" encoding="UTF-8"?>
<testsuites tests="2" failures="1" errors="0" time="47.275509">
	<testsuite tests="2" failures="1" time="0.000000" name="regexp" timestamp="2024-03-14T16:37:16Z">
		<properties>
			<property name="go.version" value="go1.22.0 linux/arm64"></property>
		</properties>
		<testcase classname="regexp" name="TestBadCompile" time="-0.000000">
			<failure message="Failed" type="">=== RUN   TestBadCompile&#xA;panic: expression too large&#xA;Error: failed to run main module `/tmp/tinygo2518508193/main`&#xA;&#xA;Caused by:&#xA;    0: failed to invoke command default&#xA;    1: error while executing at wasm backtrace:&#xA;           0: 0x5e72 - runtime.abort&#xA;                           at /workspaces/dc-wasm-go/tinygo/src/runtime/runtime_tinygowasm.go:70:6              - runtime._panic&#xA;                           at /workspaces/dc-wasm-go/tinygo/src/runtime/panic.go:52:7&#xA;           1: 0x2ca05 - (*regexp/syntax.parser).checkLimits&#xA;                           at /usr/local/go/src/regexp/syntax/parse.go:163:8&#xA;           2: 0x2c22d - (*regexp/syntax.parser).push&#xA;           3: 0x35b23 - regexp/syntax.parse&#xA;                           at /usr/local/go/src/regexp/syntax/parse.go:1063:9              - regexp/syntax.Parse&#xA;                           at /usr/local/go/src/regexp/syntax/parse.go:889:14&#xA;           4: 0x43582 - regexp.compile&#xA;                           at /usr/local/go/src/regexp/regexp.go:172:25&#xA;           5: 0x7aafa - regexp.Compile&#xA;                           at /usr/local/go/src/regexp/regexp.go:135:16&#xA;           6: 0x81477 - regexp.compileTest&#xA;                           at /usr/local/go/src/regexp/all_test.go:56:20&#xA;           7: 0x81c63 - regexp.TestBadCompile&#xA;                           at /usr/local/go/src/regexp/all_test.go:76:14&#xA;           8: 0x47133 - testing.tRunner&#xA;                           at /workspaces/dc-wasm-go/tinygo/src/testing/testing.go:427:4&#xA;           9: 0x6cdce - (*testing.T).Run&#xA;          10: 0x46e3b - testing.runTests$1&#xA;                           at /workspaces/dc-wasm-go/tinygo/src/testing/testing.go:561:10&#xA;          11: 0x47133 - testing.tRunner&#xA;                           at /workspaces/dc-wasm-go/tinygo/src/testing/testing.go:427:4&#xA;          12: 0x4245d - testing.runTests&#xA;                           at /workspaces/dc-wasm-go/tinygo/src/testing/testing.go:559:10              - (*testing.M).Run&#xA;                           at /workspaces/dc-wasm-go/tinygo/src/testing/testing.go:533:29              - main.main&#xA;                           at /home/vscode/.cache/go-build/af/af4559cfe4edf69b71dc29ce1a2355bc32cd22553b56a2f648bb367548ede916-d:251:15              - runtime.run$1&#xA;                           at /workspaces/dc-wasm-go/tinygo/src/runtime/scheduler_any.go:25:11&#xA;          13: 0x3d2bc - &lt;goroutine wrapper&gt;&#xA;                           at /workspaces/dc-wasm-go/tinygo/src/runtime/scheduler_any.go:23:2&#xA;          14:  0x95a - tinygo_launch&#xA;                           at /workspaces/dc-wasm-go/tinygo/src/internal/task/task_asyncify_wasm.S:59&#xA;          15: 0x3d191 - (*internal/task.Task).Resume&#xA;                           at /workspaces/dc-wasm-go/tinygo/src/internal/task/task_asyncify.go:109:17              - runtime.scheduler&#xA;                           at /workspaces/dc-wasm-go/tinygo/src/runtime/scheduler.go:236:11              - runtime.run&#xA;                           at /workspaces/dc-wasm-go/tinygo/src/runtime/scheduler_any.go:28:11              - _start&#xA;                           at /workspaces/dc-wasm-go/tinygo/src/runtime/runtime_wasm_wasi.go:21:5&#xA;    2: wasm trap: wasm `unreachable` instruction executed&#xA;</failure>
		</testcase>
		<testcase classname="regexp" name="TestGoodCompile" time="0.000000"></testcase>
	</testsuite>
</testsuites>