<?xml version="1.0" encoding="UTF-8"?>
<testsuites tests="6" failures="1" errors="0" time="25.216020">
	<testsuite tests="6" failures="1" time="0.000000" name="text/template/parse" timestamp="2024-03-14T17:18:27Z">
		<properties>
			<property name="go.version" value="go1.22.0 linux/arm64"></property>
		</properties>
		<testcase classname="text/template/parse" name="TestNumberParse" time="-0.000000">
			<failure message="Failed" type="">=== RUN   TestNumberParse&#xA;panic: (97380:0x00048c00)&#xA;Error: failed to run main module `/tmp/tinygo2190611618/main`&#xA;&#xA;Caused by:&#xA;    0: failed to invoke command default&#xA;    1: error while executing at wasm backtrace:&#xA;           0: 0x4ad1 - runtime.abort&#xA;                           at /workspaces/dc-wasm-go/tinygo/src/runtime/runtime_tinygowasm.go:70:6              - runtime._panic&#xA;                           at /workspaces/dc-wasm-go/tinygo/src/runtime/panic.go:52:7&#xA;           1: 0x4f030 - (*fmt.ss).error&#xA;                           at /usr/local/go/src/fmt/scan.go:240:7&#xA;           2: 0x50649 - (*fmt.ss).accept&#xA;                           at /usr/local/go/src/fmt/scan.go:750:10              - (*fmt.ss).complexTokens&#xA;                           at /usr/local/go/src/fmt/scan.go:755:14              - (*fmt.ss).scanComplex&#xA;                           at /usr/local/go/src/fmt/scan.go:816:33&#xA;           3: 0x524ef - &lt;unknown&gt;!fmt.Sscan&#xA;           4: 0x87b61 - text/template/parse.TestNumberParse&#xA;                           at /usr/local/go/src/text/template/parse/parse_test.go:99:23&#xA;           5: 0x219f1 - testing.tRunner&#xA;                           at /workspaces/dc-wasm-go/tinygo/src/testing/testing.go:427:4&#xA;           6: 0x5a043 - (*testing.T).Run&#xA;           7: 0x216f9 - testing.runTests$1&#xA;                           at /workspaces/dc-wasm-go/tinygo/src/testing/testing.go:561:10&#xA;           8: 0x219f1 - testing.tRunner&#xA;                           at /workspaces/dc-wasm-go/tinygo/src/testing/testing.go:427:4&#xA;           9: 0x1c374 - testing.runTests&#xA;                           at /workspaces/dc-wasm-go/tinygo/src/testing/testing.go:559:10              - (*testing.M).Run&#xA;                           at /workspaces/dc-wasm-go/tinygo/src/testing/testing.go:533:29              - main.main&#xA;                           at /home/vscode/.cache/go-build/97/97aff8905c92f3c2c83a3d8f59473c1d67c5a331a12ffae42fb9894564f7a41a-d:83:15              - runtime.run$1&#xA;                           at /workspaces/dc-wasm-go/tinygo/src/runtime/scheduler_any.go:25:11&#xA;          10: 0x17394 - &lt;goroutine wrapper&gt;&#xA;                           at /workspaces/dc-wasm-go/tinygo/src/runtime/scheduler_any.go:23:2&#xA;          11:  0x83c - tinygo_launch&#xA;                           at /workspaces/dc-wasm-go/tinygo/src/internal/task/task_asyncify_wasm.S:59&#xA;          12: 0x1726a - (*internal/task.Task).Resume&#xA;                           at /workspaces/dc-wasm-go/tinygo/src/internal/task/task_asyncify.go:109:17              - runtime.scheduler&#xA;                           at /workspaces/dc-wasm-go/tinygo/src/runtime/scheduler.go:236:11              - runtime.run&#xA;                           at /workspaces/dc-wasm-go/tinygo/src/runtime/scheduler_any.go:28:11              - _start&#xA;                           at /workspaces/dc-wasm-go/tinygo/src/runtime/runtime_wasm_wasi.go:21:5&#xA;    2: wasm trap: wasm `unreachable` instruction executed&#xA;</failure>
		</testcase>
		<testcase classname="text/template/parse" name="TestLex" time="0.000000"></testcase>
		<testcase classname="text/template/parse" name="TestDelims" time="0.000000"></testcase>
		<testcase classname="text/template/parse" name="TestDelimsAlphaNumeric" time="0.000000"></testcase>
		<testcase classname="text/template/parse" name="TestDelimsAndMarkers" time="0.000000"></testcase>
		<testcase classname="text/template/parse" name="TestPos" time="0.000000"></testcase>
	</testsuite>
</testsuites>