<testsuites tests="12860" failures="111" time="0">
  <testsuite tests="0" failures="0" time="0.000000" name="archive/tar" timestamp="2024-04-26T04:41:39Z">
    <properties classname="archive/tar">
      <property name="go.version" value="go1.22.2 linux/arm64" />
    </properties>
    <testcase classname="archive/tar" name="TestMain" time="0.000000">
      <failure message="Failed" type="">FAIL	archive/tar	0.000s
# archive/tar
/usr/local/go/src/archive/tar/stat_unix.go:39:27: undefined: user.LookupId
/usr/local/go/src/archive/tar/stat_unix.go:45:27: undefined: user.LookupGroupId
</failure>
    </testcase>
  </testsuite>
  <testsuite tests="99" failures="0" time="0.000000" name="archive/zip" timestamp="2024-04-26T04:41:39Z">
    <properties classname="archive/zip">
      <property name="go.version" value="go1.22.2 linux/arm64" />
    </properties>
    <testcase classname="archive/zip" name="TestReader" time="0.000000" />
    <testcase classname="archive/zip" name="TestInvalidFiles" time="0.000000" />
    <testcase classname="archive/zip" name="TestIssue8186" time="0.000000" />
    <testcase classname="archive/zip" name="TestIssue10957" time="0.000000" />
    <testcase classname="archive/zip" name="TestIssue10956" time="0.000000" />
    <testcase classname="archive/zip" name="TestIssue11146" time="0.000000" />
    <testcase classname="archive/zip" name="TestIssue12449" time="0.000000" />
    <testcase classname="archive/zip" name="TestFS" time="0.000000" />
    <testcase classname="archive/zip" name="TestFSWalk" time="0.000000" />
    <testcase classname="archive/zip" name="TestFSModTime" time="0.000000" />
    <testcase classname="archive/zip" name="TestCVE202127919" time="0.000000" />
    <testcase classname="archive/zip" name="TestOpenReaderInsecurePath" time="0.000000" />
    <testcase classname="archive/zip" name="TestCVE202133196" time="0.000000" />
    <testcase classname="archive/zip" name="TestCVE202139293" time="0.000000" />
    <testcase classname="archive/zip" name="TestCVE202141772" time="0.000000" />
    <testcase classname="archive/zip" name="TestUnderSize" time="0.000000" />
    <testcase classname="archive/zip" name="TestIssue54801" time="0.000000" />
    <testcase classname="archive/zip" name="TestInsecurePaths" time="0.000000" />
    <testcase classname="archive/zip" name="TestDisableInsecurePathCheck" time="0.000000" />
    <testcase classname="archive/zip" name="TestCompressedDirectory" time="0.000000" />
    <testcase classname="archive/zip" name="TestBaseOffsetPlusOverflow" time="0.000000" />
    <testcase classname="archive/zip" name="TestWriter" time="0.000000" />
    <testcase classname="archive/zip" name="TestWriterComment" time="0.000000" />
    <testcase classname="archive/zip" name="TestWriterUTF8" time="0.000000" />
    <testcase classname="archive/zip" name="TestWriterTime" time="0.000000" />
    <testcase classname="archive/zip" name="TestWriterOffset" time="0.000000" />
    <testcase classname="archive/zip" name="TestWriterFlush" time="0.000000" />
    <testcase classname="archive/zip" name="TestWriterDir" time="0.000000" />
    <testcase classname="archive/zip" name="TestWriterDirAttributes" time="0.000000" />
    <testcase classname="archive/zip" name="TestWriterCopy" time="0.000000" />
    <testcase classname="archive/zip" name="TestWriterCreateRaw" time="0.000000" />
    <testcase classname="archive/zip" name="TestWriterAddFS" time="0.000000" />
    <testcase classname="archive/zip" name="TestIssue61875" time="0.000000" />
    <testcase classname="archive/zip" name="TestOver65kFiles" time="0.000000" />
    <testcase classname="archive/zip" name="TestModTime" time="0.000000" />
    <testcase classname="archive/zip" name="TestFileHeaderRoundTrip" time="0.000000" />
    <testcase classname="archive/zip" name="TestFileHeaderRoundTrip64" time="0.000000" />
    <testcase classname="archive/zip" name="TestFileHeaderRoundTripModified" time="0.000000" />
    <testcase classname="archive/zip" name="TestFileHeaderRoundTripWithoutModified" time="0.000000" />
    <testcase classname="archive/zip" name="TestRLEBuffer" time="0.000000" />
    <testcase classname="archive/zip" name="TestZip64" time="0.000000" />
    <testcase classname="archive/zip" name="TestZip64EdgeCase" time="0.000000" />
    <testcase classname="archive/zip" name="TestZip64DirectoryOffset" time="0.000000" />
    <testcase classname="archive/zip" name="TestZip64ManyRecords" time="0.000000" />
    <testcase classname="archive/zip" name="TestZip64LargeDirectory" time="0.000000" />
    <testcase classname="archive/zip" name="TestHeaderInvalidTagAndSize" time="0.000000" />
    <testcase classname="archive/zip" name="TestHeaderTooShort" time="0.000000" />
    <testcase classname="archive/zip" name="TestHeaderTooLongErr" time="0.000000" />
    <testcase classname="archive/zip" name="TestHeaderIgnoredSize" time="0.000000" />
    <testcase classname="archive/zip" name="TestZeroLengthHeader" time="0.000000" />
    <testcase classname="archive/zip" name="TestSuffixSaver" time="0.000000" />
  </testsuite>
  <testsuite tests="81" failures="1" time="0.000000" name="bufio" timestamp="2024-04-26T04:41:39Z">
    <properties classname="bufio">
      <property name="go.version" value="go1.22.2 linux/arm64" />
    </properties>
    <testcase classname="bufio" name="TestReadStringAllocs" time="0.000000">
      <failure message="Failed" type="">=== RUN   TestReadStringAllocs
    Unexpected number of allocations, got 0.000000, want 1
--- FAIL: TestReadStringAllocs (0.00s)
</failure>
    </testcase>
    <testcase classname="bufio" name="TestReaderSimple" time="0.000000" />
    <testcase classname="bufio" name="TestReader" time="0.000000" />
    <testcase classname="bufio" name="TestZeroReader" time="0.000000" />
    <testcase classname="bufio" name="TestReadRune" time="0.000000" />
    <testcase classname="bufio" name="TestUnreadRune" time="0.000000" />
    <testcase classname="bufio" name="TestNoUnreadRuneAfterPeek" time="0.000000" />
    <testcase classname="bufio" name="TestNoUnreadByteAfterPeek" time="0.000000" />
    <testcase classname="bufio" name="TestNoUnreadRuneAfterDiscard" time="0.000000" />
    <testcase classname="bufio" name="TestNoUnreadByteAfterDiscard" time="0.000000" />
    <testcase classname="bufio" name="TestNoUnreadRuneAfterWriteTo" time="0.000000" />
    <testcase classname="bufio" name="TestNoUnreadByteAfterWriteTo" time="0.000000" />
    <testcase classname="bufio" name="TestUnreadByte" time="0.000000" />
    <testcase classname="bufio" name="TestUnreadByteMultiple" time="0.000000" />
    <testcase classname="bufio" name="TestUnreadByteOthers" time="0.000000" />
    <testcase classname="bufio" name="TestUnreadRuneError" time="0.000000" />
    <testcase classname="bufio" name="TestUnreadRuneAtEOF" time="0.000000" />
    <testcase classname="bufio" name="TestReadWriteRune" time="0.000000" />
    <testcase classname="bufio" name="TestWriteInvalidRune" time="0.000000" />
    <testcase classname="bufio" name="TestWriter" time="0.000000" />
    <testcase classname="bufio" name="TestWriterAppend" time="0.000000" />
    <testcase classname="bufio" name="TestWriteErrors" time="0.000000" />
    <testcase classname="bufio" name="TestNewReaderSizeIdempotent" time="0.000000" />
    <testcase classname="bufio" name="TestNewWriterSizeIdempotent" time="0.000000" />
    <testcase classname="bufio" name="TestWriteString" time="0.000000" />
    <testcase classname="bufio" name="TestWriteStringStringWriter" time="0.000000" />
    <testcase classname="bufio" name="TestBufferFull" time="0.000000" />
    <testcase classname="bufio" name="TestPeek" time="0.000000" />
    <testcase classname="bufio" name="TestPeekThenUnreadRune" time="0.000000" />
    <testcase classname="bufio" name="TestReadLine" time="0.000000" />
    <testcase classname="bufio" name="TestLineTooLong" time="0.000000" />
    <testcase classname="bufio" name="TestReadAfterLines" time="0.000000" />
    <testcase classname="bufio" name="TestReadEmptyBuffer" time="0.000000" />
    <testcase classname="bufio" name="TestLinesAfterRead" time="0.000000" />
    <testcase classname="bufio" name="TestReadLineNonNilLineOrError" time="0.000000" />
    <testcase classname="bufio" name="TestReadLineNewlines" time="0.000000" />
    <testcase classname="bufio" name="TestReaderWriteTo" time="0.000000" />
    <testcase classname="bufio" name="TestReaderWriteToErrors" time="0.000000" />
    <testcase classname="bufio" name="TestWriterReadFrom" time="0.000000" />
    <testcase classname="bufio" name="TestWriterReadFromErrors" time="0.000000" />
    <testcase classname="bufio" name="TestWriterReadFromCounts" time="0.000000" />
    <testcase classname="bufio" name="TestNegativeRead" time="0.000000" />
    <testcase classname="bufio" name="TestReaderClearError" time="0.000000" />
    <testcase classname="bufio" name="TestWriterReadFromWhileFull" time="0.000000" />
    <testcase classname="bufio" name="TestWriterReadFromUntilEOF" time="0.000000" />
    <testcase classname="bufio" name="TestWriterReadFromErrNoProgress" time="0.000000" />
    <testcase classname="bufio" name="TestWriterReadFromWithBufferedData" time="0.000000" />
    <testcase classname="bufio" name="TestReadZero" time="0.000000" />
    <testcase classname="bufio" name="TestReaderReset" time="0.000000" />
    <testcase classname="bufio" name="TestWriterReset" time="0.000000" />
    <testcase classname="bufio" name="TestReaderDiscard" time="0.000000" />
    <testcase classname="bufio" name="TestReaderSize" time="0.000000" />
    <testcase classname="bufio" name="TestWriterSize" time="0.000000" />
    <testcase classname="bufio" name="TestPartialReadEOF" time="0.000000" />
    <testcase classname="bufio" name="TestWriterReadFromMustSetUnderlyingError" time="0.000000" />
    <testcase classname="bufio" name="TestWriterReadFromMustReturnUnderlyingError" time="0.000000" />
    <testcase classname="bufio" name="TestSpace" time="0.000000" />
    <testcase classname="bufio" name="TestScanByte" time="0.000000" />
    <testcase classname="bufio" name="TestScanRune" time="0.000000" />
    <testcase classname="bufio" name="TestScanWords" time="0.000000" />
    <testcase classname="bufio" name="TestScanLongLines" time="0.000000" />
    <testcase classname="bufio" name="TestScanLineTooLong" time="0.000000" />
    <testcase classname="bufio" name="TestScanLineNoNewline" time="0.000000" />
    <testcase classname="bufio" name="TestScanLineReturnButNoNewline" time="0.000000" />
    <testcase classname="bufio" name="TestScanLineEmptyFinalLine" time="0.000000" />
    <testcase classname="bufio" name="TestScanLineEmptyFinalLineWithCR" time="0.000000" />
    <testcase classname="bufio" name="TestSplitError" time="0.000000" />
    <testcase classname="bufio" name="TestErrAtEOF" time="0.000000" />
    <testcase classname="bufio" name="TestNonEOFWithEmptyRead" time="0.000000" />
    <testcase classname="bufio" name="TestBadReader" time="0.000000" />
    <testcase classname="bufio" name="TestScanWordsExcessiveWhiteSpace" time="0.000000" />
    <testcase classname="bufio" name="TestEmptyTokens" time="0.000000" />
    <testcase classname="bufio" name="TestWithNoEmptyTokens" time="0.000000" />
    <testcase classname="bufio" name="TestDontLoopForever" time="0.000000" />
    <testcase classname="bufio" name="TestBlankLines" time="0.000000" />
    <testcase classname="bufio" name="TestEmptyLinesOK" time="0.000000" />
    <testcase classname="bufio" name="TestHugeBuffer" time="0.000000" />
    <testcase classname="bufio" name="TestNegativeEOFReader" time="0.000000" />
    <testcase classname="bufio" name="TestLargeReader" time="0.000000" />
  </testsuite>
  <testsuite tests="91" failures="0" time="0.000000" name="bytes" timestamp="2024-04-26T04:41:40Z">
    <properties classname="bytes">
      <property name="go.version" value="go1.22.2 linux/arm64" />
    </properties>
    <testcase classname="bytes" name="TestEqualNearPageBoundary" time="0.000000" />
    <testcase classname="bytes" name="TestIndexByteNearPageBoundary" time="0.000000" />
    <testcase classname="bytes" name="TestIndexNearPageBoundary" time="0.000000" />
    <testcase classname="bytes" name="TestCountNearPageBoundary" time="0.000000" />
    <testcase classname="bytes" name="TestNewBuffer" time="0.000000" />
    <testcase classname="bytes" name="TestNewBufferString" time="0.000000" />
    <testcase classname="bytes" name="TestBasicOperations" time="0.000000" />
    <testcase classname="bytes" name="TestLargeStringWrites" time="0.000000" />
    <testcase classname="bytes" name="TestLargeByteWrites" time="0.000000" />
    <testcase classname="bytes" name="TestLargeStringReads" time="0.000000" />
    <testcase classname="bytes" name="TestLargeByteReads" time="0.000000" />
    <testcase classname="bytes" name="TestMixedReadsAndWrites" time="0.000000" />
    <testcase classname="bytes" name="TestCapWithPreallocatedSlice" time="0.000000" />
    <testcase classname="bytes" name="TestCapWithSliceAndWrittenData" time="0.000000" />
    <testcase classname="bytes" name="TestNil" time="0.000000" />
    <testcase classname="bytes" name="TestReadFrom" time="0.000000" />
    <testcase classname="bytes" name="TestReadFromPanicReader" time="0.000000" />
    <testcase classname="bytes" name="TestReadFromNegativeReader" time="0.000000" />
    <testcase classname="bytes" name="TestWriteTo" time="0.000000" />
    <testcase classname="bytes" name="TestWriteAppend" time="0.000000" />
    <testcase classname="bytes" name="TestRuneIO" time="0.000000" />
    <testcase classname="bytes" name="TestWriteInvalidRune" time="0.000000" />
    <testcase classname="bytes" name="TestNext" time="0.000000" />
    <testcase classname="bytes" name="TestReadBytes" time="0.000000" />
    <testcase classname="bytes" name="TestReadString" time="0.000000" />
    <testcase classname="bytes" name="TestGrow" time="0.000000" />
    <testcase classname="bytes" name="TestGrowOverflow" time="0.000000" />
    <testcase classname="bytes" name="TestReadEmptyAtEOF" time="0.000000" />
    <testcase classname="bytes" name="TestUnreadByte" time="0.000000" />
    <testcase classname="bytes" name="TestBufferGrowth" time="0.000000" />
    <testcase classname="bytes" name="TestEqual" time="0.000000" />
    <testcase classname="bytes" name="TestEqualExhaustive" time="0.000000" />
    <testcase classname="bytes" name="TestNotEqual" time="0.000000" />
    <testcase classname="bytes" name="TestIndex" time="0.000000" />
    <testcase classname="bytes" name="TestLastIndex" time="0.000000" />
    <testcase classname="bytes" name="TestIndexAny" time="0.000000" />
    <testcase classname="bytes" name="TestLastIndexAny" time="0.000000" />
    <testcase classname="bytes" name="TestIndexByte" time="0.000000" />
    <testcase classname="bytes" name="TestLastIndexByte" time="0.000000" />
    <testcase classname="bytes" name="TestIndexByteBig" time="0.000000" />
    <testcase classname="bytes" name="TestIndexByteSmall" time="0.000000" />
    <testcase classname="bytes" name="TestIndexRune" time="0.000000" />
    <testcase classname="bytes" name="TestCountByte" time="0.000000" />
    <testcase classname="bytes" name="TestCountByteNoMatch" time="0.000000" />
    <testcase classname="bytes" name="TestSplit" time="0.000000" />
    <testcase classname="bytes" name="TestSplitAfter" time="0.000000" />
    <testcase classname="bytes" name="TestFields" time="0.000000" />
    <testcase classname="bytes" name="TestFieldsFunc" time="0.000000" />
    <testcase classname="bytes" name="TestMap" time="0.000000" />
    <testcase classname="bytes" name="TestToUpper" time="0.000000" />
    <testcase classname="bytes" name="TestToLower" time="0.000000" />
    <testcase classname="bytes" name="TestToValidUTF8" time="0.000000" />
    <testcase classname="bytes" name="TestTrimSpace" time="0.000000" />
    <testcase classname="bytes" name="TestRepeat" time="0.000000" />
    <testcase classname="bytes" name="TestRepeatCatchesOverflow" time="0.000000" />
    <testcase classname="bytes" name="TestRunes" time="0.000000" />
    <testcase classname="bytes" name="TestTrim" time="0.000000" />
    <testcase classname="bytes" name="TestTrimFunc" time="0.000000" />
    <testcase classname="bytes" name="TestIndexFunc" time="0.000000" />
    <testcase classname="bytes" name="TestReplace" time="0.000000" />
    <testcase classname="bytes" name="TestTitle" time="0.000000" />
    <testcase classname="bytes" name="TestToTitle" time="0.000000" />
    <testcase classname="bytes" name="TestEqualFold" time="0.000000" />
    <testcase classname="bytes" name="TestCut" time="0.000000" />
    <testcase classname="bytes" name="TestCutPrefix" time="0.000000" />
    <testcase classname="bytes" name="TestCutSuffix" time="0.000000" />
    <testcase classname="bytes" name="TestBufferGrowNegative" time="0.000000" />
    <testcase classname="bytes" name="TestBufferTruncateNegative" time="0.000000" />
    <testcase classname="bytes" name="TestBufferTruncateOutOfRange" time="0.000000" />
    <testcase classname="bytes" name="TestContains" time="0.000000" />
    <testcase classname="bytes" name="TestContainsAny" time="0.000000" />
    <testcase classname="bytes" name="TestContainsRune" time="0.000000" />
    <testcase classname="bytes" name="TestContainsFunc" time="0.000000" />
    <testcase classname="bytes" name="TestClone" time="0.000000" />
    <testcase classname="bytes" name="TestCompare" time="0.000000" />
    <testcase classname="bytes" name="TestCompareIdenticalSlice" time="0.000000" />
    <testcase classname="bytes" name="TestCompareBytes" time="0.000000" />
    <testcase classname="bytes" name="TestEndianBaseCompare" time="0.000000" />
    <testcase classname="bytes" name="TestReader" time="0.000000" />
    <testcase classname="bytes" name="TestReadAfterBigSeek" time="0.000000" />
    <testcase classname="bytes" name="TestReaderAt" time="0.000000" />
    <testcase classname="bytes" name="TestReaderAtConcurrent" time="0.000000" />
    <testcase classname="bytes" name="TestEmptyReaderConcurrent" time="0.000000" />
    <testcase classname="bytes" name="TestReaderWriteTo" time="0.000000" />
    <testcase classname="bytes" name="TestReaderLen" time="0.000000" />
    <testcase classname="bytes" name="TestUnreadRuneError" time="0.000000" />
    <testcase classname="bytes" name="TestReaderDoubleUnreadRune" time="0.000000" />
    <testcase classname="bytes" name="TestReaderCopyNothing" time="0.000000" />
    <testcase classname="bytes" name="TestReaderLenSize" time="0.000000" />
    <testcase classname="bytes" name="TestReaderReset" time="0.000000" />
    <testcase classname="bytes" name="TestReaderZero" time="0.000000" />
  </testsuite>
  <testsuite tests="4" failures="0" time="0.000000" name="cmp" timestamp="2024-04-26T04:41:40Z">
    <properties classname="cmp">
      <property name="go.version" value="go1.22.2 linux/arm64" />
    </properties>
    <testcase classname="cmp" name="TestLess" time="0.000000" />
    <testcase classname="cmp" name="TestCompare" time="0.000000" />
    <testcase classname="cmp" name="TestSort" time="0.000000" />
    <testcase classname="cmp" name="TestOr" time="0.000000" />
  </testsuite>
  <testsuite tests="4" failures="0" time="0.000000" name="compress/bzip2" timestamp="2024-04-26T04:41:50Z">
    <properties classname="compress/bzip2">
      <property name="go.version" value="go1.22.2 linux/arm64" />
    </properties>
    <testcase classname="compress/bzip2" name="TestReader" time="0.000000" />
    <testcase classname="compress/bzip2" name="TestBitReader" time="0.000000" />
    <testcase classname="compress/bzip2" name="TestMTF" time="0.000000" />
    <testcase classname="compress/bzip2" name="TestZeroRead" time="0.000000" />
  </testsuite>
  <testsuite tests="64" failures="0" time="0.000000" name="compress/flate" timestamp="2024-04-26T04:41:52Z">
    <properties classname="compress/flate">
      <property name="go.version" value="go1.22.2 linux/arm64" />
    </properties>
    <testcase classname="compress/flate" name="TestBulkHash4" time="0.000000" />
    <testcase classname="compress/flate" name="TestDeflate" time="0.000000" />
    <testcase classname="compress/flate" name="TestWriterClose" time="0.000000" />
    <testcase classname="compress/flate" name="TestVeryLongSparseChunk" time="0.000000" />
    <testcase classname="compress/flate" name="TestDeflateInflate" time="0.000000" />
    <testcase classname="compress/flate" name="TestReverseBits" time="0.000000" />
    <testcase classname="compress/flate" name="TestDeflateInflateString" time="0.000000" />
    <testcase classname="compress/flate" name="TestReaderDict" time="0.000000" />
    <testcase classname="compress/flate" name="TestWriterDict" time="0.000000" />
    <testcase classname="compress/flate" name="TestRegression2508" time="0.000000" />
    <testcase classname="compress/flate" name="TestWriterReset" time="0.000000" />
    <testcase classname="compress/flate" name="TestBestSpeed" time="0.000000" />
    <testcase classname="compress/flate" name="TestWriterPersistentWriteError" time="0.000000" />
    <testcase classname="compress/flate" name="TestWriterPersistentFlushError" time="0.000000" />
    <testcase classname="compress/flate" name="TestWriterPersistentCloseError" time="0.000000" />
    <testcase classname="compress/flate" name="TestBestSpeedMatch" time="0.000000" />
    <testcase classname="compress/flate" name="TestBestSpeedMaxMatchOffset" time="0.000000" />
    <testcase classname="compress/flate" name="TestBestSpeedShiftOffsets" time="0.000000" />
    <testcase classname="compress/flate" name="TestMaxStackSize" time="0.000000" />
    <testcase classname="compress/flate" name="TestDictDecoder" time="0.000000" />
    <testcase classname="compress/flate" name="TestIssue5915" time="0.000000" />
    <testcase classname="compress/flate" name="TestIssue5962" time="0.000000" />
    <testcase classname="compress/flate" name="TestIssue6255" time="0.000000" />
    <testcase classname="compress/flate" name="TestInvalidEncoding" time="0.000000" />
    <testcase classname="compress/flate" name="TestInvalidBits" time="0.000000" />
    <testcase classname="compress/flate" name="TestStreams" time="0.000000" />
    <testcase classname="compress/flate" name="TestTruncatedStreams" time="0.000000" />
    <testcase classname="compress/flate" name="TestReaderEarlyEOF" time="0.000000" />
    <testcase classname="compress/flate" name="TestBlockHuff" time="0.000000" />
    <testcase classname="compress/flate" name="TestWriteBlock" time="0.000000" />
    <testcase classname="compress/flate" name="TestWriteBlockDynamic" time="0.000000" />
    <testcase classname="compress/flate" name="TestReset" time="0.000000" />
    <testcase classname="compress/flate" name="TestReaderTruncated" time="0.000000" />
    <testcase classname="compress/flate" name="TestResetDict" time="0.000000" />
    <testcase classname="compress/flate" name="TestReaderReusesReaderBuffer" time="0.000000" />
    <testcase classname="compress/flate" name="TestNlitOutOfRange" time="0.000000" />
    <testcase classname="compress/flate" name="TestWriteError" time="0.000000" />
    <testcase classname="compress/flate" name="TestDeterministic" time="0.000000" />
    <testcase classname="compress/flate" name="TestDeflateFast_Reset" time="0.000000" />
  </testsuite>
  <testsuite tests="0" failures="0" time="0.000000" name="compress/gzip" timestamp="2024-04-26T04:42:07Z">
    <properties classname="compress/gzip">
      <property name="go.version" value="go1.22.2 linux/arm64" />
    </properties>
  </testsuite>
  <testsuite tests="17" failures="0" time="0.000000" name="compress/lzw" timestamp="2024-04-26T04:42:10Z">
    <properties classname="compress/lzw">
      <property name="go.version" value="go1.22.2 linux/arm64" />
    </properties>
    <testcase classname="compress/lzw" name="TestReader" time="0.000000" />
    <testcase classname="compress/lzw" name="TestReaderReset" time="0.000000" />
    <testcase classname="compress/lzw" name="TestHiCodeDoesNotOverflow" time="0.000000" />
    <testcase classname="compress/lzw" name="TestNoLongerSavingPriorExpansions" time="0.000000" />
    <testcase classname="compress/lzw" name="TestWriter" time="0.000000" />
    <testcase classname="compress/lzw" name="TestWriterReset" time="0.000000" />
    <testcase classname="compress/lzw" name="TestWriterReturnValues" time="0.000000" />
    <testcase classname="compress/lzw" name="TestSmallLitWidth" time="0.000000" />
    <testcase classname="compress/lzw" name="TestStartsWithClearCode" time="0.000000" />
  </testsuite>
  <testsuite tests="6" failures="0" time="0.000000" name="compress/zlib" timestamp="2024-04-26T04:42:12Z">
    <properties classname="compress/zlib">
      <property name="go.version" value="go1.22.2 linux/arm64" />
    </properties>
    <testcase classname="compress/zlib" name="TestDecompressor" time="0.000000" />
    <testcase classname="compress/zlib" name="TestWriter" time="0.000000" />
    <testcase classname="compress/zlib" name="TestWriterBig" time="0.000000" />
    <testcase classname="compress/zlib" name="TestWriterDict" time="0.000000" />
    <testcase classname="compress/zlib" name="TestWriterReset" time="0.000000" />
    <testcase classname="compress/zlib" name="TestWriterDictIsUsed" time="0.000000" />
  </testsuite>
  <testsuite tests="7" failures="0" time="0.000000" name="container/heap" timestamp="2024-04-26T04:42:12Z">
    <properties classname="container/heap">
      <property name="go.version" value="go1.22.2 linux/arm64" />
    </properties>
    <testcase classname="container/heap" name="TestInit0" time="0.000000" />
    <testcase classname="container/heap" name="TestInit1" time="0.000000" />
    <testcase classname="container/heap" name="Test" time="0.000000" />
    <testcase classname="container/heap" name="TestRemove0" time="0.000000" />
    <testcase classname="container/heap" name="TestRemove1" time="0.000000" />
    <testcase classname="container/heap" name="TestRemove2" time="0.000000" />
    <testcase classname="container/heap" name="TestFix" time="0.000000" />
  </testsuite>
  <testsuite tests="10" failures="0" time="0.000000" name="container/list" timestamp="2024-04-26T04:42:13Z">
    <properties classname="container/list">
      <property name="go.version" value="go1.22.2 linux/arm64" />
    </properties>
    <testcase classname="container/list" name="TestList" time="0.000000" />
    <testcase classname="container/list" name="TestExtending" time="0.000000" />
    <testcase classname="container/list" name="TestRemove" time="0.000000" />
    <testcase classname="container/list" name="TestIssue4103" time="0.000000" />
    <testcase classname="container/list" name="TestIssue6349" time="0.000000" />
    <testcase classname="container/list" name="TestMove" time="0.000000" />
    <testcase classname="container/list" name="TestZeroList" time="0.000000" />
    <testcase classname="container/list" name="TestInsertBeforeUnknownMark" time="0.000000" />
    <testcase classname="container/list" name="TestInsertAfterUnknownMark" time="0.000000" />
    <testcase classname="container/list" name="TestMoveUnknownMark" time="0.000000" />
  </testsuite>
  <testsuite tests="8" failures="0" time="0.000000" name="container/ring" timestamp="2024-04-26T04:42:16Z">
    <properties classname="container/ring">
      <property name="go.version" value="go1.22.2 linux/arm64" />
    </properties>
    <testcase classname="container/ring" name="TestCornerCases" time="0.000000" />
    <testcase classname="container/ring" name="TestNew" time="0.000000" />
    <testcase classname="container/ring" name="TestLink1" time="0.000000" />
    <testcase classname="container/ring" name="TestLink2" time="0.000000" />
    <testcase classname="container/ring" name="TestLink3" time="0.000000" />
    <testcase classname="container/ring" name="TestUnlink" time="0.000000" />
    <testcase classname="container/ring" name="TestLinkUnlink" time="0.000000" />
    <testcase classname="container/ring" name="TestMoveEmptyRing" time="0.000000" />
  </testsuite>
  <testsuite tests="0" failures="0" time="0.000000" name="context" timestamp="2024-04-26T04:42:17Z">
    <properties classname="context">
      <property name="go.version" value="go1.22.2 linux/arm64" />
    </properties>
    <testcase classname="context" name="TestMain" time="0.000000">
      <failure message="Failed" type="">FAIL	context	0.000s
# context_test
/usr/local/go/src/context/x_test.go:21:27: cannot use t (variable of type *testing.T) as context.testingT value in argument to XTestParentFinishesChild: *testing.T does not implement context.testingT (missing method Deadline)
/usr/local/go/src/context/x_test.go:24:26: cannot use t (variable of type *testing.T) as context.testingT value in argument to XTestChildFinishesFirst: *testing.T does not implement context.testingT (missing method Deadline)
/usr/local/go/src/context/x_test.go:27:21: cannot use t (variable of type *testing.T) as context.testingT value in argument to XTestCancelRemoves: *testing.T does not implement context.testingT (missing method Deadline)
/usr/local/go/src/context/x_test.go:30:31: cannot use t (variable of type *testing.T) as context.testingT value in argument to XTestCustomContextGoroutines: *testing.T does not implement context.testingT (missing method Deadline)
/usr/local/go/src/context/x_test.go:50:20: t.Deadline undefined (type *testing.T has no field or method Deadline)
</failure>
    </testcase>
  </testsuite>
  <testsuite tests="0" failures="0" time="0.000000" name="crypto" timestamp="2024-04-26T04:42:19Z">
    <properties classname="crypto">
      <property name="go.version" value="go1.22.2 linux/arm64" />
    </properties>
    <testcase classname="crypto" name="TestMain" time="0.000000">
      <failure message="Failed" type="">ld.lld --gc-sections -L /workspaces/dc-wasm-go/tinygo -o /tmp/tinygo3308389968/main /tmp/tinygo3308389968/main.o /home/vscode/.cache/tinygo/compiler-rt-aarch64-unknown-linux-generic/lib.a /home/vscode/.cache/tinygo/obj-3fd9192bbb8c0507447753a8b8972390a979bbb71b28b3ea50e39abe.bc /home/vscode/.cache/tinygo/obj-f79712e5b2f218317551c5961bf12c37f30f9733eb9ffe02c10c0c3a.bc /home/vscode/.cache/tinygo/musl-aarch64-unknown-linux-generic/crt1.o /home/vscode/.cache/tinygo/musl-aarch64-unknown-linux-generic/lib.a -mllvm -mcpu=generic --lto-O2 --thinlto-cache-dir=/home/vscode/.cache/tinygo/thinlto -mllvm --rotation-max-header-size=0
ld.lld: error: undefined symbol: crypto/aes.encryptBlockAsm
&gt;&gt;&gt; referenced by cipher_asm.go:81 (/usr/local/go/src/crypto/aes/cipher_asm.go:81)
&gt;&gt;&gt;               /home/vscode/.cache/tinygo/thinlto/llvmcache-DF7B1E694F38017C37BF13447BDBB61BE010030F:((*crypto/aes.aesCipherAsm).Encrypt)
failed to run tool: ld.lld
FAIL	crypto	0.000s
error: failed to link /tmp/tinygo3308389968/main: exit status 1
</failure>
    </testcase>
  </testsuite>
  <testsuite tests="0" failures="0" time="0.000000" name="crypto/aes" timestamp="2024-04-26T04:42:19Z">
    <properties classname="crypto/aes">
      <property name="go.version" value="go1.22.2 linux/arm64" />
    </properties>
    <testcase classname="crypto/aes" name="TestMain" time="0.000000">
      <failure message="Failed" type="">ld.lld --gc-sections -L /workspaces/dc-wasm-go/tinygo -o /tmp/tinygo518708260/main /tmp/tinygo518708260/main.o /home/vscode/.cache/tinygo/compiler-rt-aarch64-unknown-linux-generic/lib.a /home/vscode/.cache/tinygo/obj-3fd9192bbb8c0507447753a8b8972390a979bbb71b28b3ea50e39abe.bc /home/vscode/.cache/tinygo/obj-f79712e5b2f218317551c5961bf12c37f30f9733eb9ffe02c10c0c3a.bc /home/vscode/.cache/tinygo/musl-aarch64-unknown-linux-generic/crt1.o /home/vscode/.cache/tinygo/musl-aarch64-unknown-linux-generic/lib.a -mllvm -mcpu=generic --lto-O2 --thinlto-cache-dir=/home/vscode/.cache/tinygo/thinlto -mllvm --rotation-max-header-size=0
ld.lld: error: undefined symbol: crypto/aes.decryptBlockAsm
&gt;&gt;&gt; referenced by cipher_asm.go:95 (/usr/local/go/src/crypto/aes/cipher_asm.go:95)
&gt;&gt;&gt;               /home/vscode/.cache/tinygo/thinlto/llvmcache-8D35EAAFAECF0CB6D4C9C8D0DE17A7DA33F48ADB:((*crypto/aes.aesCipherAsm).Decrypt)

ld.lld: error: undefined symbol: crypto/aes.encryptBlockAsm
&gt;&gt;&gt; referenced by cipher_asm.go:81 (/usr/local/go/src/crypto/aes/cipher_asm.go:81)
&gt;&gt;&gt;               /home/vscode/.cache/tinygo/thinlto/llvmcache-8D35EAAFAECF0CB6D4C9C8D0DE17A7DA33F48ADB:((*crypto/aes.aesCipherAsm).Encrypt)
failed to run tool: ld.lld
FAIL	crypto/aes	0.000s
error: failed to link /tmp/tinygo518708260/main: exit status 1
</failure>
    </testcase>
  </testsuite>
  <testsuite tests="0" failures="0" time="0.000000" name="crypto/cipher" timestamp="2024-04-26T04:42:20Z">
    <properties classname="crypto/cipher">
      <property name="go.version" value="go1.22.2 linux/arm64" />
    </properties>
    <testcase classname="crypto/cipher" name="TestMain" time="0.000000">
      <failure message="Failed" type="">ld.lld --gc-sections -L /workspaces/dc-wasm-go/tinygo -o /tmp/tinygo3039831582/main /tmp/tinygo3039831582/main.o /home/vscode/.cache/tinygo/compiler-rt-aarch64-unknown-linux-generic/lib.a /home/vscode/.cache/tinygo/obj-3fd9192bbb8c0507447753a8b8972390a979bbb71b28b3ea50e39abe.bc /home/vscode/.cache/tinygo/obj-f79712e5b2f218317551c5961bf12c37f30f9733eb9ffe02c10c0c3a.bc /home/vscode/.cache/tinygo/musl-aarch64-unknown-linux-generic/crt1.o /home/vscode/.cache/tinygo/musl-aarch64-unknown-linux-generic/lib.a -mllvm -mcpu=generic --lto-O2 --thinlto-cache-dir=/home/vscode/.cache/tinygo/thinlto -mllvm --rotation-max-header-size=0
ld.lld: error: undefined symbol: crypto/aes.gcmAesInit
&gt;&gt;&gt; referenced by aes_gcm.go:49 (/usr/local/go/src/crypto/aes/aes_gcm.go:49)
&gt;&gt;&gt;               /home/vscode/.cache/tinygo/thinlto/llvmcache-B2C24388ED20E82D4A1FDF2B51982A53F2729CC5:(crypto/cipher.newGCMWithNonceAndTagSize)

ld.lld: error: undefined symbol: crypto/aes.decryptBlockAsm
&gt;&gt;&gt; referenced by cipher_asm.go:95 (/usr/local/go/src/crypto/aes/cipher_asm.go:95)
&gt;&gt;&gt;               /home/vscode/.cache/tinygo/thinlto/llvmcache-B2C24388ED20E82D4A1FDF2B51982A53F2729CC5:((*crypto/aes.aesCipherAsm).Decrypt)

ld.lld: error: undefined symbol: crypto/aes.encryptBlockAsm
&gt;&gt;&gt; referenced by cipher_asm.go:81 (/usr/local/go/src/crypto/aes/cipher_asm.go:81)
&gt;&gt;&gt;               /home/vscode/.cache/tinygo/thinlto/llvmcache-B2C24388ED20E82D4A1FDF2B51982A53F2729CC5:((*crypto/aes.aesCipherAsm).Encrypt)
&gt;&gt;&gt; referenced by aes_gcm.go:111 (/usr/local/go/src/crypto/aes/aes_gcm.go:111)
&gt;&gt;&gt;               /home/vscode/.cache/tinygo/thinlto/llvmcache-B2C24388ED20E82D4A1FDF2B51982A53F2729CC5:(interface:{NonceSize:func:{}{basic:int},Open:func:{slice:basic:uint8,slice:basic:uint8,slice:basic:uint8,slice:basic:uint8}{slice:basic:uint8,named:error},Overhead:func:{}{basic:int},Seal:func:{slice:basic:uint8,slice:basic:uint8,slice:basic:uint8,slice:basic:uint8}{slice:basic:uint8}}.Seal$invoke)
&gt;&gt;&gt; referenced by aes_gcm.go:164 (/usr/local/go/src/crypto/aes/aes_gcm.go:164)
&gt;&gt;&gt;               /home/vscode/.cache/tinygo/thinlto/llvmcache-B2C24388ED20E82D4A1FDF2B51982A53F2729CC5:(interface:{NonceSize:func:{}{basic:int},Open:func:{slice:basic:uint8,slice:basic:uint8,slice:basic:uint8,slice:basic:uint8}{slice:basic:uint8,named:error},Overhead:func:{}{basic:int},Seal:func:{slice:basic:uint8,slice:basic:uint8,slice:basic:uint8,slice:basic:uint8}{slice:basic:uint8}}.Open$invoke)

ld.lld: error: undefined symbol: crypto/aes.gcmAesData
&gt;&gt;&gt; referenced by aes_gcm.go:107 (/usr/local/go/src/crypto/aes/aes_gcm.go:107)
&gt;&gt;&gt;               /home/vscode/.cache/tinygo/thinlto/llvmcache-B2C24388ED20E82D4A1FDF2B51982A53F2729CC5:(interface:{NonceSize:func:{}{basic:int},Open:func:{slice:basic:uint8,slice:basic:uint8,slice:basic:uint8,slice:basic:uint8}{slice:basic:uint8,named:error},Overhead:func:{}{basic:int},Seal:func:{slice:basic:uint8,slice:basic:uint8,slice:basic:uint8,slice:basic:uint8}{slice:basic:uint8}}.Seal$invoke)
&gt;&gt;&gt; referenced by aes_gcm.go:114 (/usr/local/go/src/crypto/aes/aes_gcm.go:114)
&gt;&gt;&gt;               /home/vscode/.cache/tinygo/thinlto/llvmcache-B2C24388ED20E82D4A1FDF2B51982A53F2729CC5:(interface:{NonceSize:func:{}{basic:int},Open:func:{slice:basic:uint8,slice:basic:uint8,slice:basic:uint8,slice:basic:uint8}{slice:basic:uint8,named:error},Overhead:func:{}{basic:int},Seal:func:{slice:basic:uint8,slice:basic:uint8,slice:basic:uint8,slice:basic:uint8}{slice:basic:uint8}}.Seal$invoke)
&gt;&gt;&gt; referenced by aes_gcm.go:160 (/usr/local/go/src/crypto/aes/aes_gcm.go:160)
&gt;&gt;&gt;               /home/vscode/.cache/tinygo/thinlto/llvmcache-B2C24388ED20E82D4A1FDF2B51982A53F2729CC5:(interface:{NonceSize:func:{}{basic:int},Open:func:{slice:basic:uint8,slice:basic:uint8,slice:basic:uint8,slice:basic:uint8}{slice:basic:uint8,named:error},Overhead:func:{}{basic:int},Seal:func:{slice:basic:uint8,slice:basic:uint8,slice:basic:uint8,slice:basic:uint8}{slice:basic:uint8}}.Open$invoke)
&gt;&gt;&gt; referenced 1 more times

ld.lld: error: undefined symbol: crypto/aes.gcmAesFinish
&gt;&gt;&gt; referenced by aes_gcm.go:108 (/usr/local/go/src/crypto/aes/aes_gcm.go:108)
&gt;&gt;&gt;               /home/vscode/.cache/tinygo/thinlto/llvmcache-B2C24388ED20E82D4A1FDF2B51982A53F2729CC5:(interface:{NonceSize:func:{}{basic:int},Open:func:{slice:basic:uint8,slice:basic:uint8,slice:basic:uint8,slice:basic:uint8}{slice:basic:uint8,named:error},Overhead:func:{}{basic:int},Seal:func:{slice:basic:uint8,slice:basic:uint8,slice:basic:uint8,slice:basic:uint8}{slice:basic:uint8}}.Seal$invoke)
&gt;&gt;&gt; referenced by aes_gcm.go:123 (/usr/local/go/src/crypto/aes/aes_gcm.go:123)
&gt;&gt;&gt;               /home/vscode/.cache/tinygo/thinlto/llvmcache-B2C24388ED20E82D4A1FDF2B51982A53F2729CC5:(interface:{NonceSize:func:{}{basic:int},Open:func:{slice:basic:uint8,slice:basic:uint8,slice:basic:uint8,slice:basic:uint8}{slice:basic:uint8,named:error},Overhead:func:{}{basic:int},Seal:func:{slice:basic:uint8,slice:basic:uint8,slice:basic:uint8,slice:basic:uint8}{slice:basic:uint8}}.Seal$invoke)
&gt;&gt;&gt; referenced by aes_gcm.go:161 (/usr/local/go/src/crypto/aes/aes_gcm.go:161)
&gt;&gt;&gt;               /home/vscode/.cache/tinygo/thinlto/llvmcache-B2C24388ED20E82D4A1FDF2B51982A53F2729CC5:(interface:{NonceSize:func:{}{basic:int},Open:func:{slice:basic:uint8,slice:basic:uint8,slice:basic:uint8,slice:basic:uint8}{slice:basic:uint8,named:error},Overhead:func:{}{basic:int},Seal:func:{slice:basic:uint8,slice:basic:uint8,slice:basic:uint8,slice:basic:uint8}{slice:basic:uint8}}.Open$invoke)
&gt;&gt;&gt; referenced 1 more times

ld.lld: error: undefined symbol: crypto/aes.gcmAesEnc
&gt;&gt;&gt; referenced by aes_gcm.go:121 (/usr/local/go/src/crypto/aes/aes_gcm.go:121)
&gt;&gt;&gt;               /home/vscode/.cache/tinygo/thinlto/llvmcache-B2C24388ED20E82D4A1FDF2B51982A53F2729CC5:(interface:{NonceSize:func:{}{basic:int},Open:func:{slice:basic:uint8,slice:basic:uint8,slice:basic:uint8,slice:basic:uint8}{slice:basic:uint8,named:error},Overhead:func:{}{basic:int},Seal:func:{slice:basic:uint8,slice:basic:uint8,slice:basic:uint8,slice:basic:uint8}{slice:basic:uint8}}.Seal$invoke)

ld.lld: error: undefined symbol: crypto/aes.gcmAesDec
&gt;&gt;&gt; referenced by aes_gcm.go:174 (/usr/local/go/src/crypto/aes/aes_gcm.go:174)
&gt;&gt;&gt;               /home/vscode/.cache/tinygo/thinlto/llvmcache-B2C24388ED20E82D4A1FDF2B51982A53F2729CC5:(interface:{NonceSize:func:{}{basic:int},Open:func:{slice:basic:uint8,slice:basic:uint8,slice:basic:uint8,slice:basic:uint8}{slice:basic:uint8,named:error},Overhead:func:{}{basic:int},Seal:func:{slice:basic:uint8,slice:basic:uint8,slice:basic:uint8,slice:basic:uint8}{slice:basic:uint8}}.Open$invoke)
failed to run tool: ld.lld
FAIL	crypto/cipher	0.000s
error: failed to link /tmp/tinygo3039831582/main: exit status 1
</failure>
    </testcase>
  </testsuite>
  <testsuite tests="18" failures="0" time="0.000000" name="crypto/des" timestamp="2024-04-26T04:42:23Z">
    <properties classname="crypto/des">
      <property name="go.version" value="go1.22.2 linux/arm64" />
    </properties>
    <testcase classname="crypto/des" name="TestInitialPermute" time="0.000000" />
    <testcase classname="crypto/des" name="TestFinalPermute" time="0.000000" />
    <testcase classname="crypto/des" name="TestWeakKeys" time="0.000000" />
    <testcase classname="crypto/des" name="TestSemiWeakKeyPairs" time="0.000000" />
    <testcase classname="crypto/des" name="TestDESEncryptBlock" time="0.000000" />
    <testcase classname="crypto/des" name="TestDESDecryptBlock" time="0.000000" />
    <testcase classname="crypto/des" name="TestEncryptTripleDES" time="0.000000" />
    <testcase classname="crypto/des" name="TestDecryptTripleDES" time="0.000000" />
    <testcase classname="crypto/des" name="TestVariablePlaintextKnownAnswer" time="0.000000" />
    <testcase classname="crypto/des" name="TestVariableCiphertextKnownAnswer" time="0.000000" />
    <testcase classname="crypto/des" name="TestInversePermutationKnownAnswer" time="0.000000" />
    <testcase classname="crypto/des" name="TestInitialPermutationKnownAnswer" time="0.000000" />
    <testcase classname="crypto/des" name="TestVariableKeyKnownAnswerEncrypt" time="0.000000" />
    <testcase classname="crypto/des" name="TestVariableKeyKnownAnswerDecrypt" time="0.000000" />
    <testcase classname="crypto/des" name="TestPermutationOperationKnownAnswerEncrypt" time="0.000000" />
    <testcase classname="crypto/des" name="TestPermutationOperationKnownAnswerDecrypt" time="0.000000" />
    <testcase classname="crypto/des" name="TestSubstitutionTableKnownAnswerEncrypt" time="0.000000" />
    <testcase classname="crypto/des" name="TestSubstitutionTableKnownAnswerDecrypt" time="0.000000" />
  </testsuite>
  <testsuite tests="4" failures="0" time="0.000000" name="crypto/dsa" timestamp="2024-04-26T04:42:23Z">
    <properties classname="crypto/dsa">
      <property name="go.version" value="go1.22.2 linux/arm64" />
    </properties>
    <testcase classname="crypto/dsa" name="TestParameterGeneration" time="0.000000" />
    <testcase classname="crypto/dsa" name="TestSignAndVerify" time="0.000000" />
    <testcase classname="crypto/dsa" name="TestSignAndVerifyWithBadPublicKey" time="0.000000" />
    <testcase classname="crypto/dsa" name="TestSigningWithDegenerateKeys" time="0.000000" />
  </testsuite>
  <testsuite tests="0" failures="0" time="0.000000" name="crypto/ecdh" timestamp="2024-04-26T04:42:25Z">
    <properties classname="crypto/ecdh">
      <property name="go.version" value="go1.22.2 linux/arm64" />
    </properties>
    <testcase classname="crypto/ecdh" name="TestMain" time="0.000000">
      <failure message="Failed" type="">ld.lld --gc-sections -L /workspaces/dc-wasm-go/tinygo -o /tmp/tinygo2293093185/main /tmp/tinygo2293093185/main.o /home/vscode/.cache/tinygo/compiler-rt-aarch64-unknown-linux-generic/lib.a /home/vscode/.cache/tinygo/obj-3fd9192bbb8c0507447753a8b8972390a979bbb71b28b3ea50e39abe.bc /home/vscode/.cache/tinygo/obj-f79712e5b2f218317551c5961bf12c37f30f9733eb9ffe02c10c0c3a.bc /home/vscode/.cache/tinygo/musl-aarch64-unknown-linux-generic/crt1.o /home/vscode/.cache/tinygo/musl-aarch64-unknown-linux-generic/lib.a /tmp/tinygo2293093185/embed-a3a5d08c40939adb7c0e9e4f5b689721-823525410.o -mllvm -mcpu=generic --lto-O2 --thinlto-cache-dir=/home/vscode/.cache/tinygo/thinlto -mllvm --rotation-max-header-size=0
ld.lld: error: undefined symbol: crypto/internal/nistec.p256Sqr
&gt;&gt;&gt; referenced by p256_asm.go:584 (/usr/local/go/src/crypto/internal/nistec/p256_asm.go:584)
&gt;&gt;&gt;               /home/vscode/.cache/tinygo/thinlto/llvmcache-5A74BC6C5DE36B0781C2ADFD7B7047B1357A9BAB:(crypto/internal/nistec.p256Inverse)
&gt;&gt;&gt; referenced by p256_asm.go:586 (/usr/local/go/src/crypto/internal/nistec/p256_asm.go:586)
&gt;&gt;&gt;               /home/vscode/.cache/tinygo/thinlto/llvmcache-5A74BC6C5DE36B0781C2ADFD7B7047B1357A9BAB:(crypto/internal/nistec.p256Inverse)
&gt;&gt;&gt; referenced by p256_asm.go:588 (/usr/local/go/src/crypto/internal/nistec/p256_asm.go:588)
&gt;&gt;&gt;               /home/vscode/.cache/tinygo/thinlto/llvmcache-5A74BC6C5DE36B0781C2ADFD7B7047B1357A9BAB:(crypto/internal/nistec.p256Inverse)
&gt;&gt;&gt; referenced 16 more times

ld.lld: error: undefined symbol: crypto/internal/nistec.p256Mul
&gt;&gt;&gt; referenced by p256_asm.go:603 (/usr/local/go/src/crypto/internal/nistec/p256_asm.go:603)
&gt;&gt;&gt;               /home/vscode/.cache/tinygo/thinlto/llvmcache-5A74BC6C5DE36B0781C2ADFD7B7047B1357A9BAB:(crypto/internal/nistec.p256Inverse)
&gt;&gt;&gt; referenced by p256_asm.go:141 (/usr/local/go/src/crypto/internal/nistec/p256_asm.go:141)
&gt;&gt;&gt;               /home/vscode/.cache/tinygo/thinlto/llvmcache-5A74BC6C5DE36B0781C2ADFD7B7047B1357A9BAB:(crypto/internal/nistec.p256Polynomial)
&gt;&gt;&gt; referenced by p256_asm.go:489 (/usr/local/go/src/crypto/internal/nistec/p256_asm.go:489)
&gt;&gt;&gt;               /home/vscode/.cache/tinygo/thinlto/llvmcache-5A74BC6C5DE36B0781C2ADFD7B7047B1357A9BAB:((*crypto/ecdh.PrivateKey).PublicKey$1)
&gt;&gt;&gt; referenced 8 more times

ld.lld: error: undefined symbol: crypto/internal/nistec.p256BigToLittle
&gt;&gt;&gt; referenced by p256_asm.go:95 (/usr/local/go/src/crypto/internal/nistec/p256_asm.go:95)
&gt;&gt;&gt;               /home/vscode/.cache/tinygo/thinlto/llvmcache-5A74BC6C5DE36B0781C2ADFD7B7047B1357A9BAB:((*crypto/internal/nistec.P256Point).SetBytes)
&gt;&gt;&gt; referenced by main
&gt;&gt;&gt;               /home/vscode/.cache/tinygo/thinlto/llvmcache-5A74BC6C5DE36B0781C2ADFD7B7047B1357A9BAB:(OUTLINED_FUNCTION_764)

ld.lld: error: undefined symbol: crypto/internal/nistec.p256FromMont
&gt;&gt;&gt; referenced by p256_asm.go:125 (/usr/local/go/src/crypto/internal/nistec/p256_asm.go:125)
&gt;&gt;&gt;               /home/vscode/.cache/tinygo/thinlto/llvmcache-5A74BC6C5DE36B0781C2ADFD7B7047B1357A9BAB:((*crypto/internal/nistec.P256Point).SetBytes)
&gt;&gt;&gt; referenced by p256_asm.go:516 (/usr/local/go/src/crypto/internal/nistec/p256_asm.go:516)
&gt;&gt;&gt;               /home/vscode/.cache/tinygo/thinlto/llvmcache-5A74BC6C5DE36B0781C2ADFD7B7047B1357A9BAB:((*crypto/ecdh.PrivateKey).ECDH)
&gt;&gt;&gt; referenced by p256_asm.go:494 (/usr/local/go/src/crypto/internal/nistec/p256_asm.go:494)
&gt;&gt;&gt;               /home/vscode/.cache/tinygo/thinlto/llvmcache-5A74BC6C5DE36B0781C2ADFD7B7047B1357A9BAB:((*crypto/ecdh.PrivateKey).PublicKey$1)
&gt;&gt;&gt; referenced 1 more times

ld.lld: error: undefined symbol: crypto/internal/nistec.p256NegCond
&gt;&gt;&gt; referenced by p256_asm.go:127 (/usr/local/go/src/crypto/internal/nistec/p256_asm.go:127)
&gt;&gt;&gt;               /home/vscode/.cache/tinygo/thinlto/llvmcache-5A74BC6C5DE36B0781C2ADFD7B7047B1357A9BAB:((*crypto/internal/nistec.P256Point).SetBytes)
&gt;&gt;&gt; referenced by p256_asm.go:146 (/usr/local/go/src/crypto/internal/nistec/p256_asm.go:146)
&gt;&gt;&gt;               /home/vscode/.cache/tinygo/thinlto/llvmcache-5A74BC6C5DE36B0781C2ADFD7B7047B1357A9BAB:(crypto/internal/nistec.p256Polynomial)
&gt;&gt;&gt; referenced by p256_asm.go:723 (/usr/local/go/src/crypto/internal/nistec/p256_asm.go:723)
&gt;&gt;&gt;               /home/vscode/.cache/tinygo/thinlto/llvmcache-5A74BC6C5DE36B0781C2ADFD7B7047B1357A9BAB:((*crypto/ecdh.PrivateKey).ECDH)
&gt;&gt;&gt; referenced 2 more times

ld.lld: error: undefined symbol: crypto/internal/nistec.p256PointDoubleAsm
&gt;&gt;&gt; referenced by p256_asm.go:660 (/usr/local/go/src/crypto/internal/nistec/p256_asm.go:660)
&gt;&gt;&gt;               /home/vscode/.cache/tinygo/thinlto/llvmcache-5A74BC6C5DE36B0781C2ADFD7B7047B1357A9BAB:((*crypto/ecdh.PrivateKey).ECDH)
&gt;&gt;&gt; referenced by p256_asm.go:661 (/usr/local/go/src/crypto/internal/nistec/p256_asm.go:661)
&gt;&gt;&gt;               /home/vscode/.cache/tinygo/thinlto/llvmcache-5A74BC6C5DE36B0781C2ADFD7B7047B1357A9BAB:((*crypto/ecdh.PrivateKey).ECDH)
&gt;&gt;&gt; referenced by p256_asm.go:662 (/usr/local/go/src/crypto/internal/nistec/p256_asm.go:662)
&gt;&gt;&gt;               /home/vscode/.cache/tinygo/thinlto/llvmcache-5A74BC6C5DE36B0781C2ADFD7B7047B1357A9BAB:((*crypto/ecdh.PrivateKey).ECDH)
&gt;&gt;&gt; referenced 7 more times

ld.lld: error: undefined symbol: crypto/internal/nistec.p256PointAddAsm
&gt;&gt;&gt; referenced by p256_asm.go:669 (/usr/local/go/src/crypto/internal/nistec/p256_asm.go:669)
&gt;&gt;&gt;               /home/vscode/.cache/tinygo/thinlto/llvmcache-5A74BC6C5DE36B0781C2ADFD7B7047B1357A9BAB:((*crypto/ecdh.PrivateKey).ECDH)
&gt;&gt;&gt; referenced by p256_asm.go:681 (/usr/local/go/src/crypto/internal/nistec/p256_asm.go:681)
&gt;&gt;&gt;               /home/vscode/.cache/tinygo/thinlto/llvmcache-5A74BC6C5DE36B0781C2ADFD7B7047B1357A9BAB:((*crypto/ecdh.PrivateKey).ECDH)
&gt;&gt;&gt; referenced by p256_asm.go:691 (/usr/local/go/src/crypto/internal/nistec/p256_asm.go:691)
&gt;&gt;&gt;               /home/vscode/.cache/tinygo/thinlto/llvmcache-5A74BC6C5DE36B0781C2ADFD7B7047B1357A9BAB:((*crypto/ecdh.PrivateKey).ECDH)
&gt;&gt;&gt; referenced 2 more times

ld.lld: error: undefined symbol: crypto/internal/nistec.p256Select
&gt;&gt;&gt; referenced by p256_asm.go:703 (/usr/local/go/src/crypto/internal/nistec/p256_asm.go:703)
&gt;&gt;&gt;               /home/vscode/.cache/tinygo/thinlto/llvmcache-5A74BC6C5DE36B0781C2ADFD7B7047B1357A9BAB:((*crypto/ecdh.PrivateKey).ECDH)
&gt;&gt;&gt; referenced by p256_asm.go:722 (/usr/local/go/src/crypto/internal/nistec/p256_asm.go:722)
&gt;&gt;&gt;               /home/vscode/.cache/tinygo/thinlto/llvmcache-5A74BC6C5DE36B0781C2ADFD7B7047B1357A9BAB:((*crypto/ecdh.PrivateKey).ECDH)
&gt;&gt;&gt; referenced by p256_asm.go:739 (/usr/local/go/src/crypto/internal/nistec/p256_asm.go:739)
&gt;&gt;&gt;               /home/vscode/.cache/tinygo/thinlto/llvmcache-5A74BC6C5DE36B0781C2ADFD7B7047B1357A9BAB:((*crypto/ecdh.PrivateKey).ECDH)

ld.lld: error: undefined symbol: crypto/internal/nistec.p256MovCond
&gt;&gt;&gt; referenced by p256_asm.go:725 (/usr/local/go/src/crypto/internal/nistec/p256_asm.go:725)
&gt;&gt;&gt;               /home/vscode/.cache/tinygo/thinlto/llvmcache-5A74BC6C5DE36B0781C2ADFD7B7047B1357A9BAB:((*crypto/ecdh.PrivateKey).ECDH)
&gt;&gt;&gt; referenced by p256_asm.go:742 (/usr/local/go/src/crypto/internal/nistec/p256_asm.go:742)
&gt;&gt;&gt;               /home/vscode/.cache/tinygo/thinlto/llvmcache-5A74BC6C5DE36B0781C2ADFD7B7047B1357A9BAB:((*crypto/ecdh.PrivateKey).ECDH)
&gt;&gt;&gt; referenced by p256_asm.go:648 (/usr/local/go/src/crypto/internal/nistec/p256_asm.go:648)
&gt;&gt;&gt;               /home/vscode/.cache/tinygo/thinlto/llvmcache-5A74BC6C5DE36B0781C2ADFD7B7047B1357A9BAB:((*crypto/ecdh.PrivateKey).PublicKey$1)
&gt;&gt;&gt; referenced 1 more times

ld.lld: error: undefined symbol: crypto/internal/nistec.p256LittleToBig
&gt;&gt;&gt; referenced by p256_asm.go:517 (/usr/local/go/src/crypto/internal/nistec/p256_asm.go:517)
&gt;&gt;&gt;               /home/vscode/.cache/tinygo/thinlto/llvmcache-5A74BC6C5DE36B0781C2ADFD7B7047B1357A9BAB:((*crypto/ecdh.PrivateKey).ECDH)
&gt;&gt;&gt; referenced by p256_asm.go:478 (/usr/local/go/src/crypto/internal/nistec/p256_asm.go:478)
&gt;&gt;&gt;               /home/vscode/.cache/tinygo/thinlto/llvmcache-5A74BC6C5DE36B0781C2ADFD7B7047B1357A9BAB:((*crypto/ecdh.PrivateKey).PublicKey$1)
&gt;&gt;&gt; referenced by p256_asm.go:479 (/usr/local/go/src/crypto/internal/nistec/p256_asm.go:479)
&gt;&gt;&gt;               /home/vscode/.cache/tinygo/thinlto/llvmcache-5A74BC6C5DE36B0781C2ADFD7B7047B1357A9BAB:((*crypto/ecdh.PrivateKey).PublicKey$1)

ld.lld: error: undefined symbol: crypto/internal/nistec.p256SelectAffine
&gt;&gt;&gt; referenced by p256_asm.go:627 (/usr/local/go/src/crypto/internal/nistec/p256_asm.go:627)
&gt;&gt;&gt;               /home/vscode/.cache/tinygo/thinlto/llvmcache-5A74BC6C5DE36B0781C2ADFD7B7047B1357A9BAB:((*crypto/ecdh.PrivateKey).PublicKey$1)
&gt;&gt;&gt; referenced by p256_asm.go:642 (/usr/local/go/src/crypto/internal/nistec/p256_asm.go:642)
&gt;&gt;&gt;               /home/vscode/.cache/tinygo/thinlto/llvmcache-5A74BC6C5DE36B0781C2ADFD7B7047B1357A9BAB:((*crypto/ecdh.PrivateKey).PublicKey$1)

ld.lld: error: undefined symbol: crypto/internal/nistec.p256PointAddAffineAsm
&gt;&gt;&gt; referenced by p256_asm.go:643 (/usr/local/go/src/crypto/internal/nistec/p256_asm.go:643)
&gt;&gt;&gt;               /home/vscode/.cache/tinygo/thinlto/llvmcache-5A74BC6C5DE36B0781C2ADFD7B7047B1357A9BAB:((*crypto/ecdh.PrivateKey).PublicKey$1)

ld.lld: error: undefined symbol: crypto/internal/nistec.p256OrdBigToLittle
&gt;&gt;&gt; referenced by main
&gt;&gt;&gt;               /home/vscode/.cache/tinygo/thinlto/llvmcache-5A74BC6C5DE36B0781C2ADFD7B7047B1357A9BAB:(OUTLINED_FUNCTION_784)
failed to run tool: ld.lld
FAIL	crypto/ecdh	0.000s
error: failed to link /tmp/tinygo2293093185/main: exit status 1
</failure>
    </testcase>
  </testsuite>
  <testsuite tests="0" failures="0" time="0.000000" name="crypto/ecdsa" timestamp="2024-04-26T04:42:25Z">
    <properties classname="crypto/ecdsa">
      <property name="go.version" value="go1.22.2 linux/arm64" />
    </properties>
    <testcase classname="crypto/ecdsa" name="TestMain" time="0.000000">
      <failure message="Failed" type="">ld.lld --gc-sections -L /workspaces/dc-wasm-go/tinygo -o /tmp/tinygo3597089057/main /tmp/tinygo3597089057/main.o /home/vscode/.cache/tinygo/compiler-rt-aarch64-unknown-linux-generic/lib.a /home/vscode/.cache/tinygo/obj-3fd9192bbb8c0507447753a8b8972390a979bbb71b28b3ea50e39abe.bc /home/vscode/.cache/tinygo/obj-f79712e5b2f218317551c5961bf12c37f30f9733eb9ffe02c10c0c3a.bc /home/vscode/.cache/tinygo/musl-aarch64-unknown-linux-generic/crt1.o /home/vscode/.cache/tinygo/musl-aarch64-unknown-linux-generic/lib.a /tmp/tinygo3597089057/embed-a3a5d08c40939adb7c0e9e4f5b689721-2247943259.o -mllvm -mcpu=generic --lto-O2 --thinlto-cache-dir=/home/vscode/.cache/tinygo/thinlto -mllvm --rotation-max-header-size=0
ld.lld: error: undefined symbol: crypto/aes.encryptBlockAsm
&gt;&gt;&gt; referenced by cipher_asm.go:81 (/usr/local/go/src/crypto/aes/cipher_asm.go:81)
&gt;&gt;&gt;               /home/vscode/.cache/tinygo/thinlto/llvmcache-C89B393798C9A5509BF6492389FB2156FA046854:((*crypto/aes.aesCipherAsm).Encrypt)

ld.lld: error: undefined symbol: crypto/internal/nistec.p256PointAddAsm
&gt;&gt;&gt; referenced by p256_asm.go:387 (/usr/local/go/src/crypto/internal/nistec/p256_asm.go:387)
&gt;&gt;&gt;               /home/vscode/.cache/tinygo/thinlto/llvmcache-C89B393798C9A5509BF6492389FB2156FA046854:((*crypto/internal/nistec.P256Point).Add)
&gt;&gt;&gt; referenced by p256_asm.go:669 (/usr/local/go/src/crypto/internal/nistec/p256_asm.go:669)
&gt;&gt;&gt;               /home/vscode/.cache/tinygo/thinlto/llvmcache-C89B393798C9A5509BF6492389FB2156FA046854:((*crypto/internal/nistec.P256Point).ScalarMult)
&gt;&gt;&gt; referenced by p256_asm.go:681 (/usr/local/go/src/crypto/internal/nistec/p256_asm.go:681)
&gt;&gt;&gt;               /home/vscode/.cache/tinygo/thinlto/llvmcache-C89B393798C9A5509BF6492389FB2156FA046854:((*crypto/internal/nistec.P256Point).ScalarMult)
&gt;&gt;&gt; referenced 3 more times

ld.lld: error: undefined symbol: crypto/internal/nistec.p256PointDoubleAsm
&gt;&gt;&gt; referenced by p256_asm.go:388 (/usr/local/go/src/crypto/internal/nistec/p256_asm.go:388)
&gt;&gt;&gt;               /home/vscode/.cache/tinygo/thinlto/llvmcache-C89B393798C9A5509BF6492389FB2156FA046854:((*crypto/internal/nistec.P256Point).Add)
&gt;&gt;&gt; referenced by p256_asm.go:660 (/usr/local/go/src/crypto/internal/nistec/p256_asm.go:660)
&gt;&gt;&gt;               /home/vscode/.cache/tinygo/thinlto/llvmcache-C89B393798C9A5509BF6492389FB2156FA046854:((*crypto/internal/nistec.P256Point).ScalarMult)
&gt;&gt;&gt; referenced by p256_asm.go:661 (/usr/local/go/src/crypto/internal/nistec/p256_asm.go:661)
&gt;&gt;&gt;               /home/vscode/.cache/tinygo/thinlto/llvmcache-C89B393798C9A5509BF6492389FB2156FA046854:((*crypto/internal/nistec.P256Point).ScalarMult)
&gt;&gt;&gt; referenced 8 more times

ld.lld: error: undefined symbol: crypto/internal/nistec.p256MovCond
&gt;&gt;&gt; referenced by p256_asm.go:389 (/usr/local/go/src/crypto/internal/nistec/p256_asm.go:389)
&gt;&gt;&gt;               /home/vscode/.cache/tinygo/thinlto/llvmcache-C89B393798C9A5509BF6492389FB2156FA046854:((*crypto/internal/nistec.P256Point).Add)
&gt;&gt;&gt; referenced by p256_asm.go:390 (/usr/local/go/src/crypto/internal/nistec/p256_asm.go:390)
&gt;&gt;&gt;               /home/vscode/.cache/tinygo/thinlto/llvmcache-C89B393798C9A5509BF6492389FB2156FA046854:((*crypto/internal/nistec.P256Point).Add)
&gt;&gt;&gt; referenced by p256_asm.go:391 (/usr/local/go/src/crypto/internal/nistec/p256_asm.go:391)
&gt;&gt;&gt;               /home/vscode/.cache/tinygo/thinlto/llvmcache-C89B393798C9A5509BF6492389FB2156FA046854:((*crypto/internal/nistec.P256Point).Add)
&gt;&gt;&gt; referenced 4 more times

ld.lld: error: undefined symbol: crypto/internal/nistec.p256Mul
&gt;&gt;&gt; referenced by p256_asm.go:489 (/usr/local/go/src/crypto/internal/nistec/p256_asm.go:489)
&gt;&gt;&gt;               /home/vscode/.cache/tinygo/thinlto/llvmcache-C89B393798C9A5509BF6492389FB2156FA046854:((*crypto/internal/nistec.P256Point).Bytes)
&gt;&gt;&gt; referenced by p256_asm.go:603 (/usr/local/go/src/crypto/internal/nistec/p256_asm.go:603)
&gt;&gt;&gt;               /home/vscode/.cache/tinygo/thinlto/llvmcache-C89B393798C9A5509BF6492389FB2156FA046854:(crypto/internal/nistec.p256Inverse)
&gt;&gt;&gt; referenced by main
&gt;&gt;&gt;               /home/vscode/.cache/tinygo/thinlto/llvmcache-C89B393798C9A5509BF6492389FB2156FA046854:(OUTLINED_FUNCTION_189)
&gt;&gt;&gt; referenced 5 more times

ld.lld: error: undefined symbol: crypto/internal/nistec.p256FromMont
&gt;&gt;&gt; referenced by p256_asm.go:495 (/usr/local/go/src/crypto/internal/nistec/p256_asm.go:495)
&gt;&gt;&gt;               /home/vscode/.cache/tinygo/thinlto/llvmcache-C89B393798C9A5509BF6492389FB2156FA046854:((*crypto/internal/nistec.P256Point).Bytes)
&gt;&gt;&gt; referenced by p256_asm.go:125 (/usr/local/go/src/crypto/internal/nistec/p256_asm.go:125)
&gt;&gt;&gt;               /home/vscode/.cache/tinygo/thinlto/llvmcache-C89B393798C9A5509BF6492389FB2156FA046854:((*crypto/internal/nistec.P256Point).SetBytes)
&gt;&gt;&gt; referenced by main
&gt;&gt;&gt;               /home/vscode/.cache/tinygo/thinlto/llvmcache-C89B393798C9A5509BF6492389FB2156FA046854:(OUTLINED_FUNCTION_1215)

ld.lld: error: undefined symbol: crypto/internal/nistec.p256LittleToBig
&gt;&gt;&gt; referenced by p256_asm.go:478 (/usr/local/go/src/crypto/internal/nistec/p256_asm.go:478)
&gt;&gt;&gt;               /home/vscode/.cache/tinygo/thinlto/llvmcache-C89B393798C9A5509BF6492389FB2156FA046854:((*crypto/internal/nistec.P256Point).Bytes)
&gt;&gt;&gt; referenced by p256_asm.go:479 (/usr/local/go/src/crypto/internal/nistec/p256_asm.go:479)
&gt;&gt;&gt;               /home/vscode/.cache/tinygo/thinlto/llvmcache-C89B393798C9A5509BF6492389FB2156FA046854:((*crypto/internal/nistec.P256Point).Bytes)
&gt;&gt;&gt; referenced by p256_asm.go:517 (/usr/local/go/src/crypto/internal/nistec/p256_asm.go:517)
&gt;&gt;&gt;               /home/vscode/.cache/tinygo/thinlto/llvmcache-C89B393798C9A5509BF6492389FB2156FA046854:((*crypto/internal/nistec.P256Point).BytesX)

ld.lld: error: undefined symbol: crypto/internal/nistec.p256Sqr
&gt;&gt;&gt; referenced by p256_asm.go:584 (/usr/local/go/src/crypto/internal/nistec/p256_asm.go:584)
&gt;&gt;&gt;               /home/vscode/.cache/tinygo/thinlto/llvmcache-C89B393798C9A5509BF6492389FB2156FA046854:(crypto/internal/nistec.p256Inverse)
&gt;&gt;&gt; referenced by p256_asm.go:586 (/usr/local/go/src/crypto/internal/nistec/p256_asm.go:586)
&gt;&gt;&gt;               /home/vscode/.cache/tinygo/thinlto/llvmcache-C89B393798C9A5509BF6492389FB2156FA046854:(crypto/internal/nistec.p256Inverse)
&gt;&gt;&gt; referenced by p256_asm.go:588 (/usr/local/go/src/crypto/internal/nistec/p256_asm.go:588)
&gt;&gt;&gt;               /home/vscode/.cache/tinygo/thinlto/llvmcache-C89B393798C9A5509BF6492389FB2156FA046854:(crypto/internal/nistec.p256Inverse)
&gt;&gt;&gt; referenced 16 more times

ld.lld: error: undefined symbol: crypto/internal/nistec.p256OrdBigToLittle
&gt;&gt;&gt; referenced by p256_asm.go:410 (/usr/local/go/src/crypto/internal/nistec/p256_asm.go:410)
&gt;&gt;&gt;               /home/vscode/.cache/tinygo/thinlto/llvmcache-C89B393798C9A5509BF6492389FB2156FA046854:((*crypto/internal/nistec.P256Point).ScalarBaseMult)
&gt;&gt;&gt; referenced by p256_asm.go:425 (/usr/local/go/src/crypto/internal/nistec/p256_asm.go:425)
&gt;&gt;&gt;               /home/vscode/.cache/tinygo/thinlto/llvmcache-C89B393798C9A5509BF6492389FB2156FA046854:((*crypto/internal/nistec.P256Point).ScalarMult)
&gt;&gt;&gt; referenced by p256_ordinv.go:27 (/usr/local/go/src/crypto/internal/nistec/p256_ordinv.go:27)
&gt;&gt;&gt;               /home/vscode/.cache/tinygo/thinlto/llvmcache-C89B393798C9A5509BF6492389FB2156FA046854:(crypto/internal/nistec.P256OrdInverse)

ld.lld: error: undefined symbol: crypto/internal/nistec.p256SelectAffine
&gt;&gt;&gt; referenced by p256_asm.go:627 (/usr/local/go/src/crypto/internal/nistec/p256_asm.go:627)
&gt;&gt;&gt;               /home/vscode/.cache/tinygo/thinlto/llvmcache-C89B393798C9A5509BF6492389FB2156FA046854:((*crypto/internal/nistec.P256Point).ScalarBaseMult)
&gt;&gt;&gt; referenced by p256_asm.go:642 (/usr/local/go/src/crypto/internal/nistec/p256_asm.go:642)
&gt;&gt;&gt;               /home/vscode/.cache/tinygo/thinlto/llvmcache-C89B393798C9A5509BF6492389FB2156FA046854:((*crypto/internal/nistec.P256Point).ScalarBaseMult)

ld.lld: error: undefined symbol: crypto/internal/nistec.p256NegCond
&gt;&gt;&gt; referenced by p256_asm.go:629 (/usr/local/go/src/crypto/internal/nistec/p256_asm.go:629)
&gt;&gt;&gt;               /home/vscode/.cache/tinygo/thinlto/llvmcache-C89B393798C9A5509BF6492389FB2156FA046854:((*crypto/internal/nistec.P256Point).ScalarBaseMult)
&gt;&gt;&gt; referenced by p256_asm.go:723 (/usr/local/go/src/crypto/internal/nistec/p256_asm.go:723)
&gt;&gt;&gt;               /home/vscode/.cache/tinygo/thinlto/llvmcache-C89B393798C9A5509BF6492389FB2156FA046854:((*crypto/internal/nistec.P256Point).ScalarMult)
&gt;&gt;&gt; referenced by p256_asm.go:740 (/usr/local/go/src/crypto/internal/nistec/p256_asm.go:740)
&gt;&gt;&gt;               /home/vscode/.cache/tinygo/thinlto/llvmcache-C89B393798C9A5509BF6492389FB2156FA046854:((*crypto/internal/nistec.P256Point).ScalarMult)
&gt;&gt;&gt; referenced 2 more times

ld.lld: error: undefined symbol: crypto/internal/nistec.p256PointAddAffineAsm
&gt;&gt;&gt; referenced by p256_asm.go:643 (/usr/local/go/src/crypto/internal/nistec/p256_asm.go:643)
&gt;&gt;&gt;               /home/vscode/.cache/tinygo/thinlto/llvmcache-C89B393798C9A5509BF6492389FB2156FA046854:((*crypto/internal/nistec.P256Point).ScalarBaseMult)

ld.lld: error: undefined symbol: crypto/internal/nistec.p256Select
&gt;&gt;&gt; referenced by p256_asm.go:703 (/usr/local/go/src/crypto/internal/nistec/p256_asm.go:703)
&gt;&gt;&gt;               /home/vscode/.cache/tinygo/thinlto/llvmcache-C89B393798C9A5509BF6492389FB2156FA046854:((*crypto/internal/nistec.P256Point).ScalarMult)
&gt;&gt;&gt; referenced by p256_asm.go:722 (/usr/local/go/src/crypto/internal/nistec/p256_asm.go:722)
&gt;&gt;&gt;               /home/vscode/.cache/tinygo/thinlto/llvmcache-C89B393798C9A5509BF6492389FB2156FA046854:((*crypto/internal/nistec.P256Point).ScalarMult)
&gt;&gt;&gt; referenced by p256_asm.go:739 (/usr/local/go/src/crypto/internal/nistec/p256_asm.go:739)
&gt;&gt;&gt;               /home/vscode/.cache/tinygo/thinlto/llvmcache-C89B393798C9A5509BF6492389FB2156FA046854:((*crypto/internal/nistec.P256Point).ScalarMult)

ld.lld: error: undefined symbol: crypto/internal/nistec.p256BigToLittle
&gt;&gt;&gt; referenced by p256_asm.go:95 (/usr/local/go/src/crypto/internal/nistec/p256_asm.go:95)
&gt;&gt;&gt;               /home/vscode/.cache/tinygo/thinlto/llvmcache-C89B393798C9A5509BF6492389FB2156FA046854:((*crypto/internal/nistec.P256Point).SetBytes)
&gt;&gt;&gt; referenced by main
&gt;&gt;&gt;               /home/vscode/.cache/tinygo/thinlto/llvmcache-C89B393798C9A5509BF6492389FB2156FA046854:(OUTLINED_FUNCTION_1291)

ld.lld: error: undefined symbol: crypto/internal/nistec.p256OrdMul
&gt;&gt;&gt; referenced by p256_ordinv.go:51 (/usr/local/go/src/crypto/internal/nistec/p256_ordinv.go:51)
&gt;&gt;&gt;               /home/vscode/.cache/tinygo/thinlto/llvmcache-C89B393798C9A5509BF6492389FB2156FA046854:(crypto/internal/nistec.P256OrdInverse)
&gt;&gt;&gt; referenced by p256_ordinv.go:53 (/usr/local/go/src/crypto/internal/nistec/p256_ordinv.go:53)
&gt;&gt;&gt;               /home/vscode/.cache/tinygo/thinlto/llvmcache-C89B393798C9A5509BF6492389FB2156FA046854:(crypto/internal/nistec.P256OrdInverse)
&gt;&gt;&gt; referenced by p256_ordinv.go:54 (/usr/local/go/src/crypto/internal/nistec/p256_ordinv.go:54)
&gt;&gt;&gt;               /home/vscode/.cache/tinygo/thinlto/llvmcache-C89B393798C9A5509BF6492389FB2156FA046854:(crypto/internal/nistec.P256OrdInverse)
&gt;&gt;&gt; referenced 7 more times

ld.lld: error: undefined symbol: crypto/internal/nistec.p256OrdSqr
&gt;&gt;&gt; referenced by p256_ordinv.go:64 (/usr/local/go/src/crypto/internal/nistec/p256_ordinv.go:64)
&gt;&gt;&gt;               /home/vscode/.cache/tinygo/thinlto/llvmcache-C89B393798C9A5509BF6492389FB2156FA046854:(crypto/internal/nistec.P256OrdInverse)
&gt;&gt;&gt; referenced by p256_ordinv.go:66 (/usr/local/go/src/crypto/internal/nistec/p256_ordinv.go:66)
&gt;&gt;&gt;               /home/vscode/.cache/tinygo/thinlto/llvmcache-C89B393798C9A5509BF6492389FB2156FA046854:(crypto/internal/nistec.P256OrdInverse)
&gt;&gt;&gt; referenced by p256_ordinv.go:68 (/usr/local/go/src/crypto/internal/nistec/p256_ordinv.go:68)
&gt;&gt;&gt;               /home/vscode/.cache/tinygo/thinlto/llvmcache-C89B393798C9A5509BF6492389FB2156FA046854:(crypto/internal/nistec.P256OrdInverse)
&gt;&gt;&gt; referenced 4 more times

ld.lld: error: undefined symbol: crypto/internal/nistec.p256OrdLittleToBig
&gt;&gt;&gt; referenced by p256_ordinv.go:100 (/usr/local/go/src/crypto/internal/nistec/p256_ordinv.go:100)
&gt;&gt;&gt;               /home/vscode/.cache/tinygo/thinlto/llvmcache-C89B393798C9A5509BF6492389FB2156FA046854:(crypto/internal/nistec.P256OrdInverse)
failed to run tool: ld.lld
FAIL	crypto/ecdsa	0.000s
error: failed to link /tmp/tinygo3597089057/main: exit status 1
</failure>
    </testcase>
  </testsuite>
  <testsuite tests="9" failures="1" time="0.000000" name="crypto/ed25519" timestamp="2024-04-26T04:42:26Z">
    <properties classname="crypto/ed25519">
      <property name="go.version" value="go1.22.2 linux/arm64" />
    </properties>
    <testcase classname="crypto/ed25519" name="TestEd25519Vectors" time="0.000000">
      <failure message="Failed" type="">=== RUN   TestEd25519Vectors
    skipping test: 'go build' unavailable: /usr/local/go/bin/go tool -n compile: fork/exec /usr/local/go/bin/go: operation not implemented
    SkipNow is incomplete, requires runtime.Goexit()
    platform cannot run go tool
    FailNow is incomplete, requires runtime.Goexit()
    failed to run `go mod download -json filippo.io/mostly-harmless/ed25519vectors@v0.0.0-20210322192420-30a2d7243a94`, output: 
    FailNow is incomplete, requires runtime.Goexit()
    unexpected end of JSON input
    FailNow is incomplete, requires runtime.Goexit()
    failed to read ed25519vectors.json: open ed25519vectors.json: file does not exist
    FailNow is incomplete, requires runtime.Goexit()
    unexpected end of JSON input
    FailNow is incomplete, requires runtime.Goexit()
--- FAIL: TestEd25519Vectors (0.01s)
</failure>
    </testcase>
    <testcase classname="crypto/ed25519" name="TestSignVerify" time="0.000000" />
    <testcase classname="crypto/ed25519" name="TestSignVerifyHashed" time="0.000000" />
    <testcase classname="crypto/ed25519" name="TestSignVerifyContext" time="0.000000" />
    <testcase classname="crypto/ed25519" name="TestCryptoSigner" time="0.000000" />
    <testcase classname="crypto/ed25519" name="TestEqual" time="0.000000" />
    <testcase classname="crypto/ed25519" name="TestGolden" time="0.000000" />
    <testcase classname="crypto/ed25519" name="TestMalleability" time="0.000000" />
    <testcase classname="crypto/ed25519" name="TestAllocations" time="0.000000" />
  </testsuite>
  <testsuite tests="0" failures="0" time="0.000000" name="crypto/elliptic" timestamp="2024-04-26T04:42:30Z">
    <properties classname="crypto/elliptic">
      <property name="go.version" value="go1.22.2 linux/arm64" />
    </properties>
    <testcase classname="crypto/elliptic" name="TestMain" time="0.000000">
      <failure message="Failed" type="">ld.lld --gc-sections -L /workspaces/dc-wasm-go/tinygo -o /tmp/tinygo2367157109/main /tmp/tinygo2367157109/main.o /home/vscode/.cache/tinygo/compiler-rt-aarch64-unknown-linux-generic/lib.a /home/vscode/.cache/tinygo/obj-3fd9192bbb8c0507447753a8b8972390a979bbb71b28b3ea50e39abe.bc /home/vscode/.cache/tinygo/obj-f79712e5b2f218317551c5961bf12c37f30f9733eb9ffe02c10c0c3a.bc /home/vscode/.cache/tinygo/musl-aarch64-unknown-linux-generic/crt1.o /home/vscode/.cache/tinygo/musl-aarch64-unknown-linux-generic/lib.a /tmp/tinygo2367157109/embed-a3a5d08c40939adb7c0e9e4f5b689721-286954641.o -mllvm -mcpu=generic --lto-O2 --thinlto-cache-dir=/home/vscode/.cache/tinygo/thinlto -mllvm --rotation-max-header-size=0
ld.lld: error: undefined symbol: crypto/internal/nistec.p256PointAddAsm
&gt;&gt;&gt; referenced by p256_asm.go:387 (/usr/local/go/src/crypto/internal/nistec/p256_asm.go:387)
&gt;&gt;&gt;               /home/vscode/.cache/tinygo/thinlto/llvmcache-8FA5BE76747A57968C9E4E31DF22FA93459ACB02:((*crypto/internal/nistec.P256Point).Add)
&gt;&gt;&gt; referenced by p256_asm.go:669 (/usr/local/go/src/crypto/internal/nistec/p256_asm.go:669)
&gt;&gt;&gt;               /home/vscode/.cache/tinygo/thinlto/llvmcache-8FA5BE76747A57968C9E4E31DF22FA93459ACB02:((*crypto/internal/nistec.P256Point).ScalarMult)
&gt;&gt;&gt; referenced by p256_asm.go:681 (/usr/local/go/src/crypto/internal/nistec/p256_asm.go:681)
&gt;&gt;&gt;               /home/vscode/.cache/tinygo/thinlto/llvmcache-8FA5BE76747A57968C9E4E31DF22FA93459ACB02:((*crypto/internal/nistec.P256Point).ScalarMult)
&gt;&gt;&gt; referenced 3 more times

ld.lld: error: undefined symbol: crypto/internal/nistec.p256PointDoubleAsm
&gt;&gt;&gt; referenced by p256_asm.go:388 (/usr/local/go/src/crypto/internal/nistec/p256_asm.go:388)
&gt;&gt;&gt;               /home/vscode/.cache/tinygo/thinlto/llvmcache-8FA5BE76747A57968C9E4E31DF22FA93459ACB02:((*crypto/internal/nistec.P256Point).Add)
&gt;&gt;&gt; referenced by p256_asm.go:660 (/usr/local/go/src/crypto/internal/nistec/p256_asm.go:660)
&gt;&gt;&gt;               /home/vscode/.cache/tinygo/thinlto/llvmcache-8FA5BE76747A57968C9E4E31DF22FA93459ACB02:((*crypto/internal/nistec.P256Point).ScalarMult)
&gt;&gt;&gt; referenced by p256_asm.go:661 (/usr/local/go/src/crypto/internal/nistec/p256_asm.go:661)
&gt;&gt;&gt;               /home/vscode/.cache/tinygo/thinlto/llvmcache-8FA5BE76747A57968C9E4E31DF22FA93459ACB02:((*crypto/internal/nistec.P256Point).ScalarMult)
&gt;&gt;&gt; referenced 9 more times

ld.lld: error: undefined symbol: crypto/internal/nistec.p256MovCond
&gt;&gt;&gt; referenced by p256_asm.go:389 (/usr/local/go/src/crypto/internal/nistec/p256_asm.go:389)
&gt;&gt;&gt;               /home/vscode/.cache/tinygo/thinlto/llvmcache-8FA5BE76747A57968C9E4E31DF22FA93459ACB02:((*crypto/internal/nistec.P256Point).Add)
&gt;&gt;&gt; referenced by p256_asm.go:390 (/usr/local/go/src/crypto/internal/nistec/p256_asm.go:390)
&gt;&gt;&gt;               /home/vscode/.cache/tinygo/thinlto/llvmcache-8FA5BE76747A57968C9E4E31DF22FA93459ACB02:((*crypto/internal/nistec.P256Point).Add)
&gt;&gt;&gt; referenced by p256_asm.go:391 (/usr/local/go/src/crypto/internal/nistec/p256_asm.go:391)
&gt;&gt;&gt;               /home/vscode/.cache/tinygo/thinlto/llvmcache-8FA5BE76747A57968C9E4E31DF22FA93459ACB02:((*crypto/internal/nistec.P256Point).Add)
&gt;&gt;&gt; referenced 4 more times

ld.lld: error: undefined symbol: crypto/internal/nistec.p256OrdBigToLittle
&gt;&gt;&gt; referenced by p256_asm.go:410 (/usr/local/go/src/crypto/internal/nistec/p256_asm.go:410)
&gt;&gt;&gt;               /home/vscode/.cache/tinygo/thinlto/llvmcache-8FA5BE76747A57968C9E4E31DF22FA93459ACB02:((*crypto/internal/nistec.P256Point).ScalarBaseMult)
&gt;&gt;&gt; referenced by p256_asm.go:425 (/usr/local/go/src/crypto/internal/nistec/p256_asm.go:425)
&gt;&gt;&gt;               /home/vscode/.cache/tinygo/thinlto/llvmcache-8FA5BE76747A57968C9E4E31DF22FA93459ACB02:((*crypto/internal/nistec.P256Point).ScalarMult)

ld.lld: error: undefined symbol: crypto/internal/nistec.p256SelectAffine
&gt;&gt;&gt; referenced by p256_asm.go:627 (/usr/local/go/src/crypto/internal/nistec/p256_asm.go:627)
&gt;&gt;&gt;               /home/vscode/.cache/tinygo/thinlto/llvmcache-8FA5BE76747A57968C9E4E31DF22FA93459ACB02:((*crypto/internal/nistec.P256Point).ScalarBaseMult)
&gt;&gt;&gt; referenced by p256_asm.go:642 (/usr/local/go/src/crypto/internal/nistec/p256_asm.go:642)
&gt;&gt;&gt;               /home/vscode/.cache/tinygo/thinlto/llvmcache-8FA5BE76747A57968C9E4E31DF22FA93459ACB02:((*crypto/internal/nistec.P256Point).ScalarBaseMult)

ld.lld: error: undefined symbol: crypto/internal/nistec.p256NegCond
&gt;&gt;&gt; referenced by p256_asm.go:629 (/usr/local/go/src/crypto/internal/nistec/p256_asm.go:629)
&gt;&gt;&gt;               /home/vscode/.cache/tinygo/thinlto/llvmcache-8FA5BE76747A57968C9E4E31DF22FA93459ACB02:((*crypto/internal/nistec.P256Point).ScalarBaseMult)
&gt;&gt;&gt; referenced by p256_asm.go:723 (/usr/local/go/src/crypto/internal/nistec/p256_asm.go:723)
&gt;&gt;&gt;               /home/vscode/.cache/tinygo/thinlto/llvmcache-8FA5BE76747A57968C9E4E31DF22FA93459ACB02:((*crypto/internal/nistec.P256Point).ScalarMult)
&gt;&gt;&gt; referenced by p256_asm.go:740 (/usr/local/go/src/crypto/internal/nistec/p256_asm.go:740)
&gt;&gt;&gt;               /home/vscode/.cache/tinygo/thinlto/llvmcache-8FA5BE76747A57968C9E4E31DF22FA93459ACB02:((*crypto/internal/nistec.P256Point).ScalarMult)
&gt;&gt;&gt; referenced 2 more times

ld.lld: error: undefined symbol: crypto/internal/nistec.p256PointAddAffineAsm
&gt;&gt;&gt; referenced by p256_asm.go:643 (/usr/local/go/src/crypto/internal/nistec/p256_asm.go:643)
&gt;&gt;&gt;               /home/vscode/.cache/tinygo/thinlto/llvmcache-8FA5BE76747A57968C9E4E31DF22FA93459ACB02:((*crypto/internal/nistec.P256Point).ScalarBaseMult)

ld.lld: error: undefined symbol: crypto/internal/nistec.p256Select
&gt;&gt;&gt; referenced by p256_asm.go:703 (/usr/local/go/src/crypto/internal/nistec/p256_asm.go:703)
&gt;&gt;&gt;               /home/vscode/.cache/tinygo/thinlto/llvmcache-8FA5BE76747A57968C9E4E31DF22FA93459ACB02:((*crypto/internal/nistec.P256Point).ScalarMult)
&gt;&gt;&gt; referenced by p256_asm.go:722 (/usr/local/go/src/crypto/internal/nistec/p256_asm.go:722)
&gt;&gt;&gt;               /home/vscode/.cache/tinygo/thinlto/llvmcache-8FA5BE76747A57968C9E4E31DF22FA93459ACB02:((*crypto/internal/nistec.P256Point).ScalarMult)
&gt;&gt;&gt; referenced by p256_asm.go:739 (/usr/local/go/src/crypto/internal/nistec/p256_asm.go:739)
&gt;&gt;&gt;               /home/vscode/.cache/tinygo/thinlto/llvmcache-8FA5BE76747A57968C9E4E31DF22FA93459ACB02:((*crypto/internal/nistec.P256Point).ScalarMult)

ld.lld: error: undefined symbol: crypto/internal/nistec.p256BigToLittle
&gt;&gt;&gt; referenced by p256_asm.go:95 (/usr/local/go/src/crypto/internal/nistec/p256_asm.go:95)
&gt;&gt;&gt;               /home/vscode/.cache/tinygo/thinlto/llvmcache-8FA5BE76747A57968C9E4E31DF22FA93459ACB02:((*crypto/internal/nistec.P256Point).SetBytes)
&gt;&gt;&gt; referenced by main
&gt;&gt;&gt;               /home/vscode/.cache/tinygo/thinlto/llvmcache-8FA5BE76747A57968C9E4E31DF22FA93459ACB02:(OUTLINED_FUNCTION_830)

ld.lld: error: undefined symbol: crypto/internal/nistec.p256Sqr
&gt;&gt;&gt; referenced by p256_asm.go:162 (/usr/local/go/src/crypto/internal/nistec/p256_asm.go:162)
&gt;&gt;&gt;               /home/vscode/.cache/tinygo/thinlto/llvmcache-8FA5BE76747A57968C9E4E31DF22FA93459ACB02:((*crypto/internal/nistec.P256Point).SetBytes)
&gt;&gt;&gt; referenced by p256_asm.go:230 (/usr/local/go/src/crypto/internal/nistec/p256_asm.go:230)
&gt;&gt;&gt;               /home/vscode/.cache/tinygo/thinlto/llvmcache-8FA5BE76747A57968C9E4E31DF22FA93459ACB02:((*crypto/internal/nistec.P256Point).SetBytes)
&gt;&gt;&gt; referenced by p256_asm.go:232 (/usr/local/go/src/crypto/internal/nistec/p256_asm.go:232)
&gt;&gt;&gt;               /home/vscode/.cache/tinygo/thinlto/llvmcache-8FA5BE76747A57968C9E4E31DF22FA93459ACB02:((*crypto/internal/nistec.P256Point).SetBytes)
&gt;&gt;&gt; referenced 16 more times

ld.lld: error: undefined symbol: crypto/internal/nistec.p256FromMont
&gt;&gt;&gt; referenced by p256_asm.go:125 (/usr/local/go/src/crypto/internal/nistec/p256_asm.go:125)
&gt;&gt;&gt;               /home/vscode/.cache/tinygo/thinlto/llvmcache-8FA5BE76747A57968C9E4E31DF22FA93459ACB02:((*crypto/internal/nistec.P256Point).SetBytes)
&gt;&gt;&gt; referenced by p256_asm.go:494 (/usr/local/go/src/crypto/internal/nistec/p256_asm.go:494)
&gt;&gt;&gt;               /home/vscode/.cache/tinygo/thinlto/llvmcache-8FA5BE76747A57968C9E4E31DF22FA93459ACB02:((*crypto/elliptic.nistCurve[*crypto/internal/nistec.P256Point]).pointToAffine[*crypto/internal/nistec.P256Point])
&gt;&gt;&gt; referenced by p256_asm.go:495 (/usr/local/go/src/crypto/internal/nistec/p256_asm.go:495)
&gt;&gt;&gt;               /home/vscode/.cache/tinygo/thinlto/llvmcache-8FA5BE76747A57968C9E4E31DF22FA93459ACB02:((*crypto/elliptic.nistCurve[*crypto/internal/nistec.P256Point]).pointToAffine[*crypto/internal/nistec.P256Point])

ld.lld: error: undefined symbol: crypto/internal/nistec.p256Mul
&gt;&gt;&gt; referenced by p256_asm.go:141 (/usr/local/go/src/crypto/internal/nistec/p256_asm.go:141)
&gt;&gt;&gt;               /home/vscode/.cache/tinygo/thinlto/llvmcache-8FA5BE76747A57968C9E4E31DF22FA93459ACB02:(crypto/internal/nistec.p256Polynomial)
&gt;&gt;&gt; referenced by p256_asm.go:603 (/usr/local/go/src/crypto/internal/nistec/p256_asm.go:603)
&gt;&gt;&gt;               /home/vscode/.cache/tinygo/thinlto/llvmcache-8FA5BE76747A57968C9E4E31DF22FA93459ACB02:((*crypto/elliptic.nistCurve[*crypto/internal/nistec.P256Point]).pointToAffine[*crypto/internal/nistec.P256Point])
&gt;&gt;&gt; referenced by p256_asm.go:492 (/usr/local/go/src/crypto/internal/nistec/p256_asm.go:492)
&gt;&gt;&gt;               /home/vscode/.cache/tinygo/thinlto/llvmcache-8FA5BE76747A57968C9E4E31DF22FA93459ACB02:((*crypto/elliptic.nistCurve[*crypto/internal/nistec.P256Point]).pointToAffine[*crypto/internal/nistec.P256Point])
&gt;&gt;&gt; referenced 7 more times

ld.lld: error: undefined symbol: crypto/internal/nistec.p256LittleToBig
&gt;&gt;&gt; referenced by p256_asm.go:478 (/usr/local/go/src/crypto/internal/nistec/p256_asm.go:478)
&gt;&gt;&gt;               /home/vscode/.cache/tinygo/thinlto/llvmcache-8FA5BE76747A57968C9E4E31DF22FA93459ACB02:((*crypto/elliptic.nistCurve[*crypto/internal/nistec.P256Point]).pointToAffine[*crypto/internal/nistec.P256Point])
&gt;&gt;&gt; referenced by p256_asm.go:479 (/usr/local/go/src/crypto/internal/nistec/p256_asm.go:479)
&gt;&gt;&gt;               /home/vscode/.cache/tinygo/thinlto/llvmcache-8FA5BE76747A57968C9E4E31DF22FA93459ACB02:((*crypto/elliptic.nistCurve[*crypto/internal/nistec.P256Point]).pointToAffine[*crypto/internal/nistec.P256Point])
failed to run tool: ld.lld
FAIL	crypto/elliptic	0.000s
error: failed to link /tmp/tinygo2367157109/main: exit status 1
</failure>
    </testcase>
  </testsuite>
[...]
    <testcase classname="sync/atomic" name="TestCompareAndSwapInt64Method" time="0.000000" />
    <testcase classname="sync/atomic" name="TestCompareAndSwapUint64" time="0.000000" />
    <testcase classname="sync/atomic" name="TestCompareAndSwapUint64Method" time="0.000000" />
    <testcase classname="sync/atomic" name="TestCompareAndSwapUintptr" time="0.000000" />
    <testcase classname="sync/atomic" name="TestCompareAndSwapUintptrMethod" time="0.000000" />
    <testcase classname="sync/atomic" name="TestCompareAndSwapPointer" time="0.000000" />
    <testcase classname="sync/atomic" name="TestCompareAndSwapPointerMethod" time="0.000000" />
    <testcase classname="sync/atomic" name="TestLoadInt32" time="0.000000" />
    <testcase classname="sync/atomic" name="TestLoadInt32Method" time="0.000000" />
    <testcase classname="sync/atomic" name="TestLoadUint32" time="0.000000" />
    <testcase classname="sync/atomic" name="TestLoadUint32Method" time="0.000000" />
    <testcase classname="sync/atomic" name="TestLoadInt64" time="0.000000" />
    <testcase classname="sync/atomic" name="TestLoadInt64Method" time="0.000000" />
    <testcase classname="sync/atomic" name="TestLoadUint64" time="0.000000" />
    <testcase classname="sync/atomic" name="TestLoadUint64Method" time="0.000000" />
    <testcase classname="sync/atomic" name="TestLoadUintptr" time="0.000000" />
    <testcase classname="sync/atomic" name="TestLoadUintptrMethod" time="0.000000" />
    <testcase classname="sync/atomic" name="TestLoadPointer" time="0.000000" />
    <testcase classname="sync/atomic" name="TestLoadPointerMethod" time="0.000000" />
    <testcase classname="sync/atomic" name="TestStoreInt32" time="0.000000" />
    <testcase classname="sync/atomic" name="TestStoreInt32Method" time="0.000000" />
    <testcase classname="sync/atomic" name="TestStoreUint32" time="0.000000" />
    <testcase classname="sync/atomic" name="TestStoreUint32Method" time="0.000000" />
    <testcase classname="sync/atomic" name="TestStoreInt64" time="0.000000" />
    <testcase classname="sync/atomic" name="TestStoreInt64Method" time="0.000000" />
    <testcase classname="sync/atomic" name="TestStoreUint64" time="0.000000" />
    <testcase classname="sync/atomic" name="TestStoreUint64Method" time="0.000000" />
    <testcase classname="sync/atomic" name="TestStoreUintptr" time="0.000000" />
    <testcase classname="sync/atomic" name="TestStoreUintptrMethod" time="0.000000" />
    <testcase classname="sync/atomic" name="TestStorePointer" time="0.000000" />
    <testcase classname="sync/atomic" name="TestStorePointerMethod" time="0.000000" />
    <testcase classname="sync/atomic" name="TestHammer32" time="0.000000" />
    <testcase classname="sync/atomic" name="TestHammer64" time="0.000000" />
    <testcase classname="sync/atomic" name="TestHammerStoreLoad" time="0.000000" />
    <testcase classname="sync/atomic" name="TestAutoAligned64" time="0.000000" />
  </testsuite>
  <testsuite tests="0" failures="0" time="0.000000" name="syscall" timestamp="2024-04-26T04:44:31Z">
    <properties classname="syscall">
      <property name="go.version" value="go1.22.2 linux/arm64" />
    </properties>
    <testcase classname="syscall" name="TestMain" time="0.000000">
      <failure message="Failed" type="">FAIL	syscall	0.000s
# syscall_test
/usr/local/go/src/syscall/creds_test.go:53:19: undefined: net.FileConn
/usr/local/go/src/syscall/creds_test.go:60:19: undefined: net.FileConn
/usr/local/go/src/syscall/exec_linux_test.go:671:17: undefined: user.Lookup
/usr/local/go/src/syscall/exec_linux_test.go:708:14: f.Chmod undefined (type *os.File has no field or method Chmod)
/usr/local/go/src/syscall/exec_pdeathsig_test.go:116:18: undefined: user.Lookup
/usr/local/go/src/syscall/syscall_linux_test.go:244:11: undefined: os.Chown
/usr/local/go/src/syscall/syscall_unix_test.go:183:16: undefined: net.FileConn
/usr/local/go/src/syscall/syscall_unix_test.go:238:14: undefined: net.UnixConn
/usr/local/go/src/syscall/syscall_unix_test.go:242:18: undefined: net.FileConn
</failure>
    </testcase>
  </testsuite>
  <testsuite tests="33" failures="0" time="0.000000" name="testing" timestamp="2024-04-26T04:44:33Z">
    <properties classname="testing">
      <property name="go.version" value="go1.22.2 linux/arm64" />
    </properties>
    <testcase classname="testing" name="TestIsSpace" time="0.000000" />
    <testcase classname="testing" name="TestSplitRegexp" time="0.000000" />
    <testcase classname="testing" name="TestMatcher" time="0.000000" />
    <testcase classname="testing" name="TestNaming" time="0.000000" />
    <testcase classname="testing" name="TestCleanup" time="0.000000" />
    <testcase classname="testing" name="TestRunCleanup" time="0.000000" />
    <testcase classname="testing" name="TestCleanupParallelSubtests" time="0.000000" />
    <testcase classname="testing" name="TestNestedCleanup" time="0.000000" />
    <testcase classname="testing" name="TestBenchmark" time="0.000000" />
    <testcase classname="testing" name="TestTempDirInCleanup" time="0.000000" />
    <testcase classname="testing" name="TestTempDirInBenchmark" time="0.000000" />
    <testcase classname="testing" name="TestTempDir" time="0.000000" />
    <testcase classname="testing" name="TestSetenv" time="0.000000" />
    <testcase classname="testing" name="TestTesting" time="0.000000" />
  </testsuite>
  <testsuite tests="5" failures="0" time="0.000000" name="testing/fstest" timestamp="2024-04-26T04:44:33Z">
    <properties classname="testing/fstest">
      <property name="go.version" value="go1.22.2 linux/arm64" />
    </properties>
    <testcase classname="testing/fstest" name="TestMapFS" time="0.000000" />
    <testcase classname="testing/fstest" name="TestMapFSChmodDot" time="0.000000" />
    <testcase classname="testing/fstest" name="TestSymlink" time="0.000000" />
    <testcase classname="testing/fstest" name="TestDash" time="0.000000" />
    <testcase classname="testing/fstest" name="TestShuffledFS" time="0.000000" />
  </testsuite>
  <testsuite tests="18" failures="0" time="0.000000" name="testing/iotest" timestamp="2024-04-26T04:44:34Z">
    <properties classname="testing/iotest">
      <property name="go.version" value="go1.22.2 linux/arm64" />
    </properties>
    <testcase classname="testing/iotest" name="TestWriteLogger" time="0.000000" />
    <testcase classname="testing/iotest" name="TestWriteLogger_errorOnWrite" time="0.000000" />
    <testcase classname="testing/iotest" name="TestReadLogger" time="0.000000" />
    <testcase classname="testing/iotest" name="TestReadLogger_errorOnRead" time="0.000000" />
    <testcase classname="testing/iotest" name="TestOneByteReader_nonEmptyReader" time="0.000000" />
    <testcase classname="testing/iotest" name="TestOneByteReader_emptyReader" time="0.000000" />
    <testcase classname="testing/iotest" name="TestHalfReader_nonEmptyReader" time="0.000000" />
    <testcase classname="testing/iotest" name="TestHalfReader_emptyReader" time="0.000000" />
    <testcase classname="testing/iotest" name="TestTimeOutReader_nonEmptyReader" time="0.000000" />
    <testcase classname="testing/iotest" name="TestTimeOutReader_emptyReader" time="0.000000" />
    <testcase classname="testing/iotest" name="TestDataErrReader_nonEmptyReader" time="0.000000" />
    <testcase classname="testing/iotest" name="TestDataErrReader_emptyReader" time="0.000000" />
    <testcase classname="testing/iotest" name="TestErrReader" time="0.000000" />
    <testcase classname="testing/iotest" name="TestStringsReader" time="0.000000" />
    <testcase classname="testing/iotest" name="TestTruncateWriter" time="0.000000" />
  </testsuite>
  <testsuite tests="1" failures="1" time="0.000000" name="testing/quick" timestamp="2024-04-26T04:44:35Z">
    <properties classname="testing/quick">
      <property name="go.version" value="go1.22.2 linux/arm64" />
    </properties>
    <testcase classname="testing/quick" name="TestCheckEqual" time="-0.000000">
      <failure message="Failed" type="">=== RUN   TestCheckEqual
panic: unimplemented: (reflect.Type).NumIn()
</failure>
    </testcase>
  </testsuite>
  <testsuite tests="0" failures="0" time="0.000000" name="testing/slogtest" timestamp="2024-04-26T04:44:39Z">
    <properties classname="testing/slogtest">
      <property name="go.version" value="go1.22.2 linux/arm64" />
    </properties>
    <testcase classname="testing/slogtest" name="TestMain" time="0.000000">
      <failure message="Failed" type="">ld.lld --gc-sections -L /workspaces/dc-wasm-go/tinygo -o /tmp/tinygo486517766/main /tmp/tinygo486517766/main.o /home/vscode/.cache/tinygo/compiler-rt-aarch64-unknown-linux-generic/lib.a /home/vscode/.cache/tinygo/obj-3fd9192bbb8c0507447753a8b8972390a979bbb71b28b3ea50e39abe.bc /home/vscode/.cache/tinygo/obj-f79712e5b2f218317551c5961bf12c37f30f9733eb9ffe02c10c0c3a.bc /home/vscode/.cache/tinygo/musl-aarch64-unknown-linux-generic/crt1.o /home/vscode/.cache/tinygo/musl-aarch64-unknown-linux-generic/lib.a -mllvm -mcpu=generic --lto-O2 --thinlto-cache-dir=/home/vscode/.cache/tinygo/thinlto -mllvm --rotation-max-header-size=0
/tmp/tinygo486517766/main /tmp/tinygo486517766/main -test.v
/tmp/tinygo486517766/main /tmp/tinygo486517766/main -test.v
panic: runtime.Caller failed
FAIL	testing/slogtest	0.019s
</failure>
    </testcase>
  </testsuite>
  <testsuite tests="18" failures="0" time="0.000000" name="text/scanner" timestamp="2024-04-26T04:44:40Z">
    <properties classname="text/scanner">
      <property name="go.version" value="go1.22.2 linux/arm64" />
    </properties>
    <testcase classname="text/scanner" name="TestNext" time="0.000000" />
    <testcase classname="text/scanner" name="TestScan" time="0.000000" />
    <testcase classname="text/scanner" name="TestInvalidExponent" time="0.000000" />
    <testcase classname="text/scanner" name="TestPosition" time="0.000000" />
    <testcase classname="text/scanner" name="TestScanZeroMode" time="0.000000" />
    <testcase classname="text/scanner" name="TestScanSelectedMask" time="0.000000" />
    <testcase classname="text/scanner" name="TestScanCustomIdent" time="0.000000" />
    <testcase classname="text/scanner" name="TestScanNext" time="0.000000" />
    <testcase classname="text/scanner" name="TestScanWhitespace" time="0.000000" />
    <testcase classname="text/scanner" name="TestError" time="0.000000" />
    <testcase classname="text/scanner" name="TestIOError" time="0.000000" />
    <testcase classname="text/scanner" name="TestPos" time="0.000000" />
    <testcase classname="text/scanner" name="TestNextEOFHandling" time="0.000000" />
    <testcase classname="text/scanner" name="TestScanEOFHandling" time="0.000000" />
    <testcase classname="text/scanner" name="TestIssue29723" time="0.000000" />
    <testcase classname="text/scanner" name="TestNumbers" time="0.000000" />
    <testcase classname="text/scanner" name="TestIssue30320" time="0.000000" />
    <testcase classname="text/scanner" name="TestIssue50909" time="0.000000" />
  </testsuite>
  <testsuite tests="3" failures="0" time="0.000000" name="text/tabwriter" timestamp="2024-04-26T04:44:44Z">
    <properties classname="text/tabwriter">
      <property name="go.version" value="go1.22.2 linux/arm64" />
    </properties>
    <testcase classname="text/tabwriter" name="Test" time="0.000000" />
    <testcase classname="text/tabwriter" name="TestPanicDuringFlush" time="0.000000" />
    <testcase classname="text/tabwriter" name="TestPanicDuringWrite" time="0.000000" />
  </testsuite>
  <testsuite tests="1" failures="1" time="0.000000" name="text/template" timestamp="2024-04-26T04:44:44Z">
    <properties classname="text/template">
      <property name="go.version" value="go1.22.2 linux/arm64" />
    </properties>
    <testcase classname="text/template" name="TestExecute" time="-0.000000">
      <failure message="Failed" type="">=== RUN   TestExecute
panic: unimplemented: (reflect.Type).NumOut()
</failure>
    </testcase>
  </testsuite>
  <testsuite tests="52" failures="0" time="0.000000" name="text/template/parse" timestamp="2024-04-26T04:44:44Z">
    <properties classname="text/template/parse">
      <property name="go.version" value="go1.22.2 linux/arm64" />
    </properties>
    <testcase classname="text/template/parse" name="TestLex" time="0.000000" />
    <testcase classname="text/template/parse" name="TestDelims" time="0.000000" />
    <testcase classname="text/template/parse" name="TestDelimsAlphaNumeric" time="0.000000" />
    <testcase classname="text/template/parse" name="TestDelimsAndMarkers" time="0.000000" />
    <testcase classname="text/template/parse" name="TestPos" time="0.000000" />
    <testcase classname="text/template/parse" name="TestNumberParse" time="0.000000" />
    <testcase classname="text/template/parse" name="TestParse" time="0.000000" />
    <testcase classname="text/template/parse" name="TestParseCopy" time="0.000000" />
    <testcase classname="text/template/parse" name="TestParseWithComments" time="0.000000" />
    <testcase classname="text/template/parse" name="TestKeywordsAndFuncs" time="0.000000" />
    <testcase classname="text/template/parse" name="TestSkipFuncCheck" time="0.000000" />
    <testcase classname="text/template/parse" name="TestIsEmpty" time="0.000000" />
    <testcase classname="text/template/parse" name="TestErrorContextWithTreeCopy" time="0.000000" />
    <testcase classname="text/template/parse" name="TestErrors" time="0.000000" />
    <testcase classname="text/template/parse" name="TestBlock" time="0.000000" />
    <testcase classname="text/template/parse" name="TestLineNum" time="0.000000" />
  </testsuite>
  <testsuite tests="0" failures="0" time="0.000000" name="time" timestamp="2024-04-26T04:44:45Z">
    <properties classname="time">
      <property name="go.version" value="go1.22.2 linux/arm64" />
    </properties>
    <testcase classname="time" name="TestMain" time="0.000000">
      <failure message="Failed" type="">FAIL	time	0.000s
# time_test
/usr/local/go/src/time/sleep_test.go:714:4: b.ReportMetric undefined (type *testing.B has no field or method ReportMetric)
/usr/local/go/src/time/sleep_test.go:715:4: b.ReportMetric undefined (type *testing.B has no field or method ReportMetric)
/usr/local/go/src/time/sleep_test.go:716:4: b.ReportMetric undefined (type *testing.B has no field or method ReportMetric)
/usr/local/go/src/time/sleep_test.go:787:8: b.ReportMetric undefined (type *testing.B has no field or method ReportMetric)
/usr/local/go/src/time/sleep_test.go:788:8: b.ReportMetric undefined (type *testing.B has no field or method ReportMetric)
/usr/local/go/src/time/sleep_test.go:789:8: b.ReportMetric undefined (type *testing.B has no field or method ReportMetric)
</failure>
    </testcase>
  </testsuite>
  <testsuite tests="0" failures="0" time="0.000000" name="time/tzdata" timestamp="2024-04-26T04:44:46Z">
    <properties classname="time/tzdata">
      <property name="go.version" value="go1.22.2 linux/arm64" />
    </properties>
  </testsuite>
  <testsuite tests="28" failures="0" time="0.000000" name="unicode" timestamp="2024-04-26T04:44:47Z">
    <properties classname="unicode">
      <property name="go.version" value="go1.22.2 linux/arm64" />
    </properties>
    <testcase classname="unicode" name="TestDigit" time="0.000000" />
    <testcase classname="unicode" name="TestDigitOptimization" time="0.000000" />
    <testcase classname="unicode" name="TestIsControlLatin1" time="0.000000" />
    <testcase classname="unicode" name="TestIsLetterLatin1" time="0.000000" />
    <testcase classname="unicode" name="TestIsUpperLatin1" time="0.000000" />
    <testcase classname="unicode" name="TestIsLowerLatin1" time="0.000000" />
    <testcase classname="unicode" name="TestNumberLatin1" time="0.000000" />
    <testcase classname="unicode" name="TestIsPrintLatin1" time="0.000000" />
    <testcase classname="unicode" name="TestIsGraphicLatin1" time="0.000000" />
    <testcase classname="unicode" name="TestIsPunctLatin1" time="0.000000" />
    <testcase classname="unicode" name="TestIsSpaceLatin1" time="0.000000" />
    <testcase classname="unicode" name="TestIsSymbolLatin1" time="0.000000" />
    <testcase classname="unicode" name="TestIsLetter" time="0.000000" />
    <testcase classname="unicode" name="TestIsUpper" time="0.000000" />
    <testcase classname="unicode" name="TestTo" time="0.000000" />
    <testcase classname="unicode" name="TestToUpperCase" time="0.000000" />
    <testcase classname="unicode" name="TestToLowerCase" time="0.000000" />
    <testcase classname="unicode" name="TestToTitleCase" time="0.000000" />
    <testcase classname="unicode" name="TestIsSpace" time="0.000000" />
    <testcase classname="unicode" name="TestLetterOptimizations" time="0.000000" />
    <testcase classname="unicode" name="TestTurkishCase" time="0.000000" />
    <testcase classname="unicode" name="TestSimpleFold" time="0.000000" />
    <testcase classname="unicode" name="TestCalibrate" time="0.000000" />
    <testcase classname="unicode" name="TestLatinOffset" time="0.000000" />
    <testcase classname="unicode" name="TestSpecialCaseNoMapping" time="0.000000" />
    <testcase classname="unicode" name="TestNegativeRune" time="0.000000" />
    <testcase classname="unicode" name="TestCategories" time="0.000000" />
    <testcase classname="unicode" name="TestProperties" time="0.000000" />
  </testsuite>
  <testsuite tests="8" failures="0" time="0.000000" name="unicode/utf16" timestamp="2024-04-26T04:44:47Z">
    <properties classname="unicode/utf16">
      <property name="go.version" value="go1.22.2 linux/arm64" />
    </properties>
    <testcase classname="unicode/utf16" name="TestConstants" time="0.000000" />
    <testcase classname="unicode/utf16" name="TestEncode" time="0.000000" />
    <testcase classname="unicode/utf16" name="TestAppendRune" time="0.000000" />
    <testcase classname="unicode/utf16" name="TestEncodeRune" time="0.000000" />
    <testcase classname="unicode/utf16" name="TestAllocationsDecode" time="0.000000" />
    <testcase classname="unicode/utf16" name="TestDecode" time="0.000000" />
    <testcase classname="unicode/utf16" name="TestDecodeRune" time="0.000000" />
    <testcase classname="unicode/utf16" name="TestIsSurrogate" time="0.000000" />
  </testsuite>
  <testsuite tests="14" failures="0" time="0.000000" name="unicode/utf8" timestamp="2024-04-26T04:44:47Z">
    <properties classname="unicode/utf8">
      <property name="go.version" value="go1.22.2 linux/arm64" />
    </properties>
    <testcase classname="unicode/utf8" name="TestConstants" time="0.000000" />
    <testcase classname="unicode/utf8" name="TestFullRune" time="0.000000" />
    <testcase classname="unicode/utf8" name="TestEncodeRune" time="0.000000" />
    <testcase classname="unicode/utf8" name="TestAppendRune" time="0.000000" />
    <testcase classname="unicode/utf8" name="TestDecodeRune" time="0.000000" />
    <testcase classname="unicode/utf8" name="TestDecodeSurrogateRune" time="0.000000" />
    <testcase classname="unicode/utf8" name="TestSequencing" time="0.000000" />
    <testcase classname="unicode/utf8" name="TestRuntimeConversion" time="0.000000" />
    <testcase classname="unicode/utf8" name="TestDecodeInvalidSequence" time="0.000000" />
    <testcase classname="unicode/utf8" name="TestNegativeRune" time="0.000000" />
    <testcase classname="unicode/utf8" name="TestRuneCount" time="0.000000" />
    <testcase classname="unicode/utf8" name="TestRuneLen" time="0.000000" />
    <testcase classname="unicode/utf8" name="TestValid" time="0.000000" />
    <testcase classname="unicode/utf8" name="TestValidRune" time="0.000000" />
  </testsuite>
  <testsuite tests="0" failures="0" time="0.000000" name="unsafe" timestamp="2024-04-26T04:44:50Z">
    <properties classname="unsafe">
      <property name="go.version" value="go1.22.2 linux/arm64" />
    </properties>
  </testsuite>
</testsuites>