<?xml version="1.0" encoding="UTF-8"?>
<testsuites tests="3" failures="1" errors="0" time="15.953356">
	<testsuite tests="3" failures="1" time="0.000000" name="fmt" timestamp="2024-03-11T02:04:32Z">
		<properties>
			<property name="go.version" value="go1.22.0 linux/arm64"></property>
		</properties>
		<testcase classname="fmt" name="TestSprintf" time="-0.000000">
			<failure message="Failed" type="">=== RUN   TestSprintf&#xA;    Sprintf(&#34;%#v&#34;, 0x2f) = &#34;(func)(0x2f)&#34; want &#34;(func(*testing.T))(0xPTR)&#34;&#xA;panic: runtime error: nil pointer dereference&#xA;Error: failed to run main module `/tmp/tinygo1830103836/main`&#xA;&#xA;Caused by:&#xA;    0: failed to invoke `run` function&#xA;    1: error while executing at wasm backtrace:&#xA;           0: 0x194b7 - runtime.abort&#xA;                           at /workspaces/dc-wasm-go/tinygo/src/runtime/runtime_tinygowasmp2.go:58:6              - runtime.runtimePanicAt&#xA;                           at /workspaces/dc-wasm-go/tinygo/src/runtime/panic.go:71:7&#xA;           1: 0x62e8 - runtime.nilPanic&#xA;                           at /workspaces/dc-wasm-go/tinygo/src/runtime/panic.go:134:16&#xA;           2: 0x3d83 - (*reflect.rawType).isNamed&#xA;                           at /workspaces/dc-wasm-go/tinygo/src/reflect/type.go:491:11&#xA;           3: 0x416d - &lt;unknown&gt;!(*reflect.rawType).String&#xA;           4: 0xbf5e - (reflect.Value).String&#xA;                           at /workspaces/dc-wasm-go/tinygo/src/reflect/value.go:506:33&#xA;           5: 0x1be3c - (Go interface method)&#xA;                           at /usr/local/go/src/regexp/syntax/prog.go:125:17&#xA;           6: 0x77490 - &lt;unknown&gt;!(*fmt.pp).handleMethods&#xA;           7: 0x7119e - &lt;unknown&gt;!(*fmt.pp).printArg&#xA;           8: 0x73d6b - &lt;unknown&gt;!(*fmt.pp).doPrintf&#xA;           9: 0x244c7 - fmt.Sprintf&#xA;                           at /usr/local/go/src/fmt/print.go:239:12&#xA;          10: 0xa7308 - fmt_test.TestSprintf&#xA;                           at /usr/local/go/src/fmt/fmt_test.go:1095:15&#xA;          11: 0x4f77f - testing.tRunner&#xA;                           at /workspaces/dc-wasm-go/tinygo/src/testing/testing.go:427:4&#xA;          12: 0x8c5ea - (*testing.T).Run&#xA;          13: 0x4f487 - testing.runTests$1&#xA;                           at /workspaces/dc-wasm-go/tinygo/src/testing/testing.go:561:10&#xA;          14: 0x4f77f - testing.tRunner&#xA;                           at /workspaces/dc-wasm-go/tinygo/src/testing/testing.go:427:4&#xA;          15: 0x2a64d - testing.runTests&#xA;                           at /workspaces/dc-wasm-go/tinygo/src/testing/testing.go:559:10              - (*testing.M).Run&#xA;                           at /workspaces/dc-wasm-go/tinygo/src/testing/testing.go:533:29              - main.main&#xA;                           at /home/vscode/.cache/go-build/66/665da5d4c977fc2a206006294ded03ebd6df63735e00381c714cf30190ea5398-d:233:15              - runtime.run$1&#xA;                           at /workspaces/dc-wasm-go/tinygo/src/runtime/scheduler_any.go:25:11&#xA;          16: 0x25ec6 - &lt;goroutine wrapper&gt;&#xA;                           at /workspaces/dc-wasm-go/tinygo/src/runtime/scheduler_any.go:23:2&#xA;          17: 0x1a05 - tinygo_launch&#xA;                           at /workspaces/dc-wasm-go/tinygo/src/internal/task/task_asyncify_wasm.S:59&#xA;          18: 0x25dac - (*internal/task.Task).Resume&#xA;                           at /workspaces/dc-wasm-go/tinygo/src/internal/task/task_asyncify.go:109:17              - runtime.scheduler&#xA;                           at /workspaces/dc-wasm-go/tinygo/src/runtime/scheduler.go:236:11              - runtime.run&#xA;                           at /workspaces/dc-wasm-go/tinygo/src/runtime/scheduler_any.go:28:11              - _start&#xA;                           at /workspaces/dc-wasm-go/tinygo/src/runtime/runtime_wasm_wasip2.go:30:5&#xA;          19: 0x25b23 - wasi:cli/run@0.2.0#run&#xA;                           at /workspaces/dc-wasm-go/tinygo/src/runtime/runtime_wasm_wasip2.go:21:8&#xA;    2: wasm trap: wasm `unreachable` instruction executed&#xA;</failure>
		</testcase>
		<testcase classname="fmt" name="TestErrorf" time="0.000000"></testcase>
		<testcase classname="fmt" name="TestFmtInterface" time="0.000000"></testcase>
	</testsuite>
</testsuites>