<?xml version="1.0" encoding="UTF-8"?>
<testsuites tests="1" failures="1" errors="0" time="32.852225">
	<testsuite tests="1" failures="1" time="0.000000" name="html/template" timestamp="2024-03-11T02:05:07Z">
		<properties>
			<property name="go.version" value="go1.22.0 linux/arm64"></property>
		</properties>
		<testcase classname="html/template" name="TestAddParseTreeHTML" time="-0.000000">
			<failure message="Failed" type="">=== RUN   TestAddParseTreeHTML&#xA;panic: unimplemented: (reflect.Type).NumOut()&#xA;Error: failed to run main module `/tmp/tinygo3715814108/main`&#xA;&#xA;Caused by:&#xA;    0: failed to invoke `run` function&#xA;    1: error while executing at wasm backtrace:&#xA;           0: 0x42e0 - runtime.abort&#xA;                           at /workspaces/dc-wasm-go/tinygo/src/runtime/runtime_tinygowasmp2.go:58:6              - runtime._panic&#xA;                           at /workspaces/dc-wasm-go/tinygo/src/runtime/panic.go:52:7&#xA;           1: 0x561c - (*reflect.rawType).NumOut&#xA;                           at /workspaces/dc-wasm-go/tinygo/src/reflect/type.go:1012:7&#xA;           2: 0x10429c - (Go interface method)&#xA;                           at /usr/local/go/src/text/template/funcs.go:112:6              - text/template.goodFunc&#xA;                           at /usr/local/go/src/text/template/funcs.go:115:17              - text/template.addValueFuncs&#xA;                           at /usr/local/go/src/text/template/funcs.go:96:15&#xA;           3: 0x10e17c - (*text/template.Template).Funcs&#xA;                           at /usr/local/go/src/text/template/template.go:181:15&#xA;           4: 0x137111 - (*html/template.escaper).commit&#xA;                           at /usr/local/go/src/html/template/escape.go:918:25              - html/template.escapeTemplate&#xA;                           at /usr/local/go/src/html/template/escape.go:40:17&#xA;           5: 0x137daf - (*html/template.Template).lookupAndEscapeTemplate&#xA;                           at /usr/local/go/src/html/template/template.go:163:23              - (*html/template.Template).ExecuteTemplate&#xA;                           at /usr/local/go/src/html/template/template.go:135:40&#xA;           6: 0x14114b - html/template.TestAddParseTreeHTML&#xA;                           at /usr/local/go/src/html/template/clone_test.go:25:29&#xA;           7: 0x574a6 - testing.tRunner&#xA;                           at /workspaces/dc-wasm-go/tinygo/src/testing/testing.go:427:4&#xA;           8: 0x114658 - (*testing.T).Run&#xA;           9: 0x571ae - testing.runTests$1&#xA;                           at /workspaces/dc-wasm-go/tinygo/src/testing/testing.go:561:10&#xA;          10: 0x574a6 - testing.tRunner&#xA;                           at /workspaces/dc-wasm-go/tinygo/src/testing/testing.go:427:4&#xA;          11: 0x47516 - &lt;unknown&gt;!runtime.run$1&#xA;          12: 0x44678 - &lt;goroutine wrapper&gt;&#xA;                           at /workspaces/dc-wasm-go/tinygo/src/runtime/scheduler_any.go:23:2&#xA;          13: 0x1f7a - tinygo_launch&#xA;                           at /workspaces/dc-wasm-go/tinygo/src/internal/task/task_asyncify_wasm.S:59&#xA;          14: 0x44566 - (*internal/task.Task).Resume&#xA;                           at /workspaces/dc-wasm-go/tinygo/src/internal/task/task_asyncify.go:109:17              - runtime.scheduler&#xA;                           at /workspaces/dc-wasm-go/tinygo/src/runtime/scheduler.go:236:11              - runtime.run&#xA;                           at /workspaces/dc-wasm-go/tinygo/src/runtime/scheduler_any.go:28:11              - _start&#xA;                           at /workspaces/dc-wasm-go/tinygo/src/runtime/runtime_wasm_wasip2.go:30:5&#xA;          15: 0x44371 - wasi:cli/run@0.2.0#run&#xA;                           at /workspaces/dc-wasm-go/tinygo/src/runtime/runtime_wasm_wasip2.go:21:8&#xA;    2: wasm trap: wasm `unreachable` instruction executed&#xA;</failure>
		</testcase>
	</testsuite>
</testsuites>