<?xml version="1.0" encoding="UTF-8"?>
<testsuites tests="4" failures="1" errors="0" time="26.807633">
	<testsuite tests="4" failures="1" time="0.000000" name="strings" timestamp="2024-03-11T02:06:03Z">
		<properties>
			<property name="go.version" value="go1.22.0 linux/arm64"></property>
		</properties>
		<testcase classname="strings" name="TestBuilderGrow" time="-0.000000">
			<failure message="Failed" type="">=== RUN   TestBuilderGrow&#xA;    growLen=100: got 0 allocs during Write; want 1&#xA;    growLen=1000: got 0 allocs during Write; want 1&#xA;    growLen=10000: got 0 allocs during Write; want 1&#xA;    growLen=100000: got 0 allocs during Write; want 1&#xA;panic: strings.Builder.Grow: negative count&#xA;Error: failed to run main module `/tmp/tinygo2658371620/main`&#xA;&#xA;Caused by:&#xA;    0: failed to invoke `run` function&#xA;    1: error while executing at wasm backtrace:&#xA;           0: 0x3e67 - runtime.abort&#xA;                           at /workspaces/dc-wasm-go/tinygo/src/runtime/runtime_tinygowasmp2.go:58:6              - runtime._panic&#xA;                           at /workspaces/dc-wasm-go/tinygo/src/runtime/panic.go:52:7&#xA;           1: 0x33563 - (*strings.Builder).Grow&#xA;                           at /usr/local/go/src/strings/builder.go:80:8&#xA;           2: 0x878c7 - strings_test.TestBuilderGrow&#xA;                           at /usr/local/go/src/strings/builder_test.go:120:8&#xA;           3: 0x2f19d - testing.tRunner&#xA;                           at /workspaces/dc-wasm-go/tinygo/src/testing/testing.go:427:4&#xA;           4: 0x6c94e - (*testing.T).Run&#xA;           5: 0x2eea5 - testing.runTests$1&#xA;                           at /workspaces/dc-wasm-go/tinygo/src/testing/testing.go:561:10&#xA;           6: 0x2f19d - testing.tRunner&#xA;                           at /workspaces/dc-wasm-go/tinygo/src/testing/testing.go:427:4&#xA;           7: 0x28c5d - testing.runTests&#xA;                           at /workspaces/dc-wasm-go/tinygo/src/testing/testing.go:559:10              - (*testing.M).Run&#xA;                           at /workspaces/dc-wasm-go/tinygo/src/testing/testing.go:533:29              - main.main&#xA;                           at /home/vscode/.cache/go-build/7e/7e7530b4b41ba554fcd61a15fb56262397c798b6647dbef18c7e075b40e7bebf-d:415:15              - runtime.run$1&#xA;                           at /workspaces/dc-wasm-go/tinygo/src/runtime/scheduler_any.go:25:11&#xA;           8: 0x22c80 - &lt;goroutine wrapper&gt;&#xA;                           at /workspaces/dc-wasm-go/tinygo/src/runtime/scheduler_any.go:23:2&#xA;           9: 0x1b9a - tinygo_launch&#xA;                           at /workspaces/dc-wasm-go/tinygo/src/internal/task/task_asyncify_wasm.S:59&#xA;          10: 0x22b6f - (*internal/task.Task).Resume&#xA;                           at /workspaces/dc-wasm-go/tinygo/src/internal/task/task_asyncify.go:109:17              - runtime.scheduler&#xA;                           at /workspaces/dc-wasm-go/tinygo/src/runtime/scheduler.go:236:11              - runtime.run&#xA;                           at /workspaces/dc-wasm-go/tinygo/src/runtime/scheduler_any.go:28:11              - _start&#xA;                           at /workspaces/dc-wasm-go/tinygo/src/runtime/runtime_wasm_wasip2.go:30:5&#xA;          11: 0x2297b - wasi:cli/run@0.2.0#run&#xA;                           at /workspaces/dc-wasm-go/tinygo/src/runtime/runtime_wasm_wasip2.go:21:8&#xA;    2: wasm trap: wasm `unreachable` instruction executed&#xA;</failure>
		</testcase>
		<testcase classname="strings" name="TestBuilder" time="0.000000"></testcase>
		<testcase classname="strings" name="TestBuilderString" time="0.000000"></testcase>
		<testcase classname="strings" name="TestBuilderReset" time="0.000000"></testcase>
	</testsuite>
</testsuites>