<?xml version="1.0" encoding="UTF-8"?>
<testsuites tests="6" failures="1" errors="0" time="11.020793">
	<testsuite tests="6" failures="1" time="0.000000" name="text/template/parse" timestamp="2024-03-11T02:06:42Z">
		<properties>
			<property name="go.version" value="go1.22.0 linux/arm64"></property>
		</properties>
		<testcase classname="text/template/parse" name="TestNumberParse" time="-0.000000">
			<failure message="Failed" type="">=== RUN   TestNumberParse&#xA;panic: (97676:0x00049460)&#xA;Error: failed to run main module `/tmp/tinygo3860618545/main`&#xA;&#xA;Caused by:&#xA;    0: failed to invoke `run` function&#xA;    1: error while executing at wasm backtrace:&#xA;           0: 0x39d4 - runtime.abort&#xA;                           at /workspaces/dc-wasm-go/tinygo/src/runtime/runtime_tinygowasmp2.go:58:6              - runtime._panic&#xA;                           at /workspaces/dc-wasm-go/tinygo/src/runtime/panic.go:52:7&#xA;           1: 0x55d37 - (*fmt.ss).error&#xA;                           at /usr/local/go/src/fmt/scan.go:240:7&#xA;           2: 0x57350 - (*fmt.ss).accept&#xA;                           at /usr/local/go/src/fmt/scan.go:750:10              - (*fmt.ss).complexTokens&#xA;                           at /usr/local/go/src/fmt/scan.go:755:14              - (*fmt.ss).scanComplex&#xA;                           at /usr/local/go/src/fmt/scan.go:816:33&#xA;           3: 0x591fd - &lt;unknown&gt;!fmt.Sscan&#xA;           4: 0x8f6ce - text/template/parse.TestNumberParse&#xA;                           at /usr/local/go/src/text/template/parse/parse_test.go:99:23&#xA;           5: 0x2bad8 - testing.tRunner&#xA;                           at /workspaces/dc-wasm-go/tinygo/src/testing/testing.go:427:4&#xA;           6: 0x60ec3 - (*testing.T).Run&#xA;           7: 0x2b7e0 - testing.runTests$1&#xA;                           at /workspaces/dc-wasm-go/tinygo/src/testing/testing.go:561:10&#xA;           8: 0x2bad8 - testing.tRunner&#xA;                           at /workspaces/dc-wasm-go/tinygo/src/testing/testing.go:427:4&#xA;           9: 0x2627d - testing.runTests&#xA;                           at /workspaces/dc-wasm-go/tinygo/src/testing/testing.go:559:10              - (*testing.M).Run&#xA;                           at /workspaces/dc-wasm-go/tinygo/src/testing/testing.go:533:29              - main.main&#xA;                           at /home/vscode/.cache/go-build/97/97aff8905c92f3c2c83a3d8f59473c1d67c5a331a12ffae42fb9894564f7a41a-d:83:15              - runtime.run$1&#xA;                           at /workspaces/dc-wasm-go/tinygo/src/runtime/scheduler_any.go:25:11&#xA;          10: 0x20e88 - &lt;goroutine wrapper&gt;&#xA;                           at /workspaces/dc-wasm-go/tinygo/src/runtime/scheduler_any.go:23:2&#xA;          11: 0x1935 - tinygo_launch&#xA;                           at /workspaces/dc-wasm-go/tinygo/src/internal/task/task_asyncify_wasm.S:59&#xA;          12: 0x20d6f - (*internal/task.Task).Resume&#xA;                           at /workspaces/dc-wasm-go/tinygo/src/internal/task/task_asyncify.go:109:17              - runtime.scheduler&#xA;                           at /workspaces/dc-wasm-go/tinygo/src/runtime/scheduler.go:236:11              - runtime.run&#xA;                           at /workspaces/dc-wasm-go/tinygo/src/runtime/scheduler_any.go:28:11              - _start&#xA;                           at /workspaces/dc-wasm-go/tinygo/src/runtime/runtime_wasm_wasip2.go:30:5&#xA;          13: 0x20ae7 - wasi:cli/run@0.2.0#run&#xA;                           at /workspaces/dc-wasm-go/tinygo/src/runtime/runtime_wasm_wasip2.go:21:8&#xA;    2: wasm trap: wasm `unreachable` instruction executed&#xA;</failure>
		</testcase>
		<testcase classname="text/template/parse" name="TestLex" time="0.000000"></testcase>
		<testcase classname="text/template/parse" name="TestDelims" time="0.000000"></testcase>
		<testcase classname="text/template/parse" name="TestDelimsAlphaNumeric" time="0.000000"></testcase>
		<testcase classname="text/template/parse" name="TestDelimsAndMarkers" time="0.000000"></testcase>
		<testcase classname="text/template/parse" name="TestPos" time="0.000000"></testcase>
	</testsuite>
</testsuites>