{
    "archive/tar": {
        "tests": 0,
        "failures": 0,
        "errors": 1,
        "summary": "build error",
        "detail": "FAIL\tarchive/tar\t0.000s\n# archive/tar\n/usr/local/go/src/archive/tar/stat_unix.go:39:27: undefined: user.LookupId\n/usr/local/go/src/archive/tar/stat_unix.go:45:27: undefined: user.LookupGroupId"
    },
    "archive/zip": {
        "tests": 99,
        "failures": 0,
        "errors": 0,
        "summary": "passed"
    },
    "bufio": {
        "tests": 81,
        "failures": 1,
        "errors": 0,
        "summary": "failure",
        "detail": "Failures/Tests: 1/81\n=== RUN   TestReadStringAllocs\n    Unexpected number of allocations, got 0.000000, want 1\n--- FAIL: TestReadStringAllocs (0.00s)\n"
    },
    "bytes": {
        "tests": 91,
        "failures": 0,
        "errors": 0,
        "summary": "passed"
    },
    "cmp": {
        "tests": 4,
        "failures": 0,
        "errors": 0,
        "summary": "passed"
    },
    "compress/bzip2": {
        "tests": 4,
        "failures": 0,
        "errors": 0,
        "summary": "passed"
    },
    "compress/flate": {
        "tests": 64,
        "failures": 0,
        "errors": 0,
        "summary": "passed"
    },
    "compress/gzip": {
        "tests": 0,
        "failures": 0,
        "errors": 0,
        "summary": "no tests"
    },
    "compress/lzw": {
        "tests": 17,
        "failures": 0,
        "errors": 0,
        "summary": "passed"
    },
    "compress/zlib": {
        "tests": 6,
        "failures": 0,
        "errors": 0,
        "summary": "passed"
    },
    "container/heap": {
        "tests": 7,
        "failures": 0,
        "errors": 0,
        "summary": "passed"
    },
    "container/list": {
        "tests": 10,
        "failures": 0,
        "errors": 0,
        "summary": "passed"
    },
    "container/ring": {
        "tests": 8,
        "failures": 0,
        "errors": 0,
        "summary": "passed"
    },
    "context": {
        "tests": 0,
        "failures": 0,
        "errors": 1,
        "summary": "build error",
        "detail": "FAIL\tcontext\t0.000s\n# context_test\n/usr/local/go/src/context/x_test.go:21:27: cannot use t (variable of type *testing.T) as context.testingT value in argument to XTestParentFinishesChild: *testing.T does not implement context.testingT (missing method Deadline)\n/usr/local/go/src/context/x_test.go:24:26: cannot use t (variable of type *testing.T) as context.testingT value in argument to XTestChildFinishesFirst: *testing.T does not implement context.testingT (missing method Deadline)\n/usr/local/go/src/context/x_test.go:27:21: cannot use t (variable of type *testing.T) as context.testingT value in argument to XTestCancelRemoves: *testing.T does not implement context.testingT (missing method Deadline)\n/usr/local/go/src/context/x_test.go:30:31: cannot use t (variable of type *testing.T) as context.testingT value in argument to XTestCustomContextGoroutines: *testing.T does not implement context.testingT (missing method Deadline)\n/usr/local/go/src/context/x_test.go:50:20: t.Deadline undefined (type *testing.T has no field or method Deadline)"
    },
    "crypto": {
        "tests": 0,
        "failures": 0,
        "errors": 1,
        "summary": "build error",
        "detail": "ld.lld --gc-sections -L /workspaces/dc-wasm-go/tinygo -o /tmp/tinygo1208764807/main /tmp/tinygo1208764807/main.o /home/vscode/.cache/tinygo/compiler-rt-aarch64-unknown-linux-generic/lib.a /home/vscode/.cache/tinygo/obj-3fd9192bbb8c0507447753a8b8972390a979bbb71b28b3ea50e39abe.bc /home/vscode/.cache/tinygo/obj-f79712e5b2f218317551c5961bf12c37f30f9733eb9ffe02c10c0c3a.bc /home/vscode/.cache/tinygo/musl-aarch64-unknown-linux-generic/crt1.o /home/vscode/.cache/tinygo/musl-aarch64-unknown-linux-generic/lib.a -mllvm -mcpu=generic --lto-O2 --thinlto-cache-dir=/home/vscode/.cache/tinygo/thinlto -mllvm --rotation-max-header-size=0\nld.lld: error: undefined symbol: crypto/aes.encryptBlockAsm\n>>> referenced by cipher_asm.go:81 (/usr/local/go/src/crypto/aes/cipher_asm.go:81)\n>>>               /home/vscode/.cache/tinygo/thinlto/llvmcache-6FED0476E43E3A082DA5FBEF74336979C4273449:((*crypto/aes.aesCipherAsm).Encrypt)\nfailed to run tool: ld.lld\nFAIL\tcrypto\t0.000s\nerror: failed to link /tmp/tinygo1208764807/main: exit status 1"
    },
    "crypto/aes": {
        "tests": 0,
        "failures": 0,
        "errors": 1,
        "summary": "build error",
        "detail": "ld.lld --gc-sections -L /workspaces/dc-wasm-go/tinygo -o /tmp/tinygo1075795588/main /tmp/tinygo1075795588/main.o /home/vscode/.cache/tinygo/compiler-rt-aarch64-unknown-linux-generic/lib.a /home/vscode/.cache/tinygo/obj-3fd9192bbb8c0507447753a8b8972390a979bbb71b28b3ea50e39abe.bc /home/vscode/.cache/tinygo/obj-f79712e5b2f218317551c5961bf12c37f30f9733eb9ffe02c10c0c3a.bc /home/vscode/.cache/tinygo/musl-aarch64-unknown-linux-generic/crt1.o /home/vscode/.cache/tinygo/musl-aarch64-unknown-linux-generic/lib.a -mllvm -mcpu=generic --lto-O2 --thinlto-cache-dir=/home/vscode/.cache/tinygo/thinlto -mllvm --rotation-max-header-size=0\nld.lld: error: undefined symbol: crypto/aes.decryptBlockAsm\n>>> referenced by cipher_asm.go:95 (/usr/local/go/src/crypto/aes/cipher_asm.go:95)\n>>>               /home/vscode/.cache/tinygo/thinlto/llvmcache-3DE479372CDF103E7D0AFB5F6EFB5C5DC2868A02:((*crypto/aes.aesCipherAsm).Decrypt)\n\nld.lld: error: undefined symbol: crypto/aes.encryptBlockAsm\n>>> referenced by cipher_asm.go:81 (/usr/local/go/src/crypto/aes/cipher_asm.go:81)\n>>>               /home/vscode/.cache/tinygo/thinlto/llvmcache-3DE479372CDF103E7D0AFB5F6EFB5C5DC2868A02:((*crypto/aes.aesCipherAsm).Encrypt)\nfailed to run tool: ld.lld\nFAIL\tcrypto/aes\t0.000s\nerror: failed to link /tmp/tinygo1075795588/main: exit status 1"
    },
    "crypto/cipher": {
        "tests": 0,
        "failures": 0,
        "errors": 1,
        "summary": "build error",
        "detail": "ld.lld --gc-sections -L /workspaces/dc-wasm-go/tinygo -o /tmp/tinygo1683823304/main /tmp/tinygo1683823304/main.o /home/vscode/.cache/tinygo/compiler-rt-aarch64-unknown-linux-generic/lib.a /home/vscode/.cache/tinygo/obj-3fd9192bbb8c0507447753a8b8972390a979bbb71b28b3ea50e39abe.bc /home/vscode/.cache/tinygo/obj-f79712e5b2f218317551c5961bf12c37f30f9733eb9ffe02c10c0c3a.bc /home/vscode/.cache/tinygo/musl-aarch64-unknown-linux-generic/crt1.o /home/vscode/.cache/tinygo/musl-aarch64-unknown-linux-generic/lib.a -mllvm -mcpu=generic --lto-O2 --thinlto-cache-dir=/home/vscode/.cache/tinygo/thinlto -mllvm --rotation-max-header-size=0\nld.lld: error: undefined symbol: crypto/aes.gcmAesInit\n>>> referenced by aes_gcm.go:49 (/usr/local/go/src/crypto/aes/aes_gcm.go:49)\n>>>               /home/vscode/.cache/tinygo/thinlto/llvmcache-71E5BA11B1B0917AE8BC709E0836F873F915A13E:(crypto/cipher.newGCMWithNonceAndTagSize)\n\nld.lld: error: undefined symbol: crypto/aes.decryptBlockAsm\n>>> referenced by cipher_asm.go:95 (/usr/local/go/src/crypto/aes/cipher_asm.go:95)\n>>>               /home/vscode/.cache/tinygo/thinlto/llvmcache-71E5BA11B1B0917AE8BC709E0836F873F915A13E:((*crypto/aes.aesCipherAsm).Decrypt)\n\nld.lld: error: undefined symbol: crypto/aes.encryptBlockAsm\n>>> referenced by cipher_asm.go:81 (/usr/local/go/src/crypto/aes/cipher_asm.go:81)\n>>>               /home/vscode/.cache/tinygo/thinlto/llvmcache-71E5BA11B1B0917AE8BC709E0836F873F915A13E:((*crypto/aes.aesCipherAsm).Encrypt)\n>>> referenced by aes_gcm.go:111 (/usr/local/go/src/crypto/aes/aes_gcm.go:111)\n>>>               /home/vscode/.cache/tinygo/thinlto/llvmcache-71E5BA11B1B0917AE8BC709E0836F873F915A13E:(interface:{NonceSize:func:{}{basic:int},Open:func:{slice:basic:uint8,slice:basic:uint8,slice:basic:uint8,slice:basic:uint8}{slice:basic:uint8,named:error},Overhead:func:{}{basic:int},Seal:func:{slice:basic:uint8,slice:basic:uint8,slice:basic:uint8,slice:basic:uint8}{slice:basic:uint8}}.Seal$invoke)\n>>> referenced by aes_gcm.go:164 (/usr/local/go/src/crypto/aes/aes_gcm.go:164)\n>>>               /home/vscode/.cache/tinygo/thinlto/llvmcache-71E5BA11B1B0917AE8BC709E0836F873F915A13E:(interface:{NonceSize:func:{}{basic:int},Open:func:{slice:basic:uint8,slice:basic:uint8,slice:basic:uint8,slice:basic:uint8}{slice:basic:uint8,named:error},Overhead:func:{}{basic:int},Seal:func:{slice:basic:uint8,slice:basic:uint8,slice:basic:uint8,slice:basic:uint8}{slice:basic:uint8}}.Open$invoke)\n\nld.lld: error: undefined symbol: crypto/aes.gcmAesData\n>>> referenced by aes_gcm.go:107 (/usr/local/go/src/crypto/aes/aes_gcm.go:107)\n>>>               /home/vscode/.cache/tinygo/thinlto/llvmcache-71E5BA11B1B0917AE8BC709E0836F873F915A13E:(interface:{NonceSize:func:{}{basic:int},Open:func:{slice:basic:uint8,slice:basic:uint8,slice:basic:uint8,slice:basic:uint8}{slice:basic:uint8,named:error},Overhead:func:{}{basic:int},Seal:func:{slice:basic:uint8,slice:basic:uint8,slice:basic:uint8,slice:basic:uint8}{slice:basic:uint8}}.Seal$invoke)\n>>> referenced by aes_gcm.go:114 (/usr/local/go/src/crypto/aes/aes_gcm.go:114)\n>>>               /home/vscode/.cache/tinygo/thinlto/llvmcache-71E5BA11B1B0917AE8BC709E0836F873F915A13E:(interface:{NonceSize:func:{}{basic:int},Open:func:{slice:basic:uint8,slice:basic:uint8,slice:basic:uint8,slice:basic:uint8}{slice:basic:uint8,named:error},Overhead:func:{}{basic:int},Seal:func:{slice:basic:uint8,slice:basic:uint8,slice:basic:uint8,slice:basic:uint8}{slice:basic:uint8}}.Seal$invoke)\n>>> referenced by aes_gcm.go:160 (/usr/local/go/src/crypto/aes/aes_gcm.go:160)\n>>>               /home/vscode/.cache/tinygo/thinlto/llvmcache-71E5BA11B1B0917AE8BC709E0836F873F915A13E:(interface:{NonceSize:func:{}{basic:int},Open:func:{slice:basic:uint8,slice:basic:uint8,slice:basic:uint8,slice:basic:uint8}{slice:basic:uint8,named:error},Overhead:func:{}{basic:int},Seal:func:{slice:basic:uint8,slice:basic:uint8,slice:basic:uint8,slice:basic:uint8}{slice:basic:uint8}}.Open$invoke)\n>>> referenced 1 more times\n\nld.lld: error: undefined symbol: crypto/aes.gcmAesFinish\n>>> referenced by aes_gcm.go:108 (/usr/local/go/src/crypto/aes/aes_gcm.go:108)\n>>>               /home/vscode/.cache/tinygo/thinlto/llvmcache-71E5BA11B1B0917AE8BC709E0836F873F915A13E:(interface:{NonceSize:func:{}{basic:int},Open:func:{slice:basic:uint8,slice:basic:uint8,slice:basic:uint8,slice:basic:uint8}{slice:basic:uint8,named:error},Overhead:func:{}{basic:int},Seal:func:{slice:basic:uint8,slice:basic:uint8,slice:basic:uint8,slice:basic:uint8}{slice:basic:uint8}}.Seal$invoke)\n>>> referenced by aes_gcm.go:123 (/usr/local/go/src/crypto/aes/aes_gcm.go:123)\n>>>               /home/vscode/.cache/tinygo/thinlto/llvmcache-71E5BA11B1B0917AE8BC709E0836F873F915A13E:(interface:{NonceSize:func:{}{basic:int},Open:func:{slice:basic:uint8,slice:basic:uint8,slice:basic:uint8,slice:basic:uint8}{slice:basic:uint8,named:error},Overhead:func:{}{basic:int},Seal:func:{slice:basic:uint8,slice:basic:uint8,slice:basic:uint8,slice:basic:uint8}{slice:basic:uint8}}.Seal$invoke)\n>>> referenced by aes_gcm.go:161 (/usr/local/go/src/crypto/aes/aes_gcm.go:161)\n>>>               /home/vscode/.cache/tinygo/thinlto/llvmcache-71E5BA11B1B0917AE8BC709E0836F873F915A13E:(interface:{NonceSize:func:{}{basic:int},Open:func:{slice:basic:uint8,slice:basic:uint8,slice:basic:uint8,slice:basic:uint8}{slice:basic:uint8,named:error},Overhead:func:{}{basic:int},Seal:func:{slice:basic:uint8,slice:basic:uint8,slice:basic:uint8,slice:basic:uint8}{slice:basic:uint8}}.Open$invoke)\n>>> referenced 1 more times\n\nld.lld: error: undefined symbol: crypto/aes.gcmAesEnc\n>>> referenced by aes_gcm.go:121 (/usr/local/go/src/crypto/aes/aes_gcm.go:121)\n>>>               /home/vscode/.cache/tinygo/thinlto/llvmcache-71E5BA11B1B0917AE8BC709E0836F873F915A13E:(interface:{NonceSize:func:{}{basic:int},Open:func:{slice:basic:uint8,slice:basic:uint8,slice:basic:uint8,slice:basic:uint8}{slice:basic:uint8,named:error},Overhead:func:{}{basic:int},Seal:func:{slice:basic:uint8,slice:basic:uint8,slice:basic:uint8,slice:basic:uint8}{slice:basic:uint8}}.Seal$invoke)\n\nld.lld: error: undefined symbol: crypto/aes.gcmAesDec\n>>> referenced by aes_gcm.go:174 (/usr/local/go/src/crypto/aes/aes_gcm.go:174)\n>>>               /home/vscode/.cache/tinygo/thinlto/llvmcache-71E5BA11B1B0917AE8BC709E0836F873F915A13E:(interface:{NonceSize:func:{}{basic:int},Open:func:{slice:basic:uint8,slice:basic:uint8,slice:basic:uint8,slice:basic:uint8}{slice:basic:uint8,named:error},Overhead:func:{}{basic:int},Seal:func:{slice:basic:uint8,slice:basic:uint8,slice:basic:uint8,slice:basic:uint8}{slice:basic:uint8}}.Open$invoke)\nfailed to run tool: ld.lld\nFAIL\tcrypto/cipher\t0.000s\nerror: failed to link /tmp/tinygo1683823304/main: exit status 1"
    },
    "crypto/des": {
        "tests": 18,
        "failures": 0,
        "errors": 0,
        "summary": "passed"
    },
    "crypto/dsa": {
        "tests": 4,
        "failures": 0,
        "errors": 0,
        "summary": "passed"
    },
    "crypto/ecdh": {
        "tests": 0,
        "failures": 0,
        "errors": 1,
        "summary": "build error",
        "detail": "ld.lld --gc-sections -L /workspaces/dc-wasm-go/tinygo -o /tmp/tinygo1041699275/main /tmp/tinygo1041699275/main.o /home/vscode/.cache/tinygo/compiler-rt-aarch64-unknown-linux-generic/lib.a /home/vscode/.cache/tinygo/obj-3fd9192bbb8c0507447753a8b8972390a979bbb71b28b3ea50e39abe.bc /home/vscode/.cache/tinygo/obj-f79712e5b2f218317551c5961bf12c37f30f9733eb9ffe02c10c0c3a.bc /home/vscode/.cache/tinygo/musl-aarch64-unknown-linux-generic/crt1.o /home/vscode/.cache/tinygo/musl-aarch64-unknown-linux-generic/lib.a /tmp/tinygo1041699275/embed-a3a5d08c40939adb7c0e9e4f5b689721-3025761494.o -mllvm -mcpu=generic --lto-O2 --thinlto-cache-dir=/home/vscode/.cache/tinygo/thinlto -mllvm --rotation-max-header-size=0\nld.lld: error: undefined symbol: crypto/internal/nistec.p256Sqr\n>>> referenced by p256_asm.go:584 (/usr/local/go/src/crypto/internal/nistec/p256_asm.go:584)\n>>>               /home/vscode/.cache/tinygo/thinlto/llvmcache-A9198F8F47DBC3F1380719A57F0B12FF9122D9C7:(crypto/internal/nistec.p256Inverse)\n>>> referenced by p256_asm.go:586 (/usr/local/go/src/crypto/internal/nistec/p256_asm.go:586)\n>>>               /home/vscode/.cache/tinygo/thinlto/llvmcache-A9198F8F47DBC3F1380719A57F0B12FF9122D9C7:(crypto/internal/nistec.p256Inverse)\n>>> referenced by p256_asm.go:588 (/usr/local/go/src/crypto/internal/nistec/p256_asm.go:588)\n>>>               /home/vscode/.cache/tinygo/thinlto/llvmcache-A9198F8F47DBC3F1380719A57F0B12FF9122D9C7:(crypto/internal/nistec.p256Inverse)\n>>> referenced 16 more times\n\nld.lld: error: undefined symbol: crypto/internal/nistec.p256Mul\n>>> referenced by p256_asm.go:603 (/usr/local/go/src/crypto/internal/nistec/p256_asm.go:603)\n>>>               /home/vscode/.cache/tinygo/thinlto/llvmcache-A9198F8F47DBC3F1380719A57F0B12FF9122D9C7:(crypto/internal/nistec.p256Inverse)\n>>> referenced by p256_asm.go:141 (/usr/local/go/src/crypto/internal/nistec/p256_asm.go:141)\n>>>               /home/vscode/.cache/tinygo/thinlto/llvmcache-A9198F8F47DBC3F1380719A57F0B12FF9122D9C7:(crypto/internal/nistec.p256Polynomial)\n>>> referenced by p256_asm.go:489 (/usr/local/go/src/crypto/internal/nistec/p256_asm.go:489)\n>>>               /home/vscode/.cache/tinygo/thinlto/llvmcache-A9198F8F47DBC3F1380719A57F0B12FF9122D9C7:((*crypto/ecdh.PrivateKey).PublicKey$1)\n>>> referenced 8 more times\n\nld.lld: error: undefined symbol: crypto/internal/nistec.p256BigToLittle\n>>> referenced by p256_asm.go:95 (/usr/local/go/src/crypto/internal/nistec/p256_asm.go:95)\n>>>               /home/vscode/.cache/tinygo/thinlto/llvmcache-A9198F8F47DBC3F1380719A57F0B12FF9122D9C7:((*crypto/internal/nistec.P256Point).SetBytes)\n>>> referenced by main\n>>>               /home/vscode/.cache/tinygo/thinlto/llvmcache-A9198F8F47DBC3F1380719A57F0B12FF9122D9C7:(OUTLINED_FUNCTION_764)\n\nld.lld: error: undefined symbol: crypto/internal/nistec.p256FromMont\n>>> referenced by p256_asm.go:125 (/usr/local/go/src/crypto/internal/nistec/p256_asm.go:125)\n>>>               /home/vscode/.cache/tinygo/thinlto/llvmcache-A9198F8F47DBC3F1380719A57F0B12FF9122D9C7:((*crypto/internal/nistec.P256Point).SetBytes)\n>>> referenced by p256_asm.go:516 (/usr/local/go/src/crypto/internal/nistec/p256_asm.go:516)\n>>>               /home/vscode/.cache/tinygo/thinlto/llvmcache-A9198F8F47DBC3F1380719A57F0B12FF9122D9C7:((*crypto/ecdh.PrivateKey).ECDH)\n>>> referenced by p256_asm.go:494 (/usr/local/go/src/crypto/internal/nistec/p256_asm.go:494)\n>>>               /home/vscode/.cache/tinygo/thinlto/llvmcache-A9198F8F47DBC3F1380719A57F0B12FF9122D9C7:((*crypto/ecdh.PrivateKey).PublicKey$1)\n>>> referenced 1 more times\n\nld.lld: error: undefined symbol: crypto/internal/nistec.p256NegCond\n>>> referenced by p256_asm.go:127 (/usr/local/go/src/crypto/internal/nistec/p256_asm.go:127)\n>>>               /home/vscode/.cache/tinygo/thinlto/llvmcache-A9198F8F47DBC3F1380719A57F0B12FF9122D9C7:((*crypto/internal/nistec.P256Point).SetBytes)\n>>> referenced by p256_asm.go:146 (/usr/local/go/src/crypto/internal/nistec/p256_asm.go:146)\n>>>               /home/vscode/.cache/tinygo/thinlto/llvmcache-A9198F8F47DBC3F1380719A57F0B12FF9122D9C7:(crypto/internal/nistec.p256Polynomial)\n>>> referenced by p256_asm.go:723 (/usr/local/go/src/crypto/internal/nistec/p256_asm.go:723)\n>>>               /home/vscode/.cache/tinygo/thinlto/llvmcache-A9198F8F47DBC3F1380719A57F0B12FF9122D9C7:((*crypto/ecdh.PrivateKey).ECDH)\n>>> referenced 2 more times\n\nld.lld: error: undefined symbol: crypto/internal/nistec.p256PointDoubleAsm\n>>> referenced by p256_asm.go:660 (/usr/local/go/src/crypto/internal/nistec/p256_asm.go:660)\n>>>               /home/vscode/.cache/tinygo/thinlto/llvmcache-A9198F8F47DBC3F1380719A57F0B12FF9122D9C7:((*crypto/ecdh.PrivateKey).ECDH)\n>>> referenced by p256_asm.go:661 (/usr/local/go/src/crypto/internal/nistec/p256_asm.go:661)\n>>>               /home/vscode/.cache/tinygo/thinlto/llvmcache-A9198F8F47DBC3F1380719A57F0B12FF9122D9C7:((*crypto/ecdh.PrivateKey).ECDH)\n>>> referenced by p256_asm.go:662 (/usr/local/go/src/crypto/internal/nistec/p256_asm.go:662)\n>>>               /home/vscode/.cache/tinygo/thinlto/llvmcache-A9198F8F47DBC3F1380719A57F0B12FF9122D9C7:((*crypto/ecdh.PrivateKey).ECDH)\n>>> referenced 7 more times\n\nld.lld: error: undefined symbol: crypto/internal/nistec.p256PointAddAsm\n>>> referenced by p256_asm.go:669 (/usr/local/go/src/crypto/internal/nistec/p256_asm.go:669)\n>>>               /home/vscode/.cache/tinygo/thinlto/llvmcache-A9198F8F47DBC3F1380719A57F0B12FF9122D9C7:((*crypto/ecdh.PrivateKey).ECDH)\n>>> referenced by p256_asm.go:681 (/usr/local/go/src/crypto/internal/nistec/p256_asm.go:681)\n>>>               /home/vscode/.cache/tinygo/thinlto/llvmcache-A9198F8F47DBC3F1380719A57F0B12FF9122D9C7:((*crypto/ecdh.PrivateKey).ECDH)\n>>> referenced by p256_asm.go:691 (/usr/local/go/src/crypto/internal/nistec/p256_asm.go:691)\n>>>               /home/vscode/.cache/tinygo/thinlto/llvmcache-A9198F8F47DBC3F1380719A57F0B12FF9122D9C7:((*crypto/ecdh.PrivateKey).ECDH)\n>>> referenced 2 more times\n\nld.lld: error: undefined symbol: crypto/internal/nistec.p256Select\n>>> referenced by p256_asm.go:703 (/usr/local/go/src/crypto/internal/nistec/p256_asm.go:703)\n>>>               /home/vscode/.cache/tinygo/thinlto/llvmcache-A9198F8F47DBC3F1380719A57F0B12FF9122D9C7:((*crypto/ecdh.PrivateKey).ECDH)\n>>> referenced by p256_asm.go:722 (/usr/local/go/src/crypto/internal/nistec/p256_asm.go:722)\n>>>               /home/vscode/.cache/tinygo/thinlto/llvmcache-A9198F8F47DBC3F1380719A57F0B12FF9122D9C7:((*crypto/ecdh.PrivateKey).ECDH)\n>>> referenced by p256_asm.go:739 (/usr/local/go/src/crypto/internal/nistec/p256_asm.go:739)\n>>>               /home/vscode/.cache/tinygo/thinlto/llvmcache-A9198F8F47DBC3F1380719A57F0B12FF9122D9C7:((*crypto/ecdh.PrivateKey).ECDH)\n\nld.lld: error: undefined symbol: crypto/internal/nistec.p256MovCond\n>>> referenced by p256_asm.go:725 (/usr/local/go/src/crypto/internal/nistec/p256_asm.go:725)\n>>>               /home/vscode/.cache/tinygo/thinlto/llvmcache-A9198F8F47DBC3F1380719A57F0B12FF9122D9C7:((*crypto/ecdh.PrivateKey).ECDH)\n>>> referenced by p256_asm.go:742 (/usr/local/go/src/crypto/internal/nistec/p256_asm.go:742)\n>>>               /home/vscode/.cache/tinygo/thinlto/llvmcache-A9198F8F47DBC3F1380719A57F0B12FF9122D9C7:((*crypto/ecdh.PrivateKey).ECDH)\n>>> referenced by p256_asm.go:648 (/usr/local/go/src/crypto/internal/nistec/p256_asm.go:648)\n>>>               /home/vscode/.cache/tinygo/thinlto/llvmcache-A9198F8F47DBC3F1380719A57F0B12FF9122D9C7:((*crypto/ecdh.PrivateKey).PublicKey$1)\n>>> referenced 1 more times\n\nld.lld: error: undefined symbol: crypto/internal/nistec.p256LittleToBig\n>>> referenced by p256_asm.go:517 (/usr/local/go/src/crypto/internal/nistec/p256_asm.go:517)\n>>>               /home/vscode/.cache/tinygo/thinlto/llvmcache-A9198F8F47DBC3F1380719A57F0B12FF9122D9C7:((*crypto/ecdh.PrivateKey).ECDH)\n>>> referenced by p256_asm.go:478 (/usr/local/go/src/crypto/internal/nistec/p256_asm.go:478)\n>>>               /home/vscode/.cache/tinygo/thinlto/llvmcache-A9198F8F47DBC3F1380719A57F0B12FF9122D9C7:((*crypto/ecdh.PrivateKey).PublicKey$1)\n>>> referenced by p256_asm.go:479 (/usr/local/go/src/crypto/internal/nistec/p256_asm.go:479)\n>>>               /home/vscode/.cache/tinygo/thinlto/llvmcache-A9198F8F47DBC3F1380719A57F0B12FF9122D9C7:((*crypto/ecdh.PrivateKey).PublicKey$1)\n\nld.lld: error: undefined symbol: crypto/internal/nistec.p256SelectAffine\n>>> referenced by p256_asm.go:627 (/usr/local/go/src/crypto/internal/nistec/p256_asm.go:627)\n>>>               /home/vscode/.cache/tinygo/thinlto/llvmcache-A9198F8F47DBC3F1380719A57F0B12FF9122D9C7:((*crypto/ecdh.PrivateKey).PublicKey$1)\n>>> referenced by p256_asm.go:642 (/usr/local/go/src/crypto/internal/nistec/p256_asm.go:642)\n>>>               /home/vscode/.cache/tinygo/thinlto/llvmcache-A9198F8F47DBC3F1380719A57F0B12FF9122D9C7:((*crypto/ecdh.PrivateKey).PublicKey$1)\n\nld.lld: error: undefined symbol: crypto/internal/nistec.p256PointAddAffineAsm\n>>> referenced by p256_asm.go:643 (/usr/local/go/src/crypto/internal/nistec/p256_asm.go:643)\n>>>               /home/vscode/.cache/tinygo/thinlto/llvmcache-A9198F8F47DBC3F1380719A57F0B12FF9122D9C7:((*crypto/ecdh.PrivateKey).PublicKey$1)\n\nld.lld: error: undefined symbol: crypto/internal/nistec.p256OrdBigToLittle\n>>> referenced by main\n>>>               /home/vscode/.cache/tinygo/thinlto/llvmcache-A9198F8F47DBC3F1380719A57F0B12FF9122D9C7:(OUTLINED_FUNCTION_784)\nfailed to run tool: ld.lld\nFAIL\tcrypto/ecdh\t0.000s\nerror: failed to link /tmp/tinygo1041699275/main: exit status 1"
    },
    "crypto/ecdsa": {
        "tests": 0,
        "failures": 0,
        "errors": 1,
        "summary": "build error",
        "detail": "ld.lld --gc-sections -L /workspaces/dc-wasm-go/tinygo -o /tmp/tinygo3570518722/main /tmp/tinygo3570518722/main.o /home/vscode/.cache/tinygo/compiler-rt-aarch64-unknown-linux-generic/lib.a /home/vscode/.cache/tinygo/obj-3fd9192bbb8c0507447753a8b8972390a979bbb71b28b3ea50e39abe.bc /home/vscode/.cache/tinygo/obj-f79712e5b2f218317551c5961bf12c37f30f9733eb9ffe02c10c0c3a.bc /home/vscode/.cache/tinygo/musl-aarch64-unknown-linux-generic/crt1.o /home/vscode/.cache/tinygo/musl-aarch64-unknown-linux-generic/lib.a /tmp/tinygo3570518722/embed-a3a5d08c40939adb7c0e9e4f5b689721-3350882763.o -mllvm -mcpu=generic --lto-O2 --thinlto-cache-dir=/home/vscode/.cache/tinygo/thinlto -mllvm --rotation-max-header-size=0\nld.lld: error: undefined symbol: crypto/aes.encryptBlockAsm\n>>> referenced by cipher_asm.go:81 (/usr/local/go/src/crypto/aes/cipher_asm.go:81)\n>>>               /home/vscode/.cache/tinygo/thinlto/llvmcache-F568D06C43F73D8F1BED36B0D9AD0FEE3E7B3634:((*crypto/aes.aesCipherAsm).Encrypt)\n\nld.lld: error: undefined symbol: crypto/internal/nistec.p256PointAddAsm\n>>> referenced by p256_asm.go:387 (/usr/local/go/src/crypto/internal/nistec/p256_asm.go:387)\n>>>               /home/vscode/.cache/tinygo/thinlto/llvmcache-F568D06C43F73D8F1BED36B0D9AD0FEE3E7B3634:((*crypto/internal/nistec.P256Point).Add)\n>>> referenced by p256_asm.go:669 (/usr/local/go/src/crypto/internal/nistec/p256_asm.go:669)\n>>>               /home/vscode/.cache/tinygo/thinlto/llvmcache-F568D06C43F73D8F1BED36B0D9AD0FEE3E7B3634:((*crypto/internal/nistec.P256Point).ScalarMult)\n>>> referenced by p256_asm.go:681 (/usr/local/go/src/crypto/internal/nistec/p256_asm.go:681)\n>>>               /home/vscode/.cache/tinygo/thinlto/llvmcache-F568D06C43F73D8F1BED36B0D9AD0FEE3E7B3634:((*crypto/internal/nistec.P256Point).ScalarMult)\n>>> referenced 3 more times\n\nld.lld: error: undefined symbol: crypto/internal/nistec.p256PointDoubleAsm\n>>> referenced by p256_asm.go:388 (/usr/local/go/src/crypto/internal/nistec/p256_asm.go:388)\n>>>               /home/vscode/.cache/tinygo/thinlto/llvmcache-F568D06C43F73D8F1BED36B0D9AD0FEE3E7B3634:((*crypto/internal/nistec.P256Point).Add)\n>>> referenced by p256_asm.go:660 (/usr/local/go/src/crypto/internal/nistec/p256_asm.go:660)\n>>>               /home/vscode/.cache/tinygo/thinlto/llvmcache-F568D06C43F73D8F1BED36B0D9AD0FEE3E7B3634:((*crypto/internal/nistec.P256Point).ScalarMult)\n>>> referenced by p256_asm.go:661 (/usr/local/go/src/crypto/internal/nistec/p256_asm.go:661)\n>>>               /home/vscode/.cache/tinygo/thinlto/llvmcache-F568D06C43F73D8F1BED36B0D9AD0FEE3E7B3634:((*crypto/internal/nistec.P256Point).ScalarMult)\n>>> referenced 8 more times\n\nld.lld: error: undefined symbol: crypto/internal/nistec.p256MovCond\n>>> referenced by p256_asm.go:389 (/usr/local/go/src/crypto/internal/nistec/p256_asm.go:389)\n>>>               /home/vscode/.cache/tinygo/thinlto/llvmcache-F568D06C43F73D8F1BED36B0D9AD0FEE3E7B3634:((*crypto/internal/nistec.P256Point).Add)\n>>> referenced by p256_asm.go:390 (/usr/local/go/src/crypto/internal/nistec/p256_asm.go:390)\n>>>               /home/vscode/.cache/tinygo/thinlto/llvmcache-F568D06C43F73D8F1BED36B0D9AD0FEE3E7B3634:((*crypto/internal/nistec.P256Point).Add)\n>>> referenced by p256_asm.go:391 (/usr/local/go/src/crypto/internal/nistec/p256_asm.go:391)\n>>>               /home/vscode/.cache/tinygo/thinlto/llvmcache-F568D06C43F73D8F1BED36B0D9AD0FEE3E7B3634:((*crypto/internal/nistec.P256Point).Add)\n>>> referenced 4 more times\n\nld.lld: error: undefined symbol: crypto/internal/nistec.p256Mul\n>>> referenced by p256_asm.go:489 (/usr/local/go/src/crypto/internal/nistec/p256_asm.go:489)\n>>>               /home/vscode/.cache/tinygo/thinlto/llvmcache-F568D06C43F73D8F1BED36B0D9AD0FEE3E7B3634:((*crypto/internal/nistec.P256Point).Bytes)\n>>> referenced by p256_asm.go:603 (/usr/local/go/src/crypto/internal/nistec/p256_asm.go:603)\n>>>               /home/vscode/.cache/tinygo/thinlto/llvmcache-F568D06C43F73D8F1BED36B0D9AD0FEE3E7B3634:(crypto/internal/nistec.p256Inverse)\n>>> referenced by main\n>>>               /home/vscode/.cache/tinygo/thinlto/llvmcache-F568D06C43F73D8F1BED36B0D9AD0FEE3E7B3634:(OUTLINED_FUNCTION_189)\n>>> referenced 5 more times\n\nld.lld: error: undefined symbol: crypto/internal/nistec.p256FromMont\n>>> referenced by p256_asm.go:495 (/usr/local/go/src/crypto/internal/nistec/p256_asm.go:495)\n>>>               /home/vscode/.cache/tinygo/thinlto/llvmcache-F568D06C43F73D8F1BED36B0D9AD0FEE3E7B3634:((*crypto/internal/nistec.P256Point).Bytes)\n>>> referenced by p256_asm.go:125 (/usr/local/go/src/crypto/internal/nistec/p256_asm.go:125)\n>>>               /home/vscode/.cache/tinygo/thinlto/llvmcache-F568D06C43F73D8F1BED36B0D9AD0FEE3E7B3634:((*crypto/internal/nistec.P256Point).SetBytes)\n>>> referenced by main\n>>>               /home/vscode/.cache/tinygo/thinlto/llvmcache-F568D06C43F73D8F1BED36B0D9AD0FEE3E7B3634:(OUTLINED_FUNCTION_1215)\n\nld.lld: error: undefined symbol: crypto/internal/nistec.p256LittleToBig\n>>> referenced by p256_asm.go:478 (/usr/local/go/src/crypto/internal/nistec/p256_asm.go:478)\n>>>               /home/vscode/.cache/tinygo/thinlto/llvmcache-F568D06C43F73D8F1BED36B0D9AD0FEE3E7B3634:((*crypto/internal/nistec.P256Point).Bytes)\n>>> referenced by p256_asm.go:479 (/usr/local/go/src/crypto/internal/nistec/p256_asm.go:479)\n>>>               /home/vscode/.cache/tinygo/thinlto/llvmcache-F568D06C43F73D8F1BED36B0D9AD0FEE3E7B3634:((*crypto/internal/nistec.P256Point).Bytes)\n>>> referenced by p256_asm.go:517 (/usr/local/go/src/crypto/internal/nistec/p256_asm.go:517)\n>>>               /home/vscode/.cache/tinygo/thinlto/llvmcache-F568D06C43F73D8F1BED36B0D9AD0FEE3E7B3634:((*crypto/internal/nistec.P256Point).BytesX)\n\nld.lld: error: undefined symbol: crypto/internal/nistec.p256Sqr\n>>> referenced by p256_asm.go:584 (/usr/local/go/src/crypto/internal/nistec/p256_asm.go:584)\n>>>               /home/vscode/.cache/tinygo/thinlto/llvmcache-F568D06C43F73D8F1BED36B0D9AD0FEE3E7B3634:(crypto/internal/nistec.p256Inverse)\n>>> referenced by p256_asm.go:586 (/usr/local/go/src/crypto/internal/nistec/p256_asm.go:586)\n>>>               /home/vscode/.cache/tinygo/thinlto/llvmcache-F568D06C43F73D8F1BED36B0D9AD0FEE3E7B3634:(crypto/internal/nistec.p256Inverse)\n>>> referenced by p256_asm.go:588 (/usr/local/go/src/crypto/internal/nistec/p256_asm.go:588)\n>>>               /home/vscode/.cache/tinygo/thinlto/llvmcache-F568D06C43F73D8F1BED36B0D9AD0FEE3E7B3634:(crypto/internal/nistec.p256Inverse)\n>>> referenced 16 more times\n\nld.lld: error: undefined symbol: crypto/internal/nistec.p256OrdBigToLittle\n>>> referenced by p256_asm.go:410 (/usr/local/go/src/crypto/internal/nistec/p256_asm.go:410)\n>>>               /home/vscode/.cache/tinygo/thinlto/llvmcache-F568D06C43F73D8F1BED36B0D9AD0FEE3E7B3634:((*crypto/internal/nistec.P256Point).ScalarBaseMult)\n>>> referenced by p256_asm.go:425 (/usr/local/go/src/crypto/internal/nistec/p256_asm.go:425)\n>>>               /home/vscode/.cache/tinygo/thinlto/llvmcache-F568D06C43F73D8F1BED36B0D9AD0FEE3E7B3634:((*crypto/internal/nistec.P256Point).ScalarMult)\n>>> referenced by p256_ordinv.go:27 (/usr/local/go/src/crypto/internal/nistec/p256_ordinv.go:27)\n>>>               /home/vscode/.cache/tinygo/thinlto/llvmcache-F568D06C43F73D8F1BED36B0D9AD0FEE3E7B3634:(crypto/internal/nistec.P256OrdInverse)\n\nld.lld: error: undefined symbol: crypto/internal/nistec.p256SelectAffine\n>>> referenced by p256_asm.go:627 (/usr/local/go/src/crypto/internal/nistec/p256_asm.go:627)\n>>>               /home/vscode/.cache/tinygo/thinlto/llvmcache-F568D06C43F73D8F1BED36B0D9AD0FEE3E7B3634:((*crypto/internal/nistec.P256Point).ScalarBaseMult)\n>>> referenced by p256_asm.go:642 (/usr/local/go/src/crypto/internal/nistec/p256_asm.go:642)\n>>>               /home/vscode/.cache/tinygo/thinlto/llvmcache-F568D06C43F73D8F1BED36B0D9AD0FEE3E7B3634:((*crypto/internal/nistec.P256Point).ScalarBaseMult)\n\nld.lld: error: undefined symbol: crypto/internal/nistec.p256NegCond\n>>> referenced by p256_asm.go:629 (/usr/local/go/src/crypto/internal/nistec/p256_asm.go:629)\n>>>               /home/vscode/.cache/tinygo/thinlto/llvmcache-F568D06C43F73D8F1BED36B0D9AD0FEE3E7B3634:((*crypto/internal/nistec.P256Point).ScalarBaseMult)\n>>> referenced by p256_asm.go:723 (/usr/local/go/src/crypto/internal/nistec/p256_asm.go:723)\n>>>               /home/vscode/.cache/tinygo/thinlto/llvmcache-F568D06C43F73D8F1BED36B0D9AD0FEE3E7B3634:((*crypto/internal/nistec.P256Point).ScalarMult)\n>>> referenced by p256_asm.go:740 (/usr/local/go/src/crypto/internal/nistec/p256_asm.go:740)\n>>>               /home/vscode/.cache/tinygo/thinlto/llvmcache-F568D06C43F73D8F1BED36B0D9AD0FEE3E7B3634:((*crypto/internal/nistec.P256Point).ScalarMult)\n>>> referenced 2 more times\n\nld.lld: error: undefined symbol: crypto/internal/nistec.p256PointAddAffineAsm\n>>> referenced by p256_asm.go:643 (/usr/local/go/src/crypto/internal/nistec/p256_asm.go:643)\n>>>               /home/vscode/.cache/tinygo/thinlto/llvmcache-F568D06C43F73D8F1BED36B0D9AD0FEE3E7B3634:((*crypto/internal/nistec.P256Point).ScalarBaseMult)\n\nld.lld: error: undefined symbol: crypto/internal/nistec.p256Select\n>>> referenced by p256_asm.go:703 (/usr/local/go/src/crypto/internal/nistec/p256_asm.go:703)\n>>>               /home/vscode/.cache/tinygo/thinlto/llvmcache-F568D06C43F73D8F1BED36B0D9AD0FEE3E7B3634:((*crypto/internal/nistec.P256Point).ScalarMult)\n>>> referenced by p256_asm.go:722 (/usr/local/go/src/crypto/internal/nistec/p256_asm.go:722)\n>>>               /home/vscode/.cache/tinygo/thinlto/llvmcache-F568D06C43F73D8F1BED36B0D9AD0FEE3E7B3634:((*crypto/internal/nistec.P256Point).ScalarMult)\n>>> referenced by p256_asm.go:739 (/usr/local/go/src/crypto/internal/nistec/p256_asm.go:739)\n>>>               /home/vscode/.cache/tinygo/thinlto/llvmcache-F568D06C43F73D8F1BED36B0D9AD0FEE3E7B3634:((*crypto/internal/nistec.P256Point).ScalarMult)\n\nld.lld: error: undefined symbol: crypto/internal/nistec.p256BigToLittle\n>>> referenced by p256_asm.go:95 (/usr/local/go/src/crypto/internal/nistec/p256_asm.go:95)\n>>>               /home/vscode/.cache/tinygo/thinlto/llvmcache-F568D06C43F73D8F1BED36B0D9AD0FEE3E7B3634:((*crypto/internal/nistec.P256Point).SetBytes)\n>>> referenced by main\n>>>               /home/vscode/.cache/tinygo/thinlto/llvmcache-F568D06C43F73D8F1BED36B0D9AD0FEE3E7B3634:(OUTLINED_FUNCTION_1291)\n\nld.lld: error: undefined symbol: crypto/internal/nistec.p256OrdMul\n>>> referenced by p256_ordinv.go:51 (/usr/local/go/src/crypto/internal/nistec/p256_ordinv.go:51)\n>>>               /home/vscode/.cache/tinygo/thinlto/llvmcache-F568D06C43F73D8F1BED36B0D9AD0FEE3E7B3634:(crypto/internal/nistec.P256OrdInverse)\n>>> referenced by p256_ordinv.go:53 (/usr/local/go/src/crypto/internal/nistec/p256_ordinv.go:53)\n>>>               /home/vscode/.cache/tinygo/thinlto/llvmcache-F568D06C43F73D8F1BED36B0D9AD0FEE3E7B3634:(crypto/internal/nistec.P256OrdInverse)\n>>> referenced by p256_ordinv.go:54 (/usr/local/go/src/crypto/internal/nistec/p256_ordinv.go:54)\n>>>               /home/vscode/.cache/tinygo/thinlto/llvmcache-F568D06C43F73D8F1BED36B0D9AD0FEE3E7B3634:(crypto/internal/nistec.P256OrdInverse)\n>>> referenced 7 more times\n\nld.lld: error: undefined symbol: crypto/internal/nistec.p256OrdSqr\n>>> referenced by p256_ordinv.go:64 (/usr/local/go/src/crypto/internal/nistec/p256_ordinv.go:64)\n>>>               /home/vscode/.cache/tinygo/thinlto/llvmcache-F568D06C43F73D8F1BED36B0D9AD0FEE3E7B3634:(crypto/internal/nistec.P256OrdInverse)\n>>> referenced by p256_ordinv.go:66 (/usr/local/go/src/crypto/internal/nistec/p256_ordinv.go:66)\n>>>               /home/vscode/.cache/tinygo/thinlto/llvmcache-F568D06C43F73D8F1BED36B0D9AD0FEE3E7B3634:(crypto/internal/nistec.P256OrdInverse)\n>>> referenced by p256_ordinv.go:68 (/usr/local/go/src/crypto/internal/nistec/p256_ordinv.go:68)\n>>>               /home/vscode/.cache/tinygo/thinlto/llvmcache-F568D06C43F73D8F1BED36B0D9AD0FEE3E7B3634:(crypto/internal/nistec.P256OrdInverse)\n>>> referenced 4 more times\n\nld.lld: error: undefined symbol: crypto/internal/nistec.p256OrdLittleToBig\n>>> referenced by p256_ordinv.go:100 (/usr/local/go/src/crypto/internal/nistec/p256_ordinv.go:100)\n>>>               /home/vscode/.cache/tinygo/thinlto/llvmcache-F568D06C43F73D8F1BED36B0D9AD0FEE3E7B3634:(crypto/internal/nistec.P256OrdInverse)\nfailed to run tool: ld.lld\nFAIL\tcrypto/ecdsa\t0.000s\nerror: failed to link /tmp/tinygo3570518722/main: exit status 1"
    },
    "crypto/ed25519": {
        "tests": 9,
        "failures": 1,
        "errors": 0,
        "summary": "failure",
        "detail": "Failures/Tests: 1/9\n=== RUN   TestEd25519Vectors\n    skipping test: 'go build' unavailable: /usr/local/go/bin/go tool -n compile: fork/exec /usr/local/go/bin/go: operation not implemented\n    SkipNow is incomplete, requires runtime.Goexit()\n    platform cannot run go tool\n    FailNow is incomplete, requires runtime.Goexit()\n    failed to run `go mod download -json filippo.io/mostly-harmless/ed25519vectors@v0.0.0-20210322192420-30a2d7243a94`, output: \n    FailNow is incomplete, requires runtime.Goexit()\n    unexpected end of JSON input\n    FailNow is incomplete, requires runtime.Goexit()\n    failed to read ed25519vectors.json: open ed25519vectors.json: file does not exist\n    FailNow is incomplete, requires runtime.Goexit()\n    unexpected end of JSON input\n    FailNow is incomplete, requires runtime.Goexit()\n--- FAIL: TestEd25519Vectors (0.00s)\n"
    },
    "crypto/elliptic": {
        "tests": 0,
        "failures": 0,
        "errors": 1,
        "summary": "build error",
        "detail": "ld.lld --gc-sections -L /workspaces/dc-wasm-go/tinygo -o /tmp/tinygo2099428393/main /tmp/tinygo2099428393/main.o /home/vscode/.cache/tinygo/compiler-rt-aarch64-unknown-linux-generic/lib.a /home/vscode/.cache/tinygo/obj-3fd9192bbb8c0507447753a8b8972390a979bbb71b28b3ea50e39abe.bc /home/vscode/.cache/tinygo/obj-f79712e5b2f218317551c5961bf12c37f30f9733eb9ffe02c10c0c3a.bc /home/vscode/.cache/tinygo/musl-aarch64-unknown-linux-generic/crt1.o /home/vscode/.cache/tinygo/musl-aarch64-unknown-linux-generic/lib.a /tmp/tinygo2099428393/embed-a3a5d08c40939adb7c0e9e4f5b689721-2578739765.o -mllvm -mcpu=generic --lto-O2 --thinlto-cache-dir=/home/vscode/.cache/tinygo/thinlto -mllvm --rotation-max-header-size=0\nld.lld: error: undefined symbol: crypto/internal/nistec.p256PointAddAsm\n>>> referenced by p256_asm.go:387 (/usr/local/go/src/crypto/internal/nistec/p256_asm.go:387)\n>>>               /home/vscode/.cache/tinygo/thinlto/llvmcache-20642E7B314CA985E897E76380AEDC49A8986AF3:((*crypto/internal/nistec.P256Point).Add)\n>>> referenced by p256_asm.go:669 (/usr/local/go/src/crypto/internal/nistec/p256_asm.go:669)\n>>>               /home/vscode/.cache/tinygo/thinlto/llvmcache-20642E7B314CA985E897E76380AEDC49A8986AF3:((*crypto/internal/nistec.P256Point).ScalarMult)\n>>> referenced by p256_asm.go:681 (/usr/local/go/src/crypto/internal/nistec/p256_asm.go:681)\n>>>               /home/vscode/.cache/tinygo/thinlto/llvmcache-20642E7B314CA985E897E76380AEDC49A8986AF3:((*crypto/internal/nistec.P256Point).ScalarMult)\n>>> referenced 3 more times\n\nld.lld: error: undefined symbol: crypto/internal/nistec.p256PointDoubleAsm\n>>> referenced by p256_asm.go:388 (/usr/local/go/src/crypto/internal/nistec/p256_asm.go:388)\n>>>               /home/vscode/.cache/tinygo/thinlto/llvmcache-20642E7B314CA985E897E76380AEDC49A8986AF3:((*crypto/internal/nistec.P256Point).Add)\n>>> referenced by p256_asm.go:660 (/usr/local/go/src/crypto/internal/nistec/p256_asm.go:660)\n>>>               /home/vscode/.cache/tinygo/thinlto/llvmcache-20642E7B314CA985E897E76380AEDC49A8986AF3:((*crypto/internal/nistec.P256Point).ScalarMult)\n>>> referenced by p256_asm.go:661 (/usr/local/go/src/crypto/internal/nistec/p256_asm.go:661)\n>>>               /home/vscode/.cache/tinygo/thinlto/llvmcache-20642E7B314CA985E897E76380AEDC49A8986AF3:((*crypto/internal/nistec.P256Point).ScalarMult)\n>>> referenced 9 more times\n\nld.lld: error: undefined symbol: crypto/internal/nistec.p256MovCond\n>>> referenced by p256_asm.go:389 (/usr/local/go/src/crypto/internal/nistec/p256_asm.go:389)\n>>>               /home/vscode/.cache/tinygo/thinlto/llvmcache-20642E7B314CA985E897E76380AEDC49A8986AF3:((*crypto/internal/nistec.P256Point).Add)\n>>> referenced by p256_asm.go:390 (/usr/local/go/src/crypto/internal/nistec/p256_asm.go:390)\n>>>               /home/vscode/.cache/tinygo/thinlto/llvmcache-20642E7B314CA985E897E76380AEDC49A8986AF3:((*crypto/internal/nistec.P256Point).Add)\n>>> referenced by p256_asm.go:391 (/usr/local/go/src/crypto/internal/nistec/p256_asm.go:391)\n>>>               /home/vscode/.cache/tinygo/thinlto/llvmcache-20642E7B314CA985E897E76380AEDC49A8986AF3:((*crypto/internal/nistec.P256Point).Add)\n>>> referenced 4 more times\n\nld.lld: error: undefined symbol: crypto/internal/nistec.p256OrdBigToLittle\n>>> referenced by p256_asm.go:410 (/usr/local/go/src/crypto/internal/nistec/p256_asm.go:410)\n>>>               /home/vscode/.cache/tinygo/thinlto/llvmcache-20642E7B314CA985E897E76380AEDC49A8986AF3:((*crypto/internal/nistec.P256Point).ScalarBaseMult)\n>>> referenced by p256_asm.go:425 (/usr/local/go/src/crypto/internal/nistec/p256_asm.go:425)\n>>>               /home/vscode/.cache/tinygo/thinlto/llvmcache-20642E7B314CA985E897E76380AEDC49A8986AF3:((*crypto/internal/nistec.P256Point).ScalarMult)\n\nld.lld: error: undefined symbol: crypto/internal/nistec.p256SelectAffine\n>>> referenced by p256_asm.go:627 (/usr/local/go/src/crypto/internal/nistec/p256_asm.go:627)\n>>>               /home/vscode/.cache/tinygo/thinlto/llvmcache-20642E7B314CA985E897E76380AEDC49A8986AF3:((*crypto/internal/nistec.P256Point).ScalarBaseMult)\n>>> referenced by p256_asm.go:642 (/usr/local/go/src/crypto/internal/nistec/p256_asm.go:642)\n>>>               /home/vscode/.cache/tinygo/thinlto/llvmcache-20642E7B314CA985E897E76380AEDC49A8986AF3:((*crypto/internal/nistec.P256Point).ScalarBaseMult)\n\nld.lld: error: undefined symbol: crypto/internal/nistec.p256NegCond\n>>> referenced by p256_asm.go:629 (/usr/local/go/src/crypto/internal/nistec/p256_asm.go:629)\n>>>               /home/vscode/.cache/tinygo/thinlto/llvmcache-20642E7B314CA985E897E76380AEDC49A8986AF3:((*crypto/internal/nistec.P256Point).ScalarBaseMult)\n>>> referenced by p256_asm.go:723 (/usr/local/go/src/crypto/internal/nistec/p256_asm.go:723)\n>>>               /home/vscode/.cache/tinygo/thinlto/llvmcache-20642E7B314CA985E897E76380AEDC49A8986AF3:((*crypto/internal/nistec.P256Point).ScalarMult)\n>>> referenced by p256_asm.go:740 (/usr/local/go/src/crypto/internal/nistec/p256_asm.go:740)\n>>>               /home/vscode/.cache/tinygo/thinlto/llvmcache-20642E7B314CA985E897E76380AEDC49A8986AF3:((*crypto/internal/nistec.P256Point).ScalarMult)\n>>> referenced 2 more times\n\nld.lld: error: undefined symbol: crypto/internal/nistec.p256PointAddAffineAsm\n>>> referenced by p256_asm.go:643 (/usr/local/go/src/crypto/internal/nistec/p256_asm.go:643)\n>>>               /home/vscode/.cache/tinygo/thinlto/llvmcache-20642E7B314CA985E897E76380AEDC49A8986AF3:((*crypto/internal/nistec.P256Point).ScalarBaseMult)\n\nld.lld: error: undefined symbol: crypto/internal/nistec.p256Select\n>>> referenced by p256_asm.go:703 (/usr/local/go/src/crypto/internal/nistec/p256_asm.go:703)\n>>>               /home/vscode/.cache/tinygo/thinlto/llvmcache-20642E7B314CA985E897E76380AEDC49A8986AF3:((*crypto/internal/nistec.P256Point).ScalarMult)\n>>> referenced by p256_asm.go:722 (/usr/local/go/src/crypto/internal/nistec/p256_asm.go:722)\n>>>               /home/vscode/.cache/tinygo/thinlto/llvmcache-20642E7B314CA985E897E76380AEDC49A8986AF3:((*crypto/internal/nistec.P256Point).ScalarMult)\n>>> referenced by p256_asm.go:739 (/usr/local/go/src/crypto/internal/nistec/p256_asm.go:739)\n>>>               /home/vscode/.cache/tinygo/thinlto/llvmcache-20642E7B314CA985E897E76380AEDC49A8986AF3:((*crypto/internal/nistec.P256Point).ScalarMult)\n\nld.lld: error: undefined symbol: crypto/internal/nistec.p256BigToLittle\n>>> referenced by p256_asm.go:95 (/usr/local/go/src/crypto/internal/nistec/p256_asm.go:95)\n>>>               /home/vscode/.cache/tinygo/thinlto/llvmcache-20642E7B314CA985E897E76380AEDC49A8986AF3:((*crypto/internal/nistec.P256Point).SetBytes)\n>>> referenced by main\n>>>               /home/vscode/.cache/tinygo/thinlto/llvmcache-20642E7B314CA985E897E76380AEDC49A8986AF3:(OUTLINED_FUNCTION_830)\n\nld.lld: error: undefined symbol: crypto/internal/nistec.p256Sqr\n>>> referenced by p256_asm.go:162 (/usr/local/go/src/crypto/internal/nistec/p256_asm.go:162)\n>>>               /home/vscode/.cache/tinygo/thinlto/llvmcache-20642E7B314CA985E897E76380AEDC49A8986AF3:((*crypto/internal/nistec.P256Point).SetBytes)\n>>> referenced by p256_asm.go:230 (/usr/local/go/src/crypto/internal/nistec/p256_asm.go:230)\n>>>               /home/vscode/.cache/tinygo/thinlto/llvmcache-20642E7B314CA985E897E76380AEDC49A8986AF3:((*crypto/internal/nistec.P256Point).SetBytes)\n>>> referenced by p256_asm.go:232 (/usr/local/go/src/crypto/internal/nistec/p256_asm.go:232)\n>>>               /home/vscode/.cache/tinygo/thinlto/llvmcache-20642E7B314CA985E897E76380AEDC49A8986AF3:((*crypto/internal/nistec.P256Point).SetBytes)\n>>> referenced 16 more times\n\nld.lld: error: undefined symbol: crypto/internal/nistec.p256FromMont\n>>> referenced by p256_asm.go:125 (/usr/local/go/src/crypto/internal/nistec/p256_asm.go:125)\n>>>               /home/vscode/.cache/tinygo/thinlto/llvmcache-20642E7B314CA985E897E76380AEDC49A8986AF3:((*crypto/internal/nistec.P256Point).SetBytes)\n>>> referenced by p256_asm.go:494 (/usr/local/go/src/crypto/internal/nistec/p256_asm.go:494)\n>>>               /home/vscode/.cache/tinygo/thinlto/llvmcache-20642E7B314CA985E897E76380AEDC49A8986AF3:((*crypto/elliptic.nistCurve[*crypto/internal/nistec.P256Point]).pointToAffine[*crypto/internal/nistec.P256Point])\n>>> referenced by p256_asm.go:495 (/usr/local/go/src/crypto/internal/nistec/p256_asm.go:495)\n>>>               /home/vscode/.cache/tinygo/thinlto/llvmcache-20642E7B314CA985E897E76380AEDC49A8986AF3:((*crypto/elliptic.nistCurve[*crypto/internal/nistec.P256Point]).pointToAffine[*crypto/internal/nistec.P256Point])\n\nld.lld: error: undefined symbol: crypto/internal/nistec.p256Mul\n>>> referenced by p256_asm.go:141 (/usr/local/go/src/crypto/internal/nistec/p256_asm.go:141)\n>>>               /home/vscode/.cache/tinygo/thinlto/llvmcache-20642E7B314CA985E897E76380AEDC49A8986AF3:(crypto/internal/nistec.p256Polynomial)\n>>> referenced by p256_asm.go:603 (/usr/local/go/src/crypto/internal/nistec/p256_asm.go:603)\n>>>               /home/vscode/.cache/tinygo/thinlto/llvmcache-20642E7B314CA985E897E76380AEDC49A8986AF3:((*crypto/elliptic.nistCurve[*crypto/internal/nistec.P256Point]).pointToAffine[*crypto/internal/nistec.P256Point])\n>>> referenced by p256_asm.go:492 (/usr/local/go/src/crypto/internal/nistec/p256_asm.go:492)\n>>>               /home/vscode/.cache/tinygo/thinlto/llvmcache-20642E7B314CA985E897E76380AEDC49A8986AF3:((*crypto/elliptic.nistCurve[*crypto/internal/nistec.P256Point]).pointToAffine[*crypto/internal/nistec.P256Point])\n>>> referenced 7 more times\n\nld.lld: error: undefined symbol: crypto/internal/nistec.p256LittleToBig\n>>> referenced by p256_asm.go:478 (/usr/local/go/src/crypto/internal/nistec/p256_asm.go:478)\n>>>               /home/vscode/.cache/tinygo/thinlto/llvmcache-20642E7B314CA985E897E76380AEDC49A8986AF3:((*crypto/elliptic.nistCurve[*crypto/internal/nistec.P256Point]).pointToAffine[*crypto/internal/nistec.P256Point])\n>>> referenced by p256_asm.go:479 (/usr/local/go/src/crypto/internal/nistec/p256_asm.go:479)\n>>>               /home/vscode/.cache/tinygo/thinlto/llvmcache-20642E7B314CA985E897E76380AEDC49A8986AF3:((*crypto/elliptic.nistCurve[*crypto/internal/nistec.P256Point]).pointToAffine[*crypto/internal/nistec.P256Point])\nfailed to run tool: ld.lld\nFAIL\tcrypto/elliptic\t0.000s\nerror: failed to link /tmp/tinygo2099428393/main: exit status 1"
    },
    "crypto/hmac": {
        "tests": 4,
        "failures": 0,
        "errors": 0,
        "summary": "passed"
    },
    "crypto/md5": {
        "tests": 6,
        "failures": 0,
        "errors": 0,
        "summary": "passed"
    },
    "crypto/rand": {
        "tests": 0,
        "failures": 0,
        "errors": 0,
        "summary": "no tests"
    },
    "crypto/rc4": {
        "tests": 2,
        "failures": 0,
        "errors": 0,
        "summary": "passed"
    },
    "crypto/rsa": {
        "tests": 0,
        "failures": 0,
        "errors": 1,
        "summary": "build error",
        "detail": "ld.lld --gc-sections -L /workspaces/dc-wasm-go/tinygo -o /tmp/tinygo2211709526/main /tmp/tinygo2211709526/main.o /home/vscode/.cache/tinygo/compiler-rt-aarch64-unknown-linux-generic/lib.a /home/vscode/.cache/tinygo/obj-3fd9192bbb8c0507447753a8b8972390a979bbb71b28b3ea50e39abe.bc /home/vscode/.cache/tinygo/obj-f79712e5b2f218317551c5961bf12c37f30f9733eb9ffe02c10c0c3a.bc /home/vscode/.cache/tinygo/musl-aarch64-unknown-linux-generic/crt1.o /home/vscode/.cache/tinygo/musl-aarch64-unknown-linux-generic/lib.a /tmp/tinygo2211709526/embed-a3a5d08c40939adb7c0e9e4f5b689721-1152567138.o -mllvm -mcpu=generic --lto-O2 --thinlto-cache-dir=/home/vscode/.cache/tinygo/thinlto -mllvm --rotation-max-header-size=0\nld.lld: error: undefined symbol: crypto/aes.encryptBlockAsm\n>>> referenced by cipher_asm.go:81 (/usr/local/go/src/crypto/aes/cipher_asm.go:81)\n>>>               /home/vscode/.cache/tinygo/thinlto/llvmcache-A7821E8819953E77D1802FDC05E6C7545825E171:((*crypto/aes.aesCipherAsm).Encrypt)\n\nld.lld: error: undefined symbol: crypto/internal/nistec.p256Sqr\n>>> referenced by p256_asm.go:140 (/usr/local/go/src/crypto/internal/nistec/p256_asm.go:140)\n>>>               /home/vscode/.cache/tinygo/thinlto/llvmcache-A7821E8819953E77D1802FDC05E6C7545825E171:(crypto/internal/nistec.p256Polynomial)\n>>> referenced by p256_asm.go:162 (/usr/local/go/src/crypto/internal/nistec/p256_asm.go:162)\n>>>               /home/vscode/.cache/tinygo/thinlto/llvmcache-A7821E8819953E77D1802FDC05E6C7545825E171:((*crypto/elliptic.nistCurve[*crypto/internal/nistec.P256Point]).pointFromAffine[*crypto/internal/nistec.P256Point])\n>>> referenced by p256_asm.go:230 (/usr/local/go/src/crypto/internal/nistec/p256_asm.go:230)\n>>>               /home/vscode/.cache/tinygo/thinlto/llvmcache-A7821E8819953E77D1802FDC05E6C7545825E171:((*crypto/elliptic.nistCurve[*crypto/internal/nistec.P256Point]).pointFromAffine[*crypto/internal/nistec.P256Point])\n>>> referenced 16 more times\n\nld.lld: error: undefined symbol: crypto/internal/nistec.p256Mul\n>>> referenced by p256_asm.go:141 (/usr/local/go/src/crypto/internal/nistec/p256_asm.go:141)\n>>>               /home/vscode/.cache/tinygo/thinlto/llvmcache-A7821E8819953E77D1802FDC05E6C7545825E171:(crypto/internal/nistec.p256Polynomial)\n>>> referenced by p256_asm.go:492 (/usr/local/go/src/crypto/internal/nistec/p256_asm.go:492)\n>>>               /home/vscode/.cache/tinygo/thinlto/llvmcache-A7821E8819953E77D1802FDC05E6C7545825E171:((*crypto/elliptic.nistCurve[*crypto/internal/nistec.P256Point]).pointToAffine[*crypto/internal/nistec.P256Point])\n>>> referenced by main\n>>>               /home/vscode/.cache/tinygo/thinlto/llvmcache-A7821E8819953E77D1802FDC05E6C7545825E171:(OUTLINED_FUNCTION_272)\n>>> referenced 6 more times\n\nld.lld: error: undefined symbol: crypto/internal/nistec.p256NegCond\n>>> referenced by p256_asm.go:146 (/usr/local/go/src/crypto/internal/nistec/p256_asm.go:146)\n>>>               /home/vscode/.cache/tinygo/thinlto/llvmcache-A7821E8819953E77D1802FDC05E6C7545825E171:(crypto/internal/nistec.p256Polynomial)\n>>> referenced by p256_asm.go:629 (/usr/local/go/src/crypto/internal/nistec/p256_asm.go:629)\n>>>               /home/vscode/.cache/tinygo/thinlto/llvmcache-A7821E8819953E77D1802FDC05E6C7545825E171:((*crypto/elliptic.nistCurve[*crypto/internal/nistec.P256Point]).ScalarBaseMult[*crypto/internal/nistec.P256Point])\n>>> referenced by p256_asm.go:723 (/usr/local/go/src/crypto/internal/nistec/p256_asm.go:723)\n>>>               /home/vscode/.cache/tinygo/thinlto/llvmcache-A7821E8819953E77D1802FDC05E6C7545825E171:((*crypto/elliptic.nistCurve[*crypto/internal/nistec.P256Point]).ScalarMult[*crypto/internal/nistec.P256Point])\n>>> referenced 2 more times\n\nld.lld: error: undefined symbol: crypto/internal/nistec.p256OrdBigToLittle\n>>> referenced by p256_asm.go:410 (/usr/local/go/src/crypto/internal/nistec/p256_asm.go:410)\n>>>               /home/vscode/.cache/tinygo/thinlto/llvmcache-A7821E8819953E77D1802FDC05E6C7545825E171:((*crypto/elliptic.nistCurve[*crypto/internal/nistec.P256Point]).ScalarBaseMult[*crypto/internal/nistec.P256Point])\n>>> referenced by p256_asm.go:425 (/usr/local/go/src/crypto/internal/nistec/p256_asm.go:425)\n>>>               /home/vscode/.cache/tinygo/thinlto/llvmcache-A7821E8819953E77D1802FDC05E6C7545825E171:((*crypto/elliptic.nistCurve[*crypto/internal/nistec.P256Point]).ScalarMult[*crypto/internal/nistec.P256Point])\n\nld.lld: error: undefined symbol: crypto/internal/nistec.p256SelectAffine\n>>> referenced by p256_asm.go:627 (/usr/local/go/src/crypto/internal/nistec/p256_asm.go:627)\n>>>               /home/vscode/.cache/tinygo/thinlto/llvmcache-A7821E8819953E77D1802FDC05E6C7545825E171:((*crypto/elliptic.nistCurve[*crypto/internal/nistec.P256Point]).ScalarBaseMult[*crypto/internal/nistec.P256Point])\n>>> referenced by p256_asm.go:642 (/usr/local/go/src/crypto/internal/nistec/p256_asm.go:642)\n>>>               /home/vscode/.cache/tinygo/thinlto/llvmcache-A7821E8819953E77D1802FDC05E6C7545825E171:((*crypto/elliptic.nistCurve[*crypto/internal/nistec.P256Point]).ScalarBaseMult[*crypto/internal/nistec.P256Point])\n\nld.lld: error: undefined symbol: crypto/internal/nistec.p256PointAddAffineAsm\n>>> referenced by p256_asm.go:643 (/usr/local/go/src/crypto/internal/nistec/p256_asm.go:643)\n>>>               /home/vscode/.cache/tinygo/thinlto/llvmcache-A7821E8819953E77D1802FDC05E6C7545825E171:((*crypto/elliptic.nistCurve[*crypto/internal/nistec.P256Point]).ScalarBaseMult[*crypto/internal/nistec.P256Point])\n\nld.lld: error: undefined symbol: crypto/internal/nistec.p256MovCond\n>>> referenced by p256_asm.go:648 (/usr/local/go/src/crypto/internal/nistec/p256_asm.go:648)\n>>>               /home/vscode/.cache/tinygo/thinlto/llvmcache-A7821E8819953E77D1802FDC05E6C7545825E171:((*crypto/elliptic.nistCurve[*crypto/internal/nistec.P256Point]).ScalarBaseMult[*crypto/internal/nistec.P256Point])\n>>> referenced by p256_asm.go:725 (/usr/local/go/src/crypto/internal/nistec/p256_asm.go:725)\n>>>               /home/vscode/.cache/tinygo/thinlto/llvmcache-A7821E8819953E77D1802FDC05E6C7545825E171:((*crypto/elliptic.nistCurve[*crypto/internal/nistec.P256Point]).ScalarMult[*crypto/internal/nistec.P256Point])\n>>> referenced by p256_asm.go:742 (/usr/local/go/src/crypto/internal/nistec/p256_asm.go:742)\n>>>               /home/vscode/.cache/tinygo/thinlto/llvmcache-A7821E8819953E77D1802FDC05E6C7545825E171:((*crypto/elliptic.nistCurve[*crypto/internal/nistec.P256Point]).ScalarMult[*crypto/internal/nistec.P256Point])\n>>> referenced 1 more times\n\nld.lld: error: undefined symbol: crypto/internal/nistec.p256PointDoubleAsm\n>>> referenced by p256_asm.go:660 (/usr/local/go/src/crypto/internal/nistec/p256_asm.go:660)\n>>>               /home/vscode/.cache/tinygo/thinlto/llvmcache-A7821E8819953E77D1802FDC05E6C7545825E171:((*crypto/elliptic.nistCurve[*crypto/internal/nistec.P256Point]).ScalarMult[*crypto/internal/nistec.P256Point])\n>>> referenced by p256_asm.go:661 (/usr/local/go/src/crypto/internal/nistec/p256_asm.go:661)\n>>>               /home/vscode/.cache/tinygo/thinlto/llvmcache-A7821E8819953E77D1802FDC05E6C7545825E171:((*crypto/elliptic.nistCurve[*crypto/internal/nistec.P256Point]).ScalarMult[*crypto/internal/nistec.P256Point])\n>>> referenced by p256_asm.go:662 (/usr/local/go/src/crypto/internal/nistec/p256_asm.go:662)\n>>>               /home/vscode/.cache/tinygo/thinlto/llvmcache-A7821E8819953E77D1802FDC05E6C7545825E171:((*crypto/elliptic.nistCurve[*crypto/internal/nistec.P256Point]).ScalarMult[*crypto/internal/nistec.P256Point])\n>>> referenced 7 more times\n\nld.lld: error: undefined symbol: crypto/internal/nistec.p256PointAddAsm\n>>> referenced by p256_asm.go:669 (/usr/local/go/src/crypto/internal/nistec/p256_asm.go:669)\n>>>               /home/vscode/.cache/tinygo/thinlto/llvmcache-A7821E8819953E77D1802FDC05E6C7545825E171:((*crypto/elliptic.nistCurve[*crypto/internal/nistec.P256Point]).ScalarMult[*crypto/internal/nistec.P256Point])\n>>> referenced by p256_asm.go:681 (/usr/local/go/src/crypto/internal/nistec/p256_asm.go:681)\n>>>               /home/vscode/.cache/tinygo/thinlto/llvmcache-A7821E8819953E77D1802FDC05E6C7545825E171:((*crypto/elliptic.nistCurve[*crypto/internal/nistec.P256Point]).ScalarMult[*crypto/internal/nistec.P256Point])\n>>> referenced by p256_asm.go:691 (/usr/local/go/src/crypto/internal/nistec/p256_asm.go:691)\n>>>               /home/vscode/.cache/tinygo/thinlto/llvmcache-A7821E8819953E77D1802FDC05E6C7545825E171:((*crypto/elliptic.nistCurve[*crypto/internal/nistec.P256Point]).ScalarMult[*crypto/internal/nistec.P256Point])\n>>> referenced 2 more times\n\nld.lld: error: undefined symbol: crypto/internal/nistec.p256Select\n>>> referenced by p256_asm.go:703 (/usr/local/go/src/crypto/internal/nistec/p256_asm.go:703)\n>>>               /home/vscode/.cache/tinygo/thinlto/llvmcache-A7821E8819953E77D1802FDC05E6C7545825E171:((*crypto/elliptic.nistCurve[*crypto/internal/nistec.P256Point]).ScalarMult[*crypto/internal/nistec.P256Point])\n>>> referenced by p256_asm.go:722 (/usr/local/go/src/crypto/internal/nistec/p256_asm.go:722)\n>>>               /home/vscode/.cache/tinygo/thinlto/llvmcache-A7821E8819953E77D1802FDC05E6C7545825E171:((*crypto/elliptic.nistCurve[*crypto/internal/nistec.P256Point]).ScalarMult[*crypto/internal/nistec.P256Point])\n>>> referenced by p256_asm.go:739 (/usr/local/go/src/crypto/internal/nistec/p256_asm.go:739)\n>>>               /home/vscode/.cache/tinygo/thinlto/llvmcache-A7821E8819953E77D1802FDC05E6C7545825E171:((*crypto/elliptic.nistCurve[*crypto/internal/nistec.P256Point]).ScalarMult[*crypto/internal/nistec.P256Point])\n\nld.lld: error: undefined symbol: crypto/internal/nistec.p256BigToLittle\n>>> referenced by p256_asm.go:95 (/usr/local/go/src/crypto/internal/nistec/p256_asm.go:95)\n>>>               /home/vscode/.cache/tinygo/thinlto/llvmcache-A7821E8819953E77D1802FDC05E6C7545825E171:((*crypto/elliptic.nistCurve[*crypto/internal/nistec.P256Point]).pointFromAffine[*crypto/internal/nistec.P256Point])\n>>> referenced by main\n>>>               /home/vscode/.cache/tinygo/thinlto/llvmcache-A7821E8819953E77D1802FDC05E6C7545825E171:(OUTLINED_FUNCTION_1226)\n\nld.lld: error: undefined symbol: crypto/internal/nistec.p256FromMont\n>>> referenced by p256_asm.go:125 (/usr/local/go/src/crypto/internal/nistec/p256_asm.go:125)\n>>>               /home/vscode/.cache/tinygo/thinlto/llvmcache-A7821E8819953E77D1802FDC05E6C7545825E171:((*crypto/elliptic.nistCurve[*crypto/internal/nistec.P256Point]).pointFromAffine[*crypto/internal/nistec.P256Point])\n>>> referenced by p256_asm.go:494 (/usr/local/go/src/crypto/internal/nistec/p256_asm.go:494)\n>>>               /home/vscode/.cache/tinygo/thinlto/llvmcache-A7821E8819953E77D1802FDC05E6C7545825E171:((*crypto/elliptic.nistCurve[*crypto/internal/nistec.P256Point]).pointToAffine[*crypto/internal/nistec.P256Point])\n>>> referenced by p256_asm.go:495 (/usr/local/go/src/crypto/internal/nistec/p256_asm.go:495)\n>>>               /home/vscode/.cache/tinygo/thinlto/llvmcache-A7821E8819953E77D1802FDC05E6C7545825E171:((*crypto/elliptic.nistCurve[*crypto/internal/nistec.P256Point]).pointToAffine[*crypto/internal/nistec.P256Point])\n\nld.lld: error: undefined symbol: crypto/internal/nistec.p256LittleToBig\n>>> referenced by p256_asm.go:478 (/usr/local/go/src/crypto/internal/nistec/p256_asm.go:478)\n>>>               /home/vscode/.cache/tinygo/thinlto/llvmcache-A7821E8819953E77D1802FDC05E6C7545825E171:((*crypto/elliptic.nistCurve[*crypto/internal/nistec.P256Point]).pointToAffine[*crypto/internal/nistec.P256Point])\n>>> referenced by p256_asm.go:479 (/usr/local/go/src/crypto/internal/nistec/p256_asm.go:479)\n>>>               /home/vscode/.cache/tinygo/thinlto/llvmcache-A7821E8819953E77D1802FDC05E6C7545825E171:((*crypto/elliptic.nistCurve[*crypto/internal/nistec.P256Point]).pointToAffine[*crypto/internal/nistec.P256Point])\nfailed to run tool: ld.lld\nFAIL\tcrypto/rsa\t0.000s\nerror: failed to link /tmp/tinygo2211709526/main: exit status 1"
    },
    "crypto/sha1": {
        "tests": 7,
        "failures": 0,
        "errors": 0,
        "summary": "passed"
    },
    "crypto/sha256": {
        "tests": 11,
        "failures": 0,
        "errors": 0,
        "summary": "passed"
    },
    "crypto/sha512": {
        "tests": 12,
        "failures": 0,
        "errors": 0,
        "summary": "passed"
    },
    "crypto/subtle": {
        "tests": 2,
        "failures": 1,
        "errors": 0,
        "summary": "failure",
        "detail": "Failures/Tests: 1/2\n=== RUN   TestConstantTimeByteEq\npanic: unimplemented: (reflect.Type).NumIn()\n"
    },
    "crypto/tls": {
        "tests": 0,
        "failures": 0,
        "errors": 0,
        "summary": "no tests"
    },
    "crypto/x509": {
        "tests": 0,
        "failures": 0,
        "errors": 1,
        "summary": "build error",
        "detail": "FAIL\tcrypto/x509\t0.000s\n# crypto/x509_test\n/usr/local/go/src/crypto/x509/hybrid_pool_test.go:63:17: c.ConnectionState undefined (type *net.TLSConn has no field or method ConnectionState)"
    },
    "crypto/x509/pkix": {
        "tests": 0,
        "failures": 0,
        "errors": 0,
        "summary": "no tests"
    },
    "database/sql": {
        "tests": 0,
        "failures": 0,
        "errors": 1,
        "summary": "build error",
        "detail": "FAIL\tdatabase/sql\t0.000s\n# database/sql\n/usr/local/go/src/database/sql/sql_test.go:4722:4: b.SetParallelism undefined (type *testing.B has no field or method SetParallelism)"
    },
    "database/sql/driver": {
        "tests": 1,
        "failures": 0,
        "errors": 0,
        "summary": "passed"
    },
    "debug/buildinfo": {
        "tests": 0,
        "failures": 0,
        "errors": 1,
        "summary": "build error",
        "detail": "FAIL\tdebug/buildinfo\t0.000s\n# debug/buildinfo\n/usr/local/go/src/debug/buildinfo/buildinfo.go:80:19: undefined: debug.ParseBuildInfo"
    },
    "debug/dwarf": {
        "tests": 40,
        "failures": 0,
        "errors": 0,
        "summary": "passed"
    },
    "debug/elf": {
        "tests": 0,
        "failures": 0,
        "errors": 1,
        "summary": "build error",
        "detail": "FAIL\tdebug/elf\t0.000s\n# debug/elf\n/usr/local/go/src/debug/elf/file_test.go:1159:10: undefined: net.ResolveIPAddr"
    },
    "debug/gosym": {
        "tests": 1,
        "failures": 1,
        "errors": 0,
        "summary": "failure",
        "detail": "Failures/Tests: 1/1\n=== RUN   TestLineFromAline\n    no .gosymtab section\n    SkipNow is incomplete, requires runtime.Goexit()\npanic: runtime error at 0x000000000025e144: nil pointer dereference\n"
    },
    "debug/macho": {
        "tests": 7,
        "failures": 0,
        "errors": 0,
        "summary": "passed"
    },
    "debug/pe": {
        "tests": 1,
        "failures": 1,
        "errors": 0,
        "summary": "failure",
        "detail": "Failures/Tests: 1/1\n=== RUN   TestDefaultLinkerDWARF\n    skipping windows only test\n    SkipNow is incomplete, requires runtime.Goexit()\n    skipping test: 'go run' not available on linux/arm64\n    SkipNow is incomplete, requires runtime.Goexit()\n    skipping test: 'go build' unavailable: /usr/local/go/bin/go tool -n compile: fork/exec /usr/local/go/bin/go: operation not implemented\n    SkipNow is incomplete, requires runtime.Goexit()\n    platform cannot run go tool\n    FailNow is incomplete, requires runtime.Goexit()\n    building test executable for linktype 1 failed: exec: no command \n    FailNow is incomplete, requires runtime.Goexit()\n    running test executable failed: fork/exec /tmp/TestDefaultLinkerDWARF170414405/000/a.exe: operation not implemented \n    FailNow is incomplete, requires runtime.Goexit()\n    Testprog output:\n    unexpected program output: \n    FailNow is incomplete, requires runtime.Goexit()\npanic: runtime error at 0x00000000002740a4: index out of range\n"
    },
    "debug/plan9obj": {
        "tests": 2,
        "failures": 0,
        "errors": 0,
        "summary": "passed"
    },
    "embed": {
        "tests": 0,
        "failures": 0,
        "errors": 0,
        "summary": "no tests"
    },
    "encoding": {
        "tests": 0,
        "failures": 0,
        "errors": 0,
        "summary": "no tests"
    },
    "encoding/ascii85": {
        "tests": 9,
        "failures": 0,
        "errors": 0,
        "summary": "passed"
    },
    "encoding/asn1": {
        "tests": 38,
        "failures": 0,
        "errors": 0,
        "summary": "passed"
    },
    "encoding/base32": {
        "tests": 24,
        "failures": 0,
        "errors": 0,
        "summary": "passed"
    },
    "encoding/base64": {
        "tests": 17,
        "failures": 0,
        "errors": 0,
        "summary": "passed"
    },
    "encoding/binary": {
        "tests": 20,
        "failures": 1,
        "errors": 0,
        "summary": "failure",
        "detail": "Failures/Tests: 1/20\n=== RUN   TestEarlyBoundsChecks\npanic: runtime error at 0x000000000024e558: index out of range\n"
    },
    "encoding/csv": {
        "tests": 71,
        "failures": 0,
        "errors": 0,
        "summary": "passed"
    },
    "encoding/gob": {
        "tests": 0,
        "failures": 0,
        "errors": 1,
        "summary": "build error",
        "detail": "ld.lld --gc-sections -L /workspaces/dc-wasm-go/tinygo -o /tmp/tinygo1187386426/main /tmp/tinygo1187386426/main.o /home/vscode/.cache/tinygo/compiler-rt-aarch64-unknown-linux-generic/lib.a /home/vscode/.cache/tinygo/obj-3fd9192bbb8c0507447753a8b8972390a979bbb71b28b3ea50e39abe.bc /home/vscode/.cache/tinygo/obj-f79712e5b2f218317551c5961bf12c37f30f9733eb9ffe02c10c0c3a.bc /home/vscode/.cache/tinygo/musl-aarch64-unknown-linux-generic/crt1.o /home/vscode/.cache/tinygo/musl-aarch64-unknown-linux-generic/lib.a -mllvm -mcpu=generic --lto-O2 --thinlto-cache-dir=/home/vscode/.cache/tinygo/thinlto -mllvm --rotation-max-header-size=0\n/tmp/tinygo1187386426/main /tmp/tinygo1187386426/main -test.v\ncheckId: 22 should be 23\npanic: bootstrap type wrong id: mapType mapType not <nil>\nFAIL\tencoding/gob\t0.023s"
    },
    "encoding/hex": {
        "tests": 12,
        "failures": 0,
        "errors": 0,
        "summary": "passed"
    },
    "encoding/json": {
        "tests": 0,
        "failures": 0,
        "errors": 0,
        "summary": "no tests"
    },
    "encoding/pem": {
        "tests": 7,
        "failures": 1,
        "errors": 0,
        "summary": "failure",
        "detail": "Failures/Tests: 1/7\n=== RUN   TestFuzz\npanic: unimplemented: (reflect.Type).NumOut()\n"
    },
    "encoding/xml": {
        "tests": 336,
        "failures": 1,
        "errors": 0,
        "summary": "failure",
        "detail": "Failures/Tests: 1/336\n=== RUN   TestCVE202228131\n"
    },
    "errors": {
        "tests": 60,
        "failures": 19,
        "errors": 0,
        "summary": "failure",
        "detail": "Failures/Tests: 19/60\n=== RUN   TestAs\n--- FAIL: TestAs (0.00s)\n=== RUN   TestAs/0:As(Errorf(...,_<nil>),_0xffff40b8b930)\n    --- PASS: TestAs/0:As(Errorf(...,_<nil>),_0xffff40b8b930) (0.00s)\n=== RUN   TestAs/1:As(Errorf(...,_pitied_the_fool),_errorT())\n    --- PASS: TestAs/1:As(Errorf(...,_pitied_the_fool),_errorT()) (0.00s)\n=== RUN   TestAs/2:As(Errorf(...,_open_non-existing:_file_does_not_exist),_0xffff40b8b930)\n    --- PASS: TestAs/2:As(Errorf(...,_open_non-existing:_file_does_not_exist),_0xffff40b8b930) (0.00s)\n=== RUN   TestAs/3:As(Errorf(...,_errorT()),_0xffff40b8b930)\n    --- PASS: TestAs/3:As(Errorf(...,_errorT()),_0xffff40b8b930) (0.00s)\n=== RUN   TestAs/4:As(Errorf(...,_wrapped),_errorT(T))\n    --- PASS: TestAs/4:As(Errorf(...,_wrapped),_errorT(T)) (0.00s)\n=== RUN   TestAs/5:As(Errorf(...,_error),_errorT())\n    --- PASS: TestAs/5:As(Errorf(...,_error),_errorT()) (0.00s)\n=== RUN   TestAs/6:As(Errorf(...,_path),_0xffff40b8b930)\n    --- PASS: TestAs/6:As(Errorf(...,_path),_0xffff40b8b930) (0.00s)\n=== RUN   TestAs/7:As(Errorf(...,_oh_no),_0xffff40b8b970)\n    --- PASS: TestAs/7:As(Errorf(...,_oh_no),_0xffff40b8b970) (0.00s)\n=== RUN   TestAs/8:As(Errorf(...,_err),_0xffff40b8b950)\n        match: got true; want false\n        FailNow is incomplete, requires runtime.Goexit()\n        got &errors.errorString{s:\"err\"}, want <nil>\n        FailNow is incomplete, requires runtime.Goexit()\n    --- FAIL: TestAs/8:As(Errorf(...,_err),_0xffff40b8b950) (0.00s)\n=== RUN   TestAs/9:As(Errorf(...,_open_non-existing:_file_does_not_exist),_0xffff40b8b950)\n    --- PASS: TestAs/9:As(Errorf(...,_open_non-existing:_file_does_not_exist),_0xffff40b8b950) (0.00s)\n=== RUN   TestAs/10:As(Errorf(...,_path_error),_0xffff40b8b950)\n        got errors_test.wrapped{msg:\"path error\", err:(*fs.PathError)(0xffff40b8b9b0)}, want &fs.PathError{Op:\"open\", Path:\"non-existing\", Err:(*errors.errorString)(0x27b180)}\n        FailNow is incomplete, requires runtime.Goexit()\n    --- FAIL: TestAs/10:As(Errorf(...,_path_error),_0xffff40b8b950) (0.00s)\n=== RUN   TestAs/11:As(Errorf(...,_multiError),_errorT(poser))\n    --- PASS: TestAs/11:As(Errorf(...,_multiError),_errorT(poser)) (0.00s)\n=== RUN   TestAs/12:As(Errorf(...,_multiError),_errorT())\n    --- PASS: TestAs/12:As(Errorf(...,_multiError),_errorT()) (0.00s)\n=== RUN   TestAs/13:As(Errorf(...,_multiError),_errorT(T))\n    --- PASS: TestAs/13:As(Errorf(...,_multiError),_errorT(T)) (0.00s)\n=== RUN   TestAs/14:As(Errorf(...,_multiError),_errorT(T))\n    --- PASS: TestAs/14:As(Errorf(...,_multiError),_errorT(T)) (0.00s)\n=== RUN   TestAs/15:As(Errorf(...,_multiError),_errorT(a))\n    --- PASS: TestAs/15:As(Errorf(...,_multiError),_errorT(a)) (0.00s)\n=== RUN   TestAs/16:As(Errorf(...,_multiError),_0xffff40b8b950)\n        got errors_test.multiErr{errors_test.wrapped{msg:\"path error\", err:(*fs.PathError)(0xffff40b8b9b0)}}, want &fs.PathError{Op:\"open\", Path:\"non-existing\", Err:(*errors.errorString)(0x27b180)}\n        FailNow is incomplete, requires runtime.Goexit()\n    --- FAIL: TestAs/16:As(Errorf(...,_multiError),_0xffff40b8b950) (0.00s)\n=== RUN   TestAs/17:As(Errorf(...,_multiError),_errorT(a))\n    --- PASS: TestAs/17:As(Errorf(...,_multiError),_errorT(a)) (0.00s)\n=== RUN   TestAs/2:As(Errorf(...,_open_non-existing:_file_does_not_exist),_0xffff40b8b930)\n    --- PASS: TestAs/2:As(Errorf(...,_open_non-existing:_file_does_not_exist),_0xffff40b8b930) (0.00s)\n=== RUN   TestAs/4:As(Errorf(...,_wrapped),_errorT(T))\n    --- PASS: TestAs/4:As(Errorf(...,_wrapped),_errorT(T)) (0.00s)\n=== RUN   TestAs/5:As(Errorf(...,_error),_errorT())\n    --- PASS: TestAs/5:As(Errorf(...,_error),_errorT()) (0.00s)\n=== RUN   TestAs/8:As(Errorf(...,_err),_0xffff40b8b950)\n        match: got true; want false\n        FailNow is incomplete, requires runtime.Goexit()\n        got &errors.errorString{s:\"err\"}, want <nil>\n        FailNow is incomplete, requires runtime.Goexit()\n    --- FAIL: TestAs/8:As(Errorf(...,_err),_0xffff40b8b950) (0.00s)\n=== RUN   TestAs/7:As(Errorf(...,_oh_no),_0xffff40b8b970)\n    --- PASS: TestAs/7:As(Errorf(...,_oh_no),_0xffff40b8b970) (0.00s)\n=== RUN   TestAs/14:As(Errorf(...,_multiError),_errorT(T))\n    --- PASS: TestAs/14:As(Errorf(...,_multiError),_errorT(T)) (0.00s)\n=== RUN   TestAs/1:As(Errorf(...,_pitied_the_fool),_errorT())\n    --- PASS: TestAs/1:As(Errorf(...,_pitied_the_fool),_errorT()) (0.00s)\n=== RUN   TestAs/6:As(Errorf(...,_path),_0xffff40b8b930)\n    --- PASS: TestAs/6:As(Errorf(...,_path),_0xffff40b8b930) (0.00s)\n=== RUN   TestAs/10:As(Errorf(...,_path_error),_0xffff40b8b950)\n        got errors_test.wrapped{msg:\"path error\", err:(*fs.PathError)(0xffff40b8b9b0)}, want &fs.PathError{Op:\"open\", Path:\"non-existing\", Err:(*errors.errorString)(0x27b180)}\n        FailNow is incomplete, requires runtime.Goexit()\n    --- FAIL: TestAs/10:As(Errorf(...,_path_error),_0xffff40b8b950) (0.00s)\n=== RUN   TestAs/12:As(Errorf(...,_multiError),_errorT())\n    --- PASS: TestAs/12:As(Errorf(...,_multiError),_errorT()) (0.00s)\n=== RUN   TestAs/15:As(Errorf(...,_multiError),_errorT(a))\n    --- PASS: TestAs/15:As(Errorf(...,_multiError),_errorT(a)) (0.00s)\n=== RUN   TestAs/17:As(Errorf(...,_multiError),_errorT(a))\n    --- PASS: TestAs/17:As(Errorf(...,_multiError),_errorT(a)) (0.00s)\n=== RUN   TestAs/9:As(Errorf(...,_open_non-existing:_file_does_not_exist),_0xffff40b8b950)\n    --- PASS: TestAs/9:As(Errorf(...,_open_non-existing:_file_does_not_exist),_0xffff40b8b950) (0.00s)\n=== RUN   TestAs/11:As(Errorf(...,_multiError),_errorT(poser))\n    --- PASS: TestAs/11:As(Errorf(...,_multiError),_errorT(poser)) (0.00s)\n=== RUN   TestAs/13:As(Errorf(...,_multiError),_errorT(T))\n    --- PASS: TestAs/13:As(Errorf(...,_multiError),_errorT(T)) (0.00s)\n=== RUN   TestAs/16:As(Errorf(...,_multiError),_0xffff40b8b950)\n        got errors_test.multiErr{errors_test.wrapped{msg:\"path error\", err:(*fs.PathError)(0xffff40b8b9b0)}}, want &fs.PathError{Op:\"open\", Path:\"non-existing\", Err:(*errors.errorString)(0x27b180)}\n        FailNow is incomplete, requires runtime.Goexit()\n    --- FAIL: TestAs/16:As(Errorf(...,_multiError),_0xffff40b8b950) (0.00s)\n=== RUN   TestAs/0:As(Errorf(...,_<nil>),_0xffff40b8b930)\n    --- PASS: TestAs/0:As(Errorf(...,_<nil>),_0xffff40b8b930) (0.00s)\n=== RUN   TestAs/3:As(Errorf(...,_errorT()),_0xffff40b8b930)\n    --- PASS: TestAs/3:As(Errorf(...,_errorT()),_0xffff40b8b930) (0.00s)\n"
    },
    "expvar": {
        "tests": 0,
        "failures": 0,
        "errors": 0,
        "summary": "no tests"
    },
    "flag": {
        "tests": 24,
        "failures": 2,
        "errors": 0,
        "summary": "failure",
        "detail": "Failures/Tests: 2/24\n=== RUN   TestExitCode\n    unexpected exit code for test case {flag:-h flagHandle: expectExit:0} \n        : got -1, expect 0\n    unexpected exit code for test case {flag:-help flagHandle: expectExit:0} \n        : got -1, expect 0\n    unexpected exit code for test case {flag:-undefined flagHandle: expectExit:2} \n        : got -1, expect 2\n    unexpected exit code for test case {flag:-h flagHandle:h expectExit:123} \n        : got -1, expect 123\n    unexpected exit code for test case {flag:-help flagHandle:help expectExit:123} \n        : got -1, expect 123\n--- FAIL: TestExitCode (0.00s)\n=== RUN   TestDefineAfterSet\n    DefineAfterSet\n        : expected panic(\"flag myFlag set at .*/flag_test.go:.* before being defined\"), but got panic(\"flag myFlag set at ?:0 before being defined\")\n--- FAIL: TestDefineAfterSet (0.00s)\n"
    },
    "fmt": {
        "tests": 3,
        "failures": 1,
        "errors": 0,
        "summary": "failure",
        "detail": "Failures/Tests: 1/3\n=== RUN   TestSprintf\n    Sprintf(\"%#v\", 0x267654) = \"(func)(0x267654)\" want \"(func(*testing.T))(0xPTR)\"\npanic: runtime error at 0x0000000000231cd0: nil pointer dereference\n"
    },
    "go/ast": {
        "tests": 8,
        "failures": 0,
        "errors": 0,
        "summary": "passed"
    },
    "go/build": {
        "tests": 56,
        "failures": 16,
        "errors": 0,
        "summary": "failure",
        "detail": "Failures/Tests: 16/56\n=== RUN   TestDotSlashImport\n    import \".\": unknown compiler \"tinygo\"\n    FailNow is incomplete, requires runtime.Goexit()\n    import \"./file\": unknown compiler \"tinygo\"\n    FailNow is incomplete, requires runtime.Goexit()\n--- FAIL: TestDotSlashImport (0.00s)\n=== RUN   TestLocalDirectory\n    import \".\": unknown compiler \"tinygo\"\n    FailNow is incomplete, requires runtime.Goexit()\n--- FAIL: TestLocalDirectory (0.00s)\n=== RUN   TestImportCmd\n    import \"cmd/internal/objfile\": unknown compiler \"tinygo\"\n    FailNow is incomplete, requires runtime.Goexit()\n--- FAIL: TestImportCmd (0.02s)\n=== RUN   TestImportDirNotExist\n    skipping test: 'go build' unavailable: /usr/local/go/bin/go tool -n compile: fork/exec /usr/local/go/bin/go: operation not implemented\n    SkipNow is incomplete, requires runtime.Goexit()\n--- FAIL: TestImportDirNotExist (0.00s)\n=== RUN   TestImportDirNotExist/GO111MODULE=off\n    --- PASS: TestImportDirNotExist/GO111MODULE=off (0.00s)\n=== RUN   TestImportDirNotExist/GO111MODULE=on\n        Import(full, 0) got error: \"go/build: go list go/build/doesnotexist: fork/exec /usr/local/go/bin/go: operation not implemented\\n\\n\", want \"cannot find package\" or \"is not in std\" error\n        Import(full, FindOnly) got error: \"go/build: go list go/build/doesnotexist: fork/exec /usr/local/go/bin/go: operation not implemented\\n\\n\", want \"cannot find package\" or \"is not in std\" error\n    --- FAIL: TestImportDirNotExist/GO111MODULE=on (0.00s)\n=== RUN   TestImportVendor\n    skipping test: 'go build' unavailable: /usr/local/go/bin/go tool -n compile: fork/exec /usr/local/go/bin/go: operation not implemented\n    SkipNow is incomplete, requires runtime.Goexit()\n    cannot find vendored c/d from testdata src/a/b directory: import \"c/d\": unknown compiler \"tinygo\"\n    FailNow is incomplete, requires runtime.Goexit()\n--- FAIL: TestImportVendor (0.00s)\n=== RUN   TestImportVendorFailure\n    skipping test: 'go build' unavailable: /usr/local/go/bin/go tool -n compile: fork/exec /usr/local/go/bin/go: operation not implemented\n    SkipNow is incomplete, requires runtime.Goexit()\n--- FAIL: TestImportVendorFailure (0.00s)\n=== RUN   TestImportVendorParentFailure\n    skipping test: 'go build' unavailable: /usr/local/go/bin/go tool -n compile: fork/exec /usr/local/go/bin/go: operation not implemented\n    SkipNow is incomplete, requires runtime.Goexit()\n--- FAIL: TestImportVendorParentFailure (0.00s)\n=== RUN   TestImportPackageOutsideModule\n    skipping test: 'go build' unavailable: /usr/local/go/bin/go tool -n compile: fork/exec /usr/local/go/bin/go: operation not implemented\n    SkipNow is incomplete, requires runtime.Goexit()\n    error when importing package when no go.mod is present: got \"go/build: go list example.com/p: fork/exec /usr/local/go/bin/go: operation not implemented\\n\\n\"; want \"go.mod file not found in current directory or any parent directory\"\n    FailNow is incomplete, requires runtime.Goexit()\n--- FAIL: TestImportPackageOutsideModule (0.00s)\n=== RUN   TestIssue23594\n    could not import testdata: import \".\": unknown compiler \"tinygo\"\n    FailNow is incomplete, requires runtime.Goexit()\n--- FAIL: TestIssue23594 (0.00s)\n=== RUN   TestMissingImportErrorRepetition\n    skipping test: 'go build' unavailable: /usr/local/go/bin/go tool -n compile: fork/exec /usr/local/go/bin/go: operation not implemented\n    SkipNow is incomplete, requires runtime.Goexit()\n--- FAIL: TestMissingImportErrorRepetition (0.00s)\n=== RUN   TestCgoImportsIgnored\n    import \".\": unknown compiler \"tinygo\"\n    FailNow is incomplete, requires runtime.Goexit()\n--- FAIL: TestCgoImportsIgnored (0.00s)\n=== RUN   TestAllTags\n    import \".\": unknown compiler \"tinygo\"\n    FailNow is incomplete, requires runtime.Goexit()\n    import \".\": unknown compiler \"tinygo\"\n    FailNow is incomplete, requires runtime.Goexit()\n--- FAIL: TestAllTags (0.00s)\n=== RUN   TestAllTagsNonSourceFile\n    import \".\": unknown compiler \"tinygo\"\n    FailNow is incomplete, requires runtime.Goexit()\n--- FAIL: TestAllTagsNonSourceFile (0.01s)\n=== RUN   TestDirectives\n    could not import testdata: import \".\": unknown compiler \"tinygo\"\n    FailNow is incomplete, requires runtime.Goexit()\n--- FAIL: TestDirectives (0.00s)\n=== RUN   TestImportDirNotExist/GO111MODULE=off\n    --- PASS: TestImportDirNotExist/GO111MODULE=off (0.00s)\n=== RUN   TestImportDirNotExist/GO111MODULE=on\n        Import(full, 0) got error: \"go/build: go list go/build/doesnotexist: fork/exec /usr/local/go/bin/go: operation not implemented\\n\\n\", want \"cannot find package\" or \"is not in std\" error\n        Import(full, FindOnly) got error: \"go/build: go list go/build/doesnotexist: fork/exec /usr/local/go/bin/go: operation not implemented\\n\\n\", want \"cannot find package\" or \"is not in std\" error\n    --- FAIL: TestImportDirNotExist/GO111MODULE=on (0.00s)\n"
    },
    "go/build/constraint": {
        "tests": 81,
        "failures": 0,
        "errors": 0,
        "summary": "passed"
    },
    "go/constant": {
        "tests": 2,
        "failures": 1,
        "errors": 0,
        "summary": "failure",
        "detail": "Failures/Tests: 1/2\n=== RUN   TestOps\npanic: runtime error at 0x0000000000257f90: divide by zero\n"
    },
    "go/doc": {
        "tests": 0,
        "failures": 0,
        "errors": 1,
        "summary": "build error",
        "detail": "ld.lld --gc-sections -L /workspaces/dc-wasm-go/tinygo -o /tmp/tinygo2143178805/main /tmp/tinygo2143178805/main.o /home/vscode/.cache/tinygo/compiler-rt-aarch64-unknown-linux-generic/lib.a /home/vscode/.cache/tinygo/obj-3fd9192bbb8c0507447753a8b8972390a979bbb71b28b3ea50e39abe.bc /home/vscode/.cache/tinygo/obj-f79712e5b2f218317551c5961bf12c37f30f9733eb9ffe02c10c0c3a.bc /home/vscode/.cache/tinygo/musl-aarch64-unknown-linux-generic/crt1.o /home/vscode/.cache/tinygo/musl-aarch64-unknown-linux-generic/lib.a -mllvm -mcpu=generic --lto-O2 --thinlto-cache-dir=/home/vscode/.cache/tinygo/thinlto -mllvm --rotation-max-header-size=0\n/tmp/tinygo2143178805/main /tmp/tinygo2143178805/main -test.v\npanic: unimplemented: (reflect.Type).NumOut()\nFAIL\tgo/doc\t0.023s"
    },
    "go/doc/comment": {
        "tests": 10059,
        "failures": 1,
        "errors": 0,
        "summary": "failure",
        "detail": "Failures/Tests: 1/10059\n=== RUN   TestStd\n    skipping test: 'go build' unavailable: /usr/local/go/bin/go tool -n compile: fork/exec /usr/local/go/bin/go: operation not implemented\n    SkipNow is incomplete, requires runtime.Goexit()\n    platform cannot run go tool\n    FailNow is incomplete, requires runtime.Goexit()\n    exec: no command\n    FailNow is incomplete, requires runtime.Goexit()\n    stdPkgs is out of date: regenerate with 'go generate'\n        diff stdPkgs want\n        --- stdPkgs\n        +++ want\n        @@ -1,36 +1,1 @@\n        -bufio\n        -bytes\n        -cmp\n        -context\n        -crypto\n        -embed\n        -encoding\n        -errors\n        -expvar\n        -flag\n        -fmt\n        -hash\n        -html\n        -image\n        -io\n        -log\n        -maps\n        -math\n        -mime\n        -net\n        -os\n        -path\n        -plugin\n        -reflect\n        -regexp\n        -runtime\n        -slices\n        -sort\n        -strconv\n        -strings\n        -sync\n        -syscall\n        -testing\n        -time\n        -unicode\n        -unsafe\n        +\n--- FAIL: TestStd (0.00s)\n"
    },
    "go/format": {
        "tests": 4,
        "failures": 0,
        "errors": 0,
        "summary": "passed"
    },
    "go/importer": {
        "tests": 2,
        "failures": 2,
        "errors": 0,
        "summary": "failure",
        "detail": "Failures/Tests: 2/2\n=== RUN   TestForCompiler\n    skipping test: 'go build' unavailable: /usr/local/go/bin/go tool -n compile: fork/exec /usr/local/go/bin/go: operation not implemented\n    SkipNow is incomplete, requires runtime.Goexit()\n    skipping test: 'go build' unavailable: /usr/local/go/bin/go tool -n compile: fork/exec /usr/local/go/bin/go: operation not implemented\n    SkipNow is incomplete, requires runtime.Goexit()\n    platform cannot run go tool\n    FailNow is incomplete, requires runtime.Goexit()\n    go list math/big: exec: no command\n    FailNow is incomplete, requires runtime.Goexit()\n=== RUN   TestForCompiler/LookupDefault\npanic: runtime error at 0x00000000002f3730: nil pointer dereference\n=== RUN   TestForCompiler/LookupDefault\npanic: runtime error at 0x00000000002f3730: nil pointer dereference\n"
    },
    "go/parser": {
        "tests": 43,
        "failures": 2,
        "errors": 0,
        "summary": "failure",
        "detail": "Failures/Tests: 2/43\n=== RUN   TestParseDepthLimit\n=== RUN   TestParseDepthLimit/array/small\n=== RUN   TestParseDepthLimit/array/small\n"
    },
    "go/printer": {
        "tests": 12,
        "failures": 12,
        "errors": 0,
        "summary": "failure",
        "detail": "Failures/Tests: 12/12\n=== RUN   TestFiles/expressions.input\n    --- PASS: TestFiles/expressions.input (0.11s)\n=== RUN   TestFiles/expressions.input#01\n    --- PASS: TestFiles/expressions.input#01 (0.03s)\n=== RUN   TestFiles/declarations.input\n    --- PASS: TestFiles/declarations.input (0.05s)\n=== RUN   TestFiles/statements.input\n    --- PASS: TestFiles/statements.input (0.02s)\n=== RUN   TestFiles\n=== RUN   TestFiles/empty.input\n    --- PASS: TestFiles/empty.input (0.00s)\n=== RUN   TestFiles/comments.input\n    --- PASS: TestFiles/comments.input (0.02s)\n=== RUN   TestFiles/comments.input#01\n    --- PASS: TestFiles/comments.input#01 (0.01s)\n=== RUN   TestFiles/comments2.input\n    --- PASS: TestFiles/comments2.input (0.00s)\n=== RUN   TestFiles/alignment.input\n    --- PASS: TestFiles/alignment.input (0.01s)\n=== RUN   TestFiles/linebreaks.input\n    --- PASS: TestFiles/linebreaks.input (0.04s)\n=== RUN   TestFiles/expressions.input\n    --- PASS: TestFiles/expressions.input (0.11s)\n=== RUN   TestFiles/expressions.input#01\n    --- PASS: TestFiles/expressions.input#01 (0.03s)\n=== RUN   TestFiles/declarations.input\n    --- PASS: TestFiles/declarations.input (0.05s)\n=== RUN   TestFiles/statements.input\n    --- PASS: TestFiles/statements.input (0.02s)\n=== RUN   TestFiles/slow.input\npanic: runtime error at 0x0000000000277200: nil pointer dereference\n=== RUN   TestFiles/empty.input\n    --- PASS: TestFiles/empty.input (0.00s)\n=== RUN   TestFiles/comments.input\n    --- PASS: TestFiles/comments.input (0.02s)\n=== RUN   TestFiles/comments.input#01\n    --- PASS: TestFiles/comments.input#01 (0.01s)\n=== RUN   TestFiles/comments2.input\n    --- PASS: TestFiles/comments2.input (0.00s)\n=== RUN   TestFiles/alignment.input\n    --- PASS: TestFiles/alignment.input (0.01s)\n=== RUN   TestFiles/linebreaks.input\n    --- PASS: TestFiles/linebreaks.input (0.04s)\n=== RUN   TestFiles/slow.input\npanic: runtime error at 0x0000000000277200: nil pointer dereference\n"
    },
    "go/scanner": {
        "tests": 11,
        "failures": 0,
        "errors": 0,
        "summary": "passed"
    },
    "go/token": {
        "tests": 0,
        "failures": 0,
        "errors": 1,
        "summary": "build error",
        "detail": "ld.lld --gc-sections -L /workspaces/dc-wasm-go/tinygo -o /tmp/tinygo105303234/main /tmp/tinygo105303234/main.o /home/vscode/.cache/tinygo/compiler-rt-aarch64-unknown-linux-generic/lib.a /home/vscode/.cache/tinygo/obj-3fd9192bbb8c0507447753a8b8972390a979bbb71b28b3ea50e39abe.bc /home/vscode/.cache/tinygo/obj-f79712e5b2f218317551c5961bf12c37f30f9733eb9ffe02c10c0c3a.bc /home/vscode/.cache/tinygo/musl-aarch64-unknown-linux-generic/crt1.o /home/vscode/.cache/tinygo/musl-aarch64-unknown-linux-generic/lib.a -mllvm -mcpu=generic --lto-O2 --thinlto-cache-dir=/home/vscode/.cache/tinygo/thinlto -mllvm --rotation-max-header-size=0\n/tmp/tinygo105303234/main /tmp/tinygo105303234/main -test.v\ncheckId: 22 should be 23\npanic: bootstrap type wrong id: mapType mapType not <nil>\nFAIL\tgo/token\t0.009s"
    },
    "go/types": {
        "tests": 0,
        "failures": 0,
        "errors": 1,
        "summary": "build error",
        "detail": "FAIL\tgo/types\t0.000s\n# go/types_test\n/usr/local/go/src/go/types/self_test.go:103:4: b.ReportMetric undefined (type *testing.B has no field or method ReportMetric)"
    },
    "go/version": {
        "tests": 3,
        "failures": 0,
        "errors": 0,
        "summary": "passed"
    },
    "hash": {
        "tests": 18,
        "failures": 0,
        "errors": 0,
        "summary": "passed"
    },
    "hash/adler32": {
        "tests": 2,
        "failures": 0,
        "errors": 0,
        "summary": "passed"
    },
    "hash/crc32": {
        "tests": 8,
        "failures": 1,
        "errors": 0,
        "summary": "failure",
        "detail": "Failures/Tests: 1/8\n=== RUN   TestArchIEEE\n    Arch-specific IEEE not available.\n    SkipNow is incomplete, requires runtime.Goexit()\npanic: arch-specific crc32 instruction for IEEE not available\n"
    },
    "hash/crc64": {
        "tests": 5,
        "failures": 0,
        "errors": 0,
        "summary": "passed"
    },
    "hash/fnv": {
        "tests": 19,
        "failures": 0,
        "errors": 0,
        "summary": "passed"
    },
    "hash/maphash": {
        "tests": 15,
        "failures": 1,
        "errors": 0,
        "summary": "failure",
        "detail": "Failures/Tests: 1/15\n=== RUN   TestSmhasherTwoNonzero\npanic: runtime error at 0x000000000022ecf8: out of memory\n"
    },
    "html": {
        "tests": 3,
        "failures": 0,
        "errors": 0,
        "summary": "passed"
    },
    "html/template": {
        "tests": 1,
        "failures": 1,
        "errors": 0,
        "summary": "failure",
        "detail": "Failures/Tests: 1/1\n=== RUN   TestAddParseTreeHTML\npanic: unimplemented: (reflect.Type).NumOut()\n"
    },
    "image": {
        "tests": 8,
        "failures": 0,
        "errors": 0,
        "summary": "passed"
    },
    "image/color": {
        "tests": 1,
        "failures": 1,
        "errors": 0,
        "summary": "failure",
        "detail": "Failures/Tests: 1/1\n=== RUN   TestSqDiff\npanic: unimplemented: (reflect.Type).NumIn()\n"
    },
    "image/color/palette": {
        "tests": 0,
        "failures": 0,
        "errors": 0,
        "summary": "no tests"
    },
    "image/draw": {
        "tests": 9,
        "failures": 1,
        "errors": 0,
        "summary": "failure",
        "detail": "Failures/Tests: 1/9\n=== RUN   TestSqDiff\npanic: unimplemented: (reflect.Type).NumIn()\n"
    },
    "image/gif": {
        "tests": 0,
        "failures": 0,
        "errors": 1,
        "summary": "build error",
        "detail": "FAIL\timage/gif\t0.000s\n# image/gif\n/usr/local/go/src/image/gif/reader_test.go:421:26: s1.HeapAlloc undefined (type *runtime.MemStats has no field or method HeapAlloc)\n/usr/local/go/src/image/gif/reader_test.go:421:41: s0.HeapAlloc undefined (type *runtime.MemStats has no field or method HeapAlloc)"
    },
    "image/jpeg": {
        "tests": 0,
        "failures": 0,
        "errors": 1,
        "summary": "build error",
        "detail": "FAIL\timage/jpeg\t0.000s\n# image/jpeg\n/usr/local/go/src/image/jpeg/reader_test.go:253:9: undefined: debug.SetTraceback"
    },
    "image/png": {
        "tests": 13,
        "failures": 1,
        "errors": 0,
        "summary": "failure",
        "detail": "Failures/Tests: 1/13\n=== RUN   TestDimensionOverflow\npanic: runtime error at 0x000000000025ca64: out of memory\n"
    },
    "index/suffixarray": {
        "tests": 12,
        "failures": 0,
        "errors": 0,
        "summary": "passed"
    },
    "io": {
        "tests": 60,
        "failures": 4,
        "errors": 0,
        "summary": "failure",
        "detail": "Failures/Tests: 4/60\n=== RUN   TestMultiWriter_WriteStringSingleAlloc\n    num allocations = 0; want 1\n--- FAIL: TestMultiWriter_WriteStringSingleAlloc (0.00s)\n=== RUN   TestMultiWriterSingleChainFlatten\n    multiWriter did not flatten chained multiWriters: expected writeDepth 12, got 4\n--- FAIL: TestMultiWriterSingleChainFlatten (0.00s)\n=== RUN   TestMultiReaderFlatten\n    multiReader did not flatten chained multiReaders: expected readDepth 3, got 1\n--- FAIL: TestMultiReaderFlatten (0.00s)\n=== RUN   TestMultiReaderFreesExhaustedReaders\n    timeout waiting for collection of buf1\n    FailNow is incomplete, requires runtime.Goexit()\n--- FAIL: TestMultiReaderFreesExhaustedReaders (5.03s)\n"
    },
    "io/fs": {
        "tests": 6,
        "failures": 1,
        "errors": 0,
        "summary": "failure",
        "detail": "Failures/Tests: 1/6\n=== RUN   TestCVE202230630\n"
    },
    "io/ioutil": {
        "tests": 28,
        "failures": 0,
        "errors": 0,
        "summary": "passed"
    },
    "log": {
        "tests": 9,
        "failures": 1,
        "errors": 0,
        "summary": "failure",
        "detail": "Failures/Tests: 1/9\n=== RUN   TestAll\n    log output should match \"^.*/[A-Za-z0-9_\\\\-]+\\\\.go:(63|65): hello 23 world$\" is \"???:0: hello 23 world\"\n    log output should match \"^.*/[A-Za-z0-9_\\\\-]+\\\\.go:(63|65): hello 23 world$\" is \"???:0: hello 23 world\"\n    log output should match \"^[A-Za-z0-9_\\\\-]+\\\\.go:(63|65): hello 23 world$\" is \"???:0: hello 23 world\"\n    log output should match \"^[A-Za-z0-9_\\\\-]+\\\\.go:(63|65): hello 23 world$\" is \"???:0: hello 23 world\"\n    log output should match \"^[A-Za-z0-9_\\\\-]+\\\\.go:(63|65): hello 23 world$\" is \"???:0: hello 23 world\"\n    log output should match \"^[A-Za-z0-9_\\\\-]+\\\\.go:(63|65): hello 23 world$\" is \"???:0: hello 23 world\"\n    log output should match \"^XXX[0-9][0-9][0-9][0-9]/[0-9][0-9]/[0-9][0-9] [0-9][0-9]:[0-9][0-9]:[0-9][0-9]\\\\.[0-9][0-9][0-9][0-9][0-9][0-9] .*/[A-Za-z0-9_\\\\-]+\\\\.go:(63|65): hello 23 world$\" is \"XXX2024/04/09 12:45:14.003227 ???:0: hello 23 world\"\n    log output should match \"^XXX[0-9][0-9][0-9][0-9]/[0-9][0-9]/[0-9][0-9] [0-9][0-9]:[0-9][0-9]:[0-9][0-9]\\\\.[0-9][0-9][0-9][0-9][0-9][0-9] .*/[A-Za-z0-9_\\\\-]+\\\\.go:(63|65): hello 23 world$\" is \"XXX2024/04/09 12:45:14.003251 ???:0: hello 23 world\"\n    log output should match \"^XXX[0-9][0-9][0-9][0-9]/[0-9][0-9]/[0-9][0-9] [0-9][0-9]:[0-9][0-9]:[0-9][0-9]\\\\.[0-9][0-9][0-9][0-9][0-9][0-9] [A-Za-z0-9_\\\\-]+\\\\.go:(63|65): hello 23 world$\" is \"XXX2024/04/09 12:45:14.003488 ???:0: hello 23 world\"\n    log output should match \"^XXX[0-9][0-9][0-9][0-9]/[0-9][0-9]/[0-9][0-9] [0-9][0-9]:[0-9][0-9]:[0-9][0-9]\\\\.[0-9][0-9][0-9][0-9][0-9][0-9] [A-Za-z0-9_\\\\-]+\\\\.go:(63|65): hello 23 world$\" is \"XXX2024/04/09 12:45:14.003503 ???:0: hello 23 world\"\n    log output should match \"^[0-9][0-9][0-9][0-9]/[0-9][0-9]/[0-9][0-9] [0-9][0-9]:[0-9][0-9]:[0-9][0-9]\\\\.[0-9][0-9][0-9][0-9][0-9][0-9] .*/[A-Za-z0-9_\\\\-]+\\\\.go:(63|65): XXXhello 23 world$\" is \"2024/04/09 12:45:14.003521 ???:0: XXXhello 23 world\"\n    log output should match \"^[0-9][0-9][0-9][0-9]/[0-9][0-9]/[0-9][0-9] [0-9][0-9]:[0-9][0-9]:[0-9][0-9]\\\\.[0-9][0-9][0-9][0-9][0-9][0-9] .*/[A-Za-z0-9_\\\\-]+\\\\.go:(63|65): XXXhello 23 world$\" is \"2024/04/09 12:45:14.003758 ???:0: XXXhello 23 world\"\n    log output should match \"^[0-9][0-9][0-9][0-9]/[0-9][0-9]/[0-9][0-9] [0-9][0-9]:[0-9][0-9]:[0-9][0-9]\\\\.[0-9][0-9][0-9][0-9][0-9][0-9] [A-Za-z0-9_\\\\-]+\\\\.go:(63|65): XXXhello 23 world$\" is \"2024/04/09 12:45:14.003771 ???:0: XXXhello 23 world\"\n    log output should match \"^[0-9][0-9][0-9][0-9]/[0-9][0-9]/[0-9][0-9] [0-9][0-9]:[0-9][0-9]:[0-9][0-9]\\\\.[0-9][0-9][0-9][0-9][0-9][0-9] [A-Za-z0-9_\\\\-]+\\\\.go:(63|65): XXXhello 23 world$\" is \"2024/04/09 12:45:14.003788 ???:0: XXXhello 23 world\"\n--- FAIL: TestAll (0.00s)\n"
    },
    "log/slog": {
        "tests": 0,
        "failures": 0,
        "errors": 1,
        "summary": "build error",
        "detail": "ld.lld --gc-sections -L /workspaces/dc-wasm-go/tinygo -o /tmp/tinygo1653635461/main /tmp/tinygo1653635461/main.o /home/vscode/.cache/tinygo/compiler-rt-aarch64-unknown-linux-generic/lib.a /home/vscode/.cache/tinygo/obj-3fd9192bbb8c0507447753a8b8972390a979bbb71b28b3ea50e39abe.bc /home/vscode/.cache/tinygo/obj-f79712e5b2f218317551c5961bf12c37f30f9733eb9ffe02c10c0c3a.bc /home/vscode/.cache/tinygo/musl-aarch64-unknown-linux-generic/crt1.o /home/vscode/.cache/tinygo/musl-aarch64-unknown-linux-generic/lib.a /tmp/tinygo1653635461/embed-a3a5d08c40939adb7c0e9e4f5b689721-1054654341.o -mllvm -mcpu=generic --lto-O2 --thinlto-cache-dir=/home/vscode/.cache/tinygo/thinlto -mllvm --rotation-max-header-size=0\n/tmp/tinygo1653635461/main /tmp/tinygo1653635461/main -test.v\npanic: runtime.Caller failed\nFAIL\tlog/slog\t0.013s"
    },
    "log/syslog": {
        "tests": 0,
        "failures": 0,
        "errors": 1,
        "summary": "build error",
        "detail": "FAIL\tlog/syslog\t0.000s\n# log/syslog\n/usr/local/go/src/log/syslog/syslog_test.go:35:21: oe.Temporary undefined (type *net.OpError has no field or method Temporary)\n/usr/local/go/src/log/syslog/syslog_test.go:110:15: undefined: net.ListenPacket"
    },
    "maps": {
        "tests": 0,
        "failures": 0,
        "errors": 1,
        "summary": "build error",
        "detail": "ld.lld --gc-sections -L /workspaces/dc-wasm-go/tinygo -o /tmp/tinygo1394597000/main /tmp/tinygo1394597000/main.o /home/vscode/.cache/tinygo/compiler-rt-aarch64-unknown-linux-generic/lib.a /home/vscode/.cache/tinygo/obj-3fd9192bbb8c0507447753a8b8972390a979bbb71b28b3ea50e39abe.bc /home/vscode/.cache/tinygo/obj-f79712e5b2f218317551c5961bf12c37f30f9733eb9ffe02c10c0c3a.bc /home/vscode/.cache/tinygo/musl-aarch64-unknown-linux-generic/crt1.o /home/vscode/.cache/tinygo/musl-aarch64-unknown-linux-generic/lib.a -mllvm -mcpu=generic --lto-O2 --thinlto-cache-dir=/home/vscode/.cache/tinygo/thinlto -mllvm --rotation-max-header-size=0\nld.lld: error: undefined symbol: maps.clone\n>>> referenced by maps.go:46 (/usr/local/go/src/maps/maps.go:46)\n>>>               /home/vscode/.cache/tinygo/thinlto/llvmcache-02AD9A5FE15F5FB66C638547E45901C297BE14B4:(maps.Clone[map[int]int int int])\n>>> referenced by maps.go:46 (/usr/local/go/src/maps/maps.go:46)\n>>>               /home/vscode/.cache/tinygo/thinlto/llvmcache-02AD9A5FE15F5FB66C638547E45901C297BE14B4:(maps.TestCloneLarge)\nfailed to run tool: ld.lld\nFAIL\tmaps\t0.000s\nerror: failed to link /tmp/tinygo1394597000/main: exit status 1"
    },
    "math": {
        "tests": 76,
        "failures": 0,
        "errors": 0,
        "summary": "passed"
    },
    "math/big": {
        "tests": 0,
        "failures": 0,
        "errors": 1,
        "summary": "build error",
        "detail": "FAIL\tmath/big\t0.000s\n# math/big\n/usr/local/go/src/math/bits/bits.go:472:10: interp: running for more than 3m0s, timing out (executed calls: 28596023)\n  %0 = and i64 %x, 4294967295, !dbg !30812\n\ntraceback:\n/usr/local/go/src/math/bits/bits.go:472:10:\n  %0 = and i64 %x, 4294967295, !dbg !30812\n/usr/local/go/src/math/bits/bits.go:450:15:\n  %9 = call { i64, i64 } @\"math/bits.Mul64\"(i64 %x, i64 %y, ptr undef), !dbg !30820\n/usr/local/go/src/math/big/arith.go:51:20:\n  %0 = call { i64, i64 } @\"math/bits.Mul\"(i64 %x, i64 %y, ptr undef), !dbg !30807\n/usr/local/go/src/math/big/arith.go:192:24:\n  %13 = call { i64, i64 } @\"math/big.mulAddWWW_g\"(i64 %12, i64 %y, i64 %6, ptr undef), !dbg !30825\n/usr/local/go/src/math/big/arith_decl_pure.go:44:20:\n  %12 = call i64 @\"math/big.mulAddVWW_g\"(ptr %6, i64 %7, i64 %8, ptr %9, i64 %10, i64 %11, i64 %y, i64 %r, ptr undef), !dbg !30808\n/usr/local/go/src/math/big/nat.go:191:18:\n  %32 = call i64 @\"math/big.mulAddVWW\"(ptr %26, i64 %27, i64 %28, ptr %29, i64 %30, i64 %31, i64 %y, i64 %r, ptr undef), !dbg !30829\n/usr/local/go/src/math/big/natconv.go:213:19:\n  %98 = call { ptr, i64, i64 } @\"(math/big.nat).mulAddWW\"(ptr %92, i64 %93, i64 %94, ptr %95, i64 %96, i64 %97, i64 %47, i64 %89, ptr undef), !dbg !30949\n/usr/local/go/src/math/big/nat_test.go:92:31:\n  %8 = call { { ptr, i64, i64 }, i64, i64, %runtime._interface } @\"(math/big.nat).scan\"(ptr null, i64 0, i64 0, ptr %6, ptr %7, i64 0, i1 false, ptr undef), !dbg !30804\n/usr/local/go/src/math/big:\n  %19 = call { ptr, i64, i64 } @\"math/big.natFromString\"(ptr %17, i64 %18, ptr undef), !dbg !30811"
    },
    "math/bits": {
        "tests": 21,
        "failures": 5,
        "errors": 0,
        "summary": "failure",
        "detail": "Failures/Tests: 5/21\n=== RUN   TestDivPanicOverflow\n    Div should have panicked when y<=hi\n--- FAIL: TestDivPanicOverflow (0.00s)\n=== RUN   TestDiv32PanicOverflow\n    Div32 should have panicked when y<=hi\n--- FAIL: TestDiv32PanicOverflow (0.00s)\n=== RUN   TestDiv64PanicOverflow\n    Div64 should have panicked when y<=hi\n--- FAIL: TestDiv64PanicOverflow (0.00s)\n=== RUN   TestDivPanicZero\n    Div should have panicked when y==0\n--- FAIL: TestDivPanicZero (0.00s)\n=== RUN   TestDiv32PanicZero\npanic: runtime error at 0x0000000000229298: divide by zero\n"
    },
    "math/cmplx": {
        "tests": 24,
        "failures": 0,
        "errors": 0,
        "summary": "passed"
    },
    "math/rand": {
        "tests": 43,
        "failures": 8,
        "errors": 0,
        "summary": "failure",
        "detail": "Failures/Tests: 8/43\n=== RUN   TestDefaultRace\n--- FAIL: TestDefaultRace (0.00s)\n=== RUN   TestDefaultRace/0\n        fork/exec /tmp/tinygo3966790371/main: operation not implemented\n    --- FAIL: TestDefaultRace/0 (0.00s)\n=== RUN   TestDefaultRace/1\n        fork/exec /tmp/tinygo3966790371/main: operation not implemented\n    --- FAIL: TestDefaultRace/1 (0.00s)\n=== RUN   TestDefaultRace/2\n        fork/exec /tmp/tinygo3966790371/main: operation not implemented\n    --- FAIL: TestDefaultRace/2 (0.00s)\n=== RUN   TestDefaultRace/3\n        fork/exec /tmp/tinygo3966790371/main: operation not implemented\n    --- FAIL: TestDefaultRace/3 (0.00s)\n=== RUN   TestDefaultRace/4\n        fork/exec /tmp/tinygo3966790371/main: operation not implemented\n    --- FAIL: TestDefaultRace/4 (0.00s)\n=== RUN   TestDefaultRace/5\n        fork/exec /tmp/tinygo3966790371/main: operation not implemented\n    --- FAIL: TestDefaultRace/5 (0.00s)\n=== RUN   TestDefaultRace/1\n        fork/exec /tmp/tinygo3966790371/main: operation not implemented\n    --- FAIL: TestDefaultRace/1 (0.00s)\n=== RUN   TestDefaultRace/3\n        fork/exec /tmp/tinygo3966790371/main: operation not implemented\n    --- FAIL: TestDefaultRace/3 (0.00s)\n=== RUN   TestDefaultRace/4\n        fork/exec /tmp/tinygo3966790371/main: operation not implemented\n    --- FAIL: TestDefaultRace/4 (0.00s)\n=== RUN   TestRegress\npanic: unimplemented: (reflect.Type).Method()\n=== RUN   TestDefaultRace/0\n        fork/exec /tmp/tinygo3966790371/main: operation not implemented\n    --- FAIL: TestDefaultRace/0 (0.00s)\n=== RUN   TestDefaultRace/2\n        fork/exec /tmp/tinygo3966790371/main: operation not implemented\n    --- FAIL: TestDefaultRace/2 (0.00s)\n=== RUN   TestDefaultRace/5\n        fork/exec /tmp/tinygo3966790371/main: operation not implemented\n    --- FAIL: TestDefaultRace/5 (0.00s)\n"
    },
    "math/rand/v2": {
        "tests": 0,
        "failures": 0,
        "errors": 1,
        "summary": "build error",
        "detail": "ld.lld --gc-sections -L /workspaces/dc-wasm-go/tinygo -o /tmp/tinygo2493761281/main /tmp/tinygo2493761281/main.o /home/vscode/.cache/tinygo/compiler-rt-aarch64-unknown-linux-generic/lib.a /home/vscode/.cache/tinygo/obj-3fd9192bbb8c0507447753a8b8972390a979bbb71b28b3ea50e39abe.bc /home/vscode/.cache/tinygo/obj-f79712e5b2f218317551c5961bf12c37f30f9733eb9ffe02c10c0c3a.bc /home/vscode/.cache/tinygo/musl-aarch64-unknown-linux-generic/crt1.o /home/vscode/.cache/tinygo/musl-aarch64-unknown-linux-generic/lib.a -mllvm -mcpu=generic --lto-O2 --thinlto-cache-dir=/home/vscode/.cache/tinygo/thinlto -mllvm --rotation-max-header-size=0\nld.lld: error: undefined symbol: internal/chacha8rand.block\n>>> referenced by chacha8.go:63 (/usr/local/go/src/internal/chacha8rand/chacha8.go:63)\n>>>               /home/vscode/.cache/tinygo/thinlto/llvmcache-284E1DF200A2B7CBE7B265D28D6888F3A8DFA419:((*internal/chacha8rand.State).Init)\n>>> referenced by chacha8.go:88 (/usr/local/go/src/internal/chacha8rand/chacha8.go:88)\n>>>               /home/vscode/.cache/tinygo/thinlto/llvmcache-284E1DF200A2B7CBE7B265D28D6888F3A8DFA419:((*math/rand/v2.ChaCha8).Uint64)\n>>> referenced by chacha8.go:150 (/usr/local/go/src/internal/chacha8rand/chacha8.go:150)\n>>>               /home/vscode/.cache/tinygo/thinlto/llvmcache-284E1DF200A2B7CBE7B265D28D6888F3A8DFA419:(math/rand/v2_test.TestChaCha8Marshal)\nfailed to run tool: ld.lld\nFAIL\tmath/rand/v2\t0.000s\nerror: failed to link /tmp/tinygo2493761281/main: exit status 1"
    },
    "mime": {
        "tests": 14,
        "failures": 1,
        "errors": 0,
        "summary": "failure",
        "detail": "Failures/Tests: 1/14\n=== RUN   TestTypeByExtension_LocalData\npanic: runtime error at 0x0000000000237f38: deadlocked: no event source\n"
    },
    "mime/multipart": {
        "tests": 48,
        "failures": 0,
        "errors": 0,
        "summary": "passed"
    },
    "mime/quotedprintable": {
        "tests": 5,
        "failures": 0,
        "errors": 0,
        "summary": "passed"
    },
    "net": {
        "tests": 1,
        "failures": 0,
        "errors": 0,
        "summary": "passed"
    },
    "net/http": {
        "tests": 0,
        "failures": 0,
        "errors": 0,
        "summary": "no tests"
    },
    "net/http/cgi": {
        "tests": 0,
        "failures": 0,
        "errors": 0,
        "summary": "no tests"
    },
    "net/http/cookiejar": {
        "tests": 0,
        "failures": 0,
        "errors": 0,
        "summary": "no tests"
    },
    "net/http/fcgi": {
        "tests": 0,
        "failures": 0,
        "errors": 0,
        "summary": "no tests"
    },
    "net/http/httptest": {
        "tests": 0,
        "failures": 0,
        "errors": 0,
        "summary": "no tests"
    },
    "net/http/httptrace": {
        "tests": 0,
        "failures": 0,
        "errors": 0,
        "summary": "no tests"
    },
    "net/http/httputil": {
        "tests": 0,
        "failures": 0,
        "errors": 0,
        "summary": "no tests"
    },
    "net/http/pprof": {
        "tests": 0,
        "failures": 0,
        "errors": 0,
        "summary": "no tests"
    },
    "net/mail": {
        "tests": 11,
        "failures": 0,
        "errors": 0,
        "summary": "passed"
    },
    "net/netip": {
        "tests": 256,
        "failures": 8,
        "errors": 0,
        "summary": "failure",
        "detail": "Failures/Tests: 8/256\n=== RUN   TestInlining\n    skipping test: 'go build' unavailable: /usr/local/go/bin/go tool -n compile: fork/exec /usr/local/go/bin/go: operation not implemented\n    SkipNow is incomplete, requires runtime.Goexit()\n    skipping test: 'go build' unavailable: /usr/local/go/bin/go tool -n compile: fork/exec /usr/local/go/bin/go: operation not implemented\n    SkipNow is incomplete, requires runtime.Goexit()\n    platform cannot run go tool\n    FailNow is incomplete, requires runtime.Goexit()\n    go build: exec: no command, \n    FailNow is incomplete, requires runtime.Goexit()\n    \"(*uint128).halves\" is no longer inlinable\n    \"Addr.BitLen\" is no longer inlinable\n    \"Addr.hasZone\" is no longer inlinable\n    \"Addr.Is4\" is no longer inlinable\n    \"Addr.Is4In6\" is no longer inlinable\n    \"Addr.Is6\" is no longer inlinable\n    \"Addr.IsLoopback\" is no longer inlinable\n    \"Addr.IsMulticast\" is no longer inlinable\n    \"Addr.IsInterfaceLocalMulticast\" is no longer inlinable\n    \"Addr.IsValid\" is no longer inlinable\n    \"Addr.IsUnspecified\" is no longer inlinable\n    \"Addr.Less\" is no longer inlinable\n    \"Addr.Unmap\" is no longer inlinable\n    \"Addr.Zone\" is no longer inlinable\n    \"Addr.v4\" is no longer inlinable\n    \"Addr.v6\" is no longer inlinable\n    \"Addr.v6u16\" is no longer inlinable\n    \"Addr.withoutZone\" is no longer inlinable\n    \"AddrPortFrom\" is no longer inlinable\n    \"AddrPort.Addr\" is no longer inlinable\n    \"AddrPort.Port\" is no longer inlinable\n    \"AddrPort.IsValid\" is no longer inlinable\n    \"Prefix.IsSingleIP\" is no longer inlinable\n    \"Prefix.Masked\" is no longer inlinable\n    \"Prefix.IsValid\" is no longer inlinable\n    \"PrefixFrom\" is no longer inlinable\n    \"Prefix.Addr\" is no longer inlinable\n    \"Prefix.Bits\" is no longer inlinable\n    \"AddrFrom4\" is no longer inlinable\n    \"IPv6LinkLocalAllNodes\" is no longer inlinable\n    \"IPv6Unspecified\" is no longer inlinable\n    \"MustParseAddr\" is no longer inlinable\n    \"MustParseAddrPort\" is no longer inlinable\n    \"MustParsePrefix\" is no longer inlinable\n    \"appendDecimal\" is no longer inlinable\n    \"appendHex\" is no longer inlinable\n    \"uint128.addOne\" is no longer inlinable\n    \"uint128.and\" is no longer inlinable\n    \"uint128.bitsClearedFrom\" is no longer inlinable\n    \"uint128.bitsSetFrom\" is no longer inlinable\n    \"uint128.isZero\" is no longer inlinable\n    \"uint128.not\" is no longer inlinable\n    \"uint128.or\" is no longer inlinable\n    \"uint128.subOne\" is no longer inlinable\n    \"uint128.xor\" is no longer inlinable\n    \"Addr.Next\" is no longer inlinable\n    \"Addr.Prev\" is no longer inlinable\n--- FAIL: TestInlining (0.00s)\n=== RUN   TestAddrStringAllocs\n--- FAIL: TestAddrStringAllocs (0.02s)\n=== RUN   TestAddrStringAllocs/zero\n    --- PASS: TestAddrStringAllocs/zero (0.00s)\n=== RUN   TestAddrStringAllocs/ipv4\n        allocs=0, want 1\n    --- FAIL: TestAddrStringAllocs/ipv4 (0.00s)\n=== RUN   TestAddrStringAllocs/ipv6\n        allocs=0, want 1\n    --- FAIL: TestAddrStringAllocs/ipv6 (0.00s)\n=== RUN   TestAddrStringAllocs/ipv6+zone\n        allocs=0, want 1\n    --- FAIL: TestAddrStringAllocs/ipv6+zone (0.01s)\n=== RUN   TestAddrStringAllocs/ipv4-in-ipv6\n        allocs=0, want 1\n    --- FAIL: TestAddrStringAllocs/ipv4-in-ipv6 (0.00s)\n=== RUN   TestAddrStringAllocs/ipv4-in-ipv6+zone\n        allocs=0, want 1\n    --- FAIL: TestAddrStringAllocs/ipv4-in-ipv6+zone (0.00s)\n=== RUN   TestAddrStringAllocs/ipv6+zone\n        allocs=0, want 1\n    --- FAIL: TestAddrStringAllocs/ipv6+zone (0.01s)\n=== RUN   TestAddrStringAllocs/zero\n    --- PASS: TestAddrStringAllocs/zero (0.00s)\n=== RUN   TestAddrStringAllocs/ipv6\n        allocs=0, want 1\n    --- FAIL: TestAddrStringAllocs/ipv6 (0.00s)\n=== RUN   TestAddrStringAllocs/ipv4-in-ipv6\n        allocs=0, want 1\n    --- FAIL: TestAddrStringAllocs/ipv4-in-ipv6 (0.00s)\n=== RUN   TestAddrStringAllocs/ipv4-in-ipv6+zone\n        allocs=0, want 1\n    --- FAIL: TestAddrStringAllocs/ipv4-in-ipv6+zone (0.00s)\n=== RUN   TestAddrStringAllocs/ipv4\n        allocs=0, want 1\n    --- FAIL: TestAddrStringAllocs/ipv4 (0.00s)\n"
    },
    "net/rpc": {
        "tests": 0,
        "failures": 0,
        "errors": 0,
        "summary": "no tests"
    },
    "net/rpc/jsonrpc": {
        "tests": 0,
        "failures": 0,
        "errors": 1,
        "summary": "build error",
        "detail": "FAIL\tnet/rpc/jsonrpc\t0.000s\n# net/rpc\n/usr/local/go/src/net/rpc/server.go:290:14: method.IsExported undefined (type reflect.Method has no field or method IsExported)"
    },
    "net/smtp": {
        "tests": 0,
        "failures": 0,
        "errors": 1,
        "summary": "build error",
        "detail": "FAIL\tnet/smtp\t0.000s\n# net/smtp\n/usr/local/go/src/net/smtp/smtp.go:72:24: undefined: tls.Conn\n/usr/local/go/src/net/smtp/smtp.go:172:25: undefined: tls.Conn\n/usr/local/go/src/net/smtp/smtp_test.go:591:19: undefined: tls.X509KeyPair\n/usr/local/go/src/net/smtp/smtp_test.go:598:17: undefined: tls.Listen\n/usr/local/go/src/net/smtp/smtp_test.go:600:17: undefined: tls.Listen\n/usr/local/go/src/net/smtp/smtp_test.go:1009:9: cs.Version undefined (type tls.ConnectionState has no field or method Version)\n/usr/local/go/src/net/smtp/smtp_test.go:1009:29: cs.HandshakeComplete undefined (type tls.ConnectionState has no field or method HandshakeComplete)\n/usr/local/go/src/net/smtp/smtp_test.go:1049:24: undefined: tls.X509KeyPair\n/usr/local/go/src/net/smtp/smtp_test.go:1054:12: undefined: tls.Server"
    },
    "net/textproto": {
        "tests": 25,
        "failures": 0,
        "errors": 0,
        "summary": "passed"
    },
    "net/url": {
        "tests": 0,
        "failures": 0,
        "errors": 1,
        "summary": "build error",
        "detail": "ld.lld --gc-sections -L /workspaces/dc-wasm-go/tinygo -o /tmp/tinygo121387233/main /tmp/tinygo121387233/main.o /home/vscode/.cache/tinygo/compiler-rt-aarch64-unknown-linux-generic/lib.a /home/vscode/.cache/tinygo/obj-3fd9192bbb8c0507447753a8b8972390a979bbb71b28b3ea50e39abe.bc /home/vscode/.cache/tinygo/obj-f79712e5b2f218317551c5961bf12c37f30f9733eb9ffe02c10c0c3a.bc /home/vscode/.cache/tinygo/musl-aarch64-unknown-linux-generic/crt1.o /home/vscode/.cache/tinygo/musl-aarch64-unknown-linux-generic/lib.a -mllvm -mcpu=generic --lto-O2 --thinlto-cache-dir=/home/vscode/.cache/tinygo/thinlto -mllvm --rotation-max-header-size=0\n/tmp/tinygo121387233/main /tmp/tinygo121387233/main -test.v\ncheckId: 22 should be 23\npanic: bootstrap type wrong id: mapType mapType not <nil>\nFAIL\tnet/url\t0.021s"
    },
    "os": {
        "tests": 80,
        "failures": 0,
        "errors": 0,
        "summary": "passed"
    },
    "os/exec": {
        "tests": 0,
        "failures": 0,
        "errors": 0,
        "summary": "no tests"
    },
    "os/signal": {
        "tests": 0,
        "failures": 0,
        "errors": 1,
        "summary": "build error",
        "detail": "FAIL\tos/signal\t0.000s\n# os/signal\n/usr/local/go/src/os/signal/signal_test.go:439:24: t.Deadline undefined (type *testing.T has no field or method Deadline)\n/usr/local/go/src/os/signal/signal_test.go:482:24: t.Deadline undefined (type *testing.T has no field or method Deadline)\n/usr/local/go/src/os/signal/signal_test.go:562:24: t.Deadline undefined (type *testing.T has no field or method Deadline)\n/usr/local/go/src/os/signal/signal_test.go:612:23: t.Deadline undefined (type *testing.T has no field or method Deadline)\n/usr/local/go/src/os/signal/signal_test.go:751:25: t.Deadline undefined (type *testing.T has no field or method Deadline)"
    },
    "os/user": {
        "tests": 0,
        "failures": 0,
        "errors": 0,
        "summary": "no tests"
    },
    "path": {
        "tests": 9,
        "failures": 0,
        "errors": 0,
        "summary": "passed"
    },
    "path/filepath": {
        "tests": 3,
        "failures": 1,
        "errors": 0,
        "summary": "failure",
        "detail": "Failures/Tests: 1/3\n=== RUN   TestCVE202230632\n"
    },
    "plugin": {
        "tests": 0,
        "failures": 0,
        "errors": 1,
        "summary": "build error",
        "detail": "FAIL\tplugin\t0.000s\n# plugin\n../../../usr/local/go/src/plugin/plugin_dlopen.go:10:6: not implemented: build constraints in #cgo line\nlib/musl/include/limits.h:40:10: fatal: 'bits/limits.h' file not found\n../../../usr/local/go/src/plugin/plugin_dlopen.go:12:10: note: in file included from plugin_dlopen.go!cgo.c:5:"
    },
    "reflect": {
        "tests": 96,
        "failures": 0,
        "errors": 0,
        "summary": "passed"
    },
    "regexp": {
        "tests": 14,
        "failures": 1,
        "errors": 0,
        "summary": "failure",
        "detail": "Failures/Tests: 1/14\n=== RUN   TestOnePassCutoff\n"
    },
    "regexp/syntax": {
        "tests": 12,
        "failures": 0,
        "errors": 0,
        "summary": "passed"
    },
    "runtime": {
        "tests": 0,
        "failures": 0,
        "errors": 0,
        "summary": "no tests"
    },
    "runtime/cgo": {
        "tests": 0,
        "failures": 0,
        "errors": 0,
        "summary": "no tests"
    },
    "runtime/coverage": {
        "tests": 0,
        "failures": 0,
        "errors": 0,
        "summary": "no tests"
    },
    "runtime/debug": {
        "tests": 0,
        "failures": 0,
        "errors": 0,
        "summary": "no tests"
    },
    "runtime/metrics": {
        "tests": 0,
        "failures": 0,
        "errors": 0,
        "summary": "no tests"
    },
    "runtime/pprof": {
        "tests": 0,
        "failures": 0,
        "errors": 0,
        "summary": "no tests"
    },
    "runtime/race": {
        "tests": 0,
        "failures": 0,
        "errors": 0,
        "summary": "no tests"
    },
    "runtime/trace": {
        "tests": 0,
        "failures": 0,
        "errors": 0,
        "summary": "no tests"
    },
    "slices": {
        "tests": 11,
        "failures": 1,
        "errors": 0,
        "summary": "failure",
        "detail": "Failures/Tests: 1/11\n=== RUN   TestInsertPanics\npanic: runtime error at 0x0000000000285364: slice out of range\n"
    },
    "sort": {
        "tests": 63,
        "failures": 0,
        "errors": 0,
        "summary": "passed"
    },
    "strconv": {
        "tests": 66,
        "failures": 0,
        "errors": 0,
        "summary": "passed"
    },
    "strings": {
        "tests": 71,
        "failures": 2,
        "errors": 0,
        "summary": "failure",
        "detail": "Failures/Tests: 2/71\n=== RUN   TestBuilderGrow\n    growLen=100: got 0 allocs during Write; want 1\n    growLen=1000: got 0 allocs during Write; want 1\n    growLen=10000: got 0 allocs during Write; want 1\n    growLen=100000: got 0 allocs during Write; want 1\n--- FAIL: TestBuilderGrow (0.10s)\n=== RUN   TestBuilderAllocs\n    Builder allocs = 0; want 1\n--- FAIL: TestBuilderAllocs (0.01s)\n"
    },
    "sync": {
        "tests": 19,
        "failures": 0,
        "errors": 0,
        "summary": "passed"
    },
    "sync/atomic": {
        "tests": 68,
        "failures": 6,
        "errors": 0,
        "summary": "failure",
        "detail": "Failures/Tests: 6/68\n=== RUN   TestStoreLoadSeqCst32\n    Skipping test on 1 processor machine\n    SkipNow is incomplete, requires runtime.Goexit()\n--- FAIL: TestStoreLoadSeqCst32 (0.00s)\n=== RUN   TestStoreLoadSeqCst64\n    Skipping test on 1 processor machine\n    SkipNow is incomplete, requires runtime.Goexit()\n--- FAIL: TestStoreLoadSeqCst64 (0.00s)\n=== RUN   TestStoreLoadRelAcq32\n    Skipping test on 1 processor machine\n    SkipNow is incomplete, requires runtime.Goexit()\n--- FAIL: TestStoreLoadRelAcq32 (0.00s)\n=== RUN   TestStoreLoadRelAcq64\n    Skipping test on 1 processor machine\n    SkipNow is incomplete, requires runtime.Goexit()\n--- FAIL: TestStoreLoadRelAcq64 (0.00s)\n=== RUN   TestUnaligned64\n    test only runs on 32-bit systems\n    SkipNow is incomplete, requires runtime.Goexit()\n    LoadUint64 did not panic\n    LoadUint64Method did not panic\n    StoreUint64 did not panic\n    StoreUint64Method did not panic\n    CompareAndSwapUint64 did not panic\n    CompareAndSwapUint64Method did not panic\n    AddUint64 did not panic\n    AddUint64Method did not panic\n--- FAIL: TestUnaligned64 (0.00s)\n=== RUN   TestNilDeref\n"
    },
    "syscall": {
        "tests": 0,
        "failures": 0,
        "errors": 1,
        "summary": "build error",
        "detail": "FAIL\tsyscall\t0.000s\n# syscall_test\n/usr/local/go/src/syscall/creds_test.go:53:19: undefined: net.FileConn\n/usr/local/go/src/syscall/creds_test.go:60:19: undefined: net.FileConn\n/usr/local/go/src/syscall/exec_linux_test.go:671:17: undefined: user.Lookup\n/usr/local/go/src/syscall/exec_linux_test.go:708:14: f.Chmod undefined (type *os.File has no field or method Chmod)\n/usr/local/go/src/syscall/exec_pdeathsig_test.go:116:18: undefined: user.Lookup\n/usr/local/go/src/syscall/syscall_linux_test.go:244:11: undefined: os.Chown\n/usr/local/go/src/syscall/syscall_unix_test.go:183:16: undefined: net.FileConn\n/usr/local/go/src/syscall/syscall_unix_test.go:238:14: undefined: net.UnixConn\n/usr/local/go/src/syscall/syscall_unix_test.go:242:18: undefined: net.FileConn"
    },
    "testing": {
        "tests": 33,
        "failures": 0,
        "errors": 0,
        "summary": "passed"
    },
    "testing/fstest": {
        "tests": 5,
        "failures": 0,
        "errors": 0,
        "summary": "passed"
    },
    "testing/iotest": {
        "tests": 18,
        "failures": 0,
        "errors": 0,
        "summary": "passed"
    },
    "testing/quick": {
        "tests": 1,
        "failures": 1,
        "errors": 0,
        "summary": "failure",
        "detail": "Failures/Tests: 1/1\n=== RUN   TestCheckEqual\npanic: unimplemented: (reflect.Type).NumIn()\n"
    },
    "testing/slogtest": {
        "tests": 0,
        "failures": 0,
        "errors": 1,
        "summary": "build error",
        "detail": "ld.lld --gc-sections -L /workspaces/dc-wasm-go/tinygo -o /tmp/tinygo3092674793/main /tmp/tinygo3092674793/main.o /home/vscode/.cache/tinygo/compiler-rt-aarch64-unknown-linux-generic/lib.a /home/vscode/.cache/tinygo/obj-3fd9192bbb8c0507447753a8b8972390a979bbb71b28b3ea50e39abe.bc /home/vscode/.cache/tinygo/obj-f79712e5b2f218317551c5961bf12c37f30f9733eb9ffe02c10c0c3a.bc /home/vscode/.cache/tinygo/musl-aarch64-unknown-linux-generic/crt1.o /home/vscode/.cache/tinygo/musl-aarch64-unknown-linux-generic/lib.a -mllvm -mcpu=generic --lto-O2 --thinlto-cache-dir=/home/vscode/.cache/tinygo/thinlto -mllvm --rotation-max-header-size=0\n/tmp/tinygo3092674793/main /tmp/tinygo3092674793/main -test.v\npanic: runtime.Caller failed\nFAIL\ttesting/slogtest\t0.013s"
    },
    "text/scanner": {
        "tests": 18,
        "failures": 0,
        "errors": 0,
        "summary": "passed"
    },
    "text/tabwriter": {
        "tests": 3,
        "failures": 0,
        "errors": 0,
        "summary": "passed"
    },
    "text/template": {
        "tests": 1,
        "failures": 1,
        "errors": 0,
        "summary": "failure",
        "detail": "Failures/Tests: 1/1\n=== RUN   TestExecute\npanic: unimplemented: (reflect.Type).NumOut()\n"
    },
    "text/template/parse": {
        "tests": 52,
        "failures": 0,
        "errors": 0,
        "summary": "passed"
    },
    "time": {
        "tests": 0,
        "failures": 0,
        "errors": 1,
        "summary": "build error",
        "detail": "FAIL\ttime\t0.000s\n# time_test\n/usr/local/go/src/time/sleep_test.go:714:4: b.ReportMetric undefined (type *testing.B has no field or method ReportMetric)\n/usr/local/go/src/time/sleep_test.go:715:4: b.ReportMetric undefined (type *testing.B has no field or method ReportMetric)\n/usr/local/go/src/time/sleep_test.go:716:4: b.ReportMetric undefined (type *testing.B has no field or method ReportMetric)\n/usr/local/go/src/time/sleep_test.go:787:8: b.ReportMetric undefined (type *testing.B has no field or method ReportMetric)\n/usr/local/go/src/time/sleep_test.go:788:8: b.ReportMetric undefined (type *testing.B has no field or method ReportMetric)\n/usr/local/go/src/time/sleep_test.go:789:8: b.ReportMetric undefined (type *testing.B has no field or method ReportMetric)"
    },
    "time/tzdata": {
        "tests": 0,
        "failures": 0,
        "errors": 0,
        "summary": "no tests"
    },
    "unicode": {
        "tests": 28,
        "failures": 0,
        "errors": 0,
        "summary": "passed"
    },
    "unicode/utf16": {
        "tests": 8,
        "failures": 0,
        "errors": 0,
        "summary": "passed"
    },
    "unicode/utf8": {
        "tests": 14,
        "failures": 0,
        "errors": 0,
        "summary": "passed"
    },
    "unsafe": {
        "tests": 0,
        "failures": 0,
        "errors": 0,
        "summary": "no tests"
    }
}