<testsuites tests="12517" failures="138" time="0">
  <testsuite tests="58" failures="1" time="0.000000" name="archive/tar" timestamp="2024-04-09T12:13:25Z">
    <properties classname="archive/tar">
      <property name="go.version" value="go1.22.0 linux/arm64" />
    </properties>
    <testcase classname="archive/tar" name="TestFileInfoHeaderSymlink" time="-0.000000">
      <failure message="Failed" type="">=== RUN   TestFileInfoHeaderSymlink
    skipping test: cannot make symlinks on wasip1/wasm: symlinks unsupported: symlink /tmp/176020032/testfile.txt /tmp/176020032/testlink: errno 63
    SkipNow is incomplete, requires runtime.Goexit()
    symlink /tmp/TestFileInfoHeaderSymlink143914376/000 /tmp/TestFileInfoHeaderSymlink143914376/000/link: errno 63
    FailNow is incomplete, requires runtime.Goexit()
    lstat /tmp/TestFileInfoHeaderSymlink143914376/000/link: file does not exist
    FailNow is incomplete, requires runtime.Goexit()
    archive/tar: FileInfo is nil
    FailNow is incomplete, requires runtime.Goexit()
panic: runtime error: nil pointer dereference
Error: failed to run main module `/tmp/tinygo3347863268/main`

Caused by:
    0: failed to invoke command default
    1: error while executing at wasm backtrace:
           0: 0x2d05c - runtime.abort
                           at /workspaces/dc-wasm-go/tinygo/src/runtime/runtime_tinygowasm.go:70:6              - runtime.runtimePanicAt
                           at /workspaces/dc-wasm-go/tinygo/src/runtime/panic.go:87:7
           1: 0x9a87 - runtime.nilPanic
                           at /workspaces/dc-wasm-go/tinygo/src/runtime/panic.go:150:16
           2: 0xc2a9e - archive/tar.TestFileInfoHeaderSymlink
           3: 0x39a98 - testing.tRunner
                           at /workspaces/dc-wasm-go/tinygo/src/testing/testing.go:427:4
           4: 0x74a84 - (*testing.T).Run
           5: 0x3979c - testing.runTests$1
                           at /workspaces/dc-wasm-go/tinygo/src/testing/testing.go:561:10
           6: 0x39a98 - testing.tRunner
                           at /workspaces/dc-wasm-go/tinygo/src/testing/testing.go:427:4
           7: 0x348d2 - testing.runTests
                           at /workspaces/dc-wasm-go/tinygo/src/testing/testing.go:559:10              - (*testing.M).Run
                           at /workspaces/dc-wasm-go/tinygo/src/testing/testing.go:533:29              - main.main
                           at /home/vscode/.cache/go-build/64/64e4f0b94238e71ca92a746be092ee54ca795a74809f454318857aae67ac27fc-d:137:15              - runtime.run$1
                           at /workspaces/dc-wasm-go/tinygo/src/runtime/scheduler_any.go:25:11
           8: 0x2e969 - &lt;goroutine wrapper&gt;
                           at /workspaces/dc-wasm-go/tinygo/src/runtime/scheduler_any.go:23:2
           9:  0xa92 - tinygo_launch
                           at /workspaces/dc-wasm-go/tinygo/src/internal/task/task_asyncify_wasm.S:59
          10: 0x2e83e - (*internal/task.Task).Resume
                           at /workspaces/dc-wasm-go/tinygo/src/internal/task/task_asyncify.go:109:17              - runtime.scheduler
                           at /workspaces/dc-wasm-go/tinygo/src/runtime/scheduler.go:236:11              - runtime.run
                           at /workspaces/dc-wasm-go/tinygo/src/runtime/scheduler_any.go:28:11              - _start
                           at /workspaces/dc-wasm-go/tinygo/src/runtime/runtime_wasip1.go:21:5
    2: wasm trap: wasm `unreachable` instruction executed
</failure>
    </testcase>
    <testcase classname="archive/tar" name="TestReader" time="0.000000" />
    <testcase classname="archive/tar" name="TestPartialRead" time="0.000000" />
    <testcase classname="archive/tar" name="TestUninitializedRead" time="0.000000" />
    <testcase classname="archive/tar" name="TestReadTruncation" time="0.000000" />
    <testcase classname="archive/tar" name="TestReadHeaderOnly" time="0.000000" />
    <testcase classname="archive/tar" name="TestMergePAX" time="0.000000" />
    <testcase classname="archive/tar" name="TestParsePAX" time="0.000000" />
    <testcase classname="archive/tar" name="TestReadOldGNUSparseMap" time="0.000000" />
    <testcase classname="archive/tar" name="TestReadGNUSparsePAXHeaders" time="0.000000" />
    <testcase classname="archive/tar" name="TestFileReader" time="0.000000" />
    <testcase classname="archive/tar" name="TestInsecurePaths" time="0.000000" />
    <testcase classname="archive/tar" name="TestDisableInsecurePathCheck" time="0.000000" />
    <testcase classname="archive/tar" name="TestFitsInBase256" time="0.000000" />
    <testcase classname="archive/tar" name="TestParseNumeric" time="0.000000" />
    <testcase classname="archive/tar" name="TestFormatNumeric" time="0.000000" />
    <testcase classname="archive/tar" name="TestFitsInOctal" time="0.000000" />
    <testcase classname="archive/tar" name="TestParsePAXTime" time="0.000000" />
    <testcase classname="archive/tar" name="TestFormatPAXTime" time="0.000000" />
    <testcase classname="archive/tar" name="TestParsePAXRecord" time="0.000000" />
    <testcase classname="archive/tar" name="TestFormatPAXRecord" time="0.000000" />
    <testcase classname="archive/tar" name="TestSparseEntries" time="0.000000" />
    <testcase classname="archive/tar" name="TestFileInfoHeader" time="0.000000" />
    <testcase classname="archive/tar" name="TestFileInfoHeaderDir" time="0.000000" />
  </testsuite>
  <testsuite tests="83" failures="1" time="0.000000" name="archive/zip" timestamp="2024-04-09T12:13:25Z">
    <properties classname="archive/zip">
      <property name="go.version" value="go1.22.0 linux/arm64" />
    </properties>
    <testcase classname="archive/zip" name="TestZip64" time="-0.000000">
      <failure message="Failed" type="">=== RUN   TestZip64
</failure>
    </testcase>
    <testcase classname="archive/zip" name="TestReader" time="0.000000" />
    <testcase classname="archive/zip" name="TestInvalidFiles" time="0.000000" />
    <testcase classname="archive/zip" name="TestIssue8186" time="0.000000" />
    <testcase classname="archive/zip" name="TestIssue10957" time="0.000000" />
    <testcase classname="archive/zip" name="TestIssue10956" time="0.000000" />
    <testcase classname="archive/zip" name="TestIssue11146" time="0.000000" />
    <testcase classname="archive/zip" name="TestIssue12449" time="0.000000" />
    <testcase classname="archive/zip" name="TestFS" time="0.000000" />
    <testcase classname="archive/zip" name="TestFSWalk" time="0.000000" />
    <testcase classname="archive/zip" name="TestFSModTime" time="0.000000" />
    <testcase classname="archive/zip" name="TestCVE202127919" time="0.000000" />
    <testcase classname="archive/zip" name="TestOpenReaderInsecurePath" time="0.000000" />
    <testcase classname="archive/zip" name="TestCVE202133196" time="0.000000" />
    <testcase classname="archive/zip" name="TestCVE202139293" time="0.000000" />
    <testcase classname="archive/zip" name="TestCVE202141772" time="0.000000" />
    <testcase classname="archive/zip" name="TestUnderSize" time="0.000000" />
    <testcase classname="archive/zip" name="TestIssue54801" time="0.000000" />
    <testcase classname="archive/zip" name="TestInsecurePaths" time="0.000000" />
    <testcase classname="archive/zip" name="TestDisableInsecurePathCheck" time="0.000000" />
    <testcase classname="archive/zip" name="TestCompressedDirectory" time="0.000000" />
    <testcase classname="archive/zip" name="TestBaseOffsetPlusOverflow" time="0.000000" />
    <testcase classname="archive/zip" name="TestWriter" time="0.000000" />
    <testcase classname="archive/zip" name="TestWriterComment" time="0.000000" />
    <testcase classname="archive/zip" name="TestWriterUTF8" time="0.000000" />
    <testcase classname="archive/zip" name="TestWriterTime" time="0.000000" />
    <testcase classname="archive/zip" name="TestWriterOffset" time="0.000000" />
    <testcase classname="archive/zip" name="TestWriterFlush" time="0.000000" />
    <testcase classname="archive/zip" name="TestWriterDir" time="0.000000" />
    <testcase classname="archive/zip" name="TestWriterDirAttributes" time="0.000000" />
    <testcase classname="archive/zip" name="TestWriterCopy" time="0.000000" />
    <testcase classname="archive/zip" name="TestWriterCreateRaw" time="0.000000" />
    <testcase classname="archive/zip" name="TestWriterAddFS" time="0.000000" />
    <testcase classname="archive/zip" name="TestIssue61875" time="0.000000" />
    <testcase classname="archive/zip" name="TestOver65kFiles" time="0.000000" />
    <testcase classname="archive/zip" name="TestModTime" time="0.000000" />
    <testcase classname="archive/zip" name="TestFileHeaderRoundTrip" time="0.000000" />
    <testcase classname="archive/zip" name="TestFileHeaderRoundTrip64" time="0.000000" />
    <testcase classname="archive/zip" name="TestFileHeaderRoundTripModified" time="0.000000" />
    <testcase classname="archive/zip" name="TestFileHeaderRoundTripWithoutModified" time="0.000000" />
    <testcase classname="archive/zip" name="TestRLEBuffer" time="0.000000" />
  </testsuite>
  <testsuite tests="42" failures="2" time="0.000000" name="bufio" timestamp="2024-04-09T12:13:25Z">
    <properties classname="bufio">
      <property name="go.version" value="go1.22.0 linux/arm64" />
    </properties>
    <testcase classname="bufio" name="TestReadStringAllocs" time="0.000000">
      <failure message="Failed" type="">=== RUN   TestReadStringAllocs
    Unexpected number of allocations, got 0.000000, want 1
--- FAIL: TestReadStringAllocs (0.00s)
</failure>
    </testcase>
    <testcase classname="bufio" name="TestNegativeRead" time="-0.000000">
      <failure message="Failed" type="">=== RUN   TestNegativeRead
panic: bufio: reader returned negative count from Read
Error: failed to run main module `/tmp/tinygo866795961/main`

Caused by:
    0: failed to invoke command default
    1: error while executing at wasm backtrace:
           0: 0x296b - runtime.abort
                           at /workspaces/dc-wasm-go/tinygo/src/runtime/runtime_tinygowasm.go:70:6              - runtime._panic
                           at /workspaces/dc-wasm-go/tinygo/src/runtime/panic.go:65:7
           1: 0xc7f5 - (*bufio.Reader).Read
           2: 0x7e8c2 - bufio_test.TestNegativeRead
                           at /usr/local/go/src/bufio/bufio_test.go:1303:8
           3: 0x269e0 - testing.tRunner
                           at /workspaces/dc-wasm-go/tinygo/src/testing/testing.go:427:4
           4: 0x4d9da - (*testing.T).Run
           5: 0x266e4 - testing.runTests$1
                           at /workspaces/dc-wasm-go/tinygo/src/testing/testing.go:561:10
           6: 0x269e0 - testing.tRunner
                           at /workspaces/dc-wasm-go/tinygo/src/testing/testing.go:427:4
           7: 0x20be9 - testing.runTests
                           at /workspaces/dc-wasm-go/tinygo/src/testing/testing.go:559:10              - (*testing.M).Run
                           at /workspaces/dc-wasm-go/tinygo/src/testing/testing.go:533:29              - main.main
                           at /home/vscode/.cache/go-build/06/069a56f2cf2c2675af173cda287292b2d6132751fa3da9153f4e8a10b1e3d344-d:241:15              - runtime.run$1
                           at /workspaces/dc-wasm-go/tinygo/src/runtime/scheduler_any.go:25:11
           8: 0x1c71e - &lt;goroutine wrapper&gt;
                           at /workspaces/dc-wasm-go/tinygo/src/runtime/scheduler_any.go:23:2
           9:  0x77e - tinygo_rewind
                           at /workspaces/dc-wasm-go/tinygo/src/internal/task/task_asyncify_wasm.S:92
          10: 0x1c523 - (*internal/task.Task).Resume
                           at /workspaces/dc-wasm-go/tinygo/src/internal/task/task_asyncify.go:112:17              - runtime.scheduler
                           at /workspaces/dc-wasm-go/tinygo/src/runtime/scheduler.go:236:11              - runtime.run
                           at /workspaces/dc-wasm-go/tinygo/src/runtime/scheduler_any.go:28:11              - _start
                           at /workspaces/dc-wasm-go/tinygo/src/runtime/runtime_wasip1.go:21:5
    2: wasm trap: wasm `unreachable` instruction executed
</failure>
    </testcase>
    <testcase classname="bufio" name="TestReaderSimple" time="0.000000" />
    <testcase classname="bufio" name="TestReader" time="0.000000" />
    <testcase classname="bufio" name="TestZeroReader" time="0.000000" />
    <testcase classname="bufio" name="TestReadRune" time="0.000000" />
    <testcase classname="bufio" name="TestUnreadRune" time="0.000000" />
    <testcase classname="bufio" name="TestNoUnreadRuneAfterPeek" time="0.000000" />
    <testcase classname="bufio" name="TestNoUnreadByteAfterPeek" time="0.000000" />
    <testcase classname="bufio" name="TestNoUnreadRuneAfterDiscard" time="0.000000" />
    <testcase classname="bufio" name="TestNoUnreadByteAfterDiscard" time="0.000000" />
    <testcase classname="bufio" name="TestNoUnreadRuneAfterWriteTo" time="0.000000" />
    <testcase classname="bufio" name="TestNoUnreadByteAfterWriteTo" time="0.000000" />
    <testcase classname="bufio" name="TestUnreadByte" time="0.000000" />
    <testcase classname="bufio" name="TestUnreadByteMultiple" time="0.000000" />
    <testcase classname="bufio" name="TestUnreadByteOthers" time="0.000000" />
    <testcase classname="bufio" name="TestUnreadRuneError" time="0.000000" />
    <testcase classname="bufio" name="TestUnreadRuneAtEOF" time="0.000000" />
    <testcase classname="bufio" name="TestReadWriteRune" time="0.000000" />
    <testcase classname="bufio" name="TestWriteInvalidRune" time="0.000000" />
    <testcase classname="bufio" name="TestWriter" time="0.000000" />
    <testcase classname="bufio" name="TestWriterAppend" time="0.000000" />
    <testcase classname="bufio" name="TestWriteErrors" time="0.000000" />
    <testcase classname="bufio" name="TestNewReaderSizeIdempotent" time="0.000000" />
    <testcase classname="bufio" name="TestNewWriterSizeIdempotent" time="0.000000" />
    <testcase classname="bufio" name="TestWriteString" time="0.000000" />
    <testcase classname="bufio" name="TestWriteStringStringWriter" time="0.000000" />
    <testcase classname="bufio" name="TestBufferFull" time="0.000000" />
    <testcase classname="bufio" name="TestPeek" time="0.000000" />
    <testcase classname="bufio" name="TestPeekThenUnreadRune" time="0.000000" />
    <testcase classname="bufio" name="TestReadLine" time="0.000000" />
    <testcase classname="bufio" name="TestLineTooLong" time="0.000000" />
    <testcase classname="bufio" name="TestReadAfterLines" time="0.000000" />
    <testcase classname="bufio" name="TestReadEmptyBuffer" time="0.000000" />
    <testcase classname="bufio" name="TestLinesAfterRead" time="0.000000" />
    <testcase classname="bufio" name="TestReadLineNonNilLineOrError" time="0.000000" />
    <testcase classname="bufio" name="TestReadLineNewlines" time="0.000000" />
    <testcase classname="bufio" name="TestReaderWriteTo" time="0.000000" />
    <testcase classname="bufio" name="TestReaderWriteToErrors" time="0.000000" />
    <testcase classname="bufio" name="TestWriterReadFrom" time="0.000000" />
    <testcase classname="bufio" name="TestWriterReadFromErrors" time="0.000000" />
    <testcase classname="bufio" name="TestWriterReadFromCounts" time="0.000000" />
  </testsuite>
  <testsuite tests="13" failures="1" time="0.000000" name="bytes" timestamp="2024-04-09T12:13:25Z">
    <properties classname="bytes">
      <property name="go.version" value="go1.22.0 linux/arm64" />
    </properties>
    <testcase classname="bytes" name="TestReadFromPanicReader" time="-0.000000">
      <failure message="Failed" type="">=== RUN   TestReadFromPanicReader
panic: oops
Error: failed to run main module `/tmp/tinygo3442939106/main`

Caused by:
    0: failed to invoke command default
    1: error while executing at wasm backtrace:
           0: 0x4790 - runtime.abort
                           at /workspaces/dc-wasm-go/tinygo/src/runtime/runtime_tinygowasm.go:70:6              - runtime._panic
                           at /workspaces/dc-wasm-go/tinygo/src/runtime/panic.go:65:7
           1: 0x11916 - (bytes_test.panicReader).Read
                           at /usr/local/go/src/bytes/buffer_test.go:271:8
           2: 0x10cac - (bytes_test.panicReader).Read$invoke
                           at /usr/local/go/src/bytes/buffer_test.go:269:22              - (Go interface method)
                           at &lt;Go interface method&gt;
           3: 0x14f82 - (*bytes.Buffer).ReadFrom
                           at /usr/local/go/src/bytes/buffer.go:211:23
           4: 0x797bf - bytes_test.TestReadFromPanicReader
                           at /usr/local/go/src/bytes/buffer_test.go:297:15
           5: 0x29060 - testing.tRunner
                           at /workspaces/dc-wasm-go/tinygo/src/testing/testing.go:427:4
           6: 0x28d52 - (*testing.T).Run
                           at /workspaces/dc-wasm-go/tinygo/src/testing/testing.go:462:9              - testing.runTests$1
                           at /workspaces/dc-wasm-go/tinygo/src/testing/testing.go:561:10
           7: 0x29060 - testing.tRunner
                           at /workspaces/dc-wasm-go/tinygo/src/testing/testing.go:427:4
           8: 0x22b8b - testing.runTests
                           at /workspaces/dc-wasm-go/tinygo/src/testing/testing.go:559:10              - (*testing.M).Run
                           at /workspaces/dc-wasm-go/tinygo/src/testing/testing.go:533:29              - main.main
                           at /home/vscode/.cache/go-build/e9/e93c8444dc8df6f4a356946eb7b5b36c54937c0dfbc9b92af48cbe8e6cdc6d17-d:459:15              - runtime.run$1
                           at /workspaces/dc-wasm-go/tinygo/src/runtime/scheduler_any.go:25:11
           9: 0x1cc58 - &lt;goroutine wrapper&gt;
                           at /workspaces/dc-wasm-go/tinygo/src/runtime/scheduler_any.go:23:2
          10:  0x952 - tinygo_launch
                           at /workspaces/dc-wasm-go/tinygo/src/internal/task/task_asyncify_wasm.S:59
          11: 0x1cb35 - (*internal/task.Task).Resume
                           at /workspaces/dc-wasm-go/tinygo/src/internal/task/task_asyncify.go:109:17              - runtime.scheduler
                           at /workspaces/dc-wasm-go/tinygo/src/runtime/scheduler.go:236:11              - runtime.run
                           at /workspaces/dc-wasm-go/tinygo/src/runtime/scheduler_any.go:28:11              - _start
                           at /workspaces/dc-wasm-go/tinygo/src/runtime/runtime_wasip1.go:21:5
    2: wasm trap: wasm `unreachable` instruction executed
</failure>
    </testcase>
    <testcase classname="bytes" name="TestNewBuffer" time="0.000000" />
    <testcase classname="bytes" name="TestNewBufferString" time="0.000000" />
    <testcase classname="bytes" name="TestBasicOperations" time="0.000000" />
    <testcase classname="bytes" name="TestLargeStringWrites" time="0.000000" />
    <testcase classname="bytes" name="TestLargeByteWrites" time="0.000000" />
    <testcase classname="bytes" name="TestLargeStringReads" time="0.000000" />
    <testcase classname="bytes" name="TestLargeByteReads" time="0.000000" />
    <testcase classname="bytes" name="TestMixedReadsAndWrites" time="0.000000" />
    <testcase classname="bytes" name="TestCapWithPreallocatedSlice" time="0.000000" />
    <testcase classname="bytes" name="TestCapWithSliceAndWrittenData" time="0.000000" />
    <testcase classname="bytes" name="TestNil" time="0.000000" />
    <testcase classname="bytes" name="TestReadFrom" time="0.000000" />
  </testsuite>
  <testsuite tests="4" failures="0" time="0.000000" name="cmp" timestamp="2024-04-09T12:13:25Z">
    <properties classname="cmp">
      <property name="go.version" value="go1.22.0 linux/arm64" />
    </properties>
    <testcase classname="cmp" name="TestLess" time="0.000000" />
    <testcase classname="cmp" name="TestCompare" time="0.000000" />
    <testcase classname="cmp" name="TestSort" time="0.000000" />
    <testcase classname="cmp" name="TestOr" time="0.000000" />
  </testsuite>
  <testsuite tests="4" failures="0" time="0.000000" name="compress/bzip2" timestamp="2024-04-09T12:13:25Z">
    <properties classname="compress/bzip2">
      <property name="go.version" value="go1.22.0 linux/arm64" />
    </properties>
    <testcase classname="compress/bzip2" name="TestReader" time="0.000000" />
    <testcase classname="compress/bzip2" name="TestBitReader" time="0.000000" />
    <testcase classname="compress/bzip2" name="TestMTF" time="0.000000" />
    <testcase classname="compress/bzip2" name="TestZeroRead" time="0.000000" />
  </testsuite>
  <testsuite tests="23" failures="1" time="0.000000" name="compress/flate" timestamp="2024-04-09T12:13:25Z">
    <properties classname="compress/flate">
      <property name="go.version" value="go1.22.0 linux/arm64" />
    </properties>
    <testcase classname="compress/flate" name="TestBestSpeed" time="-0.000000">
      <failure message="Failed" type="">=== RUN   TestBestSpeed
</failure>
    </testcase>
    <testcase classname="compress/flate" name="TestBulkHash4" time="0.000000" />
    <testcase classname="compress/flate" name="TestDeflate" time="0.000000" />
    <testcase classname="compress/flate" name="TestWriterClose" time="0.000000" />
    <testcase classname="compress/flate" name="TestVeryLongSparseChunk" time="0.000000" />
    <testcase classname="compress/flate" name="TestDeflateInflate" time="0.000000" />
    <testcase classname="compress/flate" name="TestReverseBits" time="0.000000" />
    <testcase classname="compress/flate" name="TestDeflateInflateString" time="0.000000" />
    <testcase classname="compress/flate" name="TestReaderDict" time="0.000000" />
    <testcase classname="compress/flate" name="TestWriterDict" time="0.000000" />
    <testcase classname="compress/flate" name="TestRegression2508" time="0.000000" />
    <testcase classname="compress/flate" name="TestWriterReset" time="0.000000" />
  </testsuite>
  <testsuite tests="0" failures="0" time="0.000000" name="compress/gzip" timestamp="2024-04-09T12:13:25Z">
    <properties classname="compress/gzip">
      <property name="go.version" value="go1.22.0 linux/arm64" />
    </properties>
  </testsuite>
  <testsuite tests="17" failures="0" time="0.000000" name="compress/lzw" timestamp="2024-04-09T12:13:25Z">
    <properties classname="compress/lzw">
      <property name="go.version" value="go1.22.0 linux/arm64" />
    </properties>
    <testcase classname="compress/lzw" name="TestReader" time="0.000000" />
    <testcase classname="compress/lzw" name="TestReaderReset" time="0.000000" />
    <testcase classname="compress/lzw" name="TestHiCodeDoesNotOverflow" time="0.000000" />
    <testcase classname="compress/lzw" name="TestNoLongerSavingPriorExpansions" time="0.000000" />
    <testcase classname="compress/lzw" name="TestWriter" time="0.000000" />
    <testcase classname="compress/lzw" name="TestWriterReset" time="0.000000" />
    <testcase classname="compress/lzw" name="TestWriterReturnValues" time="0.000000" />
    <testcase classname="compress/lzw" name="TestSmallLitWidth" time="0.000000" />
    <testcase classname="compress/lzw" name="TestStartsWithClearCode" time="0.000000" />
  </testsuite>
  <testsuite tests="6" failures="0" time="0.000000" name="compress/zlib" timestamp="2024-04-09T12:13:25Z">
    <properties classname="compress/zlib">
      <property name="go.version" value="go1.22.0 linux/arm64" />
    </properties>
    <testcase classname="compress/zlib" name="TestDecompressor" time="0.000000" />
    <testcase classname="compress/zlib" name="TestWriter" time="0.000000" />
    <testcase classname="compress/zlib" name="TestWriterBig" time="0.000000" />
    <testcase classname="compress/zlib" name="TestWriterDict" time="0.000000" />
    <testcase classname="compress/zlib" name="TestWriterReset" time="0.000000" />
    <testcase classname="compress/zlib" name="TestWriterDictIsUsed" time="0.000000" />
  </testsuite>
  <testsuite tests="7" failures="0" time="0.000000" name="container/heap" timestamp="2024-04-09T12:13:25Z">
    <properties classname="container/heap">
      <property name="go.version" value="go1.22.0 linux/arm64" />
    </properties>
    <testcase classname="container/heap" name="TestInit0" time="0.000000" />
    <testcase classname="container/heap" name="TestInit1" time="0.000000" />
    <testcase classname="container/heap" name="Test" time="0.000000" />
    <testcase classname="container/heap" name="TestRemove0" time="0.000000" />
    <testcase classname="container/heap" name="TestRemove1" time="0.000000" />
    <testcase classname="container/heap" name="TestRemove2" time="0.000000" />
    <testcase classname="container/heap" name="TestFix" time="0.000000" />
  </testsuite>
  <testsuite tests="10" failures="0" time="0.000000" name="container/list" timestamp="2024-04-09T12:13:25Z">
    <properties classname="container/list">
      <property name="go.version" value="go1.22.0 linux/arm64" />
    </properties>
    <testcase classname="container/list" name="TestList" time="0.000000" />
    <testcase classname="container/list" name="TestExtending" time="0.000000" />
    <testcase classname="container/list" name="TestRemove" time="0.000000" />
    <testcase classname="container/list" name="TestIssue4103" time="0.000000" />
    <testcase classname="container/list" name="TestIssue6349" time="0.000000" />
    <testcase classname="container/list" name="TestMove" time="0.000000" />
    <testcase classname="container/list" name="TestZeroList" time="0.000000" />
    <testcase classname="container/list" name="TestInsertBeforeUnknownMark" time="0.000000" />
    <testcase classname="container/list" name="TestInsertAfterUnknownMark" time="0.000000" />
    <testcase classname="container/list" name="TestMoveUnknownMark" time="0.000000" />
  </testsuite>
  <testsuite tests="8" failures="0" time="0.000000" name="container/ring" timestamp="2024-04-09T12:13:25Z">
    <properties classname="container/ring">
      <property name="go.version" value="go1.22.0 linux/arm64" />
    </properties>
    <testcase classname="container/ring" name="TestCornerCases" time="0.000000" />
    <testcase classname="container/ring" name="TestNew" time="0.000000" />
    <testcase classname="container/ring" name="TestLink1" time="0.000000" />
    <testcase classname="container/ring" name="TestLink2" time="0.000000" />
    <testcase classname="container/ring" name="TestLink3" time="0.000000" />
    <testcase classname="container/ring" name="TestUnlink" time="0.000000" />
    <testcase classname="container/ring" name="TestLinkUnlink" time="0.000000" />
    <testcase classname="container/ring" name="TestMoveEmptyRing" time="0.000000" />
  </testsuite>
  <testsuite tests="0" failures="0" time="0.000000" name="context" timestamp="2024-04-09T12:13:38Z">
    <properties classname="context">
      <property name="go.version" value="go1.22.0 linux/arm64" />
    </properties>
    <testcase classname="context" name="TestMain" time="0.000000">
      <failure message="Failed" type="">FAIL	context	0.000s
# context_test
/usr/local/go/src/context/x_test.go:21:27: cannot use t (variable of type *testing.T) as context.testingT value in argument to XTestParentFinishesChild: *testing.T does not implement context.testingT (missing method Deadline)
/usr/local/go/src/context/x_test.go:24:26: cannot use t (variable of type *testing.T) as context.testingT value in argument to XTestChildFinishesFirst: *testing.T does not implement context.testingT (missing method Deadline)
/usr/local/go/src/context/x_test.go:27:21: cannot use t (variable of type *testing.T) as context.testingT value in argument to XTestCancelRemoves: *testing.T does not implement context.testingT (missing method Deadline)
/usr/local/go/src/context/x_test.go:30:31: cannot use t (variable of type *testing.T) as context.testingT value in argument to XTestCustomContextGoroutines: *testing.T does not implement context.testingT (missing method Deadline)
/usr/local/go/src/context/x_test.go:50:20: t.Deadline undefined (type *testing.T has no field or method Deadline)
</failure>
    </testcase>
  </testsuite>
  <testsuite tests="1" failures="1" time="0.000000" name="crypto" timestamp="2024-04-09T12:13:38Z">
    <properties classname="crypto">
      <property name="go.version" value="go1.22.0 linux/arm64" />
    </properties>
    <testcase classname="crypto" name="TestRC4OutOfBoundsWrite" time="-0.000000">
      <failure message="Failed" type="">=== RUN   TestRC4OutOfBoundsWrite
panic: runtime error: index out of range
Error: failed to run main module `/tmp/tinygo4048108712/main`

Caused by:
    0: failed to invoke command default
    1: error while executing at wasm backtrace:
           0: 0x15c1a - runtime.abort
                           at /workspaces/dc-wasm-go/tinygo/src/runtime/runtime_tinygowasm.go:70:6              - runtime.runtimePanicAt
                           at /workspaces/dc-wasm-go/tinygo/src/runtime/panic.go:87:7
           1: 0x1265 - runtime.lookupPanic
                           at /workspaces/dc-wasm-go/tinygo/src/runtime/panic.go:160:16
           2: 0x5d242 - &lt;unknown&gt;!(*crypto/rc4.Cipher).XORKeyStream$bound
           3: 0x5d5dd - crypto_test.test
                           at /usr/local/go/src/crypto/issue21104_test.go:60:5
           4: 0x5d001 - crypto_test.TestRC4OutOfBoundsWrite
                           at /usr/local/go/src/crypto/issue21104_test.go:21:6
           5: 0x20e57 - testing.tRunner
                           at /workspaces/dc-wasm-go/tinygo/src/testing/testing.go:427:4
           6: 0x20b4d - (*testing.T).Run
                           at /workspaces/dc-wasm-go/tinygo/src/testing/testing.go:462:9              - testing.runTests$1
                           at /workspaces/dc-wasm-go/tinygo/src/testing/testing.go:561:10
           7: 0x20e57 - testing.tRunner
                           at /workspaces/dc-wasm-go/tinygo/src/testing/testing.go:427:4
           8: 0x1bb47 - testing.runTests
                           at /workspaces/dc-wasm-go/tinygo/src/testing/testing.go:559:10              - (*testing.M).Run
                           at /workspaces/dc-wasm-go/tinygo/src/testing/testing.go:533:29              - main.main
                           at /home/vscode/.cache/go-build/ae/ae5003e243985acd87c6eaa8aa139ba382fcef53385b020be05280b51425c1a5-d:57:15              - runtime.run$1
                           at /workspaces/dc-wasm-go/tinygo/src/runtime/scheduler_any.go:25:11
           9: 0x17957 - &lt;goroutine wrapper&gt;
                           at /workspaces/dc-wasm-go/tinygo/src/runtime/scheduler_any.go:23:2
          10:  0x520 - tinygo_launch
                           at /workspaces/dc-wasm-go/tinygo/src/internal/task/task_asyncify_wasm.S:59
          11: 0x1782d - (*internal/task.Task).Resume
                           at /workspaces/dc-wasm-go/tinygo/src/internal/task/task_asyncify.go:109:17              - runtime.scheduler
                           at /workspaces/dc-wasm-go/tinygo/src/runtime/scheduler.go:236:11              - runtime.run
                           at /workspaces/dc-wasm-go/tinygo/src/runtime/scheduler_any.go:28:11              - _start
                           at /workspaces/dc-wasm-go/tinygo/src/runtime/runtime_wasip1.go:21:5
    2: wasm trap: wasm `unreachable` instruction executed
</failure>
    </testcase>
  </testsuite>
  <testsuite tests="9" failures="1" time="0.000000" name="crypto/aes" timestamp="2024-04-09T12:13:38Z">
    <properties classname="crypto/aes">
      <property name="go.version" value="go1.22.0 linux/arm64" />
    </properties>
    <testcase classname="crypto/aes" name="TestShortBlocks" time="-0.000000">
      <failure message="Failed" type="">=== RUN   TestShortBlocks
panic: crypto/aes: input not full block
Error: failed to run main module `/tmp/tinygo2733642023/main`

Caused by:
    0: failed to invoke command default
    1: error while executing at wasm backtrace:
           0: 0x229a - runtime.abort
                           at /workspaces/dc-wasm-go/tinygo/src/runtime/runtime_tinygowasm.go:70:6              - runtime._panic
                           at /workspaces/dc-wasm-go/tinygo/src/runtime/panic.go:65:7
           1: 0x238ae - (*crypto/aes.aesCipher).Encrypt
                           at /usr/local/go/src/crypto/aes/cipher.go:60:8              - (Go interface method)
                           at &lt;Go interface method&gt;
           2: 0x648b0 - crypto/aes.TestShortBlocks$2
                           at /usr/local/go/src/crypto/aes/aes_test.go:327:69
           3: 0x64b26 - crypto/aes.mustPanic
                           at /usr/local/go/src/crypto/aes/aes_test.go:344:3
           4: 0x642b3 - crypto/aes.TestShortBlocks
                           at /usr/local/go/src/crypto/aes/aes_test.go:327:11
           5: 0x17c03 - testing.tRunner
                           at /workspaces/dc-wasm-go/tinygo/src/testing/testing.go:427:4
           6: 0x178fa - (*testing.T).Run
                           at /workspaces/dc-wasm-go/tinygo/src/testing/testing.go:462:9              - testing.runTests$1
                           at /workspaces/dc-wasm-go/tinygo/src/testing/testing.go:561:10
           7: 0x17c03 - testing.tRunner
                           at /workspaces/dc-wasm-go/tinygo/src/testing/testing.go:427:4
           8: 0x11d00 - testing.runTests
                           at /workspaces/dc-wasm-go/tinygo/src/testing/testing.go:559:10              - (*testing.M).Run
                           at /workspaces/dc-wasm-go/tinygo/src/testing/testing.go:533:29              - main.main
                           at /home/vscode/.cache/go-build/fb/fbd7cbbdabeaf1f6755c53f198ce468296a770fe68d3e21898f1ad5b22c4718e-d:77:15              - runtime.run$1
                           at /workspaces/dc-wasm-go/tinygo/src/runtime/scheduler_any.go:25:11
           9: 0xdb22 - &lt;goroutine wrapper&gt;
                           at /workspaces/dc-wasm-go/tinygo/src/runtime/scheduler_any.go:23:2
          10:  0x541 - tinygo_launch
                           at /workspaces/dc-wasm-go/tinygo/src/internal/task/task_asyncify_wasm.S:59
          11: 0xd9f9 - (*internal/task.Task).Resume
                           at /workspaces/dc-wasm-go/tinygo/src/internal/task/task_asyncify.go:109:17              - runtime.scheduler
                           at /workspaces/dc-wasm-go/tinygo/src/runtime/scheduler.go:236:11              - runtime.run
                           at /workspaces/dc-wasm-go/tinygo/src/runtime/scheduler_any.go:28:11              - _start
                           at /workspaces/dc-wasm-go/tinygo/src/runtime/runtime_wasip1.go:21:5
    2: wasm trap: wasm `unreachable` instruction executed
</failure>
    </testcase>
    <testcase classname="crypto/aes" name="TestPowx" time="0.000000" />
    <testcase classname="crypto/aes" name="TestMul" time="0.000000" />
    <testcase classname="crypto/aes" name="TestSboxes" time="0.000000" />
    <testcase classname="crypto/aes" name="TestTe" time="0.000000" />
    <testcase classname="crypto/aes" name="TestTd" time="0.000000" />
    <testcase classname="crypto/aes" name="TestExpandKey" time="0.000000" />
    <testcase classname="crypto/aes" name="TestCipherEncrypt" time="0.000000" />
    <testcase classname="crypto/aes" name="TestCipherDecrypt" time="0.000000" />
  </testsuite>
  <testsuite tests="5" failures="1" time="0.000000" name="crypto/cipher" timestamp="2024-04-09T12:13:38Z">
    <properties classname="crypto/cipher">
      <property name="go.version" value="go1.22.0 linux/arm64" />
    </properties>
    <testcase classname="crypto/cipher" name="TestCryptBlocks" time="-0.000000">
      <failure message="Failed" type="">=== RUN   TestCryptBlocks
panic: crypto/cipher: input not full blocks
Error: failed to run main module `/tmp/tinygo2789511225/main`

Caused by:
    0: failed to invoke command default
    1: error while executing at wasm backtrace:
           0: 0x32f9 - runtime.abort
                           at /workspaces/dc-wasm-go/tinygo/src/runtime/runtime_tinygowasm.go:70:6              - runtime._panic
                           at /workspaces/dc-wasm-go/tinygo/src/runtime/panic.go:65:7
           1: 0x68c3a - (*crypto/cipher.cbcDecrypter).CryptBlocks
                           at /usr/local/go/src/crypto/cipher/cbc.go:145:8              - (Go interface method)
                           at &lt;Go interface method&gt;
           2: 0x6b19d - crypto/cipher_test.TestCryptBlocks$1
                           at /usr/local/go/src/crypto/cipher/cipher_test.go:20:80
           3: 0x6b40b - crypto/cipher_test.mustPanic
                           at /usr/local/go/src/crypto/cipher/cipher_test.go:37:3
           4: 0x6ae29 - crypto/cipher_test.TestCryptBlocks
                           at /usr/local/go/src/crypto/cipher/cipher_test.go:20:11
           5: 0x1ab19 - testing.tRunner
                           at /workspaces/dc-wasm-go/tinygo/src/testing/testing.go:427:4
           6: 0x1a80f - (*testing.T).Run
                           at /workspaces/dc-wasm-go/tinygo/src/testing/testing.go:462:9              - testing.runTests$1
                           at /workspaces/dc-wasm-go/tinygo/src/testing/testing.go:561:10
           7: 0x1ab19 - testing.tRunner
                           at /workspaces/dc-wasm-go/tinygo/src/testing/testing.go:427:4
           8: 0x14d6b - testing.runTests
                           at /workspaces/dc-wasm-go/tinygo/src/testing/testing.go:559:10              - (*testing.M).Run
                           at /workspaces/dc-wasm-go/tinygo/src/testing/testing.go:533:29              - main.main
                           at /home/vscode/.cache/go-build/61/6162e4542004ff5d4561a2904bdcadfd96d18761f8e4484f36f3c8725ffde61c-d:107:15              - runtime.run$1
                           at /workspaces/dc-wasm-go/tinygo/src/runtime/scheduler_any.go:25:11
           9: 0x10b77 - &lt;goroutine wrapper&gt;
                           at /workspaces/dc-wasm-go/tinygo/src/runtime/scheduler_any.go:23:2
          10:  0x61c - tinygo_launch
                           at /workspaces/dc-wasm-go/tinygo/src/internal/task/task_asyncify_wasm.S:59
          11: 0x10a4d - (*internal/task.Task).Resume
                           at /workspaces/dc-wasm-go/tinygo/src/internal/task/task_asyncify.go:109:17              - runtime.scheduler
                           at /workspaces/dc-wasm-go/tinygo/src/runtime/scheduler.go:236:11              - runtime.run
                           at /workspaces/dc-wasm-go/tinygo/src/runtime/scheduler_any.go:28:11              - _start
                           at /workspaces/dc-wasm-go/tinygo/src/runtime/runtime_wasip1.go:21:5
    2: wasm trap: wasm `unreachable` instruction executed
</failure>
    </testcase>
    <testcase classname="crypto/cipher" name="TestCBCEncrypterAES" time="0.000000" />
    <testcase classname="crypto/cipher" name="TestCBCDecrypterAES" time="0.000000" />
    <testcase classname="crypto/cipher" name="TestCFBVectors" time="0.000000" />
    <testcase classname="crypto/cipher" name="TestCFBInverse" time="0.000000" />
  </testsuite>
  <testsuite tests="18" failures="0" time="0.000000" name="crypto/des" timestamp="2024-04-09T12:13:39Z">
    <properties classname="crypto/des">
      <property name="go.version" value="go1.22.0 linux/arm64" />
    </properties>
    <testcase classname="crypto/des" name="TestInitialPermute" time="0.000000" />
    <testcase classname="crypto/des" name="TestFinalPermute" time="0.000000" />
    <testcase classname="crypto/des" name="TestWeakKeys" time="0.000000" />
    <testcase classname="crypto/des" name="TestSemiWeakKeyPairs" time="0.000000" />
    <testcase classname="crypto/des" name="TestDESEncryptBlock" time="0.000000" />
    <testcase classname="crypto/des" name="TestDESDecryptBlock" time="0.000000" />
    <testcase classname="crypto/des" name="TestEncryptTripleDES" time="0.000000" />
    <testcase classname="crypto/des" name="TestDecryptTripleDES" time="0.000000" />
    <testcase classname="crypto/des" name="TestVariablePlaintextKnownAnswer" time="0.000000" />
    <testcase classname="crypto/des" name="TestVariableCiphertextKnownAnswer" time="0.000000" />
    <testcase classname="crypto/des" name="TestInversePermutationKnownAnswer" time="0.000000" />
    <testcase classname="crypto/des" name="TestInitialPermutationKnownAnswer" time="0.000000" />
    <testcase classname="crypto/des" name="TestVariableKeyKnownAnswerEncrypt" time="0.000000" />
    <testcase classname="crypto/des" name="TestVariableKeyKnownAnswerDecrypt" time="0.000000" />
    <testcase classname="crypto/des" name="TestPermutationOperationKnownAnswerEncrypt" time="0.000000" />
    <testcase classname="crypto/des" name="TestPermutationOperationKnownAnswerDecrypt" time="0.000000" />
    <testcase classname="crypto/des" name="TestSubstitutionTableKnownAnswerEncrypt" time="0.000000" />
    <testcase classname="crypto/des" name="TestSubstitutionTableKnownAnswerDecrypt" time="0.000000" />
  </testsuite>
  <testsuite tests="4" failures="0" time="0.000000" name="crypto/dsa" timestamp="2024-04-09T12:13:39Z">
    <properties classname="crypto/dsa">
      <property name="go.version" value="go1.22.0 linux/arm64" />
    </properties>
    <testcase classname="crypto/dsa" name="TestParameterGeneration" time="0.000000" />
    <testcase classname="crypto/dsa" name="TestSignAndVerify" time="0.000000" />
    <testcase classname="crypto/dsa" name="TestSignAndVerifyWithBadPublicKey" time="0.000000" />
    <testcase classname="crypto/dsa" name="TestSigningWithDegenerateKeys" time="0.000000" />
  </testsuite>
  <testsuite tests="47" failures="1" time="0.000000" name="crypto/ecdh" timestamp="2024-04-09T12:13:41Z">
    <properties classname="crypto/ecdh">
      <property name="go.version" value="go1.22.0 linux/arm64" />
    </properties>
    <testcase classname="crypto/ecdh" name="TestLinker" time="0.000000">
      <failure message="Failed" type="">=== RUN   TestLinker
    skipping test: 'go build' unavailable: go tool -n compile: exec: "go": executable file not found in $PATH
    SkipNow is incomplete, requires runtime.Goexit()
    skipping test: 'go build' unavailable: go tool -n compile: exec: "go": executable file not found in $PATH
    SkipNow is incomplete, requires runtime.Goexit()
    platform cannot run go tool
    FailNow is incomplete, requires runtime.Goexit()
    [ build -o hello.exe hello.go]: exec: no command
    FailNow is incomplete, requires runtime.Goexit()
    [./hello.exe]: open /dev/null: file does not exist
    FailNow is incomplete, requires runtime.Goexit()
    unexpected output: 
    [ tool nm hello.exe]: exec: no command
    FailNow is incomplete, requires runtime.Goexit()
    no P384 symbols found in program using ecdh.P384, test is broken
--- FAIL: TestLinker (0.03s)
    TempDir RemoveAll cleanup: RemoveAll /tmp/TestLinker165155153: errno 52
</failure>
    </testcase>
    <testcase classname="crypto/ecdh" name="TestECDH" time="0.000000" />
    <testcase classname="crypto/ecdh" name="TestGenerateKey" time="0.000000" />
    <testcase classname="crypto/ecdh" name="TestVectors" time="0.000000" />
    <testcase classname="crypto/ecdh" name="TestString" time="0.000000" />
    <testcase classname="crypto/ecdh" name="TestX25519Failure" time="0.000000" />
    <testcase classname="crypto/ecdh" name="TestNewPrivateKey" time="0.000000" />
    <testcase classname="crypto/ecdh" name="TestNewPublicKey" time="0.000000" />
    <testcase classname="crypto/ecdh" name="TestMismatchedCurves" time="0.000000" />
  </testsuite>
  <testsuite tests="77" failures="6" time="0.000000" name="crypto/ecdsa" timestamp="2024-04-09T12:13:46Z">
    <properties classname="crypto/ecdsa">
      <property name="go.version" value="go1.22.0 linux/arm64" />
    </properties>
    <testcase classname="crypto/ecdsa" name="TestRMinusNSignature/P224" time="-0.000000">
      <failure message="Failed" type="">=== RUN   TestRMinusNSignature/P224
    --- PASS: TestRMinusNSignature/P224 (0.00s)
</failure>
    </testcase>
    <testcase classname="crypto/ecdsa" name="TestRMinusNSignature/P521" time="-0.000000">
      <failure message="Failed" type="">=== RUN   TestRMinusNSignature/P521
    --- PASS: TestRMinusNSignature/P521 (0.02s)
</failure>
    </testcase>
    <testcase classname="crypto/ecdsa" name="TestRMinusNSignature" time="-0.000000">
      <failure message="Failed" type="">=== RUN   TestRMinusNSignature
=== RUN   TestRMinusNSignature/P256
    --- PASS: TestRMinusNSignature/P256 (0.00s)
=== RUN   TestRMinusNSignature/P224
    --- PASS: TestRMinusNSignature/P224 (0.00s)
=== RUN   TestRMinusNSignature/P384
    --- PASS: TestRMinusNSignature/P384 (0.00s)
=== RUN   TestRMinusNSignature/P521
    --- PASS: TestRMinusNSignature/P521 (0.02s)
=== RUN   TestRMinusNSignature/P256/Generic
</failure>
    </testcase>
    <testcase classname="crypto/ecdsa" name="TestRMinusNSignature/P256" time="-0.000000">
      <failure message="Failed" type="">=== RUN   TestRMinusNSignature/P256
    --- PASS: TestRMinusNSignature/P256 (0.00s)
</failure>
    </testcase>
    <testcase classname="crypto/ecdsa" name="TestRMinusNSignature/P384" time="-0.000000">
      <failure message="Failed" type="">=== RUN   TestRMinusNSignature/P384
    --- PASS: TestRMinusNSignature/P384 (0.00s)
</failure>
    </testcase>
    <testcase classname="crypto/ecdsa" name="TestRMinusNSignature/P256/Generic" time="-0.000000">
      <failure message="Failed" type="">=== RUN   TestRMinusNSignature/P256/Generic
</failure>
    </testcase>
    <testcase classname="crypto/ecdsa" name="TestKeyGeneration" time="0.000000" />
    <testcase classname="crypto/ecdsa" name="TestSignAndVerify" time="0.000000" />
    <testcase classname="crypto/ecdsa" name="TestSignAndVerifyASN1" time="0.000000" />
    <testcase classname="crypto/ecdsa" name="TestNonceSafety" time="0.000000" />
    <testcase classname="crypto/ecdsa" name="TestINDCCA" time="0.000000" />
    <testcase classname="crypto/ecdsa" name="TestVectors" time="0.000000" />
    <testcase classname="crypto/ecdsa" name="TestNegativeInputs" time="0.000000" />
    <testcase classname="crypto/ecdsa" name="TestZeroHashSignature" time="0.000000" />
    <testcase classname="crypto/ecdsa" name="TestRandomPoint" time="0.000000" />
    <testcase classname="crypto/ecdsa" name="TestHashToNat" time="0.000000" />
    <testcase classname="crypto/ecdsa" name="TestZeroSignature" time="0.000000" />
    <testcase classname="crypto/ecdsa" name="TestNegtativeSignature" time="0.000000" />
    <testcase classname="crypto/ecdsa" name="TestRPlusNSignature" time="0.000000" />
  </testsuite>
  <testsuite tests="9" failures="1" time="0.000000" name="crypto/ed25519" timestamp="2024-04-09T12:13:47Z">
    <properties classname="crypto/ed25519">
      <property name="go.version" value="go1.22.0 linux/arm64" />
    </properties>
    <testcase classname="crypto/ed25519" name="TestEd25519Vectors" time="0.000000">
      <failure message="Failed" type="">=== RUN   TestEd25519Vectors
    skipping test: no external network on wasip1
    SkipNow is incomplete, requires runtime.Goexit()
    skipping test: 'go build' unavailable: go tool -n compile: exec: "go": executable file not found in $PATH
    SkipNow is incomplete, requires runtime.Goexit()
    platform cannot run go tool
    FailNow is incomplete, requires runtime.Goexit()
    failed to run `go mod download -json filippo.io/mostly-harmless/ed25519vectors@v0.0.0-20210322192420-30a2d7243a94`, output: 
    FailNow is incomplete, requires runtime.Goexit()
    unexpected end of JSON input
    FailNow is incomplete, requires runtime.Goexit()
    failed to read ed25519vectors.json: open ed25519vectors.json: file does not exist
    FailNow is incomplete, requires runtime.Goexit()
    unexpected end of JSON input
    FailNow is incomplete, requires runtime.Goexit()
--- FAIL: TestEd25519Vectors (0.01s)
    TempDir RemoveAll cleanup: RemoveAll /tmp/TestEd25519Vectors114368250: errno 52
</failure>
    </testcase>
    <testcase classname="crypto/ed25519" name="TestSignVerify" time="0.000000" />
    <testcase classname="crypto/ed25519" name="TestSignVerifyHashed" time="0.000000" />
    <testcase classname="crypto/ed25519" name="TestSignVerifyContext" time="0.000000" />
    <testcase classname="crypto/ed25519" name="TestCryptoSigner" time="0.000000" />
    <testcase classname="crypto/ed25519" name="TestEqual" time="0.000000" />
    <testcase classname="crypto/ed25519" name="TestGolden" time="0.000000" />
    <testcase classname="crypto/ed25519" name="TestMalleability" time="0.000000" />
    <testcase classname="crypto/ed25519" name="TestAllocations" time="0.000000" />
  </testsuite>
  <testsuite tests="82" failures="0" time="0.000000" name="crypto/elliptic" timestamp="2024-04-09T12:13:51Z">
    <properties classname="crypto/elliptic">
      <property name="go.version" value="go1.22.0 linux/arm64" />
    </properties>
    <testcase classname="crypto/elliptic" name="TestOnCurve" time="0.000000" />
    <testcase classname="crypto/elliptic" name="TestOffCurve" time="0.000000" />
    <testcase classname="crypto/elliptic" name="TestInfinity" time="0.000000" />
    <testcase classname="crypto/elliptic" name="TestMarshal" time="0.000000" />
    <testcase classname="crypto/elliptic" name="TestUnmarshalToLargeCoordinates" time="0.000000" />
    <testcase classname="crypto/elliptic" name="TestInvalidCoordinates" time="0.000000" />
    <testcase classname="crypto/elliptic" name="TestMarshalCompressed" time="0.000000" />
    <testcase classname="crypto/elliptic" name="TestLargeIsOnCurve" time="0.000000" />
    <testcase classname="crypto/elliptic" name="TestP224BaseMult" time="0.000000" />
    <testcase classname="crypto/elliptic" name="TestP224GenericBaseMult" time="0.000000" />
    <testcase classname="crypto/elliptic" name="TestP224Overflow" time="0.000000" />
    <testcase classname="crypto/elliptic" name="TestP256BaseMult" time="0.000000" />
    <testcase classname="crypto/elliptic" name="TestP256Mult" time="0.000000" />
    <testcase classname="crypto/elliptic" name="TestP256CombinedMult" time="0.000000" />
    <testcase classname="crypto/elliptic" name="TestIssue52075" time="0.000000" />
  </testsuite>
  <testsuite tests="2" failures="1" time="0.000000" name="crypto/hmac" timestamp="2024-04-09T12:13:51Z">
    <properties classname="crypto/hmac">
      <property name="go.version" value="go1.22.0 linux/arm64" />
    </properties>
    <testcase classname="crypto/hmac" name="TestNonUniqueHash" time="-0.000000">
      <failure message="Failed" type="">=== RUN   TestNonUniqueHash
panic: crypto/hmac: hash generation function does not produce unique values
Error: failed to run main module `/tmp/tinygo2988068409/main`

Caused by:
    0: failed to invoke command default
    1: error while executing at wasm backtrace:
           0: 0x22c2 - runtime.abort
                           at /workspaces/dc-wasm-go/tinygo/src/runtime/runtime_tinygowasm.go:70:6              - runtime._panic
                           at /workspaces/dc-wasm-go/tinygo/src/runtime/panic.go:65:7
           1: 0x65d3d - crypto/hmac.New
           2: 0x66ca8 - crypto/hmac.TestNonUniqueHash
                           at /usr/local/go/src/crypto/hmac/hmac_test.go:597:45
           3: 0x1da72 - testing.tRunner
                           at /workspaces/dc-wasm-go/tinygo/src/testing/testing.go:427:4
           4: 0x1d768 - (*testing.T).Run
                           at /workspaces/dc-wasm-go/tinygo/src/testing/testing.go:462:9              - testing.runTests$1
                           at /workspaces/dc-wasm-go/tinygo/src/testing/testing.go:561:10
           5: 0x1da72 - testing.tRunner
                           at /workspaces/dc-wasm-go/tinygo/src/testing/testing.go:427:4
           6: 0x188ba - testing.runTests
                           at /workspaces/dc-wasm-go/tinygo/src/testing/testing.go:559:10              - (*testing.M).Run
                           at /workspaces/dc-wasm-go/tinygo/src/testing/testing.go:533:29              - main.main
                           at /home/vscode/.cache/go-build/8d/8dd68077524b4f9a102e80f0c613dde97831cb4f7273bcbb1841dcbf81bac77a-d:59:15              - runtime.run$1
                           at /workspaces/dc-wasm-go/tinygo/src/runtime/scheduler_any.go:25:11
           7: 0x146c6 - &lt;goroutine wrapper&gt;
                           at /workspaces/dc-wasm-go/tinygo/src/runtime/scheduler_any.go:23:2
           8:  0x55f - tinygo_launch
                           at /workspaces/dc-wasm-go/tinygo/src/internal/task/task_asyncify_wasm.S:59
           9: 0x1459c - (*internal/task.Task).Resume
                           at /workspaces/dc-wasm-go/tinygo/src/internal/task/task_asyncify.go:109:17              - runtime.scheduler
                           at /workspaces/dc-wasm-go/tinygo/src/runtime/scheduler.go:236:11              - runtime.run
                           at /workspaces/dc-wasm-go/tinygo/src/runtime/scheduler_any.go:28:11              - _start
                           at /workspaces/dc-wasm-go/tinygo/src/runtime/runtime_wasip1.go:21:5
    2: wasm trap: wasm `unreachable` instruction executed
</failure>
    </testcase>
    <testcase classname="crypto/hmac" name="TestHMAC" time="0.000000" />
  </testsuite>
  <testsuite tests="6" failures="0" time="0.000000" name="crypto/md5" timestamp="2024-04-09T12:13:53Z">
    <properties classname="crypto/md5">
      <property name="go.version" value="go1.22.0 linux/arm64" />
    </properties>
    <testcase classname="crypto/md5" name="TestGolden" time="0.000000" />
    <testcase classname="crypto/md5" name="TestGoldenMarshal" time="0.000000" />
    <testcase classname="crypto/md5" name="TestLarge" time="0.000000" />
    <testcase classname="crypto/md5" name="TestBlockGeneric" time="0.000000" />
    <testcase classname="crypto/md5" name="TestLargeHashes" time="0.000000" />
    <testcase classname="crypto/md5" name="TestAllocations" time="0.000000" />
  </testsuite>
  <testsuite tests="0" failures="0" time="0.000000" name="crypto/rand" timestamp="2024-04-09T12:13:53Z">
    <properties classname="crypto/rand">
      <property name="go.version" value="go1.22.0 linux/arm64" />
    </properties>
  </testsuite>
  <testsuite tests="2" failures="0" time="0.000000" name="crypto/rc4" timestamp="2024-04-09T12:13:53Z">
    <properties classname="crypto/rc4">
      <property name="go.version" value="go1.22.0 linux/arm64" />
    </properties>
    <testcase classname="crypto/rc4" name="TestGolden" time="0.000000" />
    <testcase classname="crypto/rc4" name="TestBlock" time="0.000000" />
  </testsuite>
  <testsuite tests="3" failures="1" time="0.000000" name="crypto/rsa" timestamp="2024-04-09T12:14:03Z">
    <properties classname="crypto/rsa">
      <property name="go.version" value="go1.22.0 linux/arm64" />
    </properties>
    <testcase classname="crypto/rsa" name="TestEncryptPKCS1v15" time="-0.000000">
      <failure message="Failed" type="">=== RUN   TestEncryptPKCS1v15
panic: unimplemented: (reflect.Type).NumOut()
Error: failed to run main module `/tmp/tinygo1885481923/main`

Caused by:
    0: failed to invoke command default
    1: error while executing at wasm backtrace:
           0: 0x4302 - runtime.abort
                           at /workspaces/dc-wasm-go/tinygo/src/runtime/runtime_tinygowasm.go:70:6              - runtime._panic
                           at /workspaces/dc-wasm-go/tinygo/src/runtime/panic.go:65:7
           1: 0x6599 - (*reflect.rawType).NumOut
                           at /workspaces/dc-wasm-go/tinygo/src/reflect/type.go:1012:7
           2: 0xea9b6 - (Go interface method)
           3: 0xec564 - testing/quick.Check
                           at /usr/local/go/src/testing/quick/quick.go:273:17              - crypto/rsa_test.TestEncryptPKCS1v15
                           at /usr/local/go/src/crypto/rsa/pkcs1v15_test.go:118:13
           4: 0x361d5 - testing.tRunner
                           at /workspaces/dc-wasm-go/tinygo/src/testing/testing.go:427:4
           5: 0x79203 - (*testing.T).Run
           6: 0x35edd - testing.runTests$1
                           at /workspaces/dc-wasm-go/tinygo/src/testing/testing.go:561:10
           7: 0x361d5 - testing.tRunner
                           at /workspaces/dc-wasm-go/tinygo/src/testing/testing.go:427:4
           8: 0x2eb71 - &lt;unknown&gt;!runtime.run$1
           9: 0x2bfcf - &lt;goroutine wrapper&gt;
                           at /workspaces/dc-wasm-go/tinygo/src/runtime/scheduler_any.go:23:2
          10:  0xab8 - tinygo_launch
                           at /workspaces/dc-wasm-go/tinygo/src/internal/task/task_asyncify_wasm.S:59
          11: 0x2beab - (*internal/task.Task).Resume
                           at /workspaces/dc-wasm-go/tinygo/src/internal/task/task_asyncify.go:109:17              - runtime.scheduler
                           at /workspaces/dc-wasm-go/tinygo/src/runtime/scheduler.go:236:11              - runtime.run
                           at /workspaces/dc-wasm-go/tinygo/src/runtime/scheduler_any.go:28:11              - _start
                           at /workspaces/dc-wasm-go/tinygo/src/runtime/runtime_wasip1.go:21:5
    2: wasm trap: wasm `unreachable` instruction executed
</failure>
    </testcase>
    <testcase classname="crypto/rsa" name="TestEqual" time="0.000000" />
    <testcase classname="crypto/rsa" name="TestDecryptPKCS1v15" time="0.000000" />
  </testsuite>
  <testsuite tests="7" failures="0" time="0.000000" name="crypto/sha1" timestamp="2024-04-09T12:14:03Z">
    <properties classname="crypto/sha1">
      <property name="go.version" value="go1.22.0 linux/arm64" />
    </properties>
    <testcase classname="crypto/sha1" name="TestGolden" time="0.000000" />
    <testcase classname="crypto/sha1" name="TestGoldenMarshal" time="0.000000" />
    <testcase classname="crypto/sha1" name="TestSize" time="0.000000" />
    <testcase classname="crypto/sha1" name="TestBlockSize" time="0.000000" />
    <testcase classname="crypto/sha1" name="TestBlockGeneric" time="0.000000" />
    <testcase classname="crypto/sha1" name="TestLargeHashes" time="0.000000" />
    <testcase classname="crypto/sha1" name="TestAllocations" time="0.000000" />
  </testsuite>
  <testsuite tests="11" failures="0" time="0.000000" name="crypto/sha256" timestamp="2024-04-09T12:14:03Z">
    <properties classname="crypto/sha256">
      <property name="go.version" value="go1.22.0 linux/arm64" />
    </properties>
    <testcase classname="crypto/sha256" name="TestGolden" time="0.000000" />
    <testcase classname="crypto/sha256" name="TestGoldenMarshal" time="0.000000" />
    <testcase classname="crypto/sha256" name="TestMarshalTypeMismatch" time="0.000000" />
    <testcase classname="crypto/sha256" name="TestSize" time="0.000000" />
    <testcase classname="crypto/sha256" name="TestBlockSize" time="0.000000" />
    <testcase classname="crypto/sha256" name="TestBlockGeneric" time="0.000000" />
    <testcase classname="crypto/sha256" name="TestLargeHashes" time="0.000000" />
    <testcase classname="crypto/sha256" name="TestAllocations" time="0.000000" />
    <testcase classname="crypto/sha256" name="TestCgo" time="0.000000" />
  </testsuite>
  <testsuite tests="12" failures="0" time="0.000000" name="crypto/sha512" timestamp="2024-04-09T12:14:10Z">
    <properties classname="crypto/sha512">
      <property name="go.version" value="go1.22.0 linux/arm64" />
    </properties>
    <testcase classname="crypto/sha512" name="TestGolden" time="0.000000" />
    <testcase classname="crypto/sha512" name="TestGoldenMarshal" time="0.000000" />
    <testcase classname="crypto/sha512" name="TestMarshalMismatch" time="0.000000" />
    <testcase classname="crypto/sha512" name="TestSize" time="0.000000" />
    <testcase classname="crypto/sha512" name="TestBlockSize" time="0.000000" />
    <testcase classname="crypto/sha512" name="TestBlockGeneric" time="0.000000" />
    <testcase classname="crypto/sha512" name="TestLargeHashes" time="0.000000" />
    <testcase classname="crypto/sha512" name="TestAllocations" time="0.000000" />
  </testsuite>
  <testsuite tests="2" failures="1" time="0.000000" name="crypto/subtle" timestamp="2024-04-09T12:14:15Z">
    <properties classname="crypto/subtle">
      <property name="go.version" value="go1.22.0 linux/arm64" />
    </properties>
    <testcase classname="crypto/subtle" name="TestConstantTimeByteEq" time="-0.000000">
      <failure message="Failed" type="">=== RUN   TestConstantTimeByteEq
panic: unimplemented: (reflect.Type).NumIn()
Error: failed to run main module `/tmp/tinygo417291354/main`

Caused by:
    0: failed to invoke command default
    1: error while executing at wasm backtrace:
           0: 0x327e - runtime.abort
                           at /workspaces/dc-wasm-go/tinygo/src/runtime/runtime_tinygowasm.go:70:6              - runtime._panic
                           at /workspaces/dc-wasm-go/tinygo/src/runtime/panic.go:65:7
           1: 0x3520 - (*reflect.rawType).NumIn
                           at /workspaces/dc-wasm-go/tinygo/src/reflect/type.go:1008:7
           2: 0x5d615 - (Go interface method)
           3: 0x5d812 - testing/quick.CheckEqual
                           at /usr/local/go/src/testing/quick/quick.go:320:48
           4: 0x5e0f4 - crypto/subtle.TestConstantTimeByteEq
                           at /usr/local/go/src/crypto/subtle/constant_time_test.go:59:25
           5: 0x14bf3 - testing.tRunner
                           at /workspaces/dc-wasm-go/tinygo/src/testing/testing.go:427:4
           6: 0x148ea - (*testing.T).Run
                           at /workspaces/dc-wasm-go/tinygo/src/testing/testing.go:462:9              - testing.runTests$1
                           at /workspaces/dc-wasm-go/tinygo/src/testing/testing.go:561:10
           7: 0x14bf3 - testing.tRunner
                           at /workspaces/dc-wasm-go/tinygo/src/testing/testing.go:427:4
           8: 0xe4a7 - testing.runTests
                           at /workspaces/dc-wasm-go/tinygo/src/testing/testing.go:559:10              - (*testing.M).Run
                           at /workspaces/dc-wasm-go/tinygo/src/testing/testing.go:533:29              - main.main
                           at /home/vscode/.cache/go-build/7c/7cc9948b16646f06706c44112c930c26b98cbd01318a65fa88edfa29a37f5dbe-d:69:15              - runtime.run$1
                           at /workspaces/dc-wasm-go/tinygo/src/runtime/scheduler_any.go:25:11
           9: 0xa1eb - &lt;goroutine wrapper&gt;
                           at /workspaces/dc-wasm-go/tinygo/src/runtime/scheduler_any.go:23:2
          10:  0x55d - tinygo_launch
                           at /workspaces/dc-wasm-go/tinygo/src/internal/task/task_asyncify_wasm.S:59
          11: 0xa0c2 - (*internal/task.Task).Resume
                           at /workspaces/dc-wasm-go/tinygo/src/internal/task/task_asyncify.go:109:17              - runtime.scheduler
                           at /workspaces/dc-wasm-go/tinygo/src/runtime/scheduler.go:236:11              - runtime.run
                           at /workspaces/dc-wasm-go/tinygo/src/runtime/scheduler_any.go:28:11              - _start
                           at /workspaces/dc-wasm-go/tinygo/src/runtime/runtime_wasip1.go:21:5
    2: wasm trap: wasm `unreachable` instruction executed
</failure>
    </testcase>
    <testcase classname="crypto/subtle" name="TestConstantTimeCompare" time="0.000000" />
  </testsuite>
  <testsuite tests="0" failures="0" time="0.000000" name="crypto/tls" timestamp="2024-04-09T12:14:15Z">
    <properties classname="crypto/tls">
      <property name="go.version" value="go1.22.0 linux/arm64" />
    </properties>
  </testsuite>
  <testsuite tests="0" failures="0" time="0.000000" name="crypto/x509" timestamp="2024-04-09T12:14:15Z">
    <properties classname="crypto/x509">
      <property name="go.version" value="go1.22.0 linux/arm64" />
    </properties>
    <testcase classname="crypto/x509" name="TestMain" time="0.000000">
      <failure message="Failed" type="">FAIL	crypto/x509	0.000s
# crypto/x509_test
/usr/local/go/src/crypto/x509/hybrid_pool_test.go:63:17: c.ConnectionState undefined (type *net.TLSConn has no field or method ConnectionState)
</failure>
    </testcase>
  </testsuite>
  <testsuite tests="0" failures="0" time="0.000000" name="crypto/x509/pkix" timestamp="2024-04-09T12:14:16Z">
    <properties classname="crypto/x509/pkix">
      <property name="go.version" value="go1.22.0 linux/arm64" />
    </properties>
  </testsuite>
  <testsuite tests="0" failures="0" time="0.000000" name="database/sql" timestamp="2024-04-09T12:14:17Z">
    <properties classname="database/sql">
      <property name="go.version" value="go1.22.0 linux/arm64" />
    </properties>
    <testcase classname="database/sql" name="TestMain" time="0.000000">
      <failure message="Failed" type="">FAIL	database/sql	0.000s
# database/sql
/usr/local/go/src/database/sql/sql_test.go:4722:4: b.SetParallelism undefined (type *testing.B has no field or method SetParallelism)
</failure>
    </testcase>
  </testsuite>
  <testsuite tests="1" failures="0" time="0.000000" name="database/sql/driver" timestamp="2024-04-09T12:14:17Z">
    <properties classname="database/sql/driver">
      <property name="go.version" value="go1.22.0 linux/arm64" />
    </properties>
    <testcase classname="database/sql/driver" name="TestValueConverters" time="0.000000" />
  </testsuite>
  <testsuite tests="0" failures="0" time="0.000000" name="debug/buildinfo" timestamp="2024-04-09T12:14:18Z">
    <properties classname="debug/buildinfo">
      <property name="go.version" value="go1.22.0 linux/arm64" />
    </properties>
    <testcase classname="debug/buildinfo" name="TestMain" time="0.000000">
      <failure message="Failed" type="">FAIL	debug/buildinfo	0.000s
# debug/buildinfo
/usr/local/go/src/debug/buildinfo/buildinfo.go:80:19: undefined: debug.ParseBuildInfo
</failure>
    </testcase>
  </testsuite>
  <testsuite tests="40" failures="0" time="0.000000" name="debug/dwarf" timestamp="2024-04-09T12:14:19Z">
    <properties classname="debug/dwarf">
      <property name="go.version" value="go1.22.0 linux/arm64" />
    </properties>
    <testcase classname="debug/dwarf" name="TestDwarf5Ranges" time="0.000000" />
    <testcase classname="debug/dwarf" name="TestSplit" time="0.000000" />
    <testcase classname="debug/dwarf" name="TestReaderSeek" time="0.000000" />
    <testcase classname="debug/dwarf" name="TestRangesSection" time="0.000000" />
    <testcase classname="debug/dwarf" name="TestRangesRnglistx" time="0.000000" />
    <testcase classname="debug/dwarf" name="TestReaderRanges" time="0.000000" />
    <testcase classname="debug/dwarf" name="Test64Bit" time="0.000000" />
    <testcase classname="debug/dwarf" name="TestUnitIteration" time="0.000000" />
    <testcase classname="debug/dwarf" name="TestIssue51758" time="0.000000" />
    <testcase classname="debug/dwarf" name="TestIssue52045" time="0.000000" />
    <testcase classname="debug/dwarf" name="TestLineELFGCC" time="0.000000" />
    <testcase classname="debug/dwarf" name="TestLineELFGCCZstd" time="0.000000" />
    <testcase classname="debug/dwarf" name="TestLineGCCWindows" time="0.000000" />
    <testcase classname="debug/dwarf" name="TestLineELFClang" time="0.000000" />
    <testcase classname="debug/dwarf" name="TestLineRnglists" time="0.000000" />
    <testcase classname="debug/dwarf" name="TestLineSeek" time="0.000000" />
    <testcase classname="debug/dwarf" name="TestPathJoin" time="0.000000" />
    <testcase classname="debug/dwarf" name="TestPathLineReaderMalformed" time="0.000000" />
    <testcase classname="debug/dwarf" name="TestTypedefsELF" time="0.000000" />
    <testcase classname="debug/dwarf" name="TestTypedefsMachO" time="0.000000" />
    <testcase classname="debug/dwarf" name="TestTypedefsELFDwarf4" time="0.000000" />
    <testcase classname="debug/dwarf" name="TestTypedefCycle" time="0.000000" />
    <testcase classname="debug/dwarf" name="TestUnsupportedTypes" time="0.000000" />
    <testcase classname="debug/dwarf" name="TestBitOffsetsELF" time="0.000000" />
    <testcase classname="debug/dwarf" name="TestBitOffsetsMachO" time="0.000000" />
    <testcase classname="debug/dwarf" name="TestBitOffsetsMachO4" time="0.000000" />
    <testcase classname="debug/dwarf" name="TestBitOffsetsELFDwarf4" time="0.000000" />
    <testcase classname="debug/dwarf" name="TestBitOffsetsELFDwarf5" time="0.000000" />
    <testcase classname="debug/dwarf" name="TestBitFieldZeroArrayIssue50685" time="0.000000" />
  </testsuite>
  <testsuite tests="0" failures="0" time="0.000000" name="debug/elf" timestamp="2024-04-09T12:14:20Z">
    <properties classname="debug/elf">
      <property name="go.version" value="go1.22.0 linux/arm64" />
    </properties>
    <testcase classname="debug/elf" name="TestMain" time="0.000000">
      <failure message="Failed" type="">FAIL	debug/elf	0.000s
# debug/elf
/usr/local/go/src/debug/elf/file_test.go:1159:10: undefined: net.ResolveIPAddr
</failure>
    </testcase>
  </testsuite>
  <testsuite tests="1" failures="1" time="0.000000" name="debug/gosym" timestamp="2024-04-09T12:14:21Z">
    <properties classname="debug/gosym">
      <property name="go.version" value="go1.22.0 linux/arm64" />
    </properties>
    <testcase classname="debug/gosym" name="TestLineFromAline" time="-0.000000">
      <failure message="Failed" type="">=== RUN   TestLineFromAline
    skipping on non-ELF system wasip1
    SkipNow is incomplete, requires runtime.Goexit()
    open main: file does not exist
    FailNow is incomplete, requires runtime.Goexit()
panic: runtime error: nil pointer dereference
Error: failed to run main module `/tmp/tinygo2622614378/main`

Caused by:
    0: failed to invoke command default
    1: error while executing at wasm backtrace:
           0: 0x2910e - runtime.abort
                           at /workspaces/dc-wasm-go/tinygo/src/runtime/runtime_tinygowasm.go:70:6              - runtime.runtimePanicAt
                           at /workspaces/dc-wasm-go/tinygo/src/runtime/panic.go:87:7
           1: 0x86a4 - runtime.nilPanic
                           at /workspaces/dc-wasm-go/tinygo/src/runtime/panic.go:150:16
           2: 0x8dc59 - (*debug/elf.File).Section
           3: 0xa01d0 - debug/gosym.crack
                           at /usr/local/go/src/debug/gosym/pclntab_test.go:81:10
           4: 0x9dc6e - debug/gosym.getTable
                           at /usr/local/go/src/debug/gosym/pclntab_test.go:72:17
           5: 0xa0985 - debug/gosym.TestLineFromAline
                           at /usr/local/go/src/debug/gosym/pclntab_test.go:113:14
           6: 0x387e0 - testing.tRunner
                           at /workspaces/dc-wasm-go/tinygo/src/testing/testing.go:427:4
           7: 0x384d2 - (*testing.T).Run
                           at /workspaces/dc-wasm-go/tinygo/src/testing/testing.go:462:9              - testing.runTests$1
                           at /workspaces/dc-wasm-go/tinygo/src/testing/testing.go:561:10
           8: 0x387e0 - testing.tRunner
                           at /workspaces/dc-wasm-go/tinygo/src/testing/testing.go:427:4
           9: 0x2de57 - &lt;unknown&gt;!runtime.run$1
          10: 0x2af5b - &lt;goroutine wrapper&gt;
                           at /workspaces/dc-wasm-go/tinygo/src/runtime/scheduler_any.go:23:2
          11:  0x9d4 - tinygo_launch
                           at /workspaces/dc-wasm-go/tinygo/src/internal/task/task_asyncify_wasm.S:59
          12: 0x2adf8 - (*internal/task.Task).Resume
                           at /workspaces/dc-wasm-go/tinygo/src/internal/task/task_asyncify.go:109:17              - runtime.scheduler
                           at /workspaces/dc-wasm-go/tinygo/src/runtime/scheduler.go:236:11              - runtime.run
                           at /workspaces/dc-wasm-go/tinygo/src/runtime/scheduler_any.go:28:11              - _start
                           at /workspaces/dc-wasm-go/tinygo/src/runtime/runtime_wasip1.go:21:5
    2: wasm trap: wasm `unreachable` instruction executed
</failure>
    </testcase>
  </testsuite>
  <testsuite tests="7" failures="0" time="0.000000" name="debug/macho" timestamp="2024-04-09T12:14:22Z">
    <properties classname="debug/macho">
      <property name="go.version" value="go1.22.0 linux/arm64" />
    </properties>
    <testcase classname="debug/macho" name="TestOpen" time="0.000000" />
    <testcase classname="debug/macho" name="TestOpenFailure" time="0.000000" />
    <testcase classname="debug/macho" name="TestOpenFat" time="0.000000" />
    <testcase classname="debug/macho" name="TestOpenFatFailure" time="0.000000" />
    <testcase classname="debug/macho" name="TestRelocTypeString" time="0.000000" />
    <testcase classname="debug/macho" name="TestTypeString" time="0.000000" />
    <testcase classname="debug/macho" name="TestOpenBadDysymCmd" time="0.000000" />
  </testsuite>
  <testsuite tests="1" failures="1" time="0.000000" name="debug/pe" timestamp="2024-04-09T12:14:27Z">
    <properties classname="debug/pe">
      <property name="go.version" value="go1.22.0 linux/arm64" />
    </properties>
    <testcase classname="debug/pe" name="TestDefaultLinkerDWARF" time="-0.000000">
      <failure message="Failed" type="">=== RUN   TestDefaultLinkerDWARF
    skipping test: gcc is missing
    SkipNow is incomplete, requires runtime.Goexit()
    skipping windows only test
    SkipNow is incomplete, requires runtime.Goexit()
    skipping test: 'go run' not available on wasip1/wasm
    SkipNow is incomplete, requires runtime.Goexit()
    skipping test: 'go build' unavailable: go tool -n compile: exec: "go": executable file not found in $PATH
    SkipNow is incomplete, requires runtime.Goexit()
    platform cannot run go tool
    FailNow is incomplete, requires runtime.Goexit()
    building test executable for linktype 1 failed: exec: no command 
    FailNow is incomplete, requires runtime.Goexit()
    running test executable failed: open /dev/null: file does not exist 
    FailNow is incomplete, requires runtime.Goexit()
    Testprog output:
    unexpected program output: 
    FailNow is incomplete, requires runtime.Goexit()
panic: runtime error: index out of range
Error: failed to run main module `/tmp/tinygo2280401310/main`

Caused by:
    0: failed to invoke command default
    1: error while executing at wasm backtrace:
           0: 0x288e5 - runtime.abort
                           at /workspaces/dc-wasm-go/tinygo/src/runtime/runtime_tinygowasm.go:70:6              - runtime.runtimePanicAt
                           at /workspaces/dc-wasm-go/tinygo/src/runtime/panic.go:87:7
           1: 0x4695 - runtime.lookupPanic
                           at /workspaces/dc-wasm-go/tinygo/src/runtime/panic.go:160:16
           2: 0xc1886 - &lt;unknown&gt;!debug/pe.testDWARF
           3: 0xbbc85 - debug/pe.testCgoDWARF
                           at /usr/local/go/src/debug/pe/file_cgo_test.go:19:11
           4: 0xc1df7 - debug/pe.TestDefaultLinkerDWARF
                           at /usr/local/go/src/debug/pe/file_cgo_test.go:23:14
           5: 0x35dae - testing.tRunner
                           at /workspaces/dc-wasm-go/tinygo/src/testing/testing.go:427:4
           6: 0x35aa0 - (*testing.T).Run
                           at /workspaces/dc-wasm-go/tinygo/src/testing/testing.go:462:9              - testing.runTests$1
                           at /workspaces/dc-wasm-go/tinygo/src/testing/testing.go:561:10
           7: 0x35dae - testing.tRunner
                           at /workspaces/dc-wasm-go/tinygo/src/testing/testing.go:427:4
           8: 0x303f8 - testing.runTests
                           at /workspaces/dc-wasm-go/tinygo/src/testing/testing.go:559:10              - (*testing.M).Run
                           at /workspaces/dc-wasm-go/tinygo/src/testing/testing.go:533:29              - main.main
                           at /home/vscode/.cache/go-build/c6/c6b2594ecf7e1bc0013e59951cbc3017ad5a6d482f8dd4bcd166624b7c686322-d:71:15              - runtime.run$1
                           at /workspaces/dc-wasm-go/tinygo/src/runtime/scheduler_any.go:25:11
           9: 0x2a630 - &lt;goroutine wrapper&gt;
                           at /workspaces/dc-wasm-go/tinygo/src/runtime/scheduler_any.go:23:2
          10:  0xa68 - tinygo_launch
                           at /workspaces/dc-wasm-go/tinygo/src/internal/task/task_asyncify_wasm.S:59
          11: 0x2a4cd - (*internal/task.Task).Resume
                           at /workspaces/dc-wasm-go/tinygo/src/internal/task/task_asyncify.go:109:17              - runtime.scheduler
                           at /workspaces/dc-wasm-go/tinygo/src/runtime/scheduler.go:236:11              - runtime.run
                           at /workspaces/dc-wasm-go/tinygo/src/runtime/scheduler_any.go:28:11              - _start
                           at /workspaces/dc-wasm-go/tinygo/src/runtime/runtime_wasip1.go:21:5
    2: wasm trap: wasm `unreachable` instruction executed
</failure>
    </testcase>
  </testsuite>
  <testsuite tests="2" failures="0" time="0.000000" name="debug/plan9obj" timestamp="2024-04-09T12:14:30Z">
    <properties classname="debug/plan9obj">
      <property name="go.version" value="go1.22.0 linux/arm64" />
    </properties>
    <testcase classname="debug/plan9obj" name="TestOpen" time="0.000000" />
    <testcase classname="debug/plan9obj" name="TestOpenFailure" time="0.000000" />
  </testsuite>
  <testsuite tests="0" failures="0" time="0.000000" name="embed" timestamp="2024-04-09T12:14:30Z">
    <properties classname="embed">
      <property name="go.version" value="go1.22.0 linux/arm64" />
    </properties>
  </testsuite>
  <testsuite tests="0" failures="0" time="0.000000" name="encoding" timestamp="2024-04-09T12:14:37Z">
    <properties classname="encoding">
      <property name="go.version" value="go1.22.0 linux/arm64" />
    </properties>
  </testsuite>
  <testsuite tests="9" failures="0" time="0.000000" name="encoding/ascii85" timestamp="2024-04-09T12:14:38Z">
    <properties classname="encoding/ascii85">
      <property name="go.version" value="go1.22.0 linux/arm64" />
    </properties>
    <testcase classname="encoding/ascii85" name="TestEncode" time="0.000000" />
    <testcase classname="encoding/ascii85" name="TestEncoder" time="0.000000" />
    <testcase classname="encoding/ascii85" name="TestEncoderBuffering" time="0.000000" />
    <testcase classname="encoding/ascii85" name="TestDecode" time="0.000000" />
    <testcase classname="encoding/ascii85" name="TestDecoder" time="0.000000" />
    <testcase classname="encoding/ascii85" name="TestDecoderBuffering" time="0.000000" />
    <testcase classname="encoding/ascii85" name="TestDecodeCorrupt" time="0.000000" />
    <testcase classname="encoding/ascii85" name="TestBig" time="0.000000" />
    <testcase classname="encoding/ascii85" name="TestDecoderInternalWhitespace" time="0.000000" />
  </testsuite>
  <testsuite tests="38" failures="0" time="0.000000" name="encoding/asn1" timestamp="2024-04-09T12:14:38Z">
    <properties classname="encoding/asn1">
      <property name="go.version" value="go1.22.0 linux/arm64" />
    </properties>
    <testcase classname="encoding/asn1" name="TestParseBool" time="0.000000" />
    <testcase classname="encoding/asn1" name="TestParseInt64" time="0.000000" />
    <testcase classname="encoding/asn1" name="TestParseInt32" time="0.000000" />
    <testcase classname="encoding/asn1" name="TestParseBigInt" time="0.000000" />
    <testcase classname="encoding/asn1" name="TestBitString" time="0.000000" />
    <testcase classname="encoding/asn1" name="TestBitStringAt" time="0.000000" />
[...]
           7: 0xc11c - runtime.run
                           at /workspaces/dc-wasm-go/tinygo/src/runtime/scheduler_any.go:28:11
           8: 0xc09c - _start
                           at /workspaces/dc-wasm-go/tinygo/src/runtime/runtime_wasip1.go:21:5
    2: wasm trap: wasm `unreachable` instruction executed
FAIL	testing/slogtest	4.082s
</failure>
    </testcase>
  </testsuite>
  <testsuite tests="18" failures="0" time="0.000000" name="text/scanner" timestamp="2024-04-09T12:23:50Z">
    <properties classname="text/scanner">
      <property name="go.version" value="go1.22.0 linux/arm64" />
    </properties>
    <testcase classname="text/scanner" name="TestNext" time="0.000000" />
    <testcase classname="text/scanner" name="TestScan" time="0.000000" />
    <testcase classname="text/scanner" name="TestInvalidExponent" time="0.000000" />
    <testcase classname="text/scanner" name="TestPosition" time="0.000000" />
    <testcase classname="text/scanner" name="TestScanZeroMode" time="0.000000" />
    <testcase classname="text/scanner" name="TestScanSelectedMask" time="0.000000" />
    <testcase classname="text/scanner" name="TestScanCustomIdent" time="0.000000" />
    <testcase classname="text/scanner" name="TestScanNext" time="0.000000" />
    <testcase classname="text/scanner" name="TestScanWhitespace" time="0.000000" />
    <testcase classname="text/scanner" name="TestError" time="0.000000" />
    <testcase classname="text/scanner" name="TestIOError" time="0.000000" />
    <testcase classname="text/scanner" name="TestPos" time="0.000000" />
    <testcase classname="text/scanner" name="TestNextEOFHandling" time="0.000000" />
    <testcase classname="text/scanner" name="TestScanEOFHandling" time="0.000000" />
    <testcase classname="text/scanner" name="TestIssue29723" time="0.000000" />
    <testcase classname="text/scanner" name="TestNumbers" time="0.000000" />
    <testcase classname="text/scanner" name="TestIssue30320" time="0.000000" />
    <testcase classname="text/scanner" name="TestIssue50909" time="0.000000" />
  </testsuite>
  <testsuite tests="2" failures="1" time="0.000000" name="text/tabwriter" timestamp="2024-04-09T12:23:52Z">
    <properties classname="text/tabwriter">
      <property name="go.version" value="go1.22.0 linux/arm64" />
    </properties>
    <testcase classname="text/tabwriter" name="TestPanicDuringFlush" time="-0.000000">
      <failure message="Failed" type="">=== RUN   TestPanicDuringFlush
panic: cannot write
Error: failed to run main module `/tmp/tinygo3203044916/main`

Caused by:
    0: failed to invoke command default
    1: error while executing at wasm backtrace:
           0: 0x24da - runtime.abort
                           at /workspaces/dc-wasm-go/tinygo/src/runtime/runtime_tinygowasm.go:70:6              - runtime._panic
                           at /workspaces/dc-wasm-go/tinygo/src/runtime/panic.go:65:7
           1: 0xbfd4 - (text/tabwriter_test.panicWriter).Write
                           at /usr/local/go/src/text/tabwriter/tabwriter_test.go:622:7
           2: 0xa910 - &lt;unknown&gt;!interface:{Write:func:{slice:basic:uint8}{basic:int,named:error}}.Write$invoke
           3: 0xd8a1 - (*text/tabwriter.Writer).write0
                           at /usr/local/go/src/text/tabwriter/tabwriter.go:251:26
           4: 0xd47e - (*text/tabwriter.Writer).writeLines
                           at /usr/local/go/src/text/tabwriter/tabwriter.go:318:14
           5: 0xc978 - (*text/tabwriter.Writer).format
                           at /usr/local/go/src/text/tabwriter/tabwriter.go:405:21
           6: 0xc2f1 - (*text/tabwriter.Writer).flushNoDefers
                           at /usr/local/go/src/text/tabwriter/tabwriter.go:513:10
           7: 0xc120 - (*text/tabwriter.Writer).flush
                           at /usr/local/go/src/text/tabwriter/tabwriter.go:495:17              - (*text/tabwriter.Writer).Flush
                           at /usr/local/go/src/text/tabwriter/tabwriter.go:488:16
           8: 0x5f99c - text/tabwriter_test.TestPanicDuringFlush
                           at /usr/local/go/src/text/tabwriter/tabwriter_test.go:643:9
           9: 0x1f4c5 - testing.tRunner
                           at /workspaces/dc-wasm-go/tinygo/src/testing/testing.go:427:4
          10: 0x1f1bb - (*testing.T).Run
                           at /workspaces/dc-wasm-go/tinygo/src/testing/testing.go:462:9              - testing.runTests$1
                           at /workspaces/dc-wasm-go/tinygo/src/testing/testing.go:561:10
          11: 0x1f4c5 - testing.tRunner
                           at /workspaces/dc-wasm-go/tinygo/src/testing/testing.go:427:4
          12: 0x19452 - testing.runTests
                           at /workspaces/dc-wasm-go/tinygo/src/testing/testing.go:559:10              - (*testing.M).Run
                           at /workspaces/dc-wasm-go/tinygo/src/testing/testing.go:533:29              - main.main
                           at /home/vscode/.cache/go-build/82/820448a5a8b28b6568ca535f8febd255e560bfb39fb86b392c543db67f75b4a5-d:67:15              - runtime.run$1
                           at /workspaces/dc-wasm-go/tinygo/src/runtime/scheduler_any.go:25:11
          13: 0x15257 - &lt;goroutine wrapper&gt;
                           at /workspaces/dc-wasm-go/tinygo/src/runtime/scheduler_any.go:23:2
          14:  0x534 - tinygo_launch
                           at /workspaces/dc-wasm-go/tinygo/src/internal/task/task_asyncify_wasm.S:59
          15: 0x1512d - (*internal/task.Task).Resume
                           at /workspaces/dc-wasm-go/tinygo/src/internal/task/task_asyncify.go:109:17              - runtime.scheduler
                           at /workspaces/dc-wasm-go/tinygo/src/runtime/scheduler.go:236:11              - runtime.run
                           at /workspaces/dc-wasm-go/tinygo/src/runtime/scheduler_any.go:28:11              - _start
                           at /workspaces/dc-wasm-go/tinygo/src/runtime/runtime_wasip1.go:21:5
    2: wasm trap: wasm `unreachable` instruction executed
</failure>
    </testcase>
    <testcase classname="text/tabwriter" name="Test" time="0.000000" />
  </testsuite>
  <testsuite tests="1" failures="1" time="0.000000" name="text/template" timestamp="2024-04-09T12:23:52Z">
    <properties classname="text/template">
      <property name="go.version" value="go1.22.0 linux/arm64" />
    </properties>
    <testcase classname="text/template" name="TestExecute" time="-0.000000">
      <failure message="Failed" type="">=== RUN   TestExecute
panic: unimplemented: (reflect.Type).NumOut()
Error: failed to run main module `/tmp/tinygo819505394/main`

Caused by:
    0: failed to invoke command default
    1: error while executing at wasm backtrace:
           0: 0x66af - runtime.abort
                           at /workspaces/dc-wasm-go/tinygo/src/runtime/runtime_tinygowasm.go:70:6              - runtime._panic
                           at /workspaces/dc-wasm-go/tinygo/src/runtime/panic.go:65:7
           1: 0x722d - (*reflect.rawType).NumOut
                           at /workspaces/dc-wasm-go/tinygo/src/reflect/type.go:1012:7
           2: 0xa1b2e - (Go interface method)
                           at /usr/local/go/src/text/template/funcs.go:112:6              - text/template.goodFunc
                           at /usr/local/go/src/text/template/funcs.go:115:17              - text/template.addValueFuncs
                           at /usr/local/go/src/text/template/funcs.go:96:15
           3: 0xa158b - (*text/template.Template).Funcs
                           at /usr/local/go/src/text/template/template.go:181:15
           4: 0xb043d - text/template.testExecute
                           at /usr/local/go/src/text/template/exec_test.go:796:23
           5: 0xb0bce - text/template.TestExecute
                           at /usr/local/go/src/text/template/exec_test.go:831:13
           6: 0x32f50 - testing.tRunner
                           at /workspaces/dc-wasm-go/tinygo/src/testing/testing.go:427:4
           7: 0x83a11 - (*testing.T).Run
           8: 0x32c54 - testing.runTests$1
                           at /workspaces/dc-wasm-go/tinygo/src/testing/testing.go:561:10
           9: 0x32f50 - testing.tRunner
                           at /workspaces/dc-wasm-go/tinygo/src/testing/testing.go:427:4
          10: 0x24449 - &lt;unknown&gt;!runtime.run$1
          11: 0x21551 - &lt;goroutine wrapper&gt;
                           at /workspaces/dc-wasm-go/tinygo/src/runtime/scheduler_any.go:23:2
          12:  0xabd - tinygo_launch
                           at /workspaces/dc-wasm-go/tinygo/src/internal/task/task_asyncify_wasm.S:59
          13: 0x213ee - (*internal/task.Task).Resume
                           at /workspaces/dc-wasm-go/tinygo/src/internal/task/task_asyncify.go:109:17              - runtime.scheduler
                           at /workspaces/dc-wasm-go/tinygo/src/runtime/scheduler.go:236:11              - runtime.run
                           at /workspaces/dc-wasm-go/tinygo/src/runtime/scheduler_any.go:28:11              - _start
                           at /workspaces/dc-wasm-go/tinygo/src/runtime/runtime_wasip1.go:21:5
    2: wasm trap: wasm `unreachable` instruction executed
</failure>
    </testcase>
  </testsuite>
  <testsuite tests="6" failures="1" time="0.000000" name="text/template/parse" timestamp="2024-04-09T12:23:54Z">
    <properties classname="text/template/parse">
      <property name="go.version" value="go1.22.0 linux/arm64" />
    </properties>
    <testcase classname="text/template/parse" name="TestNumberParse" time="-0.000000">
      <failure message="Failed" type="">=== RUN   TestNumberParse
panic: (97092:0x00048940)
Error: failed to run main module `/tmp/tinygo3289419597/main`

Caused by:
    0: failed to invoke command default
    1: error while executing at wasm backtrace:
           0: 0x2b53 - runtime.abort
                           at /workspaces/dc-wasm-go/tinygo/src/runtime/runtime_tinygowasm.go:70:6              - runtime._panic
                           at /workspaces/dc-wasm-go/tinygo/src/runtime/panic.go:65:7
           1: 0x48eb7 - (*fmt.ss).error
                           at /usr/local/go/src/fmt/scan.go:240:7
           2: 0x4a4d0 - (*fmt.ss).accept
                           at /usr/local/go/src/fmt/scan.go:750:10              - (*fmt.ss).complexTokens
                           at /usr/local/go/src/fmt/scan.go:755:14              - (*fmt.ss).scanComplex
                           at /usr/local/go/src/fmt/scan.go:816:33
           3: 0x4c376 - &lt;unknown&gt;!fmt.Sscan
           4: 0x819bb - text/template/parse.TestNumberParse
                           at /usr/local/go/src/text/template/parse/parse_test.go:99:23
           5: 0x1f750 - testing.tRunner
                           at /workspaces/dc-wasm-go/tinygo/src/testing/testing.go:427:4
           6: 0x53ec8 - (*testing.T).Run
           7: 0x1f458 - testing.runTests$1
                           at /workspaces/dc-wasm-go/tinygo/src/testing/testing.go:561:10
           8: 0x1f750 - testing.tRunner
                           at /workspaces/dc-wasm-go/tinygo/src/testing/testing.go:427:4
           9: 0x1a109 - testing.runTests
                           at /workspaces/dc-wasm-go/tinygo/src/testing/testing.go:559:10              - (*testing.M).Run
                           at /workspaces/dc-wasm-go/tinygo/src/testing/testing.go:533:29              - main.main
                           at /home/vscode/.cache/go-build/97/97aff8905c92f3c2c83a3d8f59473c1d67c5a331a12ffae42fb9894564f7a41a-d:83:15              - runtime.run$1
                           at /workspaces/dc-wasm-go/tinygo/src/runtime/scheduler_any.go:25:11
          10: 0x15150 - &lt;goroutine wrapper&gt;
                           at /workspaces/dc-wasm-go/tinygo/src/runtime/scheduler_any.go:23:2
          11:  0x65f - tinygo_launch
                           at /workspaces/dc-wasm-go/tinygo/src/internal/task/task_asyncify_wasm.S:59
          12: 0x15026 - (*internal/task.Task).Resume
                           at /workspaces/dc-wasm-go/tinygo/src/internal/task/task_asyncify.go:109:17              - runtime.scheduler
                           at /workspaces/dc-wasm-go/tinygo/src/runtime/scheduler.go:236:11              - runtime.run
                           at /workspaces/dc-wasm-go/tinygo/src/runtime/scheduler_any.go:28:11              - _start
                           at /workspaces/dc-wasm-go/tinygo/src/runtime/runtime_wasip1.go:21:5
    2: wasm trap: wasm `unreachable` instruction executed
</failure>
    </testcase>
    <testcase classname="text/template/parse" name="TestLex" time="0.000000" />
    <testcase classname="text/template/parse" name="TestDelims" time="0.000000" />
    <testcase classname="text/template/parse" name="TestDelimsAlphaNumeric" time="0.000000" />
    <testcase classname="text/template/parse" name="TestDelimsAndMarkers" time="0.000000" />
    <testcase classname="text/template/parse" name="TestPos" time="0.000000" />
  </testsuite>
  <testsuite tests="0" failures="0" time="0.000000" name="time" timestamp="2024-04-09T12:23:59Z">
    <properties classname="time">
      <property name="go.version" value="go1.22.0 linux/arm64" />
    </properties>
    <testcase classname="time" name="TestMain" time="0.000000">
      <failure message="Failed" type="">FAIL	time	0.000s
# time_test
/usr/local/go/src/time/sleep_test.go:714:4: b.ReportMetric undefined (type *testing.B has no field or method ReportMetric)
/usr/local/go/src/time/sleep_test.go:715:4: b.ReportMetric undefined (type *testing.B has no field or method ReportMetric)
/usr/local/go/src/time/sleep_test.go:716:4: b.ReportMetric undefined (type *testing.B has no field or method ReportMetric)
/usr/local/go/src/time/sleep_test.go:787:8: b.ReportMetric undefined (type *testing.B has no field or method ReportMetric)
/usr/local/go/src/time/sleep_test.go:788:8: b.ReportMetric undefined (type *testing.B has no field or method ReportMetric)
/usr/local/go/src/time/sleep_test.go:789:8: b.ReportMetric undefined (type *testing.B has no field or method ReportMetric)
</failure>
    </testcase>
  </testsuite>
  <testsuite tests="0" failures="0" time="0.000000" name="time/tzdata" timestamp="2024-04-09T12:24:01Z">
    <properties classname="time/tzdata">
      <property name="go.version" value="go1.22.0 linux/arm64" />
    </properties>
  </testsuite>
  <testsuite tests="28" failures="0" time="0.000000" name="unicode" timestamp="2024-04-09T12:24:01Z">
    <properties classname="unicode">
      <property name="go.version" value="go1.22.0 linux/arm64" />
    </properties>
    <testcase classname="unicode" name="TestDigit" time="0.000000" />
    <testcase classname="unicode" name="TestDigitOptimization" time="0.000000" />
    <testcase classname="unicode" name="TestIsControlLatin1" time="0.000000" />
    <testcase classname="unicode" name="TestIsLetterLatin1" time="0.000000" />
    <testcase classname="unicode" name="TestIsUpperLatin1" time="0.000000" />
    <testcase classname="unicode" name="TestIsLowerLatin1" time="0.000000" />
    <testcase classname="unicode" name="TestNumberLatin1" time="0.000000" />
    <testcase classname="unicode" name="TestIsPrintLatin1" time="0.000000" />
    <testcase classname="unicode" name="TestIsGraphicLatin1" time="0.000000" />
    <testcase classname="unicode" name="TestIsPunctLatin1" time="0.000000" />
    <testcase classname="unicode" name="TestIsSpaceLatin1" time="0.000000" />
    <testcase classname="unicode" name="TestIsSymbolLatin1" time="0.000000" />
    <testcase classname="unicode" name="TestIsLetter" time="0.000000" />
    <testcase classname="unicode" name="TestIsUpper" time="0.000000" />
    <testcase classname="unicode" name="TestTo" time="0.000000" />
    <testcase classname="unicode" name="TestToUpperCase" time="0.000000" />
    <testcase classname="unicode" name="TestToLowerCase" time="0.000000" />
    <testcase classname="unicode" name="TestToTitleCase" time="0.000000" />
    <testcase classname="unicode" name="TestIsSpace" time="0.000000" />
    <testcase classname="unicode" name="TestLetterOptimizations" time="0.000000" />
    <testcase classname="unicode" name="TestTurkishCase" time="0.000000" />
    <testcase classname="unicode" name="TestSimpleFold" time="0.000000" />
    <testcase classname="unicode" name="TestCalibrate" time="0.000000" />
    <testcase classname="unicode" name="TestLatinOffset" time="0.000000" />
    <testcase classname="unicode" name="TestSpecialCaseNoMapping" time="0.000000" />
    <testcase classname="unicode" name="TestNegativeRune" time="0.000000" />
    <testcase classname="unicode" name="TestCategories" time="0.000000" />
    <testcase classname="unicode" name="TestProperties" time="0.000000" />
  </testsuite>
  <testsuite tests="8" failures="0" time="0.000000" name="unicode/utf16" timestamp="2024-04-09T12:24:02Z">
    <properties classname="unicode/utf16">
      <property name="go.version" value="go1.22.0 linux/arm64" />
    </properties>
    <testcase classname="unicode/utf16" name="TestConstants" time="0.000000" />
    <testcase classname="unicode/utf16" name="TestEncode" time="0.000000" />
    <testcase classname="unicode/utf16" name="TestAppendRune" time="0.000000" />
    <testcase classname="unicode/utf16" name="TestEncodeRune" time="0.000000" />
    <testcase classname="unicode/utf16" name="TestAllocationsDecode" time="0.000000" />
    <testcase classname="unicode/utf16" name="TestDecode" time="0.000000" />
    <testcase classname="unicode/utf16" name="TestDecodeRune" time="0.000000" />
    <testcase classname="unicode/utf16" name="TestIsSurrogate" time="0.000000" />
  </testsuite>
  <testsuite tests="14" failures="0" time="0.000000" name="unicode/utf8" timestamp="2024-04-09T12:24:08Z">
    <properties classname="unicode/utf8">
      <property name="go.version" value="go1.22.0 linux/arm64" />
    </properties>
    <testcase classname="unicode/utf8" name="TestConstants" time="0.000000" />
    <testcase classname="unicode/utf8" name="TestFullRune" time="0.000000" />
    <testcase classname="unicode/utf8" name="TestEncodeRune" time="0.000000" />
    <testcase classname="unicode/utf8" name="TestAppendRune" time="0.000000" />
    <testcase classname="unicode/utf8" name="TestDecodeRune" time="0.000000" />
    <testcase classname="unicode/utf8" name="TestDecodeSurrogateRune" time="0.000000" />
    <testcase classname="unicode/utf8" name="TestSequencing" time="0.000000" />
    <testcase classname="unicode/utf8" name="TestRuntimeConversion" time="0.000000" />
    <testcase classname="unicode/utf8" name="TestDecodeInvalidSequence" time="0.000000" />
    <testcase classname="unicode/utf8" name="TestNegativeRune" time="0.000000" />
    <testcase classname="unicode/utf8" name="TestRuneCount" time="0.000000" />
    <testcase classname="unicode/utf8" name="TestRuneLen" time="0.000000" />
    <testcase classname="unicode/utf8" name="TestValid" time="0.000000" />
    <testcase classname="unicode/utf8" name="TestValidRune" time="0.000000" />
  </testsuite>
  <testsuite tests="0" failures="0" time="0.000000" name="unsafe" timestamp="2024-04-09T12:24:11Z">
    <properties classname="unsafe">
      <property name="go.version" value="go1.22.0 linux/arm64" />
    </properties>
  </testsuite>
  <testsuite tests="8" failures="0" time="0.000000" name="./tests/runtime_wasi" timestamp="2024-04-09T12:24:12Z">
    <properties classname="./tests/runtime_wasi">
      <property name="go.version" value="go1.22.0 linux/arm64" />
    </properties>
    <testcase classname="./tests/runtime_wasi" name="TestMallocFree" time="0.000000" />
    <testcase classname="./tests/runtime_wasi" name="TestMallocEmpty" time="0.000000" />
    <testcase classname="./tests/runtime_wasi" name="TestCallocEmpty" time="0.000000" />
    <testcase classname="./tests/runtime_wasi" name="TestReallocEmpty" time="0.000000" />
  </testsuite>
</testsuites>