<?xml version="1.0" encoding="UTF-8"?>
<testsuites tests="24" failures="2" errors="0" time="102.426061">
	<testsuite tests="24" failures="2" time="0.000000" name="compress/flate" timestamp="2024-03-14T18:00:51Z">
		<properties>
			<property name="go.version" value="go1.22.0 linux/arm64"></property>
		</properties>
		<testcase classname="compress/flate" name="TestDeflateInflateString" time="0.000000">
			<failure message="Failed" type="">=== RUN   TestDeflateInflateString&#xA;    level: 0, size:100.00%, 100018 b&#xA;    --testSync 0, 100003, 2.718281828...&#xA;    #0: write 0-50002&#xA;    #0: read 50002&#xA;    #1: write 50002-100003&#xA;    #1: read 50001&#xA;    level: 1, size:99.00%, 50146 b&#xA;    --testSync 1, 100003, 2.718281828...&#xA;    #0: write 0-50002&#xA;    #0: read 50002&#xA;    #1: write 50002-100003&#xA;    #1: read 50001&#xA;    level: 2, size:92.80%, 47291 b&#xA;    --testSync 2, 100003, 2.718281828...&#xA;    #0: write 0-50002&#xA;    #0: read 50002&#xA;    #1: write 50002-100003&#xA;    #1: read 50001&#xA;    level: 3, size:92.26%, 47193 b&#xA;    --testSync 3, 100003, 2.718281828...&#xA;    #0: write 0-50002&#xA;    #0: read 50002&#xA;    #1: write 50002-100003&#xA;    #1: read 50001&#xA;    level: 4, size:92.63%, 47178 b&#xA;    --testSync 4, 100003, 2.718281828...&#xA;    #0: write 0-50002&#xA;    #0: read 50002&#xA;    #1: write 50002-100003&#xA;    #1: read 50001&#xA;    level: 5, size:92.38%, 46919 b&#xA;    --testSync 5, 100003, 2.718281828...&#xA;    #0: write 0-50002&#xA;    #0: read 50002&#xA;    #1: write 50002-100003&#xA;    #1: read 50001&#xA;    level: 6, size:92.38%, 46919 b&#xA;    --testSync 6, 100003, 2.718281828...&#xA;    #0: write 0-50002&#xA;    #0: read 50002&#xA;    #1: write 50002-100003&#xA;    #1: read 50001&#xA;    level: 7, size:92.38%, 46919 b&#xA;    --testSync 7, 100003, 2.718281828...&#xA;    #0: write 0-50002&#xA;    #0: read 50002&#xA;    #1: write 50002-100003&#xA;    #1: read 50001&#xA;    level: 8, size:92.38%, 46919 b&#xA;    --testSync 8, 100003, 2.718281828...&#xA;    #0: write 0-50002&#xA;    #0: read 50002&#xA;    #1: write 50002-100003&#xA;    #1: read 50001&#xA;    level: 9, size:92.38%, 46919 b&#xA;    --testSync 9, 100003, 2.718281828...&#xA;    #0: write 0-50002&#xA;    #0: read 50002&#xA;    #1: write 50002-100003&#xA;    #1: read 50001&#xA;    level: -2, size:100.00%, 43683 b&#xA;    --testSync -2, 100003, 2.718281828...&#xA;    #0: write 0-50002&#xA;    #0: read 50002&#xA;    #1: write 50002-100003&#xA;    #1: read 50001&#xA;    open ../../testdata/Isaac.Newton-Opticks.txt: errno 63&#xA;    level: 0, size:0.00%, 5 b&#xA;    level: 1, size:0.00%, 5 b&#xA;    level: 2, size:0.00%, 5 b&#xA;    level: 3, size:0.00%, 5 b&#xA;    level: 4, size:0.00%, 5 b&#xA;    level: 5, size:0.00%, 5 b&#xA;    level: 6, size:0.00%, 5 b&#xA;    level: 7, size:0.00%, 5 b&#xA;    level: 8, size:0.00%, 5 b&#xA;    level: 9, size:0.00%, 5 b&#xA;    level: -2, size:0.00%, 5 b&#xA;--- FAIL: TestDeflateInflateString (4.76s)&#xA;</failure>
		</testcase>
		<testcase classname="compress/flate" name="TestWriterPersistentWriteError" time="-0.000000">
			<failure message="Failed" type="">=== RUN   TestWriterPersistentWriteError&#xA;    ReadFile: open ../../testdata/Isaac.Newton-Opticks.txt: errno 63&#xA;    FailNow is incomplete, requires runtime.Goexit()&#xA;panic: runtime error: slice out of range&#xA;Error: failed to run main module `/tmp/tinygo580292730/main`&#xA;&#xA;Caused by:&#xA;    0: failed to invoke `run` function&#xA;    1: error while executing at wasm backtrace:&#xA;           0: 0x2533b - runtime.abort&#xA;                           at /workspaces/dc-wasm-go/tinygo/src/runtime/runtime_tinygowasmp2.go:58:6              - runtime.runtimePanicAt&#xA;                           at /workspaces/dc-wasm-go/tinygo/src/runtime/panic.go:71:7&#xA;           1: 0x5c97 - runtime.slicePanic&#xA;                           at /workspaces/dc-wasm-go/tinygo/src/runtime/panic.go:149:16&#xA;           2: 0x96c66 - compress/flate.TestWriterPersistentWriteError&#xA;           3: 0x39096 - testing.tRunner&#xA;                           at /workspaces/dc-wasm-go/tinygo/src/testing/testing.go:427:4&#xA;           4: 0x64fe3 - (*testing.T).Run&#xA;           5: 0x38d9a - testing.runTests$1&#xA;                           at /workspaces/dc-wasm-go/tinygo/src/testing/testing.go:561:10&#xA;           6: 0x39096 - testing.tRunner&#xA;                           at /workspaces/dc-wasm-go/tinygo/src/testing/testing.go:427:4&#xA;           7: 0x33c3a - testing.runTests&#xA;                           at /workspaces/dc-wasm-go/tinygo/src/testing/testing.go:559:10              - (*testing.M).Run&#xA;                           at /workspaces/dc-wasm-go/tinygo/src/testing/testing.go:533:29              - main.main&#xA;                           at /home/vscode/.cache/go-build/53/534bea92e2947f2fea2c2598de627bd8507f2d88ba19fcaa07fdbb6169d448a2-d:135:15              - runtime.run$1&#xA;                           at /workspaces/dc-wasm-go/tinygo/src/runtime/scheduler_any.go:25:11&#xA;           8: 0x2de7a - &lt;goroutine wrapper&gt;&#xA;                           at /workspaces/dc-wasm-go/tinygo/src/runtime/scheduler_any.go:23:2&#xA;           9: 0x19c4 - tinygo_launch&#xA;                           at /workspaces/dc-wasm-go/tinygo/src/internal/task/task_asyncify_wasm.S:59&#xA;          10: 0x2dd69 - (*internal/task.Task).Resume&#xA;                           at /workspaces/dc-wasm-go/tinygo/src/internal/task/task_asyncify.go:109:17              - runtime.scheduler&#xA;                           at /workspaces/dc-wasm-go/tinygo/src/runtime/scheduler.go:236:11              - runtime.run&#xA;                           at /workspaces/dc-wasm-go/tinygo/src/runtime/scheduler_any.go:28:11              - _start&#xA;                           at /workspaces/dc-wasm-go/tinygo/src/runtime/runtime_wasm_wasip2.go:30:5&#xA;          11: 0x2db75 - wasi:cli/run@0.2.0#run&#xA;                           at /workspaces/dc-wasm-go/tinygo/src/runtime/runtime_wasm_wasip2.go:21:8&#xA;    2: wasm trap: wasm `unreachable` instruction executed&#xA;</failure>
		</testcase>
		<testcase classname="compress/flate" name="TestBulkHash4" time="0.000000"></testcase>
		<testcase classname="compress/flate" name="TestDeflate" time="0.000000"></testcase>
		<testcase classname="compress/flate" name="TestWriterClose" time="0.000000"></testcase>
		<testcase classname="compress/flate" name="TestVeryLongSparseChunk" time="0.000000"></testcase>
		<testcase classname="compress/flate" name="TestDeflateInflate" time="0.000000"></testcase>
		<testcase classname="compress/flate" name="TestReverseBits" time="0.000000"></testcase>
		<testcase classname="compress/flate" name="TestReaderDict" time="0.000000"></testcase>
		<testcase classname="compress/flate" name="TestWriterDict" time="0.000000"></testcase>
		<testcase classname="compress/flate" name="TestRegression2508" time="0.000000"></testcase>
		<testcase classname="compress/flate" name="TestWriterReset" time="0.000000"></testcase>
		<testcase classname="compress/flate" name="TestBestSpeed" time="0.000000"></testcase>
	</testsuite>
</testsuites>