<?xml version="1.0" encoding="UTF-8"?>
<testsuites tests="5" failures="1" errors="0" time="13.370888">
	<testsuite tests="5" failures="1" time="0.000000" name="crypto/cipher" timestamp="2024-03-14T15:36:47Z">
		<properties>
			<property name="go.version" value="go1.22.0 linux/arm64"></property>
		</properties>
		<testcase classname="crypto/cipher" name="TestCryptBlocks" time="-0.000000">
			<failure message="Failed" type="">=== RUN   TestCryptBlocks&#xA;panic: crypto/cipher: input not full blocks&#xA;Error: failed to run main module `/tmp/tinygo934681008/main`&#xA;&#xA;Caused by:&#xA;    0: failed to invoke `run` function&#xA;    1: error while executing at wasm backtrace:&#xA;           0: 0x33d8 - runtime.abort&#xA;                           at /workspaces/dc-wasm-go/tinygo/src/runtime/runtime_tinygowasmp2.go:58:6              - runtime._panic&#xA;                           at /workspaces/dc-wasm-go/tinygo/src/runtime/panic.go:52:7&#xA;           1: 0x758d8 - (*crypto/cipher.cbcDecrypter).CryptBlocks&#xA;                           at /usr/local/go/src/crypto/cipher/cbc.go:145:8              - (Go interface method)&#xA;                           at &lt;Go interface method&gt;&#xA;           2: 0x77e3b - crypto/cipher_test.TestCryptBlocks$1&#xA;                           at /usr/local/go/src/crypto/cipher/cipher_test.go:20:80&#xA;           3: 0x780a9 - crypto/cipher_test.mustPanic&#xA;                           at /usr/local/go/src/crypto/cipher/cipher_test.go:37:3&#xA;           4: 0x77ac7 - crypto/cipher_test.TestCryptBlocks&#xA;                           at /usr/local/go/src/crypto/cipher/cipher_test.go:20:11&#xA;           5: 0x22d4e - testing.tRunner&#xA;                           at /workspaces/dc-wasm-go/tinygo/src/testing/testing.go:427:4&#xA;           6: 0x22a44 - (*testing.T).Run&#xA;                           at /workspaces/dc-wasm-go/tinygo/src/testing/testing.go:462:9              - testing.runTests$1&#xA;                           at /workspaces/dc-wasm-go/tinygo/src/testing/testing.go:561:10&#xA;           7: 0x22d4e - testing.tRunner&#xA;                           at /workspaces/dc-wasm-go/tinygo/src/testing/testing.go:427:4&#xA;           8: 0x1cd8e - testing.runTests&#xA;                           at /workspaces/dc-wasm-go/tinygo/src/testing/testing.go:559:10              - (*testing.M).Run&#xA;                           at /workspaces/dc-wasm-go/tinygo/src/testing/testing.go:533:29              - main.main&#xA;                           at /home/vscode/.cache/go-build/61/6162e4542004ff5d4561a2904bdcadfd96d18761f8e4484f36f3c8725ffde61c-d:107:15              - runtime.run$1&#xA;                           at /workspaces/dc-wasm-go/tinygo/src/runtime/scheduler_any.go:25:11&#xA;           9: 0x1878f - &lt;goroutine wrapper&gt;&#xA;                           at /workspaces/dc-wasm-go/tinygo/src/runtime/scheduler_any.go:23:2&#xA;          10: 0x18c1 - tinygo_launch&#xA;                           at /workspaces/dc-wasm-go/tinygo/src/internal/task/task_asyncify_wasm.S:59&#xA;          11: 0x18676 - (*internal/task.Task).Resume&#xA;                           at /workspaces/dc-wasm-go/tinygo/src/internal/task/task_asyncify.go:109:17              - runtime.scheduler&#xA;                           at /workspaces/dc-wasm-go/tinygo/src/runtime/scheduler.go:236:11              - runtime.run&#xA;                           at /workspaces/dc-wasm-go/tinygo/src/runtime/scheduler_any.go:28:11              - _start&#xA;                           at /workspaces/dc-wasm-go/tinygo/src/runtime/runtime_wasm_wasip2.go:30:5&#xA;          12: 0x183ee - wasi:cli/run@0.2.0#run&#xA;                           at /workspaces/dc-wasm-go/tinygo/src/runtime/runtime_wasm_wasip2.go:21:8&#xA;    2: wasm trap: wasm `unreachable` instruction executed&#xA;</failure>
		</testcase>
		<testcase classname="crypto/cipher" name="TestCBCEncrypterAES" time="0.000000"></testcase>
		<testcase classname="crypto/cipher" name="TestCBCDecrypterAES" time="0.000000"></testcase>
		<testcase classname="crypto/cipher" name="TestCFBVectors" time="0.000000"></testcase>
		<testcase classname="crypto/cipher" name="TestCFBInverse" time="0.000000"></testcase>
	</testsuite>
</testsuites>