<?xml version="1.0" encoding="UTF-8"?>
<testsuites tests="0" failures="1" errors="0" time="17.137491">
	<testsuite tests="0" failures="0" time="0.000000" name="go/doc" timestamp="2024-03-14T15:38:16Z">
		<properties>
			<property name="go.version" value="go1.22.0 linux/arm64"></property>
		</properties>
		<testcase classname="" name="TestMain" time="0.000000">
			<failure message="Failed" type="">wasm-ld --stack-first --no-demangle -L /workspaces/dc-wasm-go/tinygo -o /tmp/tinygo1378011770/main /tmp/tinygo1378011770/main.o /home/vscode/.cache/tinygo/compiler-rt-wasm32-unknown-wasi-generic/lib.a /home/vscode/.cache/tinygo/obj-9f377d764891b0ee28a07e083c4e0a015091c6d2eba944fa92c6e3df.bc /home/vscode/.cache/tinygo/obj-8e79898f1f39e40617eb4cfe362e633fa2c37f8ed1a76c41b45a24e8.bc -mllvm -mcpu=generic --lto-O2 --thinlto-cache-dir=/home/vscode/.cache/tinygo/thinlto -mllvm --rotation-max-header-size=0&#xA;wasm-ld: error: lto.tmp: undefined symbol: exp&#xA;wasm-ld: error: lto.tmp: undefined symbol: log&#xA;failed to run tool: wasm-ld&#xA;FAIL&#x9;go/doc&#x9;0.000s&#xA;error: failed to link /tmp/tinygo1378011770/main: exit status 1&#xA;</failure>
		</testcase>
	</testsuite>
</testsuites>