<?xml version="1.0" encoding="UTF-8"?>
<testsuites tests="3" failures="1" errors="0" time="16.099379">
	<testsuite tests="3" failures="1" time="0.000000" name="image" timestamp="2024-03-14T15:38:48Z">
		<properties>
			<property name="go.version" value="go1.22.0 linux/arm64"></property>
		</properties>
		<testcase classname="image" name="TestNewXxxBadRectangle" time="-0.000000">
			<failure message="Failed" type="">=== RUN   TestNewXxxBadRectangle&#xA;panic: image: NewRGBA Rectangle has huge or negative dimensions&#xA;Error: failed to run main module `/tmp/tinygo1768874040/main`&#xA;&#xA;Caused by:&#xA;    0: failed to invoke `run` function&#xA;    1: error while executing at wasm backtrace:&#xA;           0: 0x349c - runtime.abort&#xA;                           at /workspaces/dc-wasm-go/tinygo/src/runtime/runtime_tinygowasmp2.go:58:6              - runtime._panic&#xA;                           at /workspaces/dc-wasm-go/tinygo/src/runtime/panic.go:52:7&#xA;           1: 0x76ad6 - (image.Rectangle).Dx&#xA;                           at /usr/local/go/src/image/image.go:96:8              - image.pixelBufferLength&#xA;                           at /usr/local/go/src/image/image.go:94:47&#xA;           2: 0x74e2f - image.NewRGBA&#xA;                           at /usr/local/go/src/image/image.go:229:42&#xA;           3: 0x83595 - image.TestNewXxxBadRectangle$2&#xA;                           at /usr/local/go/src/image/image_test.go:108:39&#xA;           4: 0x8373b - image.TestNewXxxBadRectangle$1&#xA;                           at /usr/local/go/src/image/image_test.go:94:10&#xA;           5: 0x82563 - image.TestNewXxxBadRectangle&#xA;                           at /usr/local/go/src/image/image_test.go:138:16&#xA;           6: 0x35808 - testing.tRunner&#xA;                           at /workspaces/dc-wasm-go/tinygo/src/testing/testing.go:427:4&#xA;           7: 0x354fe - (*testing.T).Run&#xA;                           at /workspaces/dc-wasm-go/tinygo/src/testing/testing.go:462:9              - testing.runTests$1&#xA;                           at /workspaces/dc-wasm-go/tinygo/src/testing/testing.go:561:10&#xA;           8: 0x35808 - testing.tRunner&#xA;                           at /workspaces/dc-wasm-go/tinygo/src/testing/testing.go:427:4&#xA;           9: 0x2ec6c - testing.runTests&#xA;                           at /workspaces/dc-wasm-go/tinygo/src/testing/testing.go:559:10              - (*testing.M).Run&#xA;                           at /workspaces/dc-wasm-go/tinygo/src/testing/testing.go:533:29              - main.main&#xA;                           at /home/vscode/.cache/go-build/03/03696e0658b26ce2ed516312d26adbf88abfcc3eab0abe0b39a79e0462e8f45c-d:101:15              - runtime.run$1&#xA;                           at /workspaces/dc-wasm-go/tinygo/src/runtime/scheduler_any.go:25:11&#xA;          10: 0x2a2dc - &lt;goroutine wrapper&gt;&#xA;                           at /workspaces/dc-wasm-go/tinygo/src/runtime/scheduler_any.go:23:2&#xA;          11: 0x1985 - tinygo_launch&#xA;                           at /workspaces/dc-wasm-go/tinygo/src/internal/task/task_asyncify_wasm.S:59&#xA;          12: 0x2a1c3 - (*internal/task.Task).Resume&#xA;                           at /workspaces/dc-wasm-go/tinygo/src/internal/task/task_asyncify.go:109:17              - runtime.scheduler&#xA;                           at /workspaces/dc-wasm-go/tinygo/src/runtime/scheduler.go:236:11              - runtime.run&#xA;                           at /workspaces/dc-wasm-go/tinygo/src/runtime/scheduler_any.go:28:11              - _start&#xA;                           at /workspaces/dc-wasm-go/tinygo/src/runtime/runtime_wasm_wasip2.go:30:5&#xA;          13: 0x29f3b - wasi:cli/run@0.2.0#run&#xA;                           at /workspaces/dc-wasm-go/tinygo/src/runtime/runtime_wasm_wasip2.go:21:8&#xA;    2: wasm trap: wasm `unreachable` instruction executed&#xA;</failure>
		</testcase>
		<testcase classname="image" name="TestRectangle" time="0.000000"></testcase>
		<testcase classname="image" name="TestImage" time="0.000000"></testcase>
	</testsuite>
</testsuites>