<?xml version="1.0" encoding="UTF-8"?>
<testsuites tests="12" failures="1" errors="0" time="12.260563">
	<testsuite tests="12" failures="1" time="0.000000" name="math/bits" timestamp="2024-03-14T15:39:21Z">
		<properties>
			<property name="go.version" value="go1.22.0 linux/arm64"></property>
		</properties>
		<testcase classname="math/bits" name="TestAdd64OverflowPanic" time="-0.000000">
			<failure message="Failed" type="">=== RUN   TestAdd64OverflowPanic&#xA;panic: overflow&#xA;Error: failed to run main module `/tmp/tinygo2209710452/main`&#xA;&#xA;Caused by:&#xA;    0: failed to invoke `run` function&#xA;    1: error while executing at wasm backtrace:&#xA;           0: 0x298a - runtime.abort&#xA;                           at /workspaces/dc-wasm-go/tinygo/src/runtime/runtime_tinygowasmp2.go:58:6              - runtime._panic&#xA;                           at /workspaces/dc-wasm-go/tinygo/src/runtime/panic.go:52:7&#xA;           1: 0x6fce6 - math/bits_test.TestAdd64OverflowPanic$1&#xA;                           at /usr/local/go/src/math/bits/bits_test.go:816:10&#xA;           2: 0x6fe00 - math/bits_test.TestAdd64OverflowPanic$7&#xA;                           at /usr/local/go/src/math/bits/bits_test.go:860:28&#xA;           3: 0x6ff2b - math/bits_test.TestAdd64OverflowPanic$6&#xA;                           at /usr/local/go/src/math/bits/bits_test.go:856:5&#xA;           4: 0x6f7d4 - math/bits_test.TestAdd64OverflowPanic&#xA;                           at /usr/local/go/src/math/bits/bits_test.go:860:14&#xA;           5: 0x26367 - testing.tRunner&#xA;                           at /workspaces/dc-wasm-go/tinygo/src/testing/testing.go:427:4&#xA;           6: 0x2605d - (*testing.T).Run&#xA;                           at /workspaces/dc-wasm-go/tinygo/src/testing/testing.go:462:9              - testing.runTests$1&#xA;                           at /workspaces/dc-wasm-go/tinygo/src/testing/testing.go:561:10&#xA;           7: 0x26367 - testing.tRunner&#xA;                           at /workspaces/dc-wasm-go/tinygo/src/testing/testing.go:427:4&#xA;           8: 0x2024d - testing.runTests&#xA;                           at /workspaces/dc-wasm-go/tinygo/src/testing/testing.go:559:10              - (*testing.M).Run&#xA;                           at /workspaces/dc-wasm-go/tinygo/src/testing/testing.go:533:29              - main.main&#xA;                           at /home/vscode/.cache/go-build/19/196c6203a629495b14a7882fc6691602ad410973a090372256d92752f4e1a352-d:257:15              - runtime.run$1&#xA;                           at /workspaces/dc-wasm-go/tinygo/src/runtime/scheduler_any.go:25:11&#xA;           9: 0x1bc46 - &lt;goroutine wrapper&gt;&#xA;                           at /workspaces/dc-wasm-go/tinygo/src/runtime/scheduler_any.go:23:2&#xA;          10: 0x1977 - tinygo_launch&#xA;                           at /workspaces/dc-wasm-go/tinygo/src/internal/task/task_asyncify_wasm.S:59&#xA;          11: 0x1bb2d - (*internal/task.Task).Resume&#xA;                           at /workspaces/dc-wasm-go/tinygo/src/internal/task/task_asyncify.go:109:17              - runtime.scheduler&#xA;                           at /workspaces/dc-wasm-go/tinygo/src/runtime/scheduler.go:236:11              - runtime.run&#xA;                           at /workspaces/dc-wasm-go/tinygo/src/runtime/scheduler_any.go:28:11              - _start&#xA;                           at /workspaces/dc-wasm-go/tinygo/src/runtime/runtime_wasm_wasip2.go:30:5&#xA;          12: 0x1b8a5 - wasi:cli/run@0.2.0#run&#xA;                           at /workspaces/dc-wasm-go/tinygo/src/runtime/runtime_wasm_wasip2.go:21:8&#xA;    2: wasm trap: wasm `unreachable` instruction executed&#xA;</failure>
		</testcase>
		<testcase classname="math/bits" name="TestUintSize" time="0.000000"></testcase>
		<testcase classname="math/bits" name="TestLeadingZeros" time="0.000000"></testcase>
		<testcase classname="math/bits" name="TestTrailingZeros" time="0.000000"></testcase>
		<testcase classname="math/bits" name="TestOnesCount" time="0.000000"></testcase>
		<testcase classname="math/bits" name="TestRotateLeft" time="0.000000"></testcase>
		<testcase classname="math/bits" name="TestReverse" time="0.000000"></testcase>
		<testcase classname="math/bits" name="TestReverseBytes" time="0.000000"></testcase>
		<testcase classname="math/bits" name="TestLen" time="0.000000"></testcase>
		<testcase classname="math/bits" name="TestAddSubUint" time="0.000000"></testcase>
		<testcase classname="math/bits" name="TestAddSubUint32" time="0.000000"></testcase>
		<testcase classname="math/bits" name="TestAddSubUint64" time="0.000000"></testcase>
	</testsuite>
</testsuites>