<?xml version="1.0" encoding="UTF-8"?>
<testsuites tests="14" failures="1" errors="0" time="13.462163">
	<testsuite tests="14" failures="1" time="0.000000" name="mime" timestamp="2024-03-14T15:39:33Z">
		<properties>
			<property name="go.version" value="go1.22.0 linux/arm64"></property>
		</properties>
		<testcase classname="mime" name="TestTypeByExtension_LocalData" time="-0.000000">
			<failure message="Failed" type="">=== RUN   TestTypeByExtension_LocalData&#xA;panic: runtime error: deadlocked: no event source&#xA;Error: failed to run main module `/tmp/tinygo3575578669/main`&#xA;&#xA;Caused by:&#xA;    0: failed to invoke `run` function&#xA;    1: error while executing at wasm backtrace:&#xA;           0: 0x25f44 - runtime.abort&#xA;                           at /workspaces/dc-wasm-go/tinygo/src/runtime/runtime_tinygowasmp2.go:58:6              - runtime.runtimePanicAt&#xA;                           at /workspaces/dc-wasm-go/tinygo/src/runtime/panic.go:71:7&#xA;           1: 0xdb22 - runtime.runtimePanic&#xA;                           at /workspaces/dc-wasm-go/tinygo/src/runtime/panic.go:59:16&#xA;           2: 0x2e79e - runtime.waitForEvents&#xA;                           at /workspaces/dc-wasm-go/tinygo/src/runtime/wait_other.go:6:14&#xA;           3: 0x2e632 - runtime.scheduler&#xA;                           at /workspaces/dc-wasm-go/tinygo/src/runtime/scheduler.go:199:18              - runtime.run&#xA;                           at /workspaces/dc-wasm-go/tinygo/src/runtime/scheduler_any.go:28:11              - _start&#xA;                           at /workspaces/dc-wasm-go/tinygo/src/runtime/runtime_wasm_wasip2.go:30:5&#xA;           4: 0x2e37e - wasi:cli/run@0.2.0#run&#xA;                           at /workspaces/dc-wasm-go/tinygo/src/runtime/runtime_wasm_wasip2.go:21:8&#xA;    2: wasm trap: wasm `unreachable` instruction executed&#xA;</failure>
		</testcase>
		<testcase classname="mime" name="TestEncodeWord" time="0.000000"></testcase>
		<testcase classname="mime" name="TestEncodedWordLength" time="0.000000"></testcase>
		<testcase classname="mime" name="TestDecodeWord" time="0.000000"></testcase>
		<testcase classname="mime" name="TestDecodeHeader" time="0.000000"></testcase>
		<testcase classname="mime" name="TestCharsetDecoder" time="0.000000"></testcase>
		<testcase classname="mime" name="TestCharsetDecoderError" time="0.000000"></testcase>
		<testcase classname="mime" name="TestConsumeToken" time="0.000000"></testcase>
		<testcase classname="mime" name="TestConsumeValue" time="0.000000"></testcase>
		<testcase classname="mime" name="TestConsumeMediaParam" time="0.000000"></testcase>
		<testcase classname="mime" name="TestParseMediaType" time="0.000000"></testcase>
		<testcase classname="mime" name="TestParseMediaTypeBogus" time="0.000000"></testcase>
		<testcase classname="mime" name="TestFormatMediaType" time="0.000000"></testcase>
		<testcase classname="mime" name="TestTypeByExtension" time="0.000000"></testcase>
	</testsuite>
</testsuites>