<?xml version="1.0" encoding="UTF-8"?>
<testsuites tests="68" failures="6" errors="0" time="39.479360">
	<testsuite tests="68" failures="6" time="0.000000" name="sync/atomic" timestamp="2024-03-14T15:40:50Z">
		<properties>
			<property name="go.version" value="go1.22.0 linux/arm64"></property>
		</properties>
		<testcase classname="sync/atomic" name="TestStoreLoadSeqCst32" time="0.000000">
			<failure message="Failed" type="">=== RUN   TestStoreLoadSeqCst32&#xA;    Skipping test on 1 processor machine&#xA;    SkipNow is incomplete, requires runtime.Goexit()&#xA;--- FAIL: TestStoreLoadSeqCst32 (0.00s)&#xA;</failure>
		</testcase>
		<testcase classname="sync/atomic" name="TestStoreLoadSeqCst64" time="0.000000">
			<failure message="Failed" type="">=== RUN   TestStoreLoadSeqCst64&#xA;    Skipping test on 1 processor machine&#xA;    SkipNow is incomplete, requires runtime.Goexit()&#xA;--- FAIL: TestStoreLoadSeqCst64 (0.00s)&#xA;</failure>
		</testcase>
		<testcase classname="sync/atomic" name="TestStoreLoadRelAcq32" time="0.000000">
			<failure message="Failed" type="">=== RUN   TestStoreLoadRelAcq32&#xA;    Skipping test on 1 processor machine&#xA;    SkipNow is incomplete, requires runtime.Goexit()&#xA;--- FAIL: TestStoreLoadRelAcq32 (0.00s)&#xA;</failure>
		</testcase>
		<testcase classname="sync/atomic" name="TestStoreLoadRelAcq64" time="0.000000">
			<failure message="Failed" type="">=== RUN   TestStoreLoadRelAcq64&#xA;    Skipping test on 1 processor machine&#xA;    SkipNow is incomplete, requires runtime.Goexit()&#xA;--- FAIL: TestStoreLoadRelAcq64 (0.00s)&#xA;</failure>
		</testcase>
		<testcase classname="sync/atomic" name="TestUnaligned64" time="0.000000">
			<failure message="Failed" type="">=== RUN   TestUnaligned64&#xA;    LoadUint64 did not panic&#xA;    LoadUint64Method did not panic&#xA;    StoreUint64 did not panic&#xA;    StoreUint64Method did not panic&#xA;    CompareAndSwapUint64 did not panic&#xA;    CompareAndSwapUint64Method did not panic&#xA;    AddUint64 did not panic&#xA;    AddUint64Method did not panic&#xA;--- FAIL: TestUnaligned64 (1.61s)&#xA;</failure>
		</testcase>
		<testcase classname="sync/atomic" name="TestNilDeref" time="-0.000000">
			<failure message="Failed" type="">=== RUN   TestNilDeref&#xA;panic: runtime error: nil pointer dereference&#xA;Error: failed to run main module `/tmp/tinygo3101729293/main`&#xA;&#xA;Caused by:&#xA;    0: failed to invoke `run` function&#xA;    1: error while executing at wasm backtrace:&#xA;           0: 0x13cb4 - runtime.abort&#xA;                           at /workspaces/dc-wasm-go/tinygo/src/runtime/runtime_tinygowasmp2.go:58:6              - runtime.runtimePanicAt&#xA;                           at /workspaces/dc-wasm-go/tinygo/src/runtime/panic.go:71:7&#xA;           1: 0x1bd8 - runtime.nilPanic&#xA;                           at /workspaces/dc-wasm-go/tinygo/src/runtime/panic.go:134:16&#xA;           2: 0x83357 - (*sync/atomic.Int32).CompareAndSwap&#xA;                           at /usr/local/go/src/sync/atomic/type.go:84:32              - sync/atomic_test.TestNilDeref$2&#xA;                           at /usr/local/go/src/sync/atomic/atomic_test.go:2461:40&#xA;           3: 0x827b4 - sync/atomic_test.TestNilDeref$59&#xA;                           at /usr/local/go/src/sync/atomic/atomic_test.go:2525:5              - sync/atomic_test.TestNilDeref&#xA;                           at /usr/local/go/src/sync/atomic/atomic_test.go:2526:4&#xA;           4: 0x27ed0 - testing.tRunner&#xA;                           at /workspaces/dc-wasm-go/tinygo/src/testing/testing.go:427:4&#xA;           5: 0x55617 - (*testing.T).Run&#xA;           6: 0x27bd8 - testing.runTests$1&#xA;                           at /workspaces/dc-wasm-go/tinygo/src/testing/testing.go:561:10&#xA;           7: 0x27ed0 - testing.tRunner&#xA;                           at /workspaces/dc-wasm-go/tinygo/src/testing/testing.go:427:4&#xA;           8: 0x21b5a - testing.runTests&#xA;                           at /workspaces/dc-wasm-go/tinygo/src/testing/testing.go:559:10              - (*testing.M).Run&#xA;                           at /workspaces/dc-wasm-go/tinygo/src/testing/testing.go:533:29              - main.main&#xA;                           at /home/vscode/.cache/go-build/f9/f9c374e6b50bb5564ff0d98214950a7423dae89fb0765aa081b4edd02093723a-d:201:15              - runtime.run$1&#xA;                           at /workspaces/dc-wasm-go/tinygo/src/runtime/scheduler_any.go:25:11&#xA;           9: 0x1cb77 - &lt;goroutine wrapper&gt;&#xA;                           at /workspaces/dc-wasm-go/tinygo/src/runtime/scheduler_any.go:23:2&#xA;          10: 0x1b27 - tinygo_rewind&#xA;                           at /workspaces/dc-wasm-go/tinygo/src/internal/task/task_asyncify_wasm.S:92&#xA;          11: 0x1ca5f - (*internal/task.Task).Resume&#xA;                           at /workspaces/dc-wasm-go/tinygo/src/internal/task/task_asyncify.go:112:17              - runtime.scheduler&#xA;                           at /workspaces/dc-wasm-go/tinygo/src/runtime/scheduler.go:236:11              - runtime.run&#xA;                           at /workspaces/dc-wasm-go/tinygo/src/runtime/scheduler_any.go:28:11              - _start&#xA;                           at /workspaces/dc-wasm-go/tinygo/src/runtime/runtime_wasm_wasip2.go:30:5&#xA;          12: 0x1c872 - wasi:cli/run@0.2.0#run&#xA;                           at /workspaces/dc-wasm-go/tinygo/src/runtime/runtime_wasm_wasip2.go:21:8&#xA;    2: wasm trap: wasm `unreachable` instruction executed&#xA;</failure>
		</testcase>
		<testcase classname="sync/atomic" name="TestSwapInt32" time="0.000000"></testcase>
		<testcase classname="sync/atomic" name="TestSwapInt32Method" time="0.000000"></testcase>
		<testcase classname="sync/atomic" name="TestSwapUint32" time="0.000000"></testcase>
		<testcase classname="sync/atomic" name="TestSwapUint32Method" time="0.000000"></testcase>
		<testcase classname="sync/atomic" name="TestSwapInt64" time="0.000000"></testcase>
		<testcase classname="sync/atomic" name="TestSwapInt64Method" time="0.000000"></testcase>
		<testcase classname="sync/atomic" name="TestSwapUint64" time="0.000000"></testcase>
		<testcase classname="sync/atomic" name="TestSwapUint64Method" time="0.000000"></testcase>
		<testcase classname="sync/atomic" name="TestSwapUintptr" time="0.000000"></testcase>
		<testcase classname="sync/atomic" name="TestSwapUintptrMethod" time="0.000000"></testcase>
		<testcase classname="sync/atomic" name="TestSwapPointer" time="0.000000"></testcase>
		<testcase classname="sync/atomic" name="TestSwapPointerMethod" time="0.000000"></testcase>
		<testcase classname="sync/atomic" name="TestAddInt32" time="0.000000"></testcase>
		<testcase classname="sync/atomic" name="TestAddInt32Method" time="0.000000"></testcase>
		<testcase classname="sync/atomic" name="TestAddUint32" time="0.000000"></testcase>
		<testcase classname="sync/atomic" name="TestAddUint32Method" time="0.000000"></testcase>
		<testcase classname="sync/atomic" name="TestAddInt64" time="0.000000"></testcase>
		<testcase classname="sync/atomic" name="TestAddInt64Method" time="0.000000"></testcase>
		<testcase classname="sync/atomic" name="TestAddUint64" time="0.000000"></testcase>
		<testcase classname="sync/atomic" name="TestAddUint64Method" time="0.000000"></testcase>
		<testcase classname="sync/atomic" name="TestAddUintptr" time="0.000000"></testcase>
		<testcase classname="sync/atomic" name="TestAddUintptrMethod" time="0.000000"></testcase>
		<testcase classname="sync/atomic" name="TestCompareAndSwapInt32" time="0.000000"></testcase>
		<testcase classname="sync/atomic" name="TestCompareAndSwapInt32Method" time="0.000000"></testcase>
		<testcase classname="sync/atomic" name="TestCompareAndSwapUint32" time="0.000000"></testcase>
		<testcase classname="sync/atomic" name="TestCompareAndSwapUint32Method" time="0.000000"></testcase>
		<testcase classname="sync/atomic" name="TestCompareAndSwapInt64" time="0.000000"></testcase>
		<testcase classname="sync/atomic" name="TestCompareAndSwapInt64Method" time="0.000000"></testcase>
		<testcase classname="sync/atomic" name="TestCompareAndSwapUint64" time="0.000000"></testcase>
		<testcase classname="sync/atomic" name="TestCompareAndSwapUint64Method" time="0.000000"></testcase>
		<testcase classname="sync/atomic" name="TestCompareAndSwapUintptr" time="0.000000"></testcase>
		<testcase classname="sync/atomic" name="TestCompareAndSwapUintptrMethod" time="0.000000"></testcase>
		<testcase classname="sync/atomic" name="TestCompareAndSwapPointer" time="0.000000"></testcase>
		<testcase classname="sync/atomic" name="TestCompareAndSwapPointerMethod" time="0.000000"></testcase>
		<testcase classname="sync/atomic" name="TestLoadInt32" time="0.000000"></testcase>
		<testcase classname="sync/atomic" name="TestLoadInt32Method" time="0.000000"></testcase>
		<testcase classname="sync/atomic" name="TestLoadUint32" time="0.000000"></testcase>
		<testcase classname="sync/atomic" name="TestLoadUint32Method" time="0.000000"></testcase>
		<testcase classname="sync/atomic" name="TestLoadInt64" time="0.000000"></testcase>
		<testcase classname="sync/atomic" name="TestLoadInt64Method" time="0.000000"></testcase>
		<testcase classname="sync/atomic" name="TestLoadUint64" time="0.000000"></testcase>
		<testcase classname="sync/atomic" name="TestLoadUint64Method" time="0.000000"></testcase>
		<testcase classname="sync/atomic" name="TestLoadUintptr" time="0.000000"></testcase>
		<testcase classname="sync/atomic" name="TestLoadUintptrMethod" time="0.000000"></testcase>
		<testcase classname="sync/atomic" name="TestLoadPointer" time="0.000000"></testcase>
		<testcase classname="sync/atomic" name="TestLoadPointerMethod" time="0.000000"></testcase>
		<testcase classname="sync/atomic" name="TestStoreInt32" time="0.000000"></testcase>
		<testcase classname="sync/atomic" name="TestStoreInt32Method" time="0.000000"></testcase>
		<testcase classname="sync/atomic" name="TestStoreUint32" time="0.000000"></testcase>
		<testcase classname="sync/atomic" name="TestStoreUint32Method" time="0.000000"></testcase>
		<testcase classname="sync/atomic" name="TestStoreInt64" time="0.000000"></testcase>
		<testcase classname="sync/atomic" name="TestStoreInt64Method" time="0.000000"></testcase>
		<testcase classname="sync/atomic" name="TestStoreUint64" time="0.000000"></testcase>
		<testcase classname="sync/atomic" name="TestStoreUint64Method" time="0.000000"></testcase>
		<testcase classname="sync/atomic" name="TestStoreUintptr" time="0.000000"></testcase>
		<testcase classname="sync/atomic" name="TestStoreUintptrMethod" time="0.000000"></testcase>
		<testcase classname="sync/atomic" name="TestStorePointer" time="0.000000"></testcase>
		<testcase classname="sync/atomic" name="TestStorePointerMethod" time="0.000000"></testcase>
		<testcase classname="sync/atomic" name="TestHammer32" time="0.000000"></testcase>
		<testcase classname="sync/atomic" name="TestHammer64" time="0.000000"></testcase>
		<testcase classname="sync/atomic" name="TestHammerStoreLoad" time="0.000000"></testcase>
		<testcase classname="sync/atomic" name="TestAutoAligned64" time="0.000000"></testcase>
	</testsuite>
</testsuites>